=~=~=~=~=~=~=~=~=~=~=~= PuTTY log 2019.01.26 19:19:57 =~=~=~=~=~=~=~=~=~=~=~=
Dist8
Distance: 72
Disistance: 85
Distance: 75
Distance: 82
Distance: 77
Distance: 77
Distance: 68
Distance: 70
Distance: 68
Distance: 72
Diststance: 85
Distance: 75
Distance: 82
Distance: 77
Distance: 77
Distance: 68
Distance: 70
Distance: 68
Distance: 72
Dist
Distance: 81
Distance: 71
Distance: 70
Distance: 62
Distance: 73
Distance: 70
Distance: 68
Distance: 71
Distance: 72
Distance: 73
Distance: 74
Distance: 73
Distance: 70
Distance: 75
Distance: 73
Distance: 76
Distance: 64
Distance: 68
Distance: 80
Distance: 58
Distance: 68
Distance: 72
Distance: 76
Distance: 67
Distance: 82
Distance: 81
Distance: 65
Distance: 69
Distance: 75
Distance: 83
Distance: 80
Distance: 70
Distance: 62
Distance: 73
Distance: 75
Distance: 75
Distance: 64
Distance: 82
Distance: 76
Distance: 75
Distance: 72
Distance: 61
Distance: 73
Distance: 79
Distance: 75
Distance: 83
Distance: 70
Distance: 74
Distance: 71
Distance: 81
Distance: 73
Distance: 73
Distance: 73
Distance: 77
Distance: 72
Distance: 72
Distance: 76
Distance: 78
Distance: 72
Distance: 78
Distance: 73
Distance: 75
Distance: 80
Distance: 78
Distance: 80
Distance: 77
Distance: 69
Distance: 71
Distance: 73
Distance: 70
Distance: 75
Distance: 73
Distance: 74
Distance: 78
Distance: 70
Distance: 70
Distance: 70
Distance: 74
Distance: 73
Distance: 68
Distance: 73
Distance: 76
Distance: 80
Distance: 81
Distance: 77
Distance: 65
Distance: 88
Distance: 75
Distance: 73
Distance: 68
Distance: 74
Distance: 59
Distance: 83
Distance: 69
Distance: 73
Distance: 58
Distance: 70
Distance: 76
Distance: 79
Distance: 74
Distance: 74
Distance: 78
Distance: 61
Distance: 73
Distance: 77
Distance: 75
Distance: 76
Distance: 71
Distance: 75
Distance: 75
Distance: 78
Distance: 68
Distance: 72
Distance: 72
Distance: 68
Distance: 66
Distance: 63
Distance: 74
Distance: 70
Distance: 74
Distance: 79
Distance: 81
Distance: 76
Distance: 82
Distance: 77
Distance: 66
Distance: 77
Distance: 75
Distance: 73
Distance: 74
Distance: 72
Distance: 68
Distance: 60
Distance: 73
Distance: 69
Distance: 74
Distance: 72
Distance: 67
Distance: 71
Distance: 64
Distance: 70
Distance: 74
Distance: 62
Distance: 58
Distance: 67
Distance: 63
Distance: 78
Distance: 75
Distance: 66
Distance: 69
Distance: 72
Distance: 72
Distance: 61
Distance: 76
Distance: 65
Distance: 75
Distance: 71
Distance: 68
Distance: 82
Distance: 67
Distance: 75
Distance: 76
Distance: 74
Distance: 67
Distance: 68
Distance: 74
Distance: 70
Distance: 80
Distance: 72
Distance: 76
Distance: 75
Distance: 76
Distance: 74
Distance: 74
Distance: 71
Distance: 68
Distance: 68
Distance: 74
Distance: 64
Distance: 67
Distance: 71
Distance: 77
Distance: 73
Distance: 63
Distance: 77
Distance: 76
Distance: 64
Distance: 73
Distance: 64
Distance: 72
Distance: 78
Distance: 65
Distance: 78
Distance: 73
Distance: 85
Distance: 73
Distance: 78
Distance: 65
Distance: 65
Distance: 75
Distance: 79
Distance: 69
Distance: 73
Distance: 73
Distance: 68
Distance: 70
Distance: 76
Distance: 76
Distance: 68
Distance: 71
Distance: 64
Distance: 81
Distance: 77
Distance: 81
Distance: 66
Distance: 68
Distance: 80
Distance: 63
Distance: 74
Distance: 68
Distance: 81
Distance: 80
Distance: 72
Distance: 68
Distance: 72
Distance: 81
Distance: 78
Distance: 69
Distance: 75
Distance: 76
Distance: 62
Distance: 74
Distance: 78
Distance: 63
Distance: 69
Distance: 71
Distance: 80
Distance: 75
Distance: 76
Distance: 76
Distance: 74
Distance: 72
Distance: 61
Distance: 74
Distance: 77
Distance: 65
Distance: 69
Distance: 79
Distance: 73
Distance: 74
Distance: 79
Distance: 66
Distance: 77
Distance: 76
Distance: 74
Distance: 73
Distance: 66
Distance: 67
Distance: 70
Distance: 64
Distance: 80
Distance: 75
Distance: 73
Distance: 71
Distance: 65
Distance: 78
Distance: 71
Distance: 74
Distance: 68
Distance: 66
Distance: 75
Distance: 80
Distance: 65
Distance: 73
Distance: 76
Distance: 77
Distance: 58
Distance: 67
Distance: 67
Distance: 80
Distance: 74
Distance: 75
Distance: 76
Distance: 69
Distance: 70
Distance: 80
Distance: 70
Distance: 63
Distance: 69
Distance: 64
Distance: 75
Distance: 72
Distance: 75
Distance: 70
Distance: 76
Distance: 79
Distance: 71
Distance: 63
Distance: 68
Distance: 66
Distance: 76
Distance: 70
Distance: 75
Distance: 70
Distance: 76
Distance: 73
Distance: 63
Distance: 75
Distance: 74
Distance: 69
Distance: 71
Distance: 68
Distance: 65
Distance: 75
Distance: 75
Distance: 71
Distance: 72
Distance: 74
Distance: 72
Distance: 79
Distance: 71
Distance: 79
Distance: 65
Distance: 67
Distance: 75
Distance: 71
Distance: 64
Distance: 74
Distance: 75
Distance: 72
Distance: 71
Distance: 64
Distance: 72
Distance: 76
Distance: 74
Distance: 70
Distance: 70
Distance: 79
Distance: 70
Distance: 80
Distance: 85
Distance: 69
Distance: 75
Distance: 73
Distance: 76
Distance: 70
Distance: 78
Distance: 76
Distance: 72
Distance: 70
Distance: 71
Distance: 73
Distance: 77
Distance: 76
Distance: 74
Distance: 64
Distance: 66
Distance: 72
Distance: 68
Distance: 77
Distance: 71
Distance: 85
Distance: 63
Distance: 77
Distance: 82
Distance: 78
Distance: 72
Distance: 73
Distance: 80
Distance: 73
Distance: 71
Distance: 78
Distance: 76
Distance: 75
Distance: 80
Distance: 75
Distance: 77
Distance: 90
Distance: 67
Distance: 66
Distance: 78
Distance: 81
Distance: 71
Distance: 75
Distance: 73
Distance: 65
Distance: 66
Distance: 76
Distance: 79
Distance: 72
Distance: 78
Distance: 59
Distance: 75
D