=~=~=~=~=~=~=~=~=~=~=~= PuTTY log 2019.01.26 19:16:05 =~=~=~=~=~=~=~=~=~=~=~=
nce:istance: 35
Distance: 35
Distance: 35
Distance: 35
Distance: 35
DiDistance: 35
Distance: 35
Distance: 35
Distance: 35
Distance: 35
Distance: 35
Distance: 35
Distance: 35
Distance: 35
DiDistance: 35
Distance: 35
Distance: 35
Distance: 35
Distance: 35
Distance: 35
Distance: 35
Distance: 35
Distance: 35
Di
Distance: 35
Distance: 35
Distance: 34
Distance: 35
Distance: 35
Distance: 35
Distance: 35
Distance: 35
Distance: 35
Distance: 35
Distance: 34
Distance: 34
Distance: 35
Distance: 35
Distance: 35
Distance: 35
Distance: 35
Distance: 35
Distance: 35
Distance: 35
Distance: 34
Distance: 35
Distance: 35
Distance: 35
Distance: 35
Distance: 35
Distance: 35
Distance: 35
Distance: 35
Distance: 35
Distance: 35
Distance: 35
Distance: 35
Distance: 35
Distance: 35
Distance: 35
Distance: 35
Distance: 35
Distance: 34
Distance: 35
Distance: 35
Distance: 35
Distance: 35
Distance: 35
Distance: 35
Distance: 34
Distance: 35
Distance: 35
Distance: 34
Distance: 35
Distance: 35
Distance: 35
Distance: 35
Distance: 35
Distance: 35
Distance: 35
Distance: 35
Distance: 35
Distance: 35
Distance: 34
Distance: 35
Distance: 35
Distance: 34
Distance: 35
Distance: 35
Distance: 35
Distance: 35
Distance: 35
Distance: 34
Distance: 34
Distance: 34
Distance: 34
Distance: 34
Distance: 34
Distance: 34
Distance: 34
Distance: 34
Distance: 34
Distance: 35
Distance: 34
Distance: 34
Distance: 34
Distance: 34
Distance: 34
Distance: 34
Distance: 34
Distance: 34
Distance: 34
Distance: 34
Distance: 34
Distance: 35
Distance: 35
Distance: 35
Distance: 34
Distance: 34
Distance: 35
Distance: 35
Distance: 34
Distance: 34
Distance: 34
Distance: 35
Distance: 34
Distance: 34
Distance: 34
Distance: 35
Distance: 34
Distance: 34
Distance: 35
Distance: 34
Distance: 34
Distance: 35
Distance: 34
Distance: 34
Distance: 34
Distance: 34
Distance: 35
Distance: 34
Distance: 35
Distance: 34
Distance: 34
Distance: 34
Distance: 34
Distance: 35
Distance: 34
Distance: 34
Distance: 35
Distance: 35
Distance: 34
Distance: 34
Distance: 35
Distance: 35
Distance: 35
Distance: 34
Distance: 34
Distance: 34
Distance: 34
Distance: 34
Distance: 34
Distance: 34
Distance: 34
Distance: 34
Distance: 34
Distance: 34
Distance: 34
Distance: 35
Distance: 35
Distance: 35
Distance: 34
Distance: 34
Distance: 34
Distance: 34
Distance: 34
Distance: 35
Distance: 34
Distance: 34
Distance: 34
Distance: 34
Distance: 34
Distance: 34
Distance: 34
Distance: 34
Distance: 34
Distance: 34
Distance: 34
Distance: 34
Distance: 34
Distance: 34
Distance: 34
Distance: 34
Distance: 34
Distance: 34
Distance: 34
Distance: 34
Distance: 34
Distance: 34
Distance: 34
Distance: 34
Distance: 34
Distance: 34
Distance: 34
Distance: 34
Distance: 34
Distance: 34
Distance: 34
Distance: 34
Distance: 34
Distance: 34
Distance: 34
Distance: 34
Distance: 34
Distance: 34
Distance: 34
Distance: 34
Distance: 35
Distance: 34
Distance: 34
Distance: 34
Distance: 34
Distance: 34
Distance: 35
Distance: 34
Distance: 35
Distance: 34
Distance: 34
Distance: 34
Distance: 34
Distance: 34
Distance: 34
Distance: 34
Distance: 34
Distance: 34
Distance: 34
Distance: 34
Distance: 33
Distance: 34
Distance: 34
Distance: 34
Distance: 34
Distance: 34
Distance: 34
Distance: 34
Distance: 35
Distance: 35
Distance: 18
Distance: 15
Distance: 15
Distance: 16
Distance: 16
Distance: 39
Distance: 17
Distance: 16
Distance: 16
Distance: 17
Distance: 17
Distance: 17
Distance: 17
Distance: 18
Distance: 19
Distance: 19
Distance: 20
Distance: 20
Distance: 21
Distance: 21
Distance: 22
Distance: 22
Distance: 23
Distance: 45
Distance: 42
Distance: 41
Distance: 45
Distance: 43
Distance: 35
Distance: 44
Distance: 39
Distance: 43
Distance: 35
Distance: 37
Distance: 37
Distance: 35
Distance: 35
Distance: 35
Distance: 36
Distance: 37
Distance: 35
Distance: 35
Distance: 35
Distance: 35
Distance: 34
Distance: 35
Distance: 35
Distance: 34
Distance: 34
Distance: 34
Distance: 34
Distance: 34
Distance: 34
Distance: 34
Distance: 35
Distance: 35
Distance: 35
Distance: 35
Distance: 35
Distance: 35
Distance: 35
Distance: 35
Distance: 35
Distance: 35
Distance: 35
Distance: 36
Distance: 35
Distance: 36
Distance: 36
Distance: 36
Distance: 36
Distance: 36
Distance: 35
Distance: 36
Distance: 35
Distance: 36
Distance: 36
Distance: 36
Distance: 36
Distance: 36
Distance: 36
Distance: 35
Distance: 35
Distance: 35
Distance: 35
Distance: 35
Distance: 35
Distance: 35
Distance: 35
Distance: 35
Distance: 35
Distance: 35
Distance: 35
Distance: 35
Distance: 35
Distance: 35
Distance: 35
Distance: 35
Distance: 35
Distance: 35
Distance: 34
Distance: 35
Distance: 35
Distance: 35
Distance: 35
Distance: 35
Distance: 35
Distance: 35
Distance: 35
Distance: 34
Distance: 35
Distance: 35
Distance: 34
Distance: 35
Distance: 35
Distance: 34
Distance: 35
Distance: 35
Distance: 34
Distance: 35
Distance: 35
Distance: 35
Distance: 35
Distance: 35
Distance: 35
Distance: 35
Distance: 35
Distance: 35
Distance: 34
Distance: 35
Distance: 35
Distance: 35
Distance: 34
Distance: 35
Distance: 35
Distance: 35
Distance: 35
Distance: 35
Distance: 35
Distance: 34
Distance: 35
Distance: 34
Distance: 35
Distance: 34
Distance: 34
Distance: 34
Distance: 34
Distance: 35
Distance: 35
Distance: 34
Distance: 35
Distance: 35
Distance: 35
Distance: 35
Distance: 34
Distance: 34
Distance: 35
Distance: 35
Distance: 35
Distance: 35
Distance: 35
Distance: 35
Distance: 35
Distance: 35
Distance: 35
Distance: 35
Distance: 35
Distance: 35
Distance: 35
Distance: 35
Distance: 35
Distance: 35
Distance: 35
Distance: 34
Distance: 35
Distance: 35
Distance: 35
Distance: 35
Distance: 35
Distance: 35
Distance: 35
Distance: 35
Distance: 34
Distance: 34
Distance: 35
Distance: 35
Distance: 35
Distance: 35
Distance: 35
Distance: 35
Distance: 35
Distance: 35
Distance: 35
Distance: 35
Distance: 34
Distance: 35
Distance: 35
Distance: 35
Distance: 35
Distance: 35
Distance: 34
Distance: 35
Distance: 35
Distance: 35
Distance: 35
Distance: 35
Distance: 35
Distance: 34
Distance: 34
Distance: 34
Distance: 34
Distance: 35
Distance: 35
Distance: 35
Distance: 34
Distance: 35
Distance: 35
Distance: 35
Distance: 35
Distance: 34
Distance: 35
Distance: 35
Distance: 34
Distance: 35
Distance: 35
Distance: 35
Distance: 35
Distance: 35
Distance: 34
Distance: 35
Distance: 35
Distance: 35
Distance: 34
Distance: 35
Distance: 35
Distance: 35
Distance: 35
Distance: 34
Distance: 35
Distance: 35
Distance: 35
Distance: 35
Distance: 35
Distance: 35
Distance: 35
Distance: 35
Distance: 34
Distance: 35
Distance: 35
Distance: 35
Distance: 35
Distance: 35
Distance: 35
Distance: 35
Distance: 35
Distance: 35
Distance: 35
Distance: 35
Distance: 35
Distance: 35
Distance: 35
Distance: 35
Distance: 35
Distance: 35
Distance: 34
Distance: 35
Distance: 35
Distance: 35
Distance: 35
Distance: 35
Distance: 35
Distance: 35
Distance: 35
Distance: 35
Distance: 35
Distance: 35
Distance: 34
Distance: 34
Distance: 34
Distance: 35
Distance: 35
Distance: 35
Distance: 35
Distance: 34
Distance: 35
Distance: 35
Distance: 35
Distance: 34
Distance: 35
Distance: 34
Distance: 35
Distance: 35
Distance: 34
Distance: 35
Distance: 34
Distance: 35
Distance: 35
Distance: 35
Distance: 35
Distance: 35
Distance: 34
Distance: 35
Distance: 35
Distance: 35
Distance: 35
Distance: 34
Distance: 35
Distance: 35
Distance: 34
Distance: 35
Distance: 35
Distance: 35
Distance: 35
Distance: 35
Distance: 35
Distance: 35
Distance: 35
Distance: 35
Distance: 35
Distance: 35
Distance: 34
Distance: 35
Distance: 35
Distance: 35
Distance: 35
Distance: 35
Distance: 35
Distance: 35
Distance: 34
Distance: 35
Distance: 35
Distance: 35
Distance: 35
Distance: 35
Distance: 35
Distance: 35
Distance: 35
Distance: 35
Distance: 34
Distance: 35
Distance: 35
Distance: 35
Distance: 34
Distance: 17
Distance: 17
Distance: 18
Distance: 17
Distance: 17
Distance: 18
Distance: 18
Distance: 33
Distance: 33
Distance: 33
Distance: 32
Distance: 32
Distance: 32
Distance: 32
Distance: 33
Distance: 32
Distance: 37
Distance: 30
Distance: 29
Distance: 36
Distance: 30
Distance: 31
Distance: 31
Distance: 30
Distance: 30
Distance: 34
Distance: 35
Distance: 35
Distance: 35
Distance: 36
Distance: 37
Distance: 37
Distance: 37
Distance: 38
Distance: 38
Distance: 28
Distance: 23
Distance: 38
Distance: 37
Distance: 37
Distance: 38
Distance: 37
Distance: 37
Distance: 38
Distance: 38
Distance: 37
Distance: 38
Distance: 38
Distance: 20
Distance: 19
Distance: 19
Distance: 38
Distance: 39
Distance: 39
Distance: 17
Distance: 16
Distance: 16
Distance: 15
Distance: 15
Distance: 15
Distance: 14
Distance: 14
Distance: 15
Distance: 16
Distance: 15
Distance: 16
Distance: 14
Distance: 14
Distance: 14
Distance: 15
Distance: 15
Distance: 15
Distance: 15
Distance: 16
Distance: 15
Distance: 38
Distance: 37
Distance: 16
Distance: 16
Distance: 15
Distance: 15
Distance: 15
Distance: 15
Distance: 15
Distance: 16
Distance: 15
Distance: 16
Distance: 15
Distance: 15
Distance: 16
Distance: 16
Distance: 15
Distance: 16
Distance: 16
Distance: 16
Distance: 16
Distance: 15
Distance: 15
Distance: 15
Distance: 15
Distance: 16
Distance: 16
Distance: 16
Distance: 17
Distance: 36
Distance: 36
Distance: 35
Distance: 35
Distance: 36
Distance: 35
Distance: 35
Distance: 35
Distance: 35
Distance: 35
Distance: 35
Distance: 35
Distance: 35
Distance: 35
Distance: 36
Distance: 35
Distance: 36
Distance: 35
Distance: 36
Distance: 35
Distance: 35
Distance: 36
Distance: 36
Distance: 35
Distance: 36
Distance: 35
Distance: 35
Distance: 35
Distance: 35
Distance: 36
Distance: 35
Distance: 35
Distance: 36
Distance: 35
Distance: 36
Distance: 35
Distance: 35
Distance: 35
Distance: 35
Distance: 35
Distance: 35
Distance: 35
Distance: 34
Distance: 35
Distance: 35
Distance: 35
Distance: 35
Distance: 36
Distance: 36
Distance: 36
Distance: 36
Distance: 36
Distance: 35
Distance: 36
Distance: 36
Distance: 36
Distance: 35
Distance: 35
Distance: 35
Distance: 35
Distance: 35
Distance: 35
Distance: 35
Distance: 35
Distance: 35
Distance: 35
Distance: 35
Distance: 36
Distance: 16
Distance: 15
Distance: 16
Distance: 15
Distance: 15
Distance: 16
Distance: 38
Distance: 38
Distance: 38
Distance: 38
Distance: 38
Distance: 37
Distance: 16
Distance: 16
Distance: 16
Distance: 16
Distance: 16
Distance: 16
Distance: 15
Distance: 15
Distance: 15
Distance: 15
Distance: 16
Distance: 15
Distance: 16
Distance: 15
Distance: 15
Distance: 15
Distance: 15
Distance: 16
Distance: 16
Distance: 16
Distance: 16
Distance: 37
Distance: 36
Distance: 35
Distance: 36
Distance: 36
Distance: 35
Distance: 35
Distance: 34
Distance: 35
Distance: 36
Distance: 35
Distance: 36
Distance: 36
Distance: 35
Distance: 35
Distance: 36
Distance: 35
Distance: 35
Distance: 35
Distance: 36
Distance: 35
Distance: 36
Distance: 35
Distance: 36
Distance: 36
Distance: 36
Distance: 36
Distance: 35
Distance: 36
Distance: 35
Distance: 36
Distance: 35
Distance: 35
Distance: 35
Distance: 35
Distance: 36
Distance: 36
Distance: 35
Distance: 35
Distance: 35
Distance: 35
Distance: 35
Distance: 36
Distance: 36
Distance: 35
Distance: 35
Distance: 35
Distance: 35
Distance: 35
Distance: 36
Distance: 36
Distance: 35
Distance: 35
Distance: 35
Distance: 36
Distance: 36
Distance: 36
Distance: 36
Distance: 36
Distance: 36
Distance: 36
Distance: 36
Distance: 36
Distance: 35
Distance: 36
Distance: 36
Distance: 36
Distance: 36
Distance: 35
Distance: 35
Distance: 35
Distance: 36
Distance: 35
Distance: 35
Distance: 36
Distance: 36
Distance: 35
Distance: 36
Distance: 35
Distance: 36
Distance: 36
Distance: 36
Distance: 36
Distance: 36
Distance: 35
Distance: 35
Distance: 35
Distance: 36
Distance: 36
Distance: 35
Distance: 35
Distance: 36
Distance: 36
Distance: 35
Distance: 36
Distance: 36
Distance: 36
Distance: 36
Distance: 36
Distance: 36
Distance: 35
Distance: 36
Distance: 36
Distance: 36
Distance: 35
Distance: 36
Distance: 36
Distance: 36
Distance: 36
Distance: 36
Distance: 36
Distance: 36
Distance: 36
Distance: 36
Distance: 35
Distance: 36
Distance: 36
Distance: 35
D