=~=~=~=~=~=~=~=~=~=~=~= PuTTY log 2019.01.26 19:18:13 =~=~=~=~=~=~=~=~=~=~=~=
Dis
Distance: 16
Distance: 16
Distance: 16
Distance: 16
Distance: 16
Distance: 16
Distance: 16
Dist
Distance: 16
Distance: 15
Distance: 16
Distance: 16
Distance: 16
Distance: 16
Distance: 16
Distance: 15
Distance: 16
Distance: 16
Distance: 16
Distance: 16
Distance: 16
Distance: 15
Distance: 16
Distance: 16
Distance: 16
Distance: 16
Distance: 16
Distance: 15
Distance: 16
Distance: 16
Distance: 16
Distance: 16
Distance: 16
Distance: 15
Distance: 16
Distance: 16
Distance: 16
Distance: 16
Distance: 16
Distance: 16
Distance: 16
Distance: 16
Distance: 16
Distance: 16
Distance: 16
Distance: 16
Distance: 16
Distance: 16
Distance: 16
Distance: 16
Distance: 16
Distance: 16
Distance: 16
Distance: 16
Distance: 16
Distance: 16
Distance: 16
Distance: 15
Distance: 16
Distance: 16
Distance: 16
Distance: 16
Distance: 16
Distance: 15
Distance: 16
Distance: 16
Distance: 16
Distance: 16
Distance: 16
Distance: 15
Distance: 16
Distance: 16
Distance: 16
Distance: 16
Distance: 16
Distance: 15
Distance: 16
Distance: 16
Distance: 16
Distance: 16
Distance: 16
Distance: 15
Distance: 16
Distance: 16
Distance: 16
Distance: 16
Distance: 16
Distance: 15
Distance: 16
Distance: 16
Distance: 16
Distance: 16
Distance: 16
Distance: 15
Distance: 16
Distance: 16
Distance: 16
Distance: 16
Distance: 16
Distance: 15
Distance: 16
Distance: 16
Distance: 16
Distance: 16
Distance: 16
Distance: 16
Distance: 16
Distance: 16
Distance: 16
Distance: 16
Distance: 16
Distance: 16
Distance: 16
Distance: 16
Distance: 16
Distance: 16
Distance: 16
Distance: 16
Distance: 16
Distance: 16
Distance: 16
Distance: 16
Distance: 16
Distance: 16
Distance: 16
Distance: 16
Distance: 16
Distance: 16
Distance: 16
Distance: 16
Distance: 16
Distance: 16
Distance: 16
Distance: 16
Distance: 16
Distance: 16
Distance: 16
Distance: 16
Distance: 16
Distance: 16
Distance: 16
Distance: 16
Distance: 16
Distance: 16
Distance: 16
Distance: 16
Distance: 16
Distance: 16
Distance: 16
Distance: 16
Distance: 16
Distance: 16
Distance: 16
Distance: 16
Distance: 16
Distance: 16
Distance: 16
Distance: 16
Distance: 16
Distance: 16
Distance: 15
Distance: 16
Distance: 16
Distance: 16
Distance: 16
Distance: 16
Distance: 15
Distance: 16
Distance: 16
Distance: 16
Distance: 16
Distance: 16
Distance: 15
Distance: 16
Distance: 16
Distance: 16
Distance: 16
Distance: 16
Distance: 15
Distance: 16
Distance: 16
Distance: 16
Distance: 16
Distance: 16
Distance: 15
Distance: 16
Distance: 16
Distance: 16
Distance: 16
Distance: 16
Distance: 15
Distance: 16
Distance: 16
Distance: 16
Distance: 16
Distance: 16
Distance: 15
Distance: 16
Distance: 16
Distance: 16
Distance: 16
Distance: 16
Distance: 15
Distance: 16
Distance: 16
Distance: 16
Distance: 16
Distance: 16
Distance: 16
Distance: 16
Distance: 16
Distance: 16
Distance: 16
Distance: 16
Distance: 16
Distance: 16
Distance: 16
Distance: 16
Distance: 16
Distance: 16
Distance: 15
Distance: 16
Distance: 16
Distance: 16
Distance: 16
Distance: 16
Distance: 15
Distance: 16
Distance: 16
Distance: 16
Distance: 16
Distance: 16
Distance: 15
Distance: 16
Distance: 16
Distance: 16
Distance: 16
Distance: 16
Distance: 15
Distance: 16
Distance: 16
Distance: 16
Distance: 16
Distance: 16
Distance: 15
Distance: