=~=~=~=~=~=~=~=~=~=~=~= PuTTY log 2019.01.26 19:18:46 =~=~=~=~=~=~=~=~=~=~=~=
Dice: 64
Distance: 67
Distance: 64
DiDistance: 63
Distance: 65
Distance: 64
Distance: 64
Distance: 63
Distance: 66
Distance: 64
Distance: 67
Distance: 64
Dis
Distance: 63
Distance: 64
Distance: 64
Distance: 64
Distance: 64
Distance: 64
Distance: 64
Distance: 66
Distance: 62
Distance: 62
Distance: 65
Distance: 63
Distance: 63
Distance: 62
Distance: 74
Distance: 71
Distance: 64
Distance: 69
Distance: 64
Distance: 67
Distance: 62
Distance: 62
Distance: 62
Distance: 64
Distance: 64
Distance: 64
Distance: 61
Distance: 66
Distance: 64
Distance: 65
Distance: 69
Distance: 67
Distance: 64
Distance: 67
Distance: 65
Distance: 65
Distance: 64
Distance: 64
Distance: 65
Distance: 64
Distance: 64
Distance: 64
Distance: 64
Distance: 65
Distance: 64
Distance: 64
Distance: 65
Distance: 64
Distance: 64
Distance: 67
Distance: 64
Distance: 64
Distance: 67
Distance: 64
Distance: 63
Distance: 65
Distance: 65
Distance: 63
Distance: 64
Distance: 64
Distance: 65
Distance: 64
Distance: 63
Distance: 65
Distance: 64
Distance: 64
Distance: 66
Distance: 65
Distance: 64
Distance: 65
Distance: 65
Distance: 62
Distance: 65
Distance: 64
Distance: 64
Distance: 64
Distance: 66
Distance: 60
Distance: 66
Distance: 63
Distance: 65
Distance: 64
Distance: 62
Distance: 64
Distance: 64
Distance: 65
Distance: 65
Distance: 64
Distance: 64
Distance: 64
Distance: 64
Distance: 65
Distance: 65
Distance: 64
Distance: 63
Distance: 65
Distance: 65
Distance: 67
Distance: 67
Distance: 64
Distance: 65
Distance: 65
Distance: 65
Distance: 66
Distance: 67
Distance: 64
Distance: 63
Distance: 64
Distance: 63
Distance: 63
Distance: 65
Distance: 62
Distance: 61
Distance: 63
Distance: 64
Distance: 63
Distance: 64
Distance: 64
Distance: 64
Distance: 69
Distance: 65
Distance: 62
Distance: 63
Distance: 63
Distance: 64
Distance: 65
Distance: 64
Distance: 66
Distance: 67
Distance: 62
Distance: 63
Distance: 64
Distance: 68
Distance: 64
Distance: 64
Distance: 63
Distance: 64
Distance: 66
Distance: 65
Distance: 71
Distance: 62
Distance: 62
Distance: 64
Distance: 65
Distance: 63
Distance: 63
Distance: 62
Distance: 62
Distance: 62
Distance: 61
Distance: 66
Distance: 63
Distance: 63
Distance: 64
Distance: 64
Distance: 62
Distance: 62
Distance: 63
Distance: 62
Distance: 64
Distance: 63
Distance: 73
Distance: 63
Distance: 64
Distance: 64
Distance: 64
Distance: 63
Distance: 63
Distance: 64
Distance: 65
Distance: 71
Distance: 65
Distance: 66
Distance: 67
Distance: 66
Distance: 65
Distance: 65
Distance: 65
Distance: 65
Distance: 66
Distance: 65
Distance: 62
Distance: 66
Distance: 67
Distance: 65
Distance: 67
Distance: 66
Distance: 65
Distance: 65
Distance: 65
Distance: 66
Distance: 64
Distance: 64
Distance: 65
Distance: 78
Distance: 68
Distance: 65
Distance: 64
Distance: 63
Distance: 62
Distance: 62
Distance: 63
Distance: 65
Distance: 62
Distance: 69
Distance: 68
Distance: 65
Distance: 69
Distance: 64
Distance: 65
Distance: 63
Distance: 66
Distance: 68
Distance: 66
Distance: 67
Distance: 67
Distance: 67
Distance: 69
Distance: 72
Distance: 64
Distance: 65
Distance: 75
Distance: 68
Distance: 69
Distance: 67
Distance: 65
Distance: 66
Distance: 66
Distance: 64
Distance: 64
Distance: 64
Distance: 64
Distance: 61
Distance: 63
Distance: 68
Distance: 67
Distance: 63
Distance: 64
Distance: 62
Distance: 64
Distance: 65
Distance: 66
Distance: 65
Distance: 69
Distance: 64
Distance: 65
Distance: 72
Distance: 65
Distance: 64
Distance: 65
Distance: 66
Distance: 66
Distance: 63
Distance: 69
Distance: 65
Distance: 66
Distance: 60
Distance: 66
Distance: 63
Distance: 64
Distance: 69
Distance: 62
Distance: 66
Distance: 65
Distance: 65
Distance: 63
Distance: 66
Distance: 66
Distance: 67
Distance: 66
Distance: 61
Distance: 65
Distance: 65
Distance: 65
Distance: 65
Distance: 65
Distance: 65
Distance: 64
Distance: 63
Distance: 62
Distance: 61
Distance: 64
Distance: 67
Distance: 70
Distance: 67
Distance: 65
Distance: 65
Distance: 66
Distance: 66
Distance: 65
Distance: 60
Distance: 64
Distance: 65
Distance: 65
Distance: 65
Distance: 65
D