=~=~=~=~=~=~=~=~=~=~=~= PuTTY log 2019.01.26 19:57:56 =~=~=~=~=~=~=~=~=~=~=~=
istace: 66
Distance: 66
Distance: 68
Distance: 672
Distance: 71
Distance: 60
Distance: 76
Distance: 65
Distance: 65
Distance: 66
Distance: 66
Distance: 68
Distance: 67
Distance: 74
Distance: 75
Distance: 68
Distance: 77
Distance: 74
Distance: 68
Distance: 62
Distance: 71
Distance: 67
Distance: 64
Distance: 72
Distance: 64
Distance: 67
Distance: 80
Distance: 75
Distance: 68
Distance: 76
Distance: 68
Distance: 75
Distance: 73
Distance: 60
Distance: 71
Distance: 76
Distance: 62
Distance: 75
Distance: 68
Distance: 65
Distance: 75
Distance: 77
Distance: 78
Distance: 74
Distance: 67
Distance: 67
Distance: 66
Distance: 76
Distance: 67
Distance: 65
Distance: 76
Distance: 76
Distance: 65
Distance: 61
Distance: 65
Distance: 65
Distance: 71
Distance: 63
Distance: 68
Distance: 78
Distance: 75
Distance: 62
Distance: 71
Distance: 70
Distance: 76
Distance: 65
Distance: 73
Distance: 75
Distance: 73
Distance: 77
Distance: 69
Distance: 64
Distance: 66
Distance: 68
Distance: 76
Distance: 72
Distance: 75
Distance: 74
Distance: 66
Distance: 65
Distance: 70
Distance: 73
Distance: 75
Distance: 68
Distance: 67
Distance: 75
Distance: 66
Distance: 65
Distance: 67
Distance: 70
Distance: 68
Distance: 68
Distance: 68
Distance: 75
Distance: 59
Distance: 71
Distance: 65
Distance: 76
Distance: 69
Distance: 65
Distance: 76
Distance: 76
Distance: 76
Distance: 73
Distance: 67
Distance: 66
Distance: 76
Distance: 63
Distance: 64
Distance: 76
Distance: 66
Distance: 75
Distance: 77
Distance: 68
Distance: 73
Distance: 71
Distance: 69
Distance: 77
Distance: 79
Distance: 66
Distance: 74
Distance: 69
Distance: 66
Distance: 76
Distance: 70
Distance: 65
Distance: 78
Distance: 71
Distance: 64
Distance: 72
Distance: 66
Distance: 75
Distance: 73
Distance: 68
Distance: 65
Distance: 75
Distance: 75
Distance: 71
Distance: 67
Distance: 66
Distance: 66
Distance: 77
Distance: 74
Distance: 77
Distance: 65
Distance: 71
Distance: 64
Distance: 65
Distance: 74
Distance: 70
Distance: 73
Distance: 77
Distance: 74
Distance: 69
Distance: 66
Distance: 77
Distance: 73
Distance: 71
Distance: 70
Distance: 66
Distance: 73
Distance: 72
Distance: 64
Distance: 76
Distance: 72
Distance: 65
Distance: 71
Distance: 74
Distance: 77
Distance: 71
Distance: 77
Distance: 69
Distance: 70
Distance: 73
Distance: 69
Distance: 74
Distance: 67
Distance: 72
Distance: 76
Distance: 60
Distance: 66
Distance: 63
Distance: 69
Distance: 69
Distance: 73
Distance: 69
Distance: 72
Distance: 70
Distance: 77
Distance: 72
Distance: 57
Distance: 59
Distance: 74
Distance: 70
Distance: 66
Distance: 70
Distance: 60
Distance: 71
Distance: 70
Distance: 69
Distance: 69
Distance: 61
Distance: 65
Distance: 71
Distance: 71
Distance: 70
Distance: 70
Distance: 70
Distance: 70
Distance: 70
Distance: 69
Distance: 66
Distance: 66
Distance: 69
Distance: 69
Distance: 61
Distance: 69
Distance: 67
Distance: 59
Distance: 70
Distance: 69
Distance: 69
Distance: 68
Distance: 69
Distance: 67
Distance: 69
Distance: 58
Distance: 69
Distance: 69
Distance: 66
Distance: 69
Distance: 69
Distance: 63
Distance: 74
Distance: 68
Distance: 70
Distance: 67
Distance: 61
Distance: 63
Distance: 56
Distance: 69
Distance: 68
Distance: 66
Distance: 64
Distance: 64
Distance: 56
Distance: 68
Distance: 68
Distance: 69
Distance: 73
Distance: 68
Distance: 75
Distance: 70
Distance: 67
Distance: 68
Distance: 68
Distance: 70
Distance: 69
Distance: 67
Distance: 65
Distance: 68
Distance: 66
Distance: 67
Distance: 68
Distance: 66
Distance: 67
Distance: 67
Distance: 63
Distance: 68
Distance: 64
Distance: 60
Distance: 81
Distance: 54
Distance: 69
Distance: 64
Distance: 59
Distance: 68
Distance: 68
Distance: 70
Distance: 59
Distance: 69
Distance: 67
Distance: 63
Distance: 64
Distance: 67
Distance: 65
Distance: 52
Distance: 72
Distance: 71
Distance: 71
Distance: 64
Distance: 63
Distance: 70
Distance: 66
Distance: 81
Distance: 72
Distance: 76
Distance: 64
Distance: 78
Distance: 74
Distance: 63
Distance: 63
Distance: 79
Distance: 65
Distance: 73
Distance: 75
Distance: 70
Distance: 74
Distance: 72
Distance: 78
Distance: 68
Distance: 65
Distance: 75
Distance: 61
Distance: 68
Distance: 79
Distance: 68
Distance: 76
Distance: 69
Distance: 73
Distance: 63
Distance: 80
Distance: 73
Distance: 65
Distance: 68
Distance: 62
Distance: 64
Distance: 69
Distance: 66
Distance: 72
Distance: 61
Distance: 76
Distance: 67
Distance: 74
Distance: 60
Distance: 73
Distance: 62
Distance: 74
Distance: 72
Distance: 59
Distance: 60
Distance: 66
Distance: 62
Distance: 67
Distance: 64
Distance: 73
Distance: 73
Distance: 73
Distance: 70
Distance: 74
Distance: 55
Distance: 68
Distance: 66
Distance: 71
Distance: 78
Distance: 68
Distance: 75
Distance: 73
Distance: 75
Distance: 77
Distance: 74
Distance: 62
Distance: 74
Distance: 78
Distance: 63
Distance: 68
Distance: 64
Distance: 68
Distance: 76
Distance: 71
Distance: 72
Distance: 79
Distance: 79
Distance: 60
Distance: 71
Distance: 68
Distance: 66
Distance: 82
Distance: 76
Distance: 75
Distance: 66
Distance: 56
Distance: 77
Distance: 70
Distance: 80
Distance: 69
Distance: 69
Distance: 72
Distance: 62
Distance: 77
Distance: 73
Distance: 78
Distance: 84
Distance: 64
Distance: 69
Distance: 66
Distance: 70
Distance: 64
Distance: 66
Distance: 77
Distance: 80
Distance: 73
Distance: 72
Distance: 78
Distance: 72
Distance: 67
Distance: 73
Distance: 78
Distance: 71
Distance: 73
Distance: 64
Distance: 61
Distance: 70
Distance: 76
Distance: 65
Distance: 71
Distance: 60
Distance: 72
Distance: 71
Distance: 73
Distance: 65
Distance: 72
Distance: 70
Distance: 62
Distance: 69
Distance: 73
Distance: 73
Distance: 73
Distance: 73
Distance: 64
Distance: 69
Distance: 58
Distance: 68
Distance: 58
Distance: 74
Distance: 64
Distance: 70
Distance: 73
Distance: 66
Distance: 68
Distance: 68
Distance: 69
Distance: 53
Distance: 56
Distance: 68
Distance: 69
Distance: 71
Distance: 78
Distance: 71
Distance: 68
Distance: 70
Distance: 70
Distance: 68
Distance: 75
Distance: 68
Distance: 74
Distance: 74
Distance: 75
Distance: 74
Distance: 74
Distance: 70
Distance: 75
Distance: 62
Distance: 74
Distance: 74
Distance: 72
Distance: 73
Distance: 71
Distance: 71
Distance: 71
Distance: 72
Distance: 69
Distance: 64
Distance: 62
Distance: 73
Distance: 68
Distance: 64
Distance: 72
Distance: 66
Distance: 66
Distance: 63
Distance: 70
Distance: 70
Distance: 71
Distance: 63
Distance: 70
Distance: 61
Distance: 70
Distance: 70
Distance: 64
Distance: 64
Distance: 70
Distance: 64
Distance: 64
Distance: 69
Distance: 70
Distance: 69
Distance: 65
Distance: 61
Distance: 63
Distance: 61
Distance: 63
Distance: 61
Distance: 63
Distance: 64
Distance: 63
Distance: 59
Distance: 62
Distance: 69
Distance: 66
Distance: 68
Distance: 68
Distance: 68
Distance: 67
Distance: 68
Distance: 64
Distance: 68
Distance: 61
Distance: 68
Distance: 68
Distance: 68
Distance: 67
Distance: 67
Distance: 66
Distance: 66
Distance: 66
Distance: 66
Distance: 66
Distance: 66
Distance: 66
Distance: 66
Distance: 65
Distance: 65
Distance: 65
Distance: 65
Distance: 64
Distance: 65
Distance: 64
Distance: 58
Distance: 65
Distance: 64
Distance: 64
Distance: 63
Distance: 63
Distance: 62
Distance: 62
Distance: 62
Distance: 62
Distance: 62
Distance: 63
Distance: 63
Distance: 62
Distance: 61
Distance: 62
Distance: 62
Distance: 61
Distance: 61
Distance: 61
Distance: 61
Distance: 60
Distance: 60
Distance: 59
Distance: 60
Distance: 59
Distance: 56
Distance: 59
Distance: 58
Distance: 59
Distance: 58
Distance: 58
Distance: 58
Distance: 57
Distance: 57
Distance: 56
Distance: 56
Distance: 56
Distance: 56
Distance: 56
Distance: 55
Distance: 55
Distance: 55
Distance: 55
Distance: 54
Distance: 54
Distance: 54
Distance: 54
Distance: 54
Distance: 53
Distance: 54
Distance: 53
Distance: 53
Distance: 52
Distance: 52
Distance: 51
Distance: 51
Distance: 51
Distance: 52
Distance: 51
Distance: 51
Distance: 51
Distance: 50
Distance: 50
Distance: 50
Distance: 50
Distance: 49
Distance: 49
Distance: 49
Distance: 48
Distance: 48
Distance: 48
Distance: 48
Distance: 48
Distance: 48
Distance: 48
Distance: 47
Distance: 48
Distance: 47
Distance: 47
Distance: 47
Distance: 47
Distance: 46
Distance: 46
Distance: 45
Distance: 45
Distance: 45
Distance: 46
Distance: 45
Distance: 45
Distance: 44
Distance: 44
Distance: 44
Distance: 44
Distance: 43
Distance: 43
Distance: 43
Distance: 43
Distance: 43
Distance: 43
Distance: 42
Distance: 42
Distance: 42
Distance: 42
Distance: 42
Distance: 41
Distance: 41
Distance: 41
Distance: 41
Distance: 41
Distance: 41
Distance: 41
Distance: 40
Distance: 40
Distance: 40
Distance: 40
Distance: 40
Distance: 39
Distance: 39
Distance: 39
Distance: 39
Distance: 39
Distance: 39
Distance: 39
Distance: 38
Distance: 38
Distance: 38
Distance: 38
Distance: 38
Distance: 37
Distance: 38
Distance: 38
Distance: 38
Distance: 38
Distance: 37
Distance: 37
Distance: 37
Distance: 37
Distance: 37
Distance: 37
Distance: 36
Distance: 37
Distance: 37
Distance: 37
Distance: 37
Distance: 36
Distance: 36
Distance: 36
Distance: 36
Distance: 36
Distance: 36
Distance: 37
Distance: 36
Distance: 37
Distance: 36
Distance: 36
Distance: 36
Distance: 36
Distance: 36
Distance: 36
Distance: 36
Distance: 35
Distance: 35
Distance: 36
Distance: 36
Distance: 36
Distance: 36
Distance: 35
Distance: 35
Distance: 36
Distance: 36
Distance: 36
Distance: 35
Distance: 35
Distance: 35
Distance: 36
Distance: 36
Distance: 35
Distance: 36
Distance: 36
Distance: 35
Distance: 36
Distance: 35
Distance: 35
Distance: 35
Distance: 35
Distance: 35
Distance: 35
Distance: 35
Distance: 35
Distance: 35
Distance: 35
Distance: 35
Distance: 35
Distance: 35
Distance: 35
Distance: 35
Distance: 35
Distance: 35
Distance: 35
Distance: 35
Distance: 35
Distance: 35
Distance: 35
Distance: 35
Distance: 35
Distance: 35
Distance: 35
Distance: 35
Distance: 35
Distance: 35
Distance: 35
Distance: 35
Distance: 35
Distance: 35
Distance: 35
Distance: 35
Distance: 35
Distance: 35
Distance: 35
Distance: 35
Distance: 35
Distance: 35
Distance: 35
Distance: 35
Distance: 35
Distance: 35
Distance: 35
Distance: 35
Distance: 35
Distance: 35
Distance: 35
Distance: 35
Distance: 35
Distance: 35
Distance: 35
Distance: 35
Distance: 35
Distance: 35
Distance: 35
Distance: 35
Distance: 35
Distance: 35
Distance: 35
Distance: 35
Distance: 35
Distance: 35
Distance: 35
Distance: 35
Distance: 35
Distance: 35
Distance: 35
Distance: 35
Distance: 35
Distance: 35
Distance: 36
Distance: 36
Distance: 36
Distance: 36
Distance: 35
Distance: 35
Distance: 35
Distance: 36
Distance: 36
Distan