0,-1
0,-1
0,-1
0,-1
0,-1
0,-1
0,0
0,-1
0,-1
0,-1
0,-1
0,-1
0,-1
0,-1
0,-1
0,-1
0,-1
0,-1
0,-1
0,-1
0,0
0,-1
0,-1
0,-1
0,-1
0,-1
0,-1
0,0
0,-1
0,-1
0,-1
0,-1
0,-1
0,-1
0,-1
0,-1
0,-1
0,-1
0,-1
0,-1
0,-1
0,-1
0,-1
0,-1
0,-1
0,-1
0,-1
0,-1
0,-1
0,-1
0,-1
0,-1
0,-1
0,-1
0,-1
0,-1
0,-1
0,-1
0,-1
0,-1
0,-1
0,-1
0,0
0,-1
0,-1
0,-1
0,-1
0,-1
0,-1
0,-1
0,-1
0,-1
0,-1
0,-1
0,-1
0,-1
0,-1
0,-1
0,-1
0,-1
0,-1
0,-1
0,-1
0,-1
0,-1
0,-1
0,-1
0,-1
0,-1
0,-1
0,-1
0,-1
0,-1
0,-1
0,-1
0,-1
0,-1
0,-1
0,-1
0,-1
1,-1
1,-1
1,-1
1,-1
1,-1
1,-1
1,-1
1,-1
1,-1
1,-1
1,-1
1,-1
1,-1
1,-1
1,-1
1,-1
1,-1
1,-1
1,-1
1,-1
1,-1
1,-1
1,-1
1,0
1,-1
1,-1
1,-1
1,-1
1,-1
1,-1
1,0
1,-1
1,-1
1,-1
1,-1
1,-1
1,-1
1,-1
1,-1
1,-1
1,-1
1,-1
1,-1
1,-1
1,0
1,-1
1,-1
1,-1
1,-1
1,-1
1,-1
1,0
1,-1
1,-1
1,-1
1,-1
1,-1
1,-1
1,-1
1,-1
1,-1
1,-1
1,-1
1,-1
1,-1
1,0
1,-1
1,-1
1,-1
1,-1
1,-1
1,-1
1,0
1,-1
1,-1
1,-1
1,-1
1,-1
1,-1
1,-1
1,-1
1,-1
1,-1
1,-1
1,-1
1,-1
1,-1
1,-1
1,-1
1,-1
1,-1
1,-1
1,-1
1,0
1,-1
1,-1
1,-1
1,-1
1,-1
1,-1
2,-1
2,-1
2,-1
2,-1
2,-1
2,-1
2,-1
2,-1
2,-1
2,-1
2,-1
2,-1
2,-1
2,-1
2,-1
2,-1
2,-1
2,-1
2,-1
2,-1
2,-1
2,-1
2,-1
2,-1
2,-1
2,-1
2,0
2,-1
2,-1
2,-1
2,-1
2,-1
2,-1
2,-1
2,-1
2,-1
2,-1
2,-1
2,-1
2,-1
2,-1
2,-1
2,-1
2,-1
2,-1
2,-1
2,-1
2,-1
2,-1
2,-1
2,-1
2,-1
2,-1
2,-1
2,-1
2,-1
2,-1
2,-1
2,-1
2,-1
2,-1
2,-1
2,-1
2,-1
2,-1
2,-1
2,-1
2,-1
2,0
2,-1
2,-1
2,-1
2,-1
2,-1
2,-1
2,-1
2,-1
2,-1
2,-1
2,-1
2,-1
2,-1
2,-1
2,-1
2,-1
2,-1
2,-1
2,-1
2,-1
2,0
2,-1
2,-1
2,-1
2,-1
2,-1
2,-1
2,0
2,-1
2,-1
2,-1
3,-1
3,-1
3,-1
3,-1
3,-1
3,-1
3,-1
3,-1
3,-1
3,-1
3,-1
3,-1
3,-1
3,-1
3,-1
3,-1
3,-1
3,-1
3,-1
3,-1
3,-1
3,-1
3,-1
3,-1
3,-1
3,-1
3,-1
3,-1
3,-1
3,0
3,-1
3,-1
3,-1
3,-1
3,0
3,-1
3,-1
3,-1
3,-1
3,-1
3,-1
3,-1
3,-1
3,-1
3,-1
3,-1
3,-1
3,-1
3,-1
3,-1
3,-1
3,-1
3,-1
3,-1
3,-1
3,0
3,-1
3,-1
3,-1
3,-1
3,-1
3,-1
3,0
3,-1
3,-1
3,-1
3,-1
3,-1
3,-1
3,0
3,-1
3,-1
3,-1
3,-1
3,-1
3,-1
3,-1
3,-1
3,-1
3,-1
3,-1
3,-1
3,-1
3,-1
3,-1
3,-1
3,-1
3,-1
3,-1
3,-1
3,0
3,-1
3,-1
3,-1
3,-1
3,-1
3,-1
3,-1
3,-1
3,-1
4,-1
4,-1
4,-1
4,-1
4,-1
4,-1
4,-1
4,-1
4,-1
4,-1
4,-1
4,-1
4,-1
4,-1
4,-1
4,-1
4,-1
4,-1
4,-1
4,-1
4,-1
4,-1
4,-1
4,0
4,-1
4,-1
4,-1
4,-1
4,-1
4,-1
4,-1
4,-1
4,-1
4,-1
4,-1
4,-1
4,-1
4,-1
4,-1
4,-1
4,-1
4,-1
4,-1
4,-1
4,-1
4,-1
4,-1
4,-1
4,-1
4,-1
4,-1
4,0
4,-1
4,-1
4,-1
4,-1
4,-1
4,-1
4,-1
4,-1
4,-1
4,-1
4,-1
4,-1
4,-1
4,-1
4,-1
4,-1
4,-1
4,-1
4,-1
4,-1
4,-1
4,-1
4,-1
4,-1
4,-1
4,-1
4,-1
4,0
4,-1
4,-1
4,-1
4,-1
4,-1
4,-1
4,-1
4,-1
4,-1
4,-1
4,-1
4,-1
4,-1
4,0
4,-1
4,-1
4,-1
4,-1
4,-1
4,-1
5,-1
5,-1
5,-1
5,-1
5,-1
5,-1
5,-1
5,-1
5,-1
5,-1
5,0
5,-1
5,-1
5,-1
5,-1
5,-1
5,-1
5,0
5,-1
5,-1
5,-1
5,-1
5,-1
5,-1
5,-1
5,-1
5,-1
5,-1
5,-1
5,-1
5,-1
5,0
5,-1
5,-1
5,-1
5,-1
5,-1
5,-1
5,-1
5,-1
5,-1
5,-1
5,-1
5,-1
5,-1
5,-1
5,-1
5,-1
5,-1
5,-1
5,-1
5,-1
5,-1
5,-1
5,-1
5,-1
5,-1
5,-1
5,-1
5,-1
5,-1
5,-1
5,-1
5,-1
5,-1
5,-1
5,-1
5,-1
5,-1
5,-1
5,-1
5,-1
5,-1
5,0
5,-1
5,-1
5,-1
5,-1
5,-1
5,-1
5,-1
5,-1
5,-1
5,-1
5,-1
5,-1
5,-1
5,0
5,-1
5,-1
5,-1
5,-1
5,-1
5,-1
5,-1
5,-1
5,-1
5,-1
5,-1
5,-1
6,-1
6,-1
6,-1
6,-1
6,-1
6,-1
6,-1
6,-1
6,-1
6,-1
6,-1
6,-1
6,-1
6,-1
6,-1
6,-1
6,-1
6,-1
6,-1
6,-1
6,0
6,-1
6,-1
6,-1
6,-1
6,-1
6,-1
6,-1
6,-1
6,-1
6,-1
6,-1
6,-1
6,-1
6,0
6,-1
6,-1
6,-1
6,-1
6,0
6,-1
6,-1
6,-1
6,-1
6,-1
6,-1
6,-1
6,-1
6,-1
6,-1
6,-1
6,-1
6,-1
6,-1
6,-1
6,-1
6,-1
6,-1
6,-1
6,-1
6,-1
6,-1
6,-1
6,-1
6,-1
6,-1
6,-1
6,-1
6,-1
6,-1
6,-1
6,-1
6,-1
6,-1
6,-1
6,-1
6,0
6,-1
6,-1
6,-1
6,-1
6,-1
6,-1
6,-1
6,-1
6,-1
6,-1
6,-1
6,-1
6,-1
6,-1
6,-1
6,-1
6,-1
6,-1
6,-1
6,-1
6,-1
6,-1
6,-1
7,0
7,-1
7,-1
7,-1
7,-1
7,-1
7,-1
7,-1
7,-1
7,-1
7,-1
7,-1
7,-1
7,-1
7,-1
7,-1
7,-1
7,-1
7,-1
7,-1
7,-1
7,-1
7,-1
7,-1
7,-1
7,-1
7,-1
7,-1
7,-1
7,-1
7,-1
7,-1
7,-1
7,-1
7,-1
7,-1
7,-1
7,0
7,-1
7,-1
7,-1
7,-1
7,0
7,-1
7,-1
7,-1
7,-1
7,-1
7,-1
7,-1
7,-1
7,-1
7,-1
7,-1
7,-1
7,-1
7,-1
7,-1
7,-1
7,-1
7,-1
7,-1
7,-1
7,-1
7,-1
7,-1
7,-1
7,-1
7,-1
7,-1
7,-1
7,-1
7,-1
7,-1
7,-1
7,-1
7,-1
7,-1
7,-1
7,0
7,-1
7,-1
7,-1
7,-1
7,-1
7,-1
7,0
7,-1
7,-1
7,-1
7,-1
7,-1
7,-1
7,-1
7,-1
7,-1
7,-1
7,-1
7,-1
7,-1
8,-1
8,-1
8,-1
8,-1
8,-1
8,-1
8,-1
8,-1
8,-1
8,-1
8,-1
8,-1
8,-1
8,-1
8,-1
8,-1
8,-1
8,-1
8,-1
8,0
8,-1
8,-1
8,-1
8,-1
8,-1
8,-1
8,-1
8,-1
8,-1
8,-1
8,-1
8,-1
8,-1
8,-1
8,-1
8,-1
8,-1
8,-1
8,-1
8,-1
8,0
8,-1
8,-1
8,-1
8,-1
8,0
8,-1
8,-1
8,-1
8,-1
8,-1
8,-1
8,-1
8,-1
8,-1
8,-1
8,-1
8,-1
8,-1
8,0
8,-1
8,-1
8,-1
8,-1
8,-1
8,-1
8,0
8,-1
8,-1
8,-1
8,-1
8,-1
8,-1
8,0
8,-1
8,-1
8,-1
8,-1
8,-1
8,-1
8,-1
8,-1
8,-1
8,-1
8,-1
8,-1
8,-1
8,-1
8,-1
8,-1
8,-1
8,-1
8,-1
8,-1
8,0
8,-1
8,-1
8,-1
8,-1
8,-1
9,-1
9,-1
9,-1
9,-1
9,-1
9,-1
9,-1
9,-1
9,-1
9,-1
9,-1
9,-1
9,-1
9,-1
9,-1
9,-1
9,-1
9,-1
9,-1
9,-1
9,-1
9,-1
9,-1
9,-1
9,-1
9,-1
9,-1
9,-1
9,-1
9,-1
9,-1
9,-1
9,-1
9,-1
9,-1
9,-1
9,-1
9,-1
9,-1
9,-1
9,-1
9,-1
9,-1
9,-1
9,-1
9,-1
9,-1
9,-1
9,-1
9,-1
9,-1
9,-1
9,-1
9,-1
9,-1
9,-1
9,-1
9,-1
9,-1
9,-1
9,-1
9,-1
9,-1
9,-1
9,-1
9,-1
9,-1
9,-1
9,-1
9,-1
9,-1
9,-1
9,-1
9,-1
9,-1
9,-1
9,-1
9,-1
9,-1
9,-1
9,-1
9,-1
9,-1
9,-1
9,-1
9,-1
9,-1
9,-1
9,-1
9,-1
9,-1
9,-1
9,-1
9,-1
9,-1
9,-1
9,-1
9,-1
9,-1
9,-1
10,-1
10,-1
10,-1
10,-1
10,-1
10,-1
10,-1
10,-1
10,-1
10,-1
10,-1
10,-1
10,-1
10,-1
10,-1
10,-1
10,-1
10,-1
10,-1
10,-1
10,-1
10,-1
10,-1
10,-1
10,-1
10,-1
10,-1
10,-1
10,-1
10,-1
10,-1
10,-1
10,-1
10,-1
10,-1
10,-1
10,-1
10,-1
10,-1
10,-1
10,-1
10,-1
10,0
10,-1
10,-1
10,-1
10,-1
10,-1
10,-1
10,-1
10,-1
10,-1
10,-1
10,-1
10,-1
10,-1
10,-1
10,-1
10,-1
10,-1
10,-1
10,-1
10,-1
10,-1
10,-1
10,-1
10,-1
10,-1
10,-1
10,-1
10,-1
10,-1
10,-1
10,-1
10,-1
10,-1
10,-1
10,-1
10,0
10,-1
10,-1
10,-1
10,-1
10,-1
10,-1
10,-1
10,-1
10,-1
10,-1
10,-1
10,-1
10,-1
10,-1
10,-1
10,-1
10,0
10,-1
10,-1
10,-1
10,-1
11,-1
11,-1
11,-1
11,-1
11,-1
11,-1
11,-1
11,-1
11,-1
11,-1
11,-1
11,-1
11,-1
11,-1
11,-1
11,-1
11,-1
11,-1
11,-1
11,-1
11,-1
11,-1
11,-1
11,-1
11,-1
11,-1
11,-1
11,-1
11,-1
11,-1
11,-1
11,-1
11,-1
11,-1
11,-1
11,-1
11,-1
11,-1
11,-1
11,-1
11,-1
11,-1
11,-1
11,-1
11,-1
11,-1
11,-1
11,-1
11,-1
11,-1
11,-1
11,-1
11,-1
11,-1
11,-1
11,-1
11,-1
11,-1
11,-1
11,-1
11,-1
11,-1
11,-1
11,-1
11,-1
11,-1
11,-1
11,-1
11,-1
11,-1
11,-1
11,-1
11,-1
11,-1
11,-1
11,-1
11,-1
11,-1
11,-1
11,-1
11,-1
11,-1
11,-1
11,-1
11,-1
11,-1
11,-1
11,-1
11,-1
11,-1
11,-1
11,-1
11,-1
11,-1
11,-1
11,-1
11,-1
11,-1
11,-1
11,-1
12,-1
12,-1
12,-1
12,-1
12,-1
12,-1
12,-1
12,-1
12,-1
12,-1
12,-1
12,-1
12,-1
12,-1
12,-1
12,-1
12,-1
12,-1
12,-1
12,-1
12,-1
12,-1
12,-1
12,-1
12,-1
12,-1
12,-1
12,-1
12,-1
12,-1
12,-1
12,-1
12,-1
12,-1
12,-1
12,-1
12,-1
12,-1
12,-1
12,-1
12,-1
12,-1
12,-1
12,-1
12,-1
12,-1
12,-1
12,-1
12,-1
12,-1
12,-1
12,-1
12,-1
12,-1
12,-1
12,-1
12,-1
12,-1
12,-1
12,-1
12,-1
12,-1
12,-1
12,-1
12,-1
12,-1
12,-1
12,-1
12,-1
12,-1
12,-1
12,-1
12,-1
12,-1
12,-1
12,-1
12,-1
12,-1
12,-1
12,-1
12,-1
12,-1
12,-1
12,-1
12,-1
12,-1
12,-1
12,-1
12,-1
12,-1
12,-1
12,-1
12,-1
12,-1
12,-1
12,-1
12,-1
12,-1
12,-1
12,-1
13,-1
13,-1
13,-1
13,-1
13,-1
13,-1
13,-1
13,-1
13,-1
13,-1
13,-1
13,-1
13,-1
13,-1
13,-1
13,-1
13,-1
13,-1
13,-1
13,-1
13,-1
13,-1
13,-1
13,-1
13,-1
13,-1
13,-1
13,-1
13,-1
13,-1
13,-1
13,-1
13,-1
13,-1
13,-1
13,-1
13,-1
13,-1
13,-1
13,-1
13,-1
13,-1
13,-1
13,-1
13,-1
13,-1
13,-1
13,-1
13,-1
13,-1
13,-1
13,-1
13,-1
13,-1
13,-1
13,-1
13,-1
13,-1
13,-1
13,-1
13,-1
13,-1
13,-1
13,-1
13,-1
13,-1
13,-1
13,-1
13,-1
13,-1
13,-1
13,-1
13,-1
13,-1
13,-1
13,-1
13,-1
13,-1
13,-1
13,-1
13,-1
13,-1
13,-1
13,-1
13,-1
13,-1
13,-1
13,-1
13,-1
13,-1
13,-1
13,-1
13,-1
13,-1
13,-1
13,-1
13,-1
13,-1
13,-1
13,-1
14,-1
14,-1
14,-1
14,-1
14,-1
14,-1
14,-1
14,-1
14,-1
14,-1
14,-1
14,-1
14,-1
14,-1
14,-1
14,-1
14,-1
14,-1
14,-1
14,-1
14,-1
14,-1
14,-1
14,-1
14,-1
14,-1
14,-1
14,-1
14,-1
14,-1
14,-1
14,-1
14,-1
14,-1
14,-1
14,-1
14,-1
14,-1
14,-1
14,-1
14,-1
14,-1
14,-1
14,-1
14,-1
14,-1
14,-1
14,-1
14,-1
14,-1
14,-1
14,-1
14,-1
14,-1
14,-1
14,-1
14,-1
14,-1
14,-1
14,-1
14,-1
14,-1
14,-1
14,-1
14,-1
14,-1
14,-1
14,-1
14,-1
14,-1
14,-1
14,-1
14,-1
14,-1
14,-1
14,-1
14,-1
14,-1
14,-1
14,-1
14,-1
14,-1
14,-1
14,-1
14,-1
14,-1
14,-1
14,-1
14,-1
14,-1
14,-1
14,-1
14,-1
14,-1
14,-1
14,-1
14,-1
14,-1
14,-1
14,-1
15,-1
15,-1
15,-1
15,-1
15,-1
15,-1
15,-1
15,-1
15,-1
15,-1
15,-1
15,-1
15,-1
15,-1
15,-1
15,-1
15,-1
15,-1
15,-1
15,-1
15,-1
15,-1
15,-1
15,-1
15,-1
15,-1
15,-1
15,-1
15,-1
15,-1
15,-1
15,-1
15,-1
15,-1
15,-1
15,-1
15,-1
15,-1
15,-1
15,-1
15,-1
15,-1
15,-1
15,-1
15,-1
15,-1
15,-1
15,-1
15,-1
15,-1
15,-1
15,-1
15,-1
15,-1
15,-1
15,-1
15,-1
15,-1
15,-1
15,-1
15,-1
15,-1
15,-1
15,-1
15,-1
15,-1
15,-1
15,-1
15,-1
15,-1
15,-1
15,-1
15,-1
15,-1
15,-1
15,-1
15,-1
15,-1
15,-1
15,-1
15,-1
15,-1
15,-1
15,-1
15,-1
15,-1
15,-1
15,-1
15,-1
15,-1
15,-1
15,-1
15,-1
15,-1
15,-1
15,-1
15,-1
15,-1
15,-1
15,-1
16,-1
16,-1
16,-1
16,-1
16,-1
16,-1
16,-1
16,-1
16,-1
16,-1
16,-1
16,-1
16,-1
16,-1
16,-1
16,-1
16,-1
16,-1
16,-1
16,-1
16,-1
16,-1
16,-1
16,-1
16,-1
16,-1
16,-1
16,-1
16,-1
16,-1
16,-1
16,-1
16,-1
16,-1
16,-1
16,-1
16,-1
16,-1
16,-1
16,-1
16,-1
16,-1
16,-1
16,-1
16,-1
16,-1
16,-1
16,-1
16,-1
16,-1
16,-1
16,-1
16,-1
16,-1
16,-1
16,-1
16,-1
16,-1
16,-1
16,-1
16,-1
16,-1
16,-1
16,-1
16,-1
16,-1
16,-1
16,-1
16,-1
16,-1
16,-1
16,-1
16,-1
16,-1
16,-1
16,-1
16,-1
16,-1
16,-1
16,0
16,-1
16,-1
16,-1
16,-1
16,-1
16,-1
16,-1
16,-1
16,-1
16,-1
16,-1
16,-1
16,-1
16,-1
16,-1
16,-1
16,-1
16,-1
16,-1
16,-1
17,-1
17,-1
17,-1
17,-1
17,-1
17,-1
17,-1
17,-1
17,-1
17,-1
17,-1
17,-1
17,-1
17,-1
17,-1
17,-1
17,-1
17,-1
17,-1
17,-1
17,-1
17,-1
17,-1
17,-1
17,-1
17,-1
17,-1
17,-1
17,-1
17,-1
17,-1
17,-1
17,-1
17,-1
17,-1
17,-1
17,-1
17,-1
17,-1
17,-1
17,-1
17,-1
17,-1
17,-1
17,-1
17,-1
17,-1
17,-1
17,-1
17,-1
17,-1
17,-1
17,-1
17,-1
17,-1
17,-1
17,-1
17,-1
17,-1
17,-1
17,-1
17,-1
17,-1
17,-1
17,-1
17,-1
17,-1
17,-1
17,-1
17,-1
17,-1
17,-1
17,-1
17,-1
17,-1
17,-1
17,-1
17,-1
17,-1
17,-1
17,-1
17,-1
17,-1
17,-1
17,-1
17,-1
17,-1
17,-1
17,-1
17,-1
17,-1
17,-1
17,-1
17,-1
17,-1
17,-1
17,-1
17,-1
17,-1
17,-1
18,-1
18,-1
18,-1
18,-1
18,-1
18,-1
18,-1
18,-1
18,-1
18,-1
18,-1
18,-1
18,-1
18,-1
18,-1
18,-1
18,-1
18,-1
18,-1
18,-1
18,-1
18,-1
18,-1
18,-1
18,-1
18,-1
18,-1
18,-1
18,-1
18,-1
18,-1
18,-1
18,-1
18,-1
18,-1
18,-1
18,-1
18,-1
18,-1
18,-1
18,-1
18,-1
18,-1
18,-1
18,-1
18,-1
18,-1
18,-1
18,-1
18,-1
18,-1
18,-1
18,-1
18,-1
18,-1
18,-1
18,-1
18,-1
18,-1
18,-1
18,-1
18,-1
18,-1
18,-1
18,-1
18,-1
18,-1
18,-1
18,-1
18,-1
18,-1
18,-1
18,-1
18,-1
18,-1
18,-1
18,-1
18,-1
18,-1
18,-1
18,-1
18,-1
18,-1
18,-1
18,-1
18,-1
18,-1
18,-1
18,-1
18,-1
18,-1
18,-1
18,-1
18,-1
18,-1
18,-1
18,-1
18,-1
18,-1
18,-1
19,-1
19,-1
19,-1
19,-1
19,-1
19,-1
19,-1
19,-1
19,-1
19,-1
19,-1
19,-1
19,-1
19,-1
19,-1
19,-1
19,-1
19,-1
19,-1
19,-1
19,-1
19,-1
19,-1
19,-1
19,-1
19,-1
19,-1
19,-1
19,-1
19,-1
19,-1
19,-1
19,-1
19,-1
19,-1
19,-1
19,-1
19,-1
19,-1
19,-1
19,-1
19,-1
19,-1
19,-1
19,-1
19,-1
19,-1
19,-1
19,-1
19,-1
19,-1
19,-1
19,-1
19,-1
19,-1
19,-1
19,-1
19,-1
19,-1
19,-1
19,-1
19,-1
19,-1
19,-1
19,-1
19,-1
19,-1
19,-1
19,-1
19,-1
19,-1
19,-1
19,-1
19,-1
19,-1
19,-1
19,-1
19,-1
19,-1
19,-1
19,-1
19,-1
19,-1
19,-1
19,-1
19,-1
19,-1
19,-1
19,-1
19,-1
19,-1
19,-1
19,-1
19,-1
19,-1
19,-1
19,-1
19,-1
19,-1
19,-1
20,-1
20,-1
20,-1
20,-1
20,-1
20,-1
20,-1
20,-1
20,-1
20,-1
20,-1
20,-1
20,-1
20,-1
20,-1
20,-1
20,-1
20,-1
20,-1
20,-1
20,-1
20,-1
20,-1
20,-1
20,-1
20,-1
20,-1
20,-1
20,-1
20,-1
20,-1
20,-1
20,-1
20,-1
20,-1
20,-1
20,-1
20,-1
20,-1
20,-1
20,-1
20,-1
20,-1
20,-1
20,-1
20,-1
20,-1
20,-1
20,-1
20,-1
20,-1
20,-1
20,-1
20,-1
20,-1
20,-1
20,-1
20,-1
20,-1
20,-1
20,-1
20,-1
20,-1
20,-1
20,-1
20,-1
20,-1
20,-1
20,-1
20,-1
20,-1
20,-1
20,-1
20,-1
20,-1
20,-1
20,-1
20,-1
20,-1
20,-1
20,-1
20,-1
20,-1
20,-1
20,-1
20,-1
20,-1
20,-1
20,-1
20,-1
20,-1
20,-1
20,-1
20,-1
20,-1
20,-1
20,-1
20,-1
20,-1
20,-1
21,-1
21,-1
21,-1
21,-1
21,-1
21,-1
21,-1
21,-1
21,-1
21,-1
21,-1
21,-1
21,-1
21,-1
21,-1
21,-1
21,-1
21,-1
21,-1
21,-1
21,-1
21,-1
21,-1
21,-1
21,-1
21,-1
21,-1
21,-1
21,-1
21,-1
21,-1
21,-1
21,-1
21,-1
21,-1
21,-1
21,-1
21,-1
21,-1
21,-1
21,-1
21,-1
21,-1
21,-1
21,-1
21,-1
21,-1
21,-1
21,-1
21,-1
21,-1
21,-1
21,-1
21,-1
21,-1
21,-1
21,-1
21,-1
21,-1
21,-1
21,-1
21,-1
21,-1
21,-1
21,-1
21,-1
21,-1
21,-1
21,-1
21,-1
21,-1
21,-1
21,-1
21,-1
21,-1
21,-1
21,-1
21,-1
21,-1
21,-1
21,-1
21,-1
21,-1
21,-1
21,-1
21,-1
21,-1
21,-1
21,-1
21,-1
21,-1
21,-1
21,-1
21,-1
21,-1
21,-1
21,-1
21,-1
21,-1
21,-1
22,-1
22,-1
22,-1
22,-1
22,-1
22,-1
22,-1
22,-1
22,-1
22,-1
22,-1
22,-1
22,-1
22,-1
22,-1
22,-1
22,-1
22,-1
22,-1
22,-1
22,-1
22,-1
22,-1
22,-1
22,-1
22,-1
22,-1
22,-1
22,-1
22,-1
22,-1
22,-1
22,-1
22,-1
22,-1
22,-1
22,-1
22,-1
22,-1
22,-1
22,-1
22,-1
22,-1
22,-1
22,-1
22,-1
22,-1
22,-1
22,-1
22,-1
22,-1
22,-1
22,-1
22,-1
22,-1
22,-1
22,-1
22,-1
22,-1
22,-1
22,-1
22,-1
22,-1
22,-1
22,-1
22,-1
22,-1
22,-1
22,-1
22,-1
22,-1
22,-1
22,-1
22,-1
22,-1
22,-1
22,-1
22,-1
22,-1
22,-1
22,-1
22,-1
22,-1
22,-1
22,-1
22,-1
22,-1
22,-1
22,-1
22,-1
22,-1
22,-1
22,-1
22,-1
22,-1
22,-1
22,-1
22,-1
22,-1
22,-1
23,-1
23,-1
23,-1
23,-1
23,-1
23,-1
23,-1
23,-1
23,-1
23,-1
23,-1
23,-1
23,-1
23,-1
23,-1
23,-1
23,-1
23,-1
23,-1
23,-1
23,-1
23,-1
23,-1
23,-1
23,-1
23,-1
23,-1
23,-1
23,-1
23,-1
23,-1
23,-1
23,-1
23,-1
23,-1
23,-1
23,-1
23,-1
23,-1
23,-1
23,-1
23,-1
23,-1
23,-1
23,-1
23,-1
23,-1
23,-1
23,-1
23,-1
23,-1
23,-1
23,-1
23,-1
23,-1
23,-1
23,-1
23,-1
23,-1
23,-1
23,-1
23,-1
23,-1
23,-1
23,-1
23,-1
23,-1
23,-1
23,-1
23,-1
23,-1
23,-1
23,-1
23,-1
23,-1
23,-1
23,-1
23,-1
23,-1
23,-1
23,-1
23,-1
23,-1
23,-1
23,-1
23,-1
23,-1
23,-1
23,-1
23,-1
23,-1
23,-1
23,-1
23,-1
23,-1
23,-1
23,-1
23,-1
23,-1
23,-1
24,-1
24,-1
24,-1
24,-1
24,-1
24,-1
24,-1
24,-1
24,-1
24,-1
24,-1
24,-1
24,-1
24,-1
24,-1
24,-1
24,-1
24,-1
24,-1
24,-1
24,-1
24,-1
24,-1
24,-1
24,-1
24,-1
24,-1
24,-1
24,-1
24,-1
24,-1
24,-1
24,-1
24,-1
24,-1
24,-1
24,-1
24,-1
24,-1
24,-1
24,-1
24,-1
24,-1
24,-1
24,-1
24,-1
24,-1
24,-1
24,-1
24,-1
24,-1
24,-1
24,-1
24,-1
24,-1
24,-1
24,-1
24,-1
24,-1
24,-1
24,-1
24,-1
24,-1
24,-1
24,-1
24,-1
24,-1
24,-1
24,-1
24,-1
24,-1
24,-1
24,-1
24,-1
24,-1
24,-1
24,-1
24,-1
24,-1
24,-1
24,-1
24,-1
24,-1
24,-1
24,-1
24,-1
24,-1
24,-1
24,-1
24,-1
24,-1
24,-1
24,-1
24,-1
24,-1
24,-1
24,-1
24,-1
24,-1
24,-1
25,-1
25,-1
25,-1
25,-1
25,-1
25,-1
25,-1
25,-1
25,-1
25,-1
25,-1
25,-1
25,-1
25,-1
25,-1
25,-1
25,-1
25,-1
25,-1
25,-1
25,-1
25,-1
25,-1
25,-1
25,-1
25,-1
25,-1
25,-1
25,-1
25,-1
25,-1
25,-1
25,-1
25,-1
25,-1
25,-1
25,-1
25,-1
25,-1
25,-1
25,-1
25,-1
25,-1
25,-1
25,-1
25,-1
25,-1
25,-1
25,-1
25,-1
25,-1
25,-1
25,-1
25,-1
25,-1
25,-1
25,-1
25,-1
25,-1
25,-1
25,-1
25,-1
25,-1
25,-1
25,-1
25,-1
25,-1
25,-1
25,-1
25,-1
25,-1
25,-1
25,-1
25,-1
25,-1
25,-1
25,-1
25,-1
25,-1
25,-1
25,-1
25,-1
25,-1
25,-1
25,-1
25,-1
25,-1
25,-1
25,-1
25,-1
25,-1
25,-1
25,-1
25,-1
25,-1
25,-1
25,-1
25,-1
25,-1
25,-1
26,-1
26,-1
26,-1
26,-1
26,-1
26,-1
26,-1
26,-1
26,-1
26,-1
26,-1
26,-1
26,-1
26,-1
26,-1
26,-1
26,-1
26,-1
26,-1
26,-1
26,-1
26,-1
26,-1
26,-1
26,-1
26,-1
26,-1
26,-1
26,-1
26,-1
26,-1
26,-1
26,-1
26,-1
26,-1
26,-1
26,-1
26,-1
26,-1
26,-1
26,-1
26,-1
26,-1
26,-1
26,-1
26,-1
26,-1
26,-1
26,-1
26,-1
26,-1
26,-1
26,-1
26,-1
26,-1
26,-1
26,-1
26,-1
26,-1
26,-1
26,-1
26,-1
26,-1
26,-1
26,-1
26,-1
26,-1
26,-1
26,-1
26,-1
26,-1
26,-1
26,-1
26,-1
26,-1
26,-1
26,-1
26,-1
26,-1
26,-1
26,-1
26,-1
26,-1
26,-1
26,-1
26,-1
26,-1
26,-1
26,-1
26,-1
26,-1
26,-1
26,-1
26,-1
26,-1
26,-1
26,-1
26,-1
26,-1
26,-1
27,-1
27,-1
27,-1
27,-1
27,-1
27,-1
27,-1
27,-1
27,-1
27,-1
27,-1
27,-1
27,-1
27,-1
27,-1
27,-1
27,-1
27,-1
27,-1
27,-1
27,-1
27,-1
27,-1
27,-1
27,-1
27,-1
27,-1
27,-1
27,-1
27,-1
27,-1
27,-1
27,-1
27,-1
27,-1
27,-1
27,-1
27,-1
27,-1
27,-1
27,-1
27,-1
27,-1
27,-1
27,-1
27,-1
27,-1
27,-1
27,-1
27,-1
27,-1
27,-1
27,-1
27,-1
27,-1
27,-1
27,-1
27,-1
27,-1
27,-1
27,-1
27,-1
27,-1
27,-1
27,-1
27,-1
27,-1
27,-1
27,-1
27,-1
27,-1
27,-1
27,-1
27,-1
27,-1
27,-1
27,-1
27,-1
27,-1
27,-1
27,-1
27,-1
27,-1
27,-1
27,-1
27,-1
27,-1
27,-1
27,-1
27,-1
27,-1
27,-1
27,-1
27,-1
27,-1
27,-1
27,-1
27,-1
27,-1
27,-1
28,-1
28,-1
28,-1
28,-1
28,-1
28,-1
28,-1
28,-1
28,-1
28,-1
28,-1
28,-1
28,-1
28,-1
28,-1
28,-1
28,-1
28,-1
28,-1
28,-1
28,-1
28,-1
28,-1
28,-1
28,-1
28,-1
28,-1
28,-1
28,-1
28,-1
28,-1
28,-1
28,-1
28,-1
28,-1
28,-1
28,-1
28,-1
28,-1
28,-1
28,-1
28,-1
28,-1
28,-1
28,-1
28,-1
28,-1
28,-1
28,-1
28,-1
28,-1
28,-1
28,-1
28,-1
28,-1
28,-1
28,-1
28,-1
28,-1
28,-1
28,-1
28,-1
28,-1
28,-1
28,-1
28,-1
28,-1
28,-1
28,-1
28,-1
28,-1
28,-1
28,-1
28,-1
28,-1
28,-1
28,-1
28,-1
28,-1
28,-1
28,-1
28,-1
28,-1
28,-1
28,-1
28,-1
28,-1
28,-1
28,-1
28,-1
28,-1
28,-1
28,-1
28,-1
28,-1
28,-1
28,-1
28,-1
28,-1
28,-1
29,-1
29,-1
29,-1
29,-1
29,-1
29,-1
29,-1
29,-1
29,-1
29,-1
29,-1
29,-1
29,-1
29,-1
29,-1
29,-1
29,-1
29,-1
29,-1
29,-1
29,-1
29,-1
29,-1
29,-1
29,-1
29,-1
29,-1
29,-1
29,-1
29,-1
29,-1
29,-1
29,-1
29,-1
29,-1
29,-1
29,-1
29,-1
29,-1
29,-1
29,-1
29,-1
29,-1
29,-1
29,-1
29,-1
29,-1
29,-1
29,-1
29,-1
29,-1
29,-1
29,-1
29,-1
29,-1
29,-1
29,-1
29,-1
29,-1
29,-1
29,-1
29,-1
29,-1
29,-1
29,-1
29,-1
29,-1
29,-1
29,-1
29,-1
29,-1
29,-1
29,-1
29,-1
29,-1
29,-1
29,-1
29,-1
29,-1
29,-1
29,-1
29,-1
29,-1
29,-1
29,-1
29,-1
29,-1
29,-1
29,-1
29,-1
29,-1
29,-1
29,-1
29,-1
29,-1
29,-1
29,-1
29,-1
29,-1
29,-1
30,-1
30,-1
30,-1
30,-1
30,-1
30,-1
30,-1
30,-1
30,-1
30,-1
30,-1
30,-1
30,-1
30,-1
30,-1
30,-1
30,-1
30,-1
30,-1
30,-1
30,-1
30,-1
30,-1
30,-1
30,-1
30,-1
30,-1
30,-1
30,-1
30,-1
30,-1
30,-1
30,-1
30,-1
30,-1
30,-1
30,-1
30,-1
30,-1
30,-1
30,-1
30,-1
30,-1
30,-1
30,-1
30,-1
30,-1
30,-1
30,-1
30,-1
30,-1
30,-1
30,-1
30,-1
30,-1
30,-1
30,-1
30,-1
30,-1
30,-1
30,-1
30,-1
30,-1
30,-1
30,-1
30,-1
30,-1
30,-1
30,-1
30,-1
30,-1
30,-1
30,-1
30,-1
30,-1
30,-1
30,-1
30,-1
30,-1
30,-1
30,-1
30,-1
30,-1
30,-1
30,-1
30,-1
30,-1
30,-1
30,-1
30,-1
30,-1
30,-1
30,-1
30,-1
30,-1
30,-1
30,-1
30,-1
30,-1
30,-1
31,-1
31,-1
31,-1
31,-1
31,-1
31,-1
31,-1
31,-1
31,-1
31,-1
31,-1
31,-1
31,-1
31,-1
31,-1
31,-1
31,-1
31,-1
31,-1
31,-1
31,-1
31,-1
31,-1
31,-1
31,-1
31,-1
31,-1
31,-1
31,-1
31,-1
31,-1
31,-1
31,-1
31,-1
31,-1
31,-1
31,-1
31,-1
31,-1
31,-1
31,-1
31,-1
31,-1
31,-1
31,-1
31,-1
31,-1
31,-1
31,-1
31,-1
31,-1
31,-1
31,-1
31,-1
31,-1
31,-1
31,-1
31,-1
31,-1
31,-1
31,-1
31,-1
31,-1
31,-1
31,-1
31,-1
31,-1
31,-1
31,-1
31,-1
31,-1
31,-1
31,-1
31,-1
31,-1
31,-1
31,-1
31,-1
31,-1
31,-1
31,-1
31,-1
31,-1
31,-1
31,-1
31,-1
31,-1
31,-1
31,-1
31,-1
31,-1
31,-1
31,-1
31,-1
31,-1
31,-1
31,-1
31,-1
31,-1
31,-1
32,-1
32,-1
32,-1
32,-1
32,-1
32,-1
32,-1
32,-1
32,-1
32,-1
32,-1
32,-1
32,-1
32,-1
32,-1
32,-1
32,-1
32,-1
32,-1
32,-1
32,-1
32,-1
32,-1
32,-1
32,-1
32,-1
32,-1
32,-1
32,-1
32,-1
32,-1
32,-1
32,-1
32,-1
32,-1
32,-1
32,-1
32,-1
32,-1
32,-1
32,-1
32,-1
32,-1
32,-1
32,-1
32,-1
32,-1
32,-1
32,-1
32,-1
32,-1
32,-1
32,-1
32,-1
32,-1
32,-1
32,-1
32,-1
32,-1
32,-1
32,-1
32,-1
32,-1
32,-1
32,-1
32,-1
32,-1
32,-1
32,-1
32,-1
32,-1
32,-1
32,-1
32,-1
32,-1
32,-1
32,-1
32,-1
32,-1
32,-1
32,-1
32,-1
32,-1
32,-1
32,-1
32,-1
32,-1
32,-1
32,-1
32,-1
32,-1
32,-1
32,-1
32,-1
32,-1
32,-1
32,-1
32,-1
32,-1
32,-1
33,-1
33,-1
33,-1
33,-1
33,-1
33,-1
33,-1
33,-1
33,-1
33,-1
33,-1
33,-1
33,-1
33,-1
33,-1
33,-1
33,-1
33,-1
33,-1
33,-1
33,-1
33,-1
33,-1
33,-1
33,-1
33,-1
33,-1
33,-1
33,-1
33,-1
33,-1
33,-1
33,-1
33,-1
33,-1
33,-1
33,-1
33,-1
33,-1
33,-1
33,-1
33,-1
33,-1
33,-1
33,-1
33,-1
33,-1
33,-1
33,-1
33,-1
33,-1
33,-1
33,-1
33,-1
33,-1
33,-1
33,-1
33,-1
33,-1
33,-1
33,-1
33,-1
33,-1
33,-1
33,-1
33,-1
33,-1
33,-1
33,-1
33,-1
33,-1
33,-1
33,-1
33,-1
33,-1
33,-1
33,-1
33,-1
33,-1
33,-1
33,-1
33,-1
33,-1
33,-1
33,-1
33,-1
33,-1
33,-1
33,-1
33,-1
33,-1
33,-1
33,-1
33,-1
33,-1
33,-1
33,-1
33,-1
33,-1
33,-1
34,-1
34,-1
34,-1
34,-1
34,-1
34,-1
34,-1
34,-1
34,-1
34,-1
34,-1
34,-1
34,-1
34,-1
34,-1
34,-1
34,-1
34,-1
34,-1
34,-1
34,-1
34,-1
34,-1
34,-1
34,-1
34,-1
34,-1
34,-1
34,-1
34,-1
34,-1
34,-1
34,-1
34,-1
34,-1
34,-1
34,-1
34,-1
34,-1
34,-1
34,-1
34,-1
34,-1
34,-1
34,-1
34,-1
34,-1
34,-1
34,-1
34,-1
34,-1
34,-1
34,-1
34,-1
34,-1
34,-1
34,-1
34,-1
34,-1
34,-1
34,-1
34,-1
34,-1
34,-1
34,-1
34,-1
34,-1
34,-1
34,-1
34,-1
34,-1
34,-1
34,-1
34,-1
34,-1
34,-1
34,-1
34,-1
34,-1
34,-1
34,-1
34,-1
34,-1
34,-1
34,-1
34,-1
34,-1
34,-1
34,-1
34,-1
34,-1
34,-1
34,-1
34,-1
34,-1
34,-1
34,-1
34,-1
34,-1
34,-1
35,-1
35,-1
35,-1
35,-1
35,-1
35,-1
35,-1
35,-1
35,-1
35,-1
35,-1
35,-1
35,-1
35,-1
35,-1
35,-1
35,-1
35,-1
35,-1
35,-1
35,-1
35,-1
35,-1
35,-1
35,-1
35,-1
35,-1
35,-1
35,-1
35,-1
35,-1
35,-1
35,-1
35,-1
35,-1
35,-1
35,-1
35,-1
35,-1
35,-1
35,-1
35,-1
35,-1
35,-1
35,-1
35,-1
35,-1
35,-1
35,-1
35,-1
35,-1
35,-1
35,-1
35,-1
35,-1
35,-1
35,-1
35,-1
35,-1
35,-1
35,-1
35,-1
35,-1
35,-1
35,-1
35,-1
35,-1
35,-1
35,-1
35,-1
35,-1
35,-1
35,-1
35,-1
35,-1
35,-1
35,-1
35,-1
35,-1
35,-1
35,-1
35,-1
35,-1
35,-1
35,-1
35,-1
35,-1
35,-1
35,-1
35,-1
35,-1
35,-1
35,-1
35,-1
35,-1
35,-1
35,-1
35,-1
35,-1
35,-1
36,-1
36,-1
36,-1
36,-1
36,-1
36,-1
36,-1
36,-1
36,-1
36,-1
36,-1
36,-1
36,-1
36,-1
36,-1
36,-1
36,-1
36,-1
36,-1
36,-1
36,-1
36,-1
36,-1
36,-1
36,-1
36,-1
36,-1
36,-1
36,-1
36,-1
36,-1
36,-1
36,-1
36,-1
36,-1
36,-1
36,-1
36,-1
36,-1
36,-1
36,-1
36,-1
36,-1
36,-1
36,-1
36,-1
36,-1
36,-1
36,-1
36,-1
36,-1
36,-1
36,-1
36,-1
36,-1
36,-1
36,-1
36,-1
36,-1
36,-1
36,-1
36,-1
36,-1
36,-1
36,-1
36,-1
36,-1
36,-1
36,-1
36,-1
36,-1
36,-1
36,-1
36,-1
36,-1
36,-1
36,-1
36,-1
36,-1
36,-1
36,-1
36,-1
36,-1
36,-1
36,-1
36,-1
36,-1
36,-1
36,-1
36,-1
36,-1
36,-1
36,-1
36,-1
36,-1
36,-1
36,-1
36,-1
36,-1
36,-1
37,-1
37,-1
37,-1
37,-1
37,-1
37,-1
37,-1
37,-1
37,-1
37,-1
37,-1
37,-1
37,-1
37,-1
37,-1
37,-1
37,-1
37,-1
37,-1
37,-1
37,-1
37,-1
37,-1
37,-1
37,-1
37,-1
37,-1
37,-1
37,-1
37,-1
37,-1
37,-1
37,-1
37,-1
37,-1
37,-1
37,-1
37,-1
37,-1
37,-1
37,-1
37,-1
37,-1
37,-1
37,-1
37,-1
37,-1
37,-1
37,-1
37,-1
37,-1
37,-1
37,-1
37,-1
37,-1
37,-1
37,-1
37,-1
37,-1
37,-1
37,-1
37,-1
37,-1
37,-1
37,-1
37,-1
37,-1
37,-1
37,-1
37,-1
37,-1
37,-1
37,-1
37,-1
37,-1
37,-1
37,-1
37,-1
37,-1
37,-1
37,-1
37,-1
37,-1
37,-1
37,-1
37,-1
37,-1
37,-1
37,-1
37,-1
37,-1
37,-1
37,-1
37,-1
37,-1
37,-1
37,-1
37,-1
37,-1
37,-1
38,-1
38,-1
38,-1
38,-1
38,-1
38,-1
38,-1
38,-1
38,-1
38,-1
38,-1
38,-1
38,-1
38,-1
38,-1
38,-1
38,-1
38,-1
38,-1
38,-1
38,-1
38,-1
38,-1
38,-1
38,-1
38,-1
38,-1
38,-1
38,-1
38,-1
38,-1
38,-1
38,-1
38,-1
38,-1
38,-1
38,-1
38,-1
38,-1
38,-1
38,-1
38,-1
38,-1
38,-1
38,-1
38,-1
38,-1
38,-1
38,-1
38,-1
38,-1
38,-1
38,-1
38,-1
38,-1
38,-1
38,-1
38,-1
38,-1
38,-1
38,-1
38,-1
38,-1
38,-1
38,-1
38,-1
38,-1
38,-1
38,-1
38,-1
38,-1
38,-1
38,-1
38,-1
38,-1
38,-1
38,-1
38,-1
38,-1
38,-1
38,-1
38,-1
38,-1
38,-1
38,-1
38,-1
38,-1
38,-1
38,-1
38,-1
38,-1
38,-1
38,-1
38,-1
38,-1
38,-1
38,-1
38,-1
38,-1
38,-1
39,-1
39,-1
39,-1
39,-1
39,-1
39,-1
39,-1
39,-1
39,-1
39,-1
39,-1
39,-1
39,-1
39,-1
39,-1
39,-1
39,-1
39,-1
39,-1
39,-1
39,-1
39,-1
39,-1
39,-1
39,-1
39,-1
39,-1
39,-1
39,-1
39,-1
39,-1
39,-1
39,-1
39,-1
39,-1
39,-1
39,-1
39,-1
39,-1
39,-1
39,-1
39,-1
39,-1
39,-1
39,-1
39,-1
39,-1
39,-1
39,-1
39,-1
39,-1
39,-1
39,-1
39,-1
39,-1
39,-1
39,-1
39,-1
39,-1
39,-1
39,-1
39,-1
39,-1
39,-1
39,-1
39,-1
39,-1
39,-1
39,-1
39,-1
39,-1
39,-1
39,-1
39,-1
39,-1
39,-1
39,-1
39,-1
39,-1
39,-1
39,-1
39,-1
39,-1
39,-1
39,-1
39,-1
39,-1
39,-1
39,-1
39,-1
39,-1
39,-1
39,-1
39,-1
39,-1
39,-1
39,-1
39,-1
39,-1
39,-1
40,-1
40,-1
40,-1
40,-1
40,-1
40,-1
40,-1
40,-1
40,-1
40,-1
40,-1
40,-1
40,-1
40,-1
40,-1
40,-1
40,-1
40,-1
40,-1
40,-1
40,-1
40,-1
40,-1
40,-1
40,-1
40,-1
40,-1
40,-1
40,-1
40,-1
40,-1
40,-1
40,-1
40,-1
40,-1
40,-1
40,-1
40,-1
40,-1
40,-1
40,-1
40,-1
40,-1
40,-1
40,-1
40,-1
40,-1
40,-1
40,-1
40,-1
40,-1
40,-1
40,-1
40,-1
40,-1
40,-1
40,-1
40,-1
40,-1
40,-1
40,-1
40,-1
40,-1
40,-1
40,-1
40,-1
40,-1
40,-1
40,-1
40,-1
40,-1
40,-1
40,-1
40,-1
40,-1
40,-1
40,-1
40,-1
40,-1
40,30
40,-1
40,-1
40,-1
40,-1
40,-1
40,-1
40,-1
40,-1
40,-1
40,-1
40,-1
40,-1
40,-1
40,-1
40,-1
40,-1
40,-1
40,-1
40,30
40,-1
41,-1
41,-1
41,-1
41,-1
41,-1
41,-1
41,-1
41,-1
41,-1
41,-1
41,-1
41,-1
41,-1
41,-1
41,-1
41,-1
41,-1
41,-1
41,-1
41,-1
41,-1
41,-1
41,-1
41,-1
41,-1
41,-1
41,-1
41,-1
41,30
41,-1
41,-1
41,-1
41,-1
41,-1
41,-1
41,-1
41,-1
41,-1
41,-1
41,-1
41,-1
41,-1
41,-1
41,-1
41,-1
41,-1
41,-1
41,-1
41,-1
41,-1
41,-1
41,-1
41,-1
41,-1
41,-1
41,-1
41,-1
41,-1
41,-1
41,-1
41,-1
41,-1
41,-1
41,-1
41,-1
41,-1
41,-1
41,-1
41,-1
41,-1
41,28
41,-1
41,-1
41,-1
41,-1
41,-1
41,-1
41,-1
41,-1
41,-1
41,-1
41,-1
41,-1
41,-1
41,-1
41,-1
41,-1
41,-1
41,-1
41,30
41,-1
41,-1
41,-1
41,-1
41,-1
41,-1
41,-1
41,-1
41,-1
41,-1
42,-1
42,-1
42,-1
42,-1
42,-1
42,-1
42,-1
42,-1
42,-1
42,-1
42,-1
42,-1
42,-1
42,-1
42,-1
42,-1
42,-1
42,-1
42,-1
42,28
42,-1
42,-1
42,-1
42,-1
42,-1
42,-1
42,-1
42,-1
42,-1
42,-1
42,-1
42,-1
42,-1
42,-1
42,-1
42,-1
42,-1
42,-1
42,-1
42,-1
42,30
42,-1
42,28
42,-1
42,-1
42,-1
42,-1
42,-1
42,-1
42,-1
42,-1
42,-1
42,-1
42,-1
42,-1
42,-1
42,-1
42,-1
42,-1
42,-1
42,-1
42,28
42,-1
42,-1
42,-1
42,-1
42,-1
42,-1
42,-1
42,-1
42,-1
42,-1
42,-1
42,-1
42,-1
42,-1
42,-1
42,-1
42,-1
42,-1
42,-1
42,-1
42,-1
42,-1
42,-1
42,-1
42,-1
42,-1
42,-1
42,-1
42,-1
42,-1
42,-1
42,-1
42,-1
42,-1
42,-1
42,-1
42,-1
42,-1
43,-1
43,-1
43,-1
43,-1
43,-1
43,-1
43,-1
43,-1
43,-1
43,-1
43,30
43,-1
43,28
43,-1
43,-1
43,-1
43,-1
43,-1
43,-1
43,-1
43,-1
43,-1
43,-1
43,-1
43,-1
43,-1
43,-1
43,-1
43,-1
43,20
43,-1
43,-1
43,-1
43,-1
43,-1
43,-1
43,-1
43,-1
43,-1
43,-1
43,-1
43,-1
43,-1
43,-1
43,-1
43,-1
43,-1
43,-1
43,-1
43,-1
43,-1
43,-1
43,28
43,-1
43,28
43,-1
43,28
43,-1
43,-1
43,-1
43,-1
43,-1
43,-1
43,-1
43,-1
43,-1
43,-1
43,-1
43,-1
43,-1
43,-1
43,-1
43,-1
43,-1
43,-1
43,-1
43,-1
43,-1
43,-1
43,30
43,-1
43,-1
43,-1
43,-1
43,-1
43,-1
43,-1
43,-1
43,-1
43,-1
43,-1
43,-1
43,-1
43,-1
43,-1
43,-1
43,-1
43,-1
43,-1
43,-1
44,-1
44,-1
44,-1
44,-1
44,-1
44,-1
44,-1
44,-1
44,-1
44,30
44,-1
44,-1
44,-1
44,-1
44,-1
44,-1
44,-1
44,-1
44,-1
44,-1
44,-1
44,-1
44,-1
44,-1
44,-1
44,-1
44,-1
44,-1
44,-1
44,-1
44,-1
44,-1
44,-1
44,-1
44,-1
44,-1
44,-1
44,-1
44,-1
44,-1
44,-1
44,-1
44,-1
44,-1
44,-1
44,-1
44,-1
44,-1
44,-1
44,-1
44,-1
44,28
44,-1
44,-1
44,-1
44,-1
44,-1
44,-1
44,-1
44,-1
44,-1
44,-1
44,-1
44,-1
44,-1
44,-1
44,-1
44,-1
44,-1
44,-1
44,-1
44,-1
44,-1
44,-1
44,-1
44,-1
44,-1
44,-1
44,-1
44,-1
44,-1
44,-1
44,-1
44,-1
44,-1
44,-1
44,-1
44,-1
44,-1
44,-1
44,-1
44,-1
44,-1
44,28
44,-1
44,-1
44,-1
44,-1
44,-1
44,-1
45,-1
45,-1
45,-1
45,-1
45,-1
45,-1
45,-1
45,-1
45,-1
45,-1
45,-1
45,-1
45,-1
45,-1
45,-1
45,-1
45,-1
45,-1
45,-1
45,-1
45,-1
45,-1
45,-1
45,29
45,-1
45,-1
45,-1
45,-1
45,-1
45,-1
45,-1
45,-1
45,-1
45,-1
45,-1
45,-1
45,-1
45,-1
45,-1
45,-1
45,-1
45,-1
45,-1
45,-1
45,-1
45,-1
45,-1
45,-1
45,-1
45,-1
45,-1
45,-1
45,-1
45,-1
45,-1
45,-1
45,-1
45,-1
45,-1
45,-1
45,-1
45,-1
45,-1
45,-1
45,-1
45,28
45,-1
45,-1
45,-1
45,-1
45,-1
45,-1
45,-1
45,-1
45,-1
45,-1
45,-1
45,-1
45,-1
45,-1
45,-1
45,-1
45,-1
45,-1
45,30
45,-1
45,-1
45,-1
45,-1
45,-1
45,-1
45,-1
45,-1
45,-1
45,-1
45,-1
45,-1
45,-1
45,-1
45,-1
46,-1
46,-1
46,-1
46,-1
46,-1
46,-1
46,-1
46,-1
46,-1
46,-1
46,-1
46,-1
46,30
46,-1
46,25
46,-1
46,-1
46,-1
46,-1
46,-1
46,-1
46,-1
46,-1
46,-1
46,-1
46,-1
46,-1
46,-1
46,-1
46,-1
46,-1
46,-1
46,-1
46,-1
46,-1
46,-1
46,-1
46,-1
46,-1
46,-1
46,-1
46,-1
46,-1
46,-1
46,-1
46,-1
46,-1
46,-1
46,-1
46,-1
46,-1
46,-1
46,-1
46,-1
46,-1
46,-1
46,28
46,-1
46,-1
46,-1
46,-1
46,-1
46,-1
46,-1
46,-1
46,-1
46,-1
46,-1
46,-1
46,-1
46,-1
46,-1
46,-1
46,-1
46,-1
46,-1
46,-1
46,-1
46,-1
46,-1
46,-1
46,-1
46,-1
46,-1
46,-1
46,-1
46,-1
46,-1
46,-1
46,-1
46,-1
46,-1
46,-1
46,-1
46,-1
46,-1
46,-1
46,-1
46,28
46,-1
47,-1
47,-1
47,-1
47,-1
47,-1
47,28
47,-1
47,-1
47,-1
47,-1
47,-1
47,-1
47,-1
47,-1
47,-1
47,-1
47,-1
47,-1
47,-1
47,-1
47,-1
47,-1
47,-1
47,-1
47,28
47,-1
47,28
47,-1
47,-1
47,-1
47,-1
47,-1
47,-1
47,-1
47,-1
47,-1
47,-1
47,-1
47,-1
47,-1
47,-1
47,-1
47,-1
47,29
47,-1
47,29
47,-1
47,30
47,-1
47,-1
47,-1
47,-1
47,-1
47,-1
47,-1
47,-1
47,-1
47,-1
47,-1
47,-1
47,-1
47,-1
47,-1
47,-1
47,-1
47,-1
47,27
47,-1
47,27
47,-1
47,30
47,-1
47,-1
47,-1
47,-1
47,-1
47,-1
47,-1
47,-1
47,-1
47,-1
47,-1
47,-1
47,-1
47,-1
47,-1
47,-1
47,25
47,-1
47,28
47,-1
47,-1
47,-1
47,30
47,-1
47,-1
47,-1
47,-1
47,-1
47,-1
48,30
48,-1
48,-1
48,-1
48,-1
48,-1
48,-1
48,-1
48,-1
48,-1
48,-1
48,-1
48,-1
48,-1
48,-1
48,-1
48,-1
48,-1
48,-1
48,28
48,-1
48,-1
48,-1
48,-1
48,-1
48,-1
48,-1
48,-1
48,-1
48,-1
48,-1
48,-1
48,-1
48,-1
48,-1
48,-1
48,-1
48,-1
48,-1
48,-1
48,-1
48,-1
48,28
48,-1
48,-1
48,-1
48,-1
48,-1
48,-1
48,-1
48,-1
48,-1
48,-1
48,-1
48,-1
48,-1
48,-1
48,-1
48,-1
48,-1
48,-1
48,-1
48,-1
48,-1
48,-1
48,-1
48,-1
48,-1
48,-1
48,-1
48,-1
48,30
48,30
48,30
48,30
48,-1
48,-1
48,-1
48,-1
48,-1
48,-1
48,-1
48,-1
48,-1
48,-1
48,-1
48,-1
48,-1
48,28
48,-1
48,30
48,30
48,24
48,30
48,-1
48,-1
48,30
48,-1
48,-1
48,-1
49,-1
49,30
49,30
49,30
49,30
49,-1
49,-1
49,-1
49,-1
49,28
49,-1
49,28
49,-1
49,-1
49,-1
49,-1
49,30
49,-1
49,30
49,-1
49,-1
49,-1
49,-1
49,-1
49,-1
49,-1
49,-1
49,-1
49,30
49,30
49,30
49,30
49,-1
49,-1
49,-1
49,-1
49,-1
49,-1
49,-1
49,30
49,24
49,30
49,30
49,-1
49,26
49,-1
49,20
49,30
49,25
49,30
49,30
49,30
49,29
49,30
49,30
49,29
49,29
49,29
49,-1
49,-1
49,-1
49,-1
49,-1
49,-1
49,28
49,-1
49,30
49,30
49,29
49,30
49,28
49,-1
49,28
49,-1
49,29
49,-1
49,29
49,-1
49,-1
49,-1
49,-1
49,-1
49,-1
49,-1
49,-1
49,-1
49,-1
49,-1
49,-1
49,30
49,30
49,30
49,30
49,-1
49,-1
49,-1
49,30
49,30
49,30
49,30
50,-1
50,-1
50,-1
50,-1
50,-1
50,-1
50,-1
50,30
50,30
50,30
50,30
50,30
50,30
50,30
50,30
50,30
50,30
50,30
50,30
50,-1
50,-1
50,-1
50,-1
50,29
50,29
50,29
50,30
50,30
50,30
50,30
50,30
50,30
50,30
50,30
50,-1
50,-1
50,-1
50,-1
50,-1
50,-1
50,-1
50,-1
50,29
50,-1
50,29
50,-1
50,26
50,-1
50,28
50,-1
50,30
50,-1
50,28
50,30
50,28
50,30
50,28
50,-1
50,28
50,-1
50,28
50,-1
50,30
50,-1
50,-1
50,-1
50,-1
50,-1
50,30
50,30
50,-1
50,30
50,30
50,30
50,-1
50,30
50,-1
50,-1
50,-1
50,-1
50,-1
50,-1
50,-1
50,-1
50,-1
50,-1
50,-1
50,-1
50,-1
50,-1
50,-1
50,30
50,30
50,28
50,30
50,-1
50,-1
50,25
50,-1
50,-1
51,29
51,28
51,-1
51,-1
51,-1
51,-1
51,-1
51,-1
51,28
51,-1
51,30
51,-1
51,30
51,-1
51,29
51,30
51,28
51,-1
51,30
51,-1
51,30
51,30
51,28
51,30
51,25
51,30
51,28
51,30
51,24
51,30
51,24
51,30
51,30
51,29
51,28
51,29
51,30
51,30
51,30
51,30
51,-1
51,-1
51,-1
51,-1
51,-1
51,-1
51,28
51,-1
51,30
51,30
51,25
51,30
51,25
51,30
51,26
51,30
51,23
51,28
51,29
51,28
51,28
51,29
51,29
51,29
51,30
51,30
51,30
51,-1
51,-1
51,-1
51,-1
51,30
51,30
51,30
51,30
51,30
51,30
51,30
51,26
51,26
51,26
51,27
51,28
51,28
51,28
51,28
51,-1
51,-1
51,-1
51,-1
51,29
51,30
51,30
51,30
51,-1
51,-1
51,-1
51,-1
51,28
51,-1
52,28
52,30
52,30
52,30
52,-1
52,-1
52,-1
52,-1
52,30
52,30
52,30
52,30
52,29
52,29
52,28
52,29
52,30
52,30
52,30
52,30
52,30
52,30
52,30
52,30
52,29
52,28
52,29
52,30
52,30
52,30
52,-1
52,-1
52,-1
52,-1
52,-1
52,30
52,30
52,30
52,30
52,29
52,29
52,29
52,28
52,28
52,27
52,28
52,29
52,29
52,30
52,29
52,29
52,29
52,-1
52,29
52,28
52,29
52,-1
52,28
52,-1
52,-1
52,-1
52,-1
52,29
52,29
52,29
52,30
52,30
52,30
52,-1
52,30
52,30
52,30
52,-1
52,-1
52,-1
52,-1
52,-1
52,-1
52,-1
52,-1
52,-1
52,-1
52,-1
52,-1
52,28
52,28
52,28
52,29
52,30
52,30
52,30
52,30
52,30
52,30
52,30
52,30
52,30
52,30
52,30
52,30
53,30
53,30
53,30
53,30
53,30
53,-1
53,30
53,30
53,30
53,-1
53,30
53,30
53,30
53,-1
53,28
53,29
53,29
53,-1
53,29
53,29
53,29
53,-1
53,29
53,29
53,29
53,-1
53,27
53,27
53,28
53,-1
53,28
53,30
53,28
53,29
53,29
53,-1
53,29
53,30
53,30
53,-1
53,-1
53,29
53,29
53,-1
53,29
53,29
53,29
53,-1
53,29
53,-1
53,29
53,-1
53,29
53,30
53,29
53,-1
53,26
53,27
53,26
53,-1
53,28
53,28
53,28
53,-1
53,28
53,28
53,28
53,-1
53,29
53,-1
53,29
53,29
53,28
53,27
53,28
53,30
53,30
53,-1
53,30
53,30
53,30
53,-1
53,30
53,29
53,29
53,-1
53,29
53,-1
53,29
53,-1
53,29
53,30
53,29
53,-1
53,28
53,30
53,29
53,-1
53,27
53,-1
54,24
54,29
54,23
54,28
54,25
54,28
54,26
54,29
54,28
54,30
54,30
54,30
54,30
54,27
54,28
54,28
54,28
54,29
54,29
54,29
54,28
54,30
54,30
54,30
54,28
54,29
54,29
54,29
54,30
54,30
54,30
54,30
54,28
54,29
54,29
54,28
54,29
54,29
54,29
54,29
54,30
54,-1
54,30
54,27
54,28
54,-1
54,28
54,29
54,29
54,-1
54,29
54,29
54,29
54,-1
54,29
54,-1
54,29
54,-1
54,29
54,28
54,28
54,-1
54,28
54,28
54,28
54,-1
54,28
54,28
54,27
54,-1
54,27
54,30
54,28
54,-1
54,29
54,30
54,29
54,-1
54,28
54,30
54,28
54,29
54,29
54,-1
54,29
54,29
54,29
54,-1
54,29
54,28
54,29
54,-1
54,29
54,27
54,28
54,-1
54,27
54,-1
54,28
54,30
55,29
55,29
55,24
55,29
55,23
55,28
55,25
55,28
55,28
55,29
55,28
55,28
55,28
55,28
55,28
55,29
55,29
55,29
55,29
55,28
55,29
55,29
55,29
55,28
55,29
55,28
55,29
55,26
55,26
55,27
55,27
55,28
55,28
55,28
55,28
55,29
55,28
55,30
55,28
55,28
55,28
55,-1
55,27
55,28
55,28
55,-1
55,28
55,28
55,28
55,27
55,28
55,30
55,28
55,28
55,28
55,-1
55,28
55,28
55,27
55,-1
55,28
55,28
55,29
55,-1
55,29
55,-1
55,28
55,-1
55,27
55,30
55,29
55,-1
55,27
55,-1
55,28
55,27
55,28
55,-1
55,27
55,-1
55,28
55,27
55,27
55,-1
55,28
55,30
55,28
55,27
55,29
55,-1
55,29
55,28
55,28
55,-1
55,28
55,28
55,28
55,28
55,29
55,26
56,28
56,28
56,26
56,26
56,26
56,26
56,26
56,26
56,26
56,26
56,27
56,28
56,28
56,27
56,29
56,29
56,29
56,28
56,28
56,28
56,28
56,28
56,28
56,28
56,28
56,26
56,26
56,27
56,27
56,28
56,28
56,-1
56,28
56,26
56,26
56,-1
56,26
56,28
56,28
56,-1
56,28
56,27
56,28
56,-1
56,26
56,27
56,27
56,-1
56,28
56,-1
56,28
56,-1
56,27
56,27
56,28
56,28
56,28
56,-1
56,29
56,27
56,28
56,-1
56,28
56,26
56,26
56,-1
56,26
56,28
56,28
56,27
56,28
56,30
56,28
56,26
56,28
56,26
56,28
56,23
56,28
56,23
56,28
56,23
56,27
56,23
56,27
56,28
56,27
56,27
56,27
56,28
56,28
56,28
56,28
56,28
56,28
56,28
56,28
56,27
56,28
56,28
57,28
57,28
57,28
57,30
57,28
57,27
57,27
57,-1
57,26
57,-1
57,26
57,-1
57,26
57,27
57,26
57,-1
57,28
57,30
57,28
57,-1
57,28
57,-1
57,28
57,28
57,28
57,-1
57,28
57,28
57,27
57,-1
57,28
57,27
57,28
57,27
57,28
57,26
57,26
57,-1
57,27
57,-1
57,28
57,-1
57,28
57,27
57,27
57,-1
57,26
57,27
57,27
57,-1
57,26
57,27
57,27
57,-1
57,26
57,27
57,26
57,-1
57,26
57,27
57,26
57,-1
57,28
57,30
57,28
57,26
57,26
57,-1
57,27
57,26
57,27
57,28
57,26
57,28
57,29
57,28
57,29
57,29
57,29
57,24
57,29
57,22
57,27
57,22
57,26
57,23
57,26
57,26
57,28
57,28
57,27
57,28
57,25
57,25
57,25
57,26
57,28
57,28
57,28
57,27
58,26
58,27
58,27
58,25
58,26
58,27
58,25
58,27
58,26
58,30
58,25
58,-1
58,27
58,-1
58,25
58,27
58,26
58,30
58,25
58,30
58,25
58,25
58,26
58,28
58,26
58,23
58,26
58,23
58,26
58,22
58,26
58,22
58,26
58,25
58,26
58,25
58,26
58,25
58,25
58,25
58,26
58,26
58,27
58,26
58,26
58,25
58,25
58,25
58,26
58,26
58,26
58,27
58,26
58,26
58,27
58,27
58,25
58,25
58,26
58,26
58,24
58,24
58,25
58,24
58,25
58,26
58,26
58,26
58,25
58,26
58,27
58,25
58,-1
58,27
58,-1
58,26
58,27
58,27
58,-1
58,25
58,27
58,26
58,30
58,28
58,-1
58,28
58,-1
58,26
58,27
58,26
58,25
58,27
58,28
58,27
58,26
58,25
58,24
58,25
58,25
58,25
59,27
59,25
59,26
59,25
59,26
59,25
59,26
59,25
59,26
59,25
59,25
59,26
59,26
59,26
59,26
59,27
59,26
59,24
59,25
59,24
59,24
59,24
59,24
59,24
59,26
59,26
59,26
59,27
59,26
59,26
59,-1
59,26
59,25
59,26
59,30
59,26
59,-1
59,27
59,25
59,26
59,29
59,25
59,24
59,25
59,25
59,26
59,23
59,24
59,23
59,24
59,21
59,25
59,22
59,26
59,21
59,24
59,21
59,25
59,25
59,26
59,25
59,26
59,24
59,24
59,24
59,25
59,26
59,26
59,27
59,27
59,25
59,25
59,25
59,25
59,25
59,25
59,26
59,25
59,25
59,25
59,26
59,24
59,24
59,24
59,25
59,25
59,25
59,26
59,26
59,25
59,26
59,27
59,25
59,27
59,25
59,30
59,26
59,30
59,25
59,24
60,23
60,24
60,24
60,23
60,25
60,26
60,25
60,24
60,25
60,25
60,25
60,25
60,26
60,26
60,26
60,25
60,26
60,26
60,26
60,24
60,24
60,24
60,24
60,24
60,25
60,25
60,24
60,23
60,24
60,24
60,24
60,25
60,25
60,27
60,24
60,27
60,25
60,26
60,25
60,27
60,26
60,24
60,25
60,24
60,24
60,24
60,26
60,23
60,26
60,25
60,26
60,21
60,26
60,24
60,24
60,23
60,25
60,24
60,25
60,24
60,24
60,24
60,25
60,24
60,25
60,24
60,25
60,25
60,24
60,25
60,25
60,25
60,24
60,24
60,25
60,25
60,24
60,24
60,24
60,25
60,24
60,25
60,25
60,24
60,24
60,25
60,25
60,24
60,25
60,24
60,27
60,24
60,27
60,25
60,24
60,24
60,25
60,24
60,23
60,24
61,23
61,23
61,24
61,24
61,25
61,24
61,23
61,23
61,23
61,24
61,23
61,23
61,24
61,23
61,23
61,24
61,23
61,23
61,24
61,24
61,23
61,23
61,23
61,23
61,24
61,23
61,24
61,24
61,25
61,24
61,24
61,24
61,23
61,23
61,27
61,24
61,23
61,24
61,23
61,24
61,23
61,24
61,23
61,24
61,24
61,24
61,20
61,25
61,20
61,24
61,22
61,24
61,22
61,23
61,23
61,23
61,23
61,24
61,23
61,23
61,24
61,24
61,24
61,23
61,24
61,23
61,24
61,23
61,24
61,24
61,24
61,23
61,23
61,23
61,23
61,23
61,23
61,23
61,22
61,23
61,23
61,23
61,24
61,25
61,25
61,27
61,23
61,27
61,23
61,28
61,23
61,27
61,24
61,23
61,23
61,23
61,24
61,23
61,24
61,22
62,23
62,22
62,22
62,22
62,22
62,23
62,23
62,23
62,22
62,22
62,22
62,22
62,23
62,23
62,23
62,23
62,23
62,23
62,24
62,24
62,22
62,23
62,23
62,23
62,23
62,23
62,23
62,22
62,23
62,26
62,23
62,23
62,24
62,27
62,24
62,26
62,23
62,22
62,23
62,22
62,23
62,21
62,23
62,22
62,23
62,20
62,22
62,20
62,23
62,19
62,23
62,19
62,23
62,23
62,22
62,22
62,23
62,23
62,23
62,23
62,24
62,24
62,25
62,24
62,25
62,23
62,23
62,23
62,23
62,22
62,22
62,22
62,22
62,23
62,23
62,23
62,23
62,23
62,23
62,23
62,22
62,22
62,22
62,22
62,23
62,23
62,23
62,23
62,23
62,23
62,26
62,23
62,23
62,23
62,22
62,23
62,22
62,23
62,20
62,23
63,23
63,23
63,23
63,22
63,23
63,23
63,22
63,22
63,22
63,22
63,22
63,22
63,22
63,22
63,23
63,23
63,23
63,23
63,23
63,23
63,23
63,23
63,22
63,23
63,23
63,23
63,22
63,22
63,22
63,23
63,23
63,23
63,26
63,23
63,26
63,23
63,23
63,23
63,24
63,23
63,22
63,23
63,22
63,23
63,20
63,23
63,20
63,23
63,23
63,23
63,19
63,23
63,22
63,22
63,22
63,22
63,22
63,22
63,22
63,22
63,22
63,22
63,22
63,22
63,23
63,23
63,23
63,23
63,23
63,23
63,23
63,22
63,22
63,22
63,22
63,23
63,23
63,23
63,23
63,22
63,22
63,22
63,22
63,22
63,23
63,26
63,23
63,23
63,22
63,26
63,23
63,26
63,23
63,22
63,22
63,22
63,23
63,21
63,22
63,21
64,24
64,24
64,24
64,24
64,25
64,24
64,25
64,25
64,25
64,24
64,25
64,24
64,25
64,24
64,24
64,25
64,24
64,25
64,25
64,24
64,23
64,23
64,24
64,24
64,24
64,24
64,25
64,25
64,23
64,25
64,19
64,27
64,23
64,27
64,24
64,24
64,25
64,25
64,25
64,24
64,25
64,23
64,25
64,24
64,24
64,20
64,25
64,24
64,24
64,24
64,25
64,24
64,25
64,24
64,24
64,24
64,24
64,25
64,24
64,23
64,24
64,23
64,24
64,24
64,25
64,25
64,24
64,25
64,25
64,24
64,24
64,25
64,25
64,24
64,25
64,25
64,25
64,24
64,24
64,25
64,25
64,24
64,25
64,25
64,27
64,23
64,27
64,24
64,23
64,23
64,24
64,24
64,24
64,25
64,23
64,25
64,24
64,24
64,23
64,25
65,23
65,24
65,23
65,23
65,23
65,24
65,23
65,23
65,23
65,24
65,24
65,23
65,23
65,24
65,24
65,23
65,24
65,24
65,24
65,23
65,24
65,24
65,23
65,23
65,24
65,24
65,23
65,24
65,27
65,23
65,23
65,24
65,27
65,24
65,23
65,24
65,22
65,23
65,23
65,23
65,20
65,23
65,22
65,24
65,20
65,23
65,20
65,23
65,23
65,23
65,23
65,24
65,24
65,23
65,23
65,24
65,23
65,23
65,24
65,24
65,23
65,23
65,24
65,23
65,23
65,23
65,23
65,24
65,23
65,23
65,24
65,24
65,23
65,23
65,24
65,23
65,23
65,23
65,24
65,24
65,23
65,24
65,24
65,23
65,24
65,27
65,24
65,23
65,24
65,23
65,24
65,23
65,24
65,22
65,23
65,22
65,23
65,20
65,23
65,20
66,24
66,24
66,23
66,23
66,24
66,24
66,23
66,24
66,24
66,23
66,24
66,24
66,24
66,23
66,23
66,24
66,24
66,23
66,24
66,24
66,24
66,23
66,23
66,27
66,24
66,27
66,23
66,27
66,24
66,24
66,24
66,22
66,23
66,22
66,23
66,20
66,23
66,20
66,23
66,20
66,23
66,20
66,23
66,23
66,23
66,22
66,23
66,23
66,23
66,23
66,24
66,23
66,23
66,24
66,24
66,23
66,23
66,24
66,24
66,23
66,23
66,24
66,23
66,23
66,24
66,23
66,23
66,23
66,24
66,24
66,23
66,24
66,23
66,24
66,23
66,24
66,24
66,23
66,23
66,24
66,27
66,23
66,27
66,23
66,23
66,24
66,23
66,23
66,23
66,23
66,23
66,23
66,20
66,23
66,20
66,24
66,23
66,23
66,22
66,24
67,23
67,23
67,23
67,23
67,23
67,23
67,23
67,23
67,23
67,23
67,23
67,23
67,23
67,23
67,23
67,23
67,23
67,23
67,26
67,23
67,26
67,23
67,23
67,22
67,24
67,23
67,22
67,23
67,22
67,23
67,20
67,23
67,20
67,23
67,23
67,23
67,20
67,23
67,23
67,23
67,22
67,23
67,23
67,23
67,23
67,23
67,22
67,23
67,23
67,23
67,23
67,23
67,23
67,23
67,23
67,23
67,23
67,22
67,23
67,23
67,23
67,23
67,23
67,23
67,23
67,23
67,23
67,23
67,23
67,23
67,23
67,23
67,23
67,23
67,23
67,26
67,23
67,26
67,23
67,24
67,23
67,23
67,24
67,22
67,22
67,21
67,23
67,20
67,22
67,20
67,23
67,22
67,23
67,21
67,23
67,23
67,23
67,23
67,23
67,23
68,22
68,22
68,22
68,22
68,22
68,22
68,22
68,22
68,22
68,22
68,22
68,22
68,22
68,23
68,22
68,23
68,22
68,26
68,22
68,25
68,22
68,22
68,22
68,21
68,22
68,22
68,22
68,21
68,22
68,22
68,22
68,19
68,22
68,22
68,22
68,21
68,22
68,21
68,22
68,22
68,22
68,22
68,22
68,22
68,22
68,22
68,22
68,22
68,22
68,22
68,22
68,22
68,22
68,22
68,22
68,22
68,22
68,22
68,22
68,22
68,22
68,22
68,22
68,22
68,22
68,22
68,22
68,22
68,22
68,22
68,23
68,22
68,23
68,22
68,25
68,22
68,26
68,22
68,22
68,22
68,22
68,22
68,22
68,22
68,21
68,22
68,22
68,22
68,20
68,22
68,22
68,22
68,19
68,22
68,22
68,22
68,22
68,22
68,22
68,22
69,22
69,21
69,22
69,21
69,21
69,21
69,22
69,21
69,21
69,21
69,21
69,21
69,21
69,21
69,22
69,21
69,21
69,21
69,24
69,21
69,21
69,21
69,21
69,21
69,21
69,22
69,20
69,21
69,20
69,21
69,18
69,21
69,18
69,21
69,18
69,21
69,18
69,21
69,21
69,21
69,21
69,21
69,21
69,21
69,21
69,21
69,21
69,21
69,21
69,21
69,21
69,22
69,21
69,21
69,21
69,21
69,21
69,21
69,21
69,21
69,21
69,21
69,21
69,21
69,21
69,22
69,21
69,21
69,21
69,21
69,21
69,21
69,22
69,21
69,21
69,24
69,21
69,21
69,21
69,23
69,21
69,21
69,21
69,20
69,21
69,20
69,21
69,18
69,21
69,18
69,21
69,18
69,21
69,18
69,21
69,21
69,21
69,21
69,21
69,21
70,21
70,21
70,21
70,20
70,21
70,21
70,21
70,21
70,21
70,21
70,21
70,21
70,21
70,21
70,21
70,20
70,20
70,21
70,20
70,21
70,21
70,23
70,20
70,22
70,21
70,23
70,20
70,23
70,21
70,20
70,20
70,20
70,21
70,19
70,21
70,20
70,21
70,21
70,21
70,18
70,21
70,21
70,21
70,19
70,21
70,21
70,21
70,21
70,22
70,20
70,21
70,21
70,21
70,21
70,21
70,20
70,21
70,20
70,21
70,21
70,20
70,21
70,21
70,21
70,20
70,21
70,21
70,21
70,21
70,21
70,21
70,21
70,20
70,21
70,21
70,21
70,20
70,21
70,21
70,20
70,21
70,21
70,22
70,21
70,23
70,21
70,23
70,20
70,23
70,21
70,20
70,20
70,20
70,20
70,20
70,21
70,19
70,20
70,20
70,21
71,21
71,21
71,20
71,20
71,21
71,21
71,20
71,21
71,21
71,20
71,21
71,21
71,21
71,20
71,21
71,21
71,21
71,20
71,21
71,21
71,21
71,21
71,21
71,21
71,21
71,21
71,22
71,20
71,20
71,21
71,23
71,21
71,20
71,21
71,23
71,20
71,20
71,21
71,20
71,21
71,20
71,21
71,18
71,21
71,18
71,21
71,18
71,20
71,18
71,21
71,20
71,20
71,20
71,21
71,21
71,20
71,21
71,20
71,21
71,21
71,21
71,21
71,21
71,20
71,21
71,20
71,21
71,20
71,21
71,21
71,20
71,20
71,21
71,21
71,21
71,21
71,21
71,21
71,21
71,21
71,21
71,21
71,21
71,22
71,21
71,21
71,21
71,23
71,21
71,20
71,21
71,20
71,21
71,21
71,20
71,20
71,21
71,19
71,21
71,18
72,21
72,21
72,20
72,21
72,20
72,21
72,20
72,21
72,21
72,21
72,21
72,20
72,21
72,20
72,21
72,20
72,21
72,21
72,21
72,20
72,21
72,21
72,21
72,20
72,21
72,21
72,21
72,21
72,21
72,23
72,21
72,23
72,20
72,21
72,20
72,23
72,21
72,20
72,20
72,19
72,20
72,18
72,20
72,19
72,21
72,18
72,20
72,18
72,20
72,21
72,20
72,20
72,21
72,20
72,20
72,20
72,21
72,21
72,21
72,21
72,21
72,20
72,20
72,21
72,20
72,20
72,21
72,21
72,21
72,21
72,20
72,21
72,20
72,21
72,21
72,21
72,20
72,21
72,21
72,20
72,20
72,21
72,21
72,21
72,20
72,21
72,21
72,21
72,21
72,21
72,22
72,20
72,22
72,21
72,23
72,20
72,23
72,21
72,20
72,20
73,20
73,20
73,20
73,20
73,21
73,20
73,21
73,21
73,21
73,21
73,20
73,20
73,20
73,20
73,20
73,20
73,20
73,20
73,20
73,20
73,20
73,20
73,20
73,21
73,21
73,20
73,21
73,21
73,21
73,20
73,20
73,20
73,20
73,20
73,20
73,20
73,20
73,20
73,20
73,20
73,20
73,21
73,23
73,21
73,20
73,21
73,20
73,21
73,20
73,20
73,19
73,20
73,19
73,20
73,18
73,20
73,18
73,20
73,17
73,20
73,17
73,20
73,20
73,20
73,20
73,20
73,20
73,20
73,20
73,20
73,20
73,20
73,20
73,20
73,20
73,20
73,20
73,20
73,20
73,20
73,20
73,20
73,20
73,20
73,20
73,20
73,20
73,20
73,20
73,20
73,20
73,20
73,20
73,20
73,20
73,20
73,20
73,20
73,20
73,22
74,18
74,20
74,18
74,20
74,20
74,20
74,20
74,20
74,20
74,20
74,20
74,20
74,20
74,20
74,20
74,20
74,20
74,20
74,20
74,20
74,20
74,20
74,20
74,20
74,20
74,20
74,20
74,20
74,20
74,20
74,20
74,20
74,20
74,20
74,20
74,20
74,20
74,20
74,20
74,22
74,20
74,20
74,20
74,20
74,20
74,19
74,20
74,19
74,20
74,18
74,20
74,17
74,20
74,19
74,20
74,19
74,20
74,20
74,20
74,20
74,20
74,20
74,20
74,20
74,20
74,20
74,20
74,20
74,20
74,20
74,20
74,20
74,20
74,20
74,20
74,20
74,20
74,20
74,20
74,20
74,20
74,20
74,20
74,20
74,20
74,20
74,20
74,20
74,20
74,20
74,20
74,20
74,20
74,20
74,20
74,20
74,20
74,20
74,20
74,20
75,20
75,20
75,20
75,20
75,20
75,20
75,20
75,20
75,20
75,20
75,20
75,20
75,20
75,20
75,20
75,20
75,20
75,20
75,20
75,20
75,20
75,20
75,20
75,20
75,20
75,20
75,20
75,20
75,20
75,20
75,20
75,20
75,20
75,20
75,20
75,20
75,22
75,20
75,20
75,20
75,20
75,20
75,21
75,20
75,19
75,20
75,19
75,20
75,18
75,20
75,17
75,20
75,20
75,20
75,19
75,20
75,20
75,20
75,20
75,20
75,20
75,20
75,20
75,20
75,20
75,20
75,20
75,20
75,20
75,20
75,20
75,20
75,20
75,20
75,20
75,20
75,20
75,20
75,20
75,20
75,20
75,20
75,20
75,20
75,20
75,20
75,20
75,20
75,20
75,20
75,20
75,20
75,20
75,21
75,20
75,22
75,20
75,19
75,20
75,19
76,20
76,20
76,20
76,20
76,20
76,20
76,20
76,20
76,20
76,20
76,20
76,20
76,20
76,20
76,20
76,20
76,20
76,20
76,20
76,20
76,20
76,20
76,20
76,20
76,20
76,20
76,20
76,20
76,20
76,20
76,20
76,20
76,20
76,20
76,20
76,22
76,20
76,20
76,20
76,20
76,20
76,20
76,20
76,20
76,20
76,19
76,20
76,20
76,20
76,17
76,20
76,20
76,20
76,20
76,20
76,20
76,20
76,20
76,20
76,20
76,20
76,20
76,20
76,20
76,20
76,20
76,19
76,19
76,20
76,19
76,20
76,20
76,20
76,20
76,20
76,20
76,20
76,20
76,20
76,20
76,20
76,20
76,20
76,20
76,20
76,20
76,20
76,20
76,20
76,20
76,20
76,20
76,20
76,20
76,22
76,20
76,20
76,20
76,19
76,20
77,19
77,18
77,19
77,19
77,19
77,20
77,19
77,19
77,19
77,19
77,20
77,19
77,19
77,20
77,20
77,19
77,19
77,19
77,19
77,19
77,19
77,19
77,19
77,19
77,19
77,19
77,19
77,19
77,19
77,19
77,19
77,19
77,19
77,19
77,19
77,19
77,20
77,20
77,19
77,20
77,22
77,19
77,22
77,19
77,19
77,19
77,18
77,19
77,17
77,19
77,18
77,20
77,18
77,19
77,17
77,19
77,19
77,19
77,19
77,19
77,19
77,20
77,19
77,19
77,19
77,20
77,20
77,20
77,19
77,20
77,19
77,19
77,19
77,20
77,20
77,19
77,19
77,19
77,19
77,19
77,19
77,19
77,19
77,19
77,19
77,19
77,19
77,19
77,19
77,19
77,19
77,19
77,19
77,20
77,20
77,19
77,19
77,20
77,19
77,20
78,17
78,19
78,19
78,19
78,19
78,19
78,19
78,20
78,19
78,19
78,19
78,19
78,19
78,20
78,19
78,20
78,19
78,19
78,19
78,19
78,19
78,19
78,19
78,19
78,19
78,19
78,19
78,19
78,19
78,19
78,19
78,19
78,19
78,19
78,19
78,19
78,19
78,19
78,19
78,20
78,19
78,20
78,19
78,20
78,19
78,22
78,19
78,19
78,19
78,19
78,19
78,19
78,19
78,18
78,20
78,19
78,19
78,17
78,19
78,19
78,20
78,19
78,19
78,19
78,19
78,19
78,19
78,19
78,19
78,19
78,19
78,19
78,19
78,19
78,19
78,19
78,19
78,19
78,19
78,19
78,19
78,19
78,19
78,20
78,19
78,20
78,19
78,19
78,19
78,19
78,19
78,19
78,19
78,19
78,19
78,19
78,20
78,19
78,20
78,19
79,19
79,18
79,19
79,17
79,19
79,17
79,19
79,17
79,19
79,17
79,19
79,19
79,19
79,19
79,19
79,19
79,19
79,19
79,19
79,20
79,19
79,20
79,19
79,19
79,19
79,19
79,19
79,19
79,19
79,19
79,19
79,19
79,20
79,19
79,19
79,19
79,19
79,19
79,19
79,19
79,19
79,20
79,19
79,19
79,19
79,19
79,19
79,19
79,20
79,19
79,19
79,19
79,22
79,19
79,22
79,19
79,19
79,19
79,19
79,19
79,18
79,19
79,18
79,19
79,17
79,19
79,17
79,19
79,19
79,19
79,19
79,19
79,19
79,19
79,19
79,19
79,19
79,19
79,19
79,20
79,19
79,19
79,19
79,19
79,19
79,19
79,19
79,19
79,19
79,19
79,19
79,19
79,19
79,19
79,19
79,19
79,19
79,19
79,19
79,19
80,22
80,20
80,19
80,19
80,19
80,19
80,19
80,19
80,18
80,19
80,19
80,20
80,17
80,19
80,19
80,19
80,18
80,20
80,19
80,19
80,19
80,19
80,19
80,19
80,19
80,19
80,19
80,20
80,19
80,19
80,19
80,19
80,19
80,19
80,19
80,20
80,19
80,19
80,19
80,19
80,19
80,19
80,19
80,19
80,19
80,20
80,19
80,19
80,19
80,19
80,19
80,20
80,19
80,19
80,19
80,20
80,19
80,20
80,19
80,19
80,19
80,19
80,20
80,18
80,19
80,18
80,19
80,19
80,19
80,17
80,20
80,19
80,20
80,17
80,19
80,19
80,19
80,19
80,19
80,19
80,20
80,19
80,19
80,19
80,19
80,19
80,19
80,19
80,19
80,19
80,19
80,19
80,19
80,19
80,19
80,19
80,19
80,19
80,19
80,19
81,20
81,19
81,19
81,20
81,19
81,19
81,19
81,22
81,20
81,20
81,19
81,18
81,19
81,18
81,19
81,18
81,19
81,18
81,19
81,16
81,19
81,17
81,19
81,17
81,19
81,19
81,20
81,19
81,19
81,19
81,20
81,19
81,19
81,19
81,19
81,19
81,19
81,19
81,19
81,19
81,19
81,19
81,19
81,19
81,19
81,19
81,19
81,19
81,19
81,19
81,19
81,19
81,19
81,20
81,19
81,19
81,19
81,19
81,19
81,19
81,20
81,19
81,19
81,19
81,19
81,19
81,19
81,19
81,18
81,19
81,18
81,19
81,17
81,19
81,17
81,19
81,16
81,19
81,17
81,19
81,19
81,19
81,18
81,19
81,19
81,19
81,19
81,19
81,19
81,19
81,19
81,19
81,19
81,19
81,19
81,19
81,19
81,19
81,19
81,19
82,19
82,19
82,19
82,19
82,19
82,19
82,19
82,19
82,19
82,19
82,19
82,19
82,19
82,19
82,20
82,19
82,20
82,19
82,18
82,19
82,19
82,19
82,19
82,19
82,18
82,19
82,19
82,19
82,16
82,19
82,19
82,19
82,18
82,19
82,19
82,19
82,19
82,19
82,19
82,19
82,19
82,19
82,19
82,19
82,19
82,19
82,19
82,19
82,19
82,19
82,19
82,19
82,19
82,19
82,19
82,19
82,19
82,19
82,19
82,19
82,19
82,19
82,19
82,19
82,19
82,19
82,19
82,19
82,19
82,19
82,19
82,20
82,19
82,20
82,19
82,20
82,19
82,21
82,19
82,19
82,19
82,18
82,19
82,19
82,19
82,16
82,19
82,19
82,19
82,16
82,19
82,19
82,19
82,19
82,19
82,19
82,19
82,19
82,19
82,19
83,19
83,19
83,19
83,19
83,19
83,19
83,19
83,19
83,19
83,19
83,19
83,19
83,19
83,19
83,19
83,19
83,19
83,19
83,19
83,20
83,19
83,19
83,19
83,20
83,19
83,21
83,19
83,18
83,19
83,18
83,19
83,16
83,19
83,17
83,19
83,16
83,19
83,16
83,19
83,18
83,19
83,18
83,19
83,19
83,19
83,19
83,19
83,19
83,19
83,19
83,19
83,19
83,19
83,19
83,19
83,19
83,19
83,19
83,19
83,19
83,19
83,19
83,19
83,19
83,19
83,19
83,19
83,19
83,19
83,19
83,19
83,19
83,19
83,19
83,19
83,19
83,20
83,19
83,19
83,19
83,19
83,19
83,19
83,19
83,18
83,19
83,18
83,19
83,18
83,19
83,17
83,19
83,16
83,19
83,16
83,19
83,19
83,19
83,18
83,19
84,19
84,19
84,19
84,19
84,19
84,19
84,19
84,19
84,19
84,19
84,19
84,19
84,19
84,19
84,19
84,19
84,19
84,19
84,19
84,19
84,19
84,19
84,19
84,19
84,19
84,19
84,19
84,19
84,19
84,19
84,20
84,19
84,20
84,19
84,19
84,19
84,21
84,19
84,19
84,19
84,18
84,19
84,19
84,19
84,17
84,19
84,19
84,19
84,16
84,19
84,16
84,19
84,17
84,19
84,18
84,19
84,19
84,19
84,19
84,19
84,19
84,19
84,19
84,19
84,19
84,19
84,19
84,19
84,19
84,19
84,19
84,19
84,19
84,19
84,19
84,19
84,19
84,19
84,19
84,19
84,19
84,19
84,19
84,19
84,19
84,19
84,19
84,19
84,19
84,19
84,19
84,20
84,19
84,20
84,19
84,19
84,19
84,20
84,19
84,19
85,17
85,19
85,19
85,19
85,16
85,19
85,19
85,19
85,17
85,19
85,19
85,19
85,19
85,19
85,19
85,19
85,19
85,19
85,19
85,19
85,19
85,19
85,18
85,18
85,18
85,18
85,18
85,18
85,18
85,19
85,19
85,19
85,19
85,19
85,19
85,19
85,19
85,19
85,19
85,19
85,19
85,18
85,18
85,20
85,19
85,20
85,19
85,20
85,19
85,20
85,19
85,19
85,18
85,18
85,18
85,17
85,18
85,17
85,18
85,16
85,19
85,17
85,19
85,19
85,19
85,16
85,19
85,19
85,19
85,18
85,19
85,19
85,19
85,19
85,19
85,19
85,19
85,19
85,19
85,19
85,19
85,19
85,19
85,19
85,19
85,19
85,18
85,18
85,18
85,18
85,18
85,18
85,18
85,18
85,19
85,19
85,19
85,19
85,19
85,19
86,18
86,18
86,18
86,20
86,18
86,20
86,18
86,20
86,18
86,19
86,18
86,17
86,18
86,17
86,18
86,16
86,18
86,16
86,18
86,16
86,18
86,16
86,18
86,18
86,18
86,17
86,18
86,18
86,18
86,18
86,18
86,18
86,18
86,18
86,18
86,18
86,18
86,18
86,18
86,18
86,18
86,18
86,18
86,18
86,18
86,18
86,18
86,18
86,18
86,18
86,18
86,18
86,18
86,18
86,18
86,18
86,18
86,18
86,18
86,18
86,19
86,18
86,18
86,18
86,20
86,18
86,20
86,18
86,19
86,18
86,18
86,18
86,17
86,18
86,17
86,18
86,16
86,18
86,16
86,18
86,17
86,18
86,17
86,18
86,18
86,18
86,18
86,18
86,18
86,18
86,18
86,18
86,18
86,18
86,18
86,18
86,18
86,18
86,18
86,18
87,18
87,18
87,18
87,18
87,18
87,18
87,18
87,18
87,18
87,18
87,18
87,18
87,18
87,18
87,18
87,18
87,18
87,18
87,18
87,18
87,19
87,18
87,18
87,18
87,20
87,18
87,18
87,18
87,18
87,18
87,18
87,18
87,17
87,18
87,17
87,18
87,16
87,18
87,16
87,18
87,16
87,18
87,17
87,18
87,18
87,18
87,18
87,18
87,18
87,18
87,18
87,18
87,18
87,18
87,18
87,18
87,18
87,18
87,18
87,18
87,18
87,18
87,18
87,18
87,18
87,18
87,18
87,18
87,18
87,18
87,18
87,18
87,18
87,18
87,18
87,18
87,18
87,18
87,18
87,18
87,18
87,19
87,18
87,18
87,18
87,20
87,18
87,18
87,18
87,19
87,18
87,18
87,18
87,18
87,18
87,17
87,18
87,16
87,18
87,16
88,18
88,18
88,18
88,18
88,18
88,18
88,18
88,18
88,18
88,18
88,18
88,18
88,18
88,18
88,18
88,18
88,18
88,18
88,18
88,18
88,18
88,17
88,17
88,18
88,18
88,18
88,18
88,18
88,18
88,18
88,18
88,18
88,18
88,18
88,18
88,19
88,18
88,19
88,18
88,20
88,18
88,20
88,18
88,18
88,18
88,18
88,18
88,18
88,18
88,17
88,18
88,17
88,18
88,16
88,18
88,17
88,18
88,15
88,18
88,16
88,18
88,18
88,18
88,18
88,18
88,18
88,18
88,18
88,18
88,18
88,18
88,18
88,18
88,18
88,18
88,18
88,18
88,18
88,17
88,18
88,18
88,18
88,18
88,18
88,18
88,18
88,18
88,18
88,18
88,18
88,18
88,18
88,18
88,18
88,18
88,18
88,19
88,17
88,18
88,18
89,17
89,20
89,18
89,17
89,18
89,17
89,18
89,17
89,18
89,17
89,18
89,18
89,18
89,16
89,18
89,18
89,18
89,15
89,17
89,18
89,17
89,17
89,17
89,17
89,17
89,18
89,18
89,18
89,18
89,18
89,18
89,18
89,18
89,17
89,18
89,17
89,18
89,18
89,18
89,18
89,18
89,18
89,18
89,18
89,17
89,18
89,18
89,18
89,18
89,18
89,18
89,18
89,17
89,18
89,18
89,18
89,18
89,18
89,18
89,18
89,20
89,18
89,20
89,18
89,17
89,18
89,18
89,18
89,17
89,17
89,17
89,18
89,18
89,18
89,16
89,18
89,18
89,18
89,15
89,18
89,17
89,18
89,17
89,18
89,18
89,18
89,18
89,18
89,17
89,18
89,17
89,18
89,18
89,18
89,18
89,17
89,17
89,18
89,18
89,17
90,18
90,17
90,17
90,18
90,18
90,17
90,17
90,18
90,18
90,17
90,17
90,18
90,18
90,18
90,18
90,17
90,20
90,18
90,20
90,17
90,18
90,18
90,18
90,18
90,17
90,18
90,17
90,18
90,16
90,17
90,16
90,18
90,15
90,18
90,15
90,18
90,17
90,18
90,17
90,18
90,18
90,17
90,17
90,18
90,17
90,17
90,17
90,17
90,18
90,17
90,17
90,18
90,17
90,18
90,18
90,18
90,17
90,18
90,18
90,17
90,18
90,18
90,17
90,18
90,17
90,18
90,17
90,18
90,17
90,18
90,18
90,18
90,18
90,17
90,18
90,18
90,18
90,19
90,17
90,20
90,18
90,18
90,17
90,18
90,17
90,16
90,18
90,17
90,18
90,16
90,17
90,17
90,18
90,16
90,17
90,15
90,17
90,17
90,18
90,16