0,-1
0,-1
0,-1
0,-1
0,-1
0,-1
0,-1
0,-1
0,-1
0,-1
0,-1
0,-1
0,-1
0,-1
0,0
0,-1
0,-1
0,-1
0,-1
0,-1
0,-1
0,0
0,-1
0,-1
0,-1
0,-1
0,-1
0,-1
0,0
0,-1
0,-1
0,-1
0,-1
0,-1
0,-1
0,0
0,-1
0,-1
0,-1
0,-1
0,-1
0,-1
0,0
0,-1
0,-1
0,-1
0,-1
0,-1
0,-1
0,-1
0,-1
0,-1
0,-1
0,-1
0,-1
0,-1
0,0
0,-1
0,-1
0,-1
0,-1
0,-1
0,-1
0,0
0,-1
0,-1
0,-1
0,-1
0,-1
0,-1
0,0
0,-1
0,-1
0,-1
0,-1
0,-1
0,-1
0,0
0,-1
0,-1
0,-1
0,-1
0,-1
0,-1
0,0
0,-1
0,-1
0,-1
0,-1
0,-1
0,-1
0,-1
0,-1
0,-1
0,-1
0,-1
0,-1
0,-1
0,-1
0,-1
1,-1
1,-1
1,-1
1,-1
1,-1
1,-1
1,-1
1,-1
1,-1
1,-1
1,-1
1,-1
1,-1
1,-1
1,-1
1,-1
1,-1
1,-1
1,0
1,-1
1,-1
1,-1
1,-1
1,-1
1,-1
1,-1
1,-1
1,-1
1,-1
1,-1
1,-1
1,-1
1,0
1,-1
1,-1
1,-1
1,-1
1,-1
1,-1
1,0
1,-1
1,-1
1,-1
1,-1
1,-1
1,-1
1,0
1,-1
1,-1
1,-1
1,-1
1,-1
1,-1
1,0
1,-1
1,-1
1,-1
1,-1
1,-1
1,-1
1,-1
1,-1
1,-1
1,-1
1,-1
1,-1
1,-1
1,-1
1,-1
1,-1
1,-1
1,-1
1,-1
1,-1
1,0
1,-1
1,-1
1,-1
1,-1
1,-1
1,-1
1,0
1,-1
1,-1
1,-1
1,-1
1,-1
1,-1
1,0
1,-1
1,-1
1,-1
1,-1
1,-1
1,-1
1,0
1,-1
1,-1
1,-1
1,-1
2,-1
2,-1
2,-1
2,-1
2,-1
2,-1
2,0
2,-1
2,-1
2,-1
2,-1
2,-1
2,-1
2,-1
2,-1
2,-1
2,-1
2,-1
2,-1
2,-1
2,0
2,-1
2,-1
2,-1
2,-1
2,-1
2,-1
2,0
2,-1
2,-1
2,-1
2,-1
2,-1
2,-1
2,0
2,-1
2,-1
2,-1
2,-1
2,-1
2,-1
2,0
2,-1
2,-1
2,-1
2,-1
2,-1
2,-1
2,0
2,-1
2,-1
2,-1
2,-1
2,-1
2,-1
2,-1
2,-1
2,-1
2,-1
2,-1
2,-1
2,-1
2,0
2,-1
2,-1
2,-1
2,-1
2,-1
2,-1
2,0
2,-1
2,-1
2,-1
2,-1
2,-1
2,-1
2,0
2,-1
2,-1
2,-1
2,-1
2,-1
2,-1
2,0
2,-1
2,-1
2,-1
2,-1
2,-1
2,-1
2,0
2,-1
2,-1
2,-1
2,-1
2,-1
2,-1
2,-1
2,-1
2,-1
3,-1
3,-1
3,-1
3,-1
3,-1
3,-1
3,-1
3,-1
3,-1
3,-1
3,-1
3,-1
3,-1
3,-1
3,-1
3,0
3,-1
3,-1
3,-1
3,-1
3,-1
3,-1
3,0
3,-1
3,-1
3,-1
3,-1
3,-1
3,-1
3,0
3,-1
3,-1
3,-1
3,-1
3,-1
3,-1
3,0
3,-1
3,-1
3,-1
3,-1
3,-1
3,-1
3,0
3,-1
3,-1
3,-1
3,-1
3,-1
3,-1
3,-1
3,-1
3,-1
3,-1
3,-1
3,-1
3,-1
3,-1
3,-1
3,-1
3,-1
3,-1
3,-1
3,-1
3,-1
3,-1
3,0
3,-1
3,-1
3,-1
3,-1
3,-1
3,-1
3,-1
3,-1
3,-1
3,-1
3,-1
3,-1
3,-1
3,0
3,-1
3,-1
3,-1
3,-1
3,-1
3,-1
3,0
3,-1
3,-1
3,-1
3,-1
3,-1
3,-1
3,0
3,-1
3,-1
3,-1
3,-1
3,-1
4,-1
4,-1
4,-1
4,-1
4,-1
4,0
4,-1
4,-1
4,-1
4,-1
4,-1
4,-1
4,0
4,-1
4,-1
4,-1
4,-1
4,-1
4,-1
4,-1
4,-1
4,-1
4,-1
4,-1
4,-1
4,-1
4,-1
4,-1
4,-1
4,-1
4,-1
4,-1
4,-1
4,0
4,-1
4,-1
4,-1
4,-1
4,-1
4,-1
4,0
4,-1
4,-1
4,-1
4,-1
4,-1
4,-1
4,0
4,-1
4,-1
4,-1
4,-1
4,-1
4,-1
4,0
4,-1
4,-1
4,-1
4,-1
4,-1
4,-1
4,-1
4,-1
4,-1
4,-1
4,-1
4,-1
4,-1
4,-1
4,-1
4,-1
4,-1
4,-1
4,-1
4,-1
4,-1
4,-1
4,0
4,-1
4,-1
4,-1
4,-1
4,-1
4,-1
4,-1
4,-1
4,-1
4,-1
4,-1
4,-1
4,-1
4,0
4,-1
4,-1
4,-1
4,-1
4,-1
4,-1
4,0
4,-1
5,0
5,-1
5,-1
5,-1
5,-1
5,-1
5,-1
5,0
5,-1
5,-1
5,-1
5,-1
5,-1
5,-1
5,-1
5,-1
5,-1
5,-1
5,-1
5,-1
5,-1
5,-1
5,-1
5,-1
5,-1
5,-1
5,-1
5,-1
5,-1
5,-1
5,0
5,-1
5,-1
5,-1
5,-1
5,-1
5,-1
5,-1
5,-1
5,-1
5,-1
5,-1
5,-1
5,-1
5,0
5,-1
5,-1
5,-1
5,-1
5,-1
5,-1
5,0
5,-1
5,-1
5,-1
5,-1
5,-1
5,-1
5,0
5,-1
5,-1
5,-1
5,-1
5,-1
5,-1
5,0
5,-1
5,-1
5,-1
5,-1
5,-1
5,-1
5,0
5,-1
5,-1
5,-1
5,-1
5,-1
5,-1
5,-1
5,-1
5,-1
5,-1
5,-1
5,-1
5,-1
5,-1
5,-1
5,-1
5,-1
5,-1
5,-1
5,-1
5,-1
5,-1
5,0
5,-1
5,-1
5,-1
5,-1
6,-1
6,-1
6,-1
6,-1
6,0
6,-1
6,-1
6,-1
6,-1
6,-1
6,-1
6,0
6,-1
6,-1
6,-1
6,-1
6,-1
6,-1
6,0
6,-1
6,-1
6,-1
6,-1
6,-1
6,-1
6,0
6,-1
6,-1
6,-1
6,-1
6,-1
6,-1
6,-1
6,-1
6,-1
6,-1
6,-1
6,-1
6,-1
6,0
6,-1
6,-1
6,-1
6,-1
6,-1
6,-1
6,0
6,-1
6,-1
6,-1
6,-1
6,-1
6,-1
6,0
6,-1
6,-1
6,-1
6,-1
6,-1
6,-1
6,0
6,-1
6,-1
6,-1
6,-1
6,-1
6,-1
6,-1
6,-1
6,-1
6,-1
6,-1
6,-1
6,-1
6,0
6,-1
6,-1
6,-1
6,-1
6,-1
6,-1
6,0
6,-1
6,-1
6,-1
6,-1
6,-1
6,-1
6,0
6,-1
6,-1
6,-1
6,-1
6,-1
6,-1
6,0
6,-1
6,-1
6,-1
6,-1
7,-1
7,-1
7,-1
7,-1
7,-1
7,-1
7,0
7,-1
7,-1
7,-1
7,-1
7,-1
7,-1
7,-1
7,-1
7,-1
7,-1
7,-1
7,-1
7,-1
7,-1
7,-1
7,-1
7,-1
7,-1
7,-1
7,-1
7,-1
7,-1
7,-1
7,-1
7,-1
7,-1
7,-1
7,-1
7,-1
7,-1
7,-1
7,-1
7,-1
7,-1
7,-1
7,-1
7,-1
7,-1
7,-1
7,-1
7,-1
7,-1
7,-1
7,0
7,-1
7,-1
7,-1
7,-1
7,-1
7,-1
7,0
7,-1
7,-1
7,-1
7,-1
7,-1
7,-1
7,0
7,-1
7,-1
7,-1
7,-1
7,-1
7,-1
7,0
7,-1
7,-1
7,-1
7,-1
7,-1
7,-1
7,0
7,-1
7,-1
7,-1
7,-1
7,-1
7,-1
7,-1
7,-1
7,-1
7,-1
7,-1
7,-1
7,-1
7,0
7,-1
7,-1
7,-1
7,-1
7,-1
7,-1
7,0
8,-1
8,0
8,-1
8,-1
8,-1
8,-1
8,-1
8,-1
8,0
8,-1
8,-1
8,-1
8,-1
8,-1
8,-1
8,-1
8,-1
8,-1
8,-1
8,-1
8,-1
8,-1
8,0
8,-1
8,-1
8,-1
8,-1
8,-1
8,-1
8,0
8,-1
8,-1
8,-1
8,-1
8,-1
8,-1
8,0
8,-1
8,-1
8,-1
8,-1
8,-1
8,-1
8,0
8,-1
8,-1
8,-1
8,-1
8,-1
8,-1
8,-1
8,-1
8,-1
8,-1
8,-1
8,-1
8,-1
8,-1
8,-1
8,-1
8,-1
8,-1
8,-1
8,-1
8,0
8,-1
8,-1
8,-1
8,-1
8,-1
8,-1
8,0
8,-1
8,-1
8,-1
8,-1
8,-1
8,-1
8,0
8,-1
8,-1
8,-1
8,-1
8,-1
8,-1
8,0
8,-1
8,-1
8,-1
8,-1
8,-1
8,-1
8,-1
8,-1
8,-1
8,-1
8,-1
8,-1
8,-1
8,-1
9,-1
9,-1
9,-1
9,-1
9,-1
9,-1
9,-1
9,-1
9,-1
9,-1
9,0
9,-1
9,-1
9,-1
9,-1
9,-1
9,-1
9,0
9,-1
9,-1
9,-1
9,-1
9,-1
9,-1
9,0
9,-1
9,-1
9,-1
9,-1
9,-1
9,-1
9,0
9,-1
9,-1
9,-1
9,-1
9,-1
9,-1
9,0
9,-1
9,-1
9,-1
9,-1
9,-1
9,-1
9,-1
9,-1
9,-1
9,-1
9,-1
9,-1
9,-1
9,0
9,-1
9,-1
9,-1
9,-1
9,-1
9,-1
9,0
9,-1
9,-1
9,-1
9,-1
9,-1
9,-1
9,0
9,-1
9,-1
9,-1
9,-1
9,-1
9,-1
9,0
9,-1
9,-1
9,-1
9,-1
9,-1
9,-1
9,0
9,-1
9,-1
9,-1
9,-1
9,-1
9,-1
9,-1
9,-1
9,-1
9,-1
9,-1
9,-1
9,-1
9,0
9,-1
9,-1
9,-1
9,-1
9,-1
10,-1
10,-1
10,-1
10,-1
10,-1
10,-1
10,-1
10,-1
10,-1
10,-1
10,-1
10,0
10,-1
10,-1
10,-1
10,-1
10,-1
10,-1
10,-1
10,-1
10,-1
10,-1
10,-1
10,-1
10,-1
10,-1
10,-1
10,-1
10,-1
10,-1
10,-1
10,-1
10,-1
10,-1
10,0
10,-1
10,-1
10,-1
10,-1
10,-1
10,-1
10,-1
10,-1
10,-1
10,-1
10,-1
10,-1
10,-1
10,-1
10,-1
10,-1
10,-1
10,-1
10,-1
10,-1
10,-1
10,-1
10,0
10,-1
10,-1
10,-1
10,-1
10,-1
10,-1
10,-1
10,-1
10,-1
10,-1
10,-1
10,-1
10,-1
10,-1
10,-1
10,-1
10,-1
10,-1
10,-1
10,-1
10,-1
10,-1
10,0
10,-1
10,-1
10,-1
10,-1
10,-1
10,-1
10,-1
10,-1
10,-1
10,-1
10,-1
10,-1
10,-1
10,-1
10,-1
10,-1
10,-1
10,-1
10,-1
11,30
11,-1
11,-1
11,-1
11,-1
11,28
11,-1
11,28
11,30
11,25
11,30
11,28
11,30
11,28
11,30
11,30
11,-1
11,-1
11,-1
11,-1
11,-1
11,28
11,-1
11,28
11,-1
11,-1
11,-1
11,-1
11,-1
11,-1
11,-1
11,-1
11,-1
11,-1
11,-1
11,-1
11,-1
11,-1
11,-1
11,-1
11,-1
11,-1
11,-1
11,-1
11,30
11,-1
11,-1
11,-1
11,-1
11,-1
11,-1
11,-1
11,-1
11,-1
11,-1
11,-1
11,-1
11,-1
11,-1
11,-1
11,-1
11,-1
11,-1
11,-1
11,-1
11,-1
11,-1
11,28
11,-1
11,-1
11,-1
11,-1
11,-1
11,-1
11,-1
11,-1
11,-1
11,-1
11,-1
11,-1
11,-1
11,-1
11,-1
11,-1
11,-1
11,-1
11,-1
11,-1
11,-1
11,-1
11,29
11,-1
11,-1
11,-1
11,-1
11,-1
11,-1
11,-1
11,-1
11,-1
12,-1
12,-1
12,-1
12,-1
12,-1
12,-1
12,-1
12,-1
12,-1
12,-1
12,-1
12,-1
12,-1
12,-1
12,-1
12,-1
12,-1
12,-1
12,-1
12,-1
12,-1
12,-1
12,-1
12,-1
12,-1
12,-1
12,-1
12,-1
12,-1
12,-1
12,-1
12,-1
12,-1
12,-1
12,-1
12,-1
12,-1
12,-1
12,-1
12,-1
12,-1
12,-1
12,-1
12,-1
12,-1
12,-1
12,-1
12,-1
12,-1
12,-1
12,-1
12,-1
12,-1
12,-1
12,-1
12,-1
12,-1
12,-1
12,-1
12,-1
12,-1
12,-1
12,-1
12,-1
12,-1
12,-1
12,-1
12,-1
12,-1
12,-1
12,-1
12,-1
12,-1
12,-1
12,-1
12,-1
12,-1
12,-1
12,-1
12,-1
12,-1
12,-1
12,-1
12,-1
12,-1
12,-1
12,-1
12,-1
12,-1
12,-1
12,-1
12,-1
12,-1
12,-1
12,-1
12,-1
12,-1
12,-1
12,-1
12,-1
13,-1
13,-1
13,-1
13,-1
13,-1
13,-1
13,-1
13,-1
13,-1
13,-1
13,-1
13,-1
13,-1
13,-1
13,-1
13,-1
13,-1
13,-1
13,-1
13,-1
13,-1
13,-1
13,-1
13,-1
13,-1
13,-1
13,-1
13,-1
13,-1
13,-1
13,-1
13,-1
13,-1
13,-1
13,-1
13,-1
13,-1
13,-1
13,-1
13,-1
13,-1
13,-1
13,-1
13,-1
13,-1
13,-1
13,-1
13,-1
13,-1
13,-1
13,-1
13,-1
13,-1
13,-1
13,-1
13,-1
13,-1
13,-1
13,-1
13,-1
13,-1
13,-1
13,-1
13,-1
13,-1
13,-1
13,-1
13,-1
13,-1
13,-1
13,-1
13,-1
13,-1
13,-1
13,-1
13,-1
13,-1
13,-1
13,-1
13,-1
13,-1
13,-1
13,-1
13,-1
13,-1
13,-1
13,-1
13,-1
13,-1
13,-1
13,-1
13,-1
13,-1
13,-1
13,-1
13,20
13,-1
13,-1
13,-1
13,-1
14,-1
14,-1
14,-1
14,-1
14,-1
14,-1
14,-1
14,-1
14,-1
14,-1
14,-1
14,-1
14,-1
14,-1
14,-1
14,-1
14,-1
14,-1
14,-1
14,-1
14,-1
14,-1
14,-1
14,-1
14,-1
14,-1
14,-1
14,-1
14,-1
14,-1
14,-1
14,-1
14,-1
14,-1
14,-1
14,-1
14,-1
14,-1
14,-1
14,-1
14,-1
14,-1
14,-1
14,-1
14,-1
14,-1
14,-1
14,-1
14,-1
14,-1
14,-1
14,-1
14,-1
14,-1
14,-1
14,-1
14,-1
14,-1
14,-1
14,-1
14,-1
14,-1
14,-1
14,-1
14,-1
14,-1
14,-1
14,-1
14,-1
14,-1
14,-1
14,-1
14,-1
14,-1
14,-1
14,-1
14,-1
14,-1
14,-1
14,-1
14,-1
14,-1
14,-1
14,-1
14,-1
14,-1
14,-1
14,-1
14,-1
14,-1
14,-1
14,-1
14,-1
14,-1
14,-1
14,-1
14,-1
14,-1
14,-1
14,-1
15,-1
15,-1
15,-1
15,-1
15,-1
15,-1
15,-1
15,-1
15,-1
15,-1
15,-1
15,-1
15,-1
15,-1
15,-1
15,-1
15,-1
15,-1
15,-1
15,-1
15,-1
15,-1
15,-1
15,-1
15,-1
15,-1
15,-1
15,-1
15,-1
15,-1
15,-1
15,-1
15,-1
15,-1
15,-1
15,-1
15,-1
15,-1
15,-1
15,-1
15,-1
15,-1
15,-1
15,-1
15,-1
15,-1
15,-1
15,-1
15,-1
15,-1
15,-1
15,-1
15,-1
15,-1
15,-1
15,-1
15,-1
15,-1
15,-1
15,-1
15,-1
15,-1
15,-1
15,-1
15,-1
15,-1
15,-1
15,-1
15,-1
15,-1
15,-1
15,-1
15,-1
15,-1
15,-1
15,-1
15,-1
15,-1
15,-1
15,-1
15,-1
15,-1
15,-1
15,-1
15,-1
15,-1
15,-1
15,-1
15,-1
15,-1
15,-1
15,-1
15,-1
15,-1
15,-1
15,-1
15,-1
15,-1
15,-1
15,-1
16,-1
16,-1
16,-1
16,-1
16,-1
16,-1
16,-1
16,-1
16,-1
16,-1
16,-1
16,-1
16,-1
16,-1
16,-1
16,-1
16,-1
16,-1
16,-1
16,-1
16,-1
16,-1
16,-1
16,-1
16,-1
16,-1
16,-1
16,-1
16,-1
16,-1
16,-1
16,-1
16,-1
16,-1
16,-1
16,-1
16,-1
16,-1
16,-1
16,-1
16,-1
16,-1
16,-1
16,-1
16,-1
16,-1
16,-1
16,-1
16,-1
16,-1
16,-1
16,-1
16,-1
16,-1
16,-1
16,-1
16,-1
16,-1
16,-1
16,-1
16,-1
16,-1
16,-1
16,-1
16,-1
16,-1
16,-1
16,-1
16,-1
16,-1
16,-1
16,-1
16,-1
16,-1
16,-1
16,-1
16,-1
16,-1
16,-1
16,-1
16,-1
16,-1
16,-1
16,-1
16,-1
16,-1
16,-1
16,-1
16,-1
16,-1
16,-1
16,-1
16,-1
16,-1
16,-1
16,-1
16,-1
16,-1
16,-1
16,-1
17,-1
17,-1
17,-1
17,-1
17,-1
17,-1
17,-1
17,-1
17,-1
17,-1
17,-1
17,-1
17,-1
17,-1
17,-1
17,-1
17,-1
17,-1
17,-1
17,-1
17,-1
17,-1
17,-1
17,-1
17,-1
17,-1
17,-1
17,-1
17,-1
17,-1
17,-1
17,-1
17,-1
17,-1
17,-1
17,-1
17,-1
17,-1
17,-1
17,-1
17,-1
17,-1
17,-1
17,-1
17,-1
17,-1
17,-1
17,-1
17,-1
17,-1
17,-1
17,-1
17,-1
17,-1
17,-1
17,-1
17,-1
17,-1
17,-1
17,-1
17,-1
17,-1
17,-1
17,-1
17,-1
17,-1
17,-1
17,-1
17,-1
17,-1
17,-1
17,-1
17,-1
17,-1
17,-1
17,-1
17,-1
17,-1
17,-1
17,-1
17,-1
17,-1
17,-1
17,-1
17,-1
17,-1
17,-1
17,-1
17,-1
17,-1
17,-1
17,-1
17,-1
17,-1
17,-1
17,-1
17,-1
17,-1
17,-1
17,-1
18,-1
18,-1
18,-1
18,-1
18,-1
18,-1
18,-1
18,-1
18,-1
18,-1
18,-1
18,-1
18,-1
18,-1
18,-1
18,-1
18,-1
18,-1
18,-1
18,-1
18,-1
18,-1
18,-1
18,-1
18,-1
18,-1
18,-1
18,-1
18,-1
18,-1
18,-1
18,-1
18,-1
18,-1
18,-1
18,-1
18,-1
18,-1
18,-1
18,-1
18,-1
18,-1
18,-1
18,-1
18,-1
18,-1
18,-1
18,-1
18,-1
18,-1
18,-1
18,-1
18,-1
18,-1
18,-1
18,-1
18,-1
18,-1
18,-1
18,-1
18,-1
18,-1
18,-1
18,-1
18,-1
18,-1
18,-1
18,-1
18,-1
18,-1
18,-1
18,-1
18,-1
18,-1
18,-1
18,-1
18,-1
18,-1
18,-1
18,-1
18,-1
18,-1
18,-1
18,-1
18,-1
18,-1
18,-1
18,-1
18,-1
18,-1
18,-1
18,-1
18,-1
18,-1
18,-1
18,-1
18,-1
18,-1
18,-1
18,-1
19,-1
19,-1
19,-1
19,-1
19,-1
19,-1
19,-1
19,-1
19,-1
19,-1
19,-1
19,-1
19,-1
19,-1
19,-1
19,-1
19,-1
19,-1
19,-1
19,-1
19,-1
19,-1
19,-1
19,-1
19,-1
19,-1
19,-1
19,-1
19,-1
19,-1
19,-1
19,-1
19,-1
19,-1
19,-1
19,-1
19,-1
19,-1
19,-1
19,-1
19,-1
19,-1
19,-1
19,-1
19,-1
19,-1
19,-1
19,-1
19,-1
19,-1
19,-1
19,-1
19,-1
19,-1
19,-1
19,-1
19,-1
19,-1
19,-1
19,-1
19,-1
19,-1
19,-1
19,-1
19,-1
19,-1
19,-1
19,-1
19,-1
19,-1
19,-1
19,-1
19,-1
19,-1
19,-1
19,-1
19,-1
19,-1
19,-1
19,-1
19,-1
19,-1
19,-1
19,-1
19,-1
19,-1
19,-1
19,-1
19,-1
19,-1
19,-1
19,-1
19,-1
19,-1
19,-1
19,-1
19,-1
19,-1
19,-1
19,-1
20,-1
20,-1
20,-1
20,-1
20,-1
20,-1
20,-1
20,-1
20,-1
20,-1
20,-1
20,-1
20,-1
20,-1
20,-1
20,-1
20,-1
20,-1
20,-1
20,-1
20,-1
20,-1
20,-1
20,-1
20,-1
20,-1
20,-1
20,-1
20,-1
20,-1
20,-1
20,-1
20,-1
20,-1
20,-1
20,-1
20,-1
20,-1
20,-1
20,-1
20,-1
20,-1
20,-1
20,-1
20,-1
20,-1
20,-1
20,-1
20,-1
20,-1
20,-1
20,-1
20,-1
20,-1
20,-1
20,-1
20,-1
20,-1
20,-1
20,-1
20,-1
20,-1
20,-1
20,-1
20,-1
20,-1
20,-1
20,-1
20,-1
20,-1
20,-1
20,-1
20,-1
20,-1
20,-1
20,-1
20,-1
20,-1
20,-1
20,-1
20,-1
20,-1
20,-1
20,-1
20,-1
20,-1
20,-1
20,-1
20,-1
20,-1
20,-1
20,-1
20,-1
20,-1
20,-1
20,-1
20,-1
20,-1
20,-1
20,-1
21,-1
21,-1
21,-1
21,-1
21,-1
21,-1
21,-1
21,-1
21,-1
21,-1
21,-1
21,-1
21,-1
21,-1
21,-1
21,-1
21,-1
21,-1
21,-1
21,-1
21,-1
21,-1
21,-1
21,-1
21,-1
21,-1
21,-1
21,-1
21,-1
21,-1
21,-1
21,-1
21,-1
21,-1
21,-1
21,-1
21,-1
21,-1
21,-1
21,-1
21,-1
21,-1
21,-1
21,-1
21,-1
21,-1
21,-1
21,-1
21,-1
21,-1
21,-1
21,-1
21,-1
21,-1
21,-1
21,-1
21,-1
21,-1
21,-1
21,-1
21,-1
21,-1
21,-1
21,-1
21,-1
21,-1
21,-1
21,-1
21,-1
21,-1
21,-1
21,-1
21,-1
21,-1
21,-1
21,-1
21,-1
21,-1
21,-1
21,-1
21,-1
21,-1
21,-1
21,-1
21,-1
21,-1
21,-1
21,-1
21,-1
21,-1
21,-1
21,-1
21,-1
21,-1
21,-1
21,-1
21,-1
21,-1
21,-1
21,-1
22,-1
22,-1
22,-1
22,-1
22,-1
22,-1
22,-1
22,-1
22,-1
22,-1
22,-1
22,-1
22,-1
22,-1
22,-1
22,-1
22,-1
22,-1
22,-1
22,-1
22,-1
22,-1
22,-1
22,-1
22,-1
22,-1
22,-1
22,-1
22,-1
22,-1
22,-1
22,-1
22,-1
22,-1
22,-1
22,-1
22,-1
22,-1
22,-1
22,-1
22,-1
22,-1
22,-1
22,-1
22,-1
22,-1
22,-1
22,-1
22,-1
22,-1
22,-1
22,-1
22,-1
22,-1
22,-1
22,-1
22,-1
22,-1
22,-1
22,-1
22,-1
22,-1
22,-1
22,-1
22,-1
22,-1
22,-1
22,-1
22,-1
22,-1
22,-1
22,-1
22,-1
22,-1
22,-1
22,-1
22,-1
22,-1
22,-1
22,-1
22,-1
22,-1
22,-1
22,-1
22,-1
22,-1
22,-1
22,-1
22,-1
22,-1
22,-1
22,-1
22,-1
22,-1
22,-1
22,-1
22,-1
22,-1
22,-1
22,-1
23,-1
23,-1
23,-1
23,-1
23,-1
23,-1
23,-1
23,-1
23,-1
23,-1
23,-1
23,-1
23,-1
23,-1
23,-1
23,-1
23,-1
23,-1
23,-1
23,-1
23,-1
23,-1
23,-1
23,-1
23,-1
23,-1
23,-1
23,-1
23,-1
23,-1
23,-1
23,-1
23,-1
23,-1
23,-1
23,-1
23,-1
23,-1
23,-1
23,-1
23,-1
23,-1
23,-1
23,-1
23,-1
23,-1
23,-1
23,-1
23,-1
23,-1
23,-1
23,-1
23,-1
23,-1
23,-1
23,-1
23,-1
23,-1
23,-1
23,-1
23,-1
23,-1
23,-1
23,-1
23,-1
23,-1
23,-1
23,-1
23,-1
23,-1
23,-1
23,-1
23,-1
23,-1
23,-1
23,-1
23,-1
23,-1
23,-1
23,-1
23,-1
23,-1
23,-1
23,-1
23,-1
23,-1
23,-1
23,-1
23,-1
23,-1
23,-1
23,-1
23,-1
23,-1
23,-1
23,-1
23,-1
23,-1
23,-1
23,-1
24,-1
24,-1
24,-1
24,-1
24,-1
24,-1
24,-1
24,-1
24,-1
24,-1
24,-1
24,-1
24,-1
24,-1
24,-1
24,-1
24,-1
24,-1
24,-1
24,-1
24,-1
24,-1
24,-1
24,-1
24,-1
24,-1
24,-1
24,-1
24,-1
24,-1
24,-1
24,-1
24,-1
24,-1
24,-1
24,-1
24,-1
24,-1
24,-1
24,-1
24,-1
24,-1
24,-1
24,-1
24,-1
24,-1
24,-1
24,-1
24,-1
24,-1
24,-1
24,-1
24,-1
24,-1
24,-1
24,-1
24,-1
24,-1
24,-1
24,-1
24,-1
24,-1
24,-1
24,-1
24,-1
24,-1
24,-1
24,-1
24,-1
24,-1
24,-1
24,-1
24,-1
24,-1
24,-1
24,-1
24,-1
24,-1
24,-1
24,-1
24,-1
24,-1
24,-1
24,-1
24,-1
24,-1
24,-1
24,-1
24,-1
24,-1
24,-1
24,-1
24,-1
24,-1
24,-1
24,-1
24,-1
24,-1
24,-1
24,-1
25,-1
25,-1
25,-1
25,-1
25,-1
25,-1
25,-1
25,-1
25,-1
25,-1
25,-1
25,-1
25,-1
25,-1
25,-1
25,-1
25,-1
25,-1
25,-1
25,-1
25,-1
25,-1
25,-1
25,-1
25,-1
25,-1
25,-1
25,-1
25,-1
25,-1
25,-1
25,-1
25,-1
25,-1
25,-1
25,-1
25,-1
25,-1
25,-1
25,-1
25,-1
25,-1
25,-1
25,-1
25,-1
25,-1
25,-1
25,-1
25,-1
25,-1
25,-1
25,-1
25,-1
25,-1
25,-1
25,-1
25,-1
25,-1
25,-1
25,-1
25,-1
25,-1
25,-1
25,-1
25,-1
25,-1
25,-1
25,-1
25,-1
25,-1
25,-1
25,-1
25,-1
25,-1
25,-1
25,-1
25,-1
25,-1
25,-1
25,-1
25,-1
25,-1
25,-1
25,-1
25,-1
25,-1
25,-1
25,-1
25,-1
25,-1
25,-1
25,-1
25,-1
25,-1
25,-1
25,-1
25,-1
25,-1
25,-1
25,-1
26,-1
26,-1
26,-1
26,-1
26,-1
26,-1
26,-1
26,-1
26,-1
26,-1
26,-1
26,-1
26,-1
26,-1
26,-1
26,-1
26,-1
26,-1
26,-1
26,-1
26,-1
26,-1
26,-1
26,-1
26,-1
26,-1
26,-1
26,-1
26,-1
26,-1
26,-1
26,-1
26,-1
26,-1
26,-1
26,-1
26,-1
26,-1
26,-1
26,-1
26,-1
26,-1
26,-1
26,-1
26,-1
26,-1
26,-1
26,-1
26,-1
26,-1
26,-1
26,-1
26,-1
26,-1
26,-1
26,-1
26,-1
26,-1
26,-1
26,-1
26,-1
26,-1
26,-1
26,-1
26,-1
26,-1
26,-1
26,-1
26,-1
26,-1
26,-1
26,-1
26,-1
26,-1
26,-1
26,-1
26,-1
26,-1
26,-1
26,-1
26,-1
26,-1
26,-1
26,-1
26,-1
26,-1
26,-1
26,-1
26,-1
26,-1
26,-1
26,-1
26,-1
26,-1
26,-1
26,-1
26,-1
26,-1
26,-1
26,-1
27,-1
27,-1
27,-1
27,-1
27,-1
27,-1
27,-1
27,-1
27,-1
27,-1
27,-1
27,-1
27,-1
27,-1
27,-1
27,-1
27,-1
27,-1
27,-1
27,-1
27,-1
27,-1
27,-1
27,-1
27,-1
27,-1
27,-1
27,-1
27,-1
27,-1
27,-1
27,-1
27,-1
27,-1
27,-1
27,-1
27,-1
27,-1
27,-1
27,-1
27,-1
27,-1
27,-1
27,-1
27,-1
27,-1
27,-1
27,-1
27,-1
27,-1
27,-1
27,-1
27,-1
27,-1
27,-1
27,-1
27,-1
27,-1
27,-1
27,-1
27,-1
27,-1
27,-1
27,-1
27,-1
27,-1
27,-1
27,-1
27,-1
27,-1
27,-1
27,-1
27,-1
27,-1
27,-1
27,-1
27,-1
27,-1
27,-1
27,-1
27,-1
27,-1
27,-1
27,-1
27,-1
27,-1
27,-1
27,-1
27,-1
27,-1
27,-1
27,-1
27,-1
27,-1
27,-1
27,-1
27,-1
27,-1
27,-1
27,-1
28,-1
28,-1
28,-1
28,-1
28,-1
28,-1
28,-1
28,-1
28,-1
28,-1
28,-1
28,-1
28,-1
28,-1
28,-1
28,-1
28,-1
28,-1
28,-1
28,-1
28,-1
28,-1
28,-1
28,-1
28,-1
28,-1
28,-1
28,-1
28,-1
28,-1
28,-1
28,-1
28,-1
28,-1
28,-1
28,-1
28,-1
28,-1
28,-1
28,-1
28,-1
28,-1
28,-1
28,-1
28,-1
28,-1
28,-1
28,-1
28,-1
28,-1
28,-1
28,-1
28,-1
28,-1
28,-1
28,-1
28,-1
28,-1
28,-1
28,-1
28,-1
28,-1
28,-1
28,-1
28,-1
28,-1
28,-1
28,-1
28,-1
28,-1
28,-1
28,-1
28,-1
28,-1
28,-1
28,-1
28,-1
28,-1
28,-1
28,-1
28,-1
28,-1
28,-1
28,-1
28,-1
28,-1
28,-1
28,-1
28,-1
28,-1
28,-1
28,-1
28,-1
28,-1
28,-1
28,-1
28,-1
28,-1
28,-1
28,-1
29,-1
29,-1
29,-1
29,-1
29,-1
29,-1
29,-1
29,-1
29,-1
29,-1
29,-1
29,-1
29,-1
29,-1
29,-1
29,-1
29,-1
29,-1
29,-1
29,-1
29,-1
29,-1
29,-1
29,-1
29,-1
29,-1
29,-1
29,-1
29,-1
29,-1
29,-1
29,-1
29,-1
29,-1
29,-1
29,-1
29,-1
29,-1
29,-1
29,-1
29,-1
29,-1
29,-1
29,-1
29,-1
29,-1
29,-1
29,-1
29,-1
29,-1
29,-1
29,-1
29,-1
29,-1
29,-1
29,-1
29,-1
29,-1
29,-1
29,-1
29,-1
29,-1
29,-1
29,-1
29,-1
29,-1
29,-1
29,-1
29,-1
29,-1
29,-1
29,-1
29,-1
29,-1
29,-1
29,-1
29,-1
29,-1
29,-1
29,-1
29,-1
29,-1
29,-1
29,-1
29,-1
29,-1
29,-1
29,-1
29,-1
29,-1
29,-1
29,-1
29,-1
29,-1
29,-1
29,-1
29,-1
29,-1
29,-1
29,-1
30,-1
30,-1
30,-1
30,-1
30,-1
30,-1
30,-1
30,-1
30,-1
30,-1
30,-1
30,-1
30,-1
30,-1
30,-1
30,-1
30,-1
30,-1
30,-1
30,-1
30,-1
30,-1
30,-1
30,-1
30,-1
30,-1
30,-1
30,-1
30,-1
30,-1
30,-1
30,-1
30,-1
30,-1
30,-1
30,-1
30,-1
30,-1
30,-1
30,-1
30,-1
30,-1
30,-1
30,-1
30,-1
30,-1
30,-1
30,-1
30,-1
30,-1
30,-1
30,-1
30,-1
30,-1
30,-1
30,-1
30,-1
30,-1
30,-1
30,-1
30,-1
30,-1
30,-1
30,-1
30,-1
30,-1
30,-1
30,-1
30,-1
30,-1
30,-1
30,-1
30,-1
30,-1
30,-1
30,-1
30,-1
30,-1
30,-1
30,-1
30,-1
30,-1
30,-1
30,-1
30,-1
30,-1
30,-1
30,-1
30,-1
30,-1
30,-1
30,-1
30,-1
30,-1
30,-1
30,-1
30,-1
30,-1
30,-1
30,-1
31,-1
31,-1
31,-1
31,-1
31,-1
31,-1
31,-1
31,-1
31,-1
31,-1
31,-1
31,-1
31,-1
31,-1
31,-1
31,-1
31,-1
31,-1
31,-1
31,-1
31,-1
31,-1
31,-1
31,-1
31,-1
31,-1
31,-1
31,-1
31,-1
31,-1
31,-1
31,-1
31,-1
31,-1
31,-1
31,-1
31,-1
31,-1
31,-1
31,-1
31,-1
31,-1
31,-1
31,-1
31,-1
31,-1
31,-1
31,-1
31,-1
31,-1
31,-1
31,-1
31,-1
31,-1
31,-1
31,-1
31,-1
31,-1
31,-1
31,-1
31,-1
31,-1
31,-1
31,-1
31,-1
31,-1
31,-1
31,-1
31,-1
31,-1
31,-1
31,-1
31,-1
31,-1
31,-1
31,-1
31,-1
31,-1
31,-1
31,-1
31,-1
31,-1
31,-1
31,-1
31,-1
31,-1
31,-1
31,-1
31,-1
31,-1
31,-1
31,-1
31,-1
31,-1
31,-1
31,-1
31,-1
31,-1
31,-1
31,-1
32,-1
32,-1
32,-1
32,-1
32,-1
32,-1
32,-1
32,-1
32,-1
32,-1
32,-1
32,-1
32,-1
32,-1
32,-1
32,-1
32,-1
32,-1
32,-1
32,-1
32,-1
32,-1
32,-1
32,-1
32,-1
32,-1
32,-1
32,-1
32,-1
32,-1
32,-1
32,-1
32,-1
32,-1
32,-1
32,-1
32,-1
32,-1
32,-1
32,-1
32,-1
32,-1
32,-1
32,-1
32,-1
32,-1
32,-1
32,-1
32,-1
32,-1
32,-1
32,-1
32,20
32,-1
32,-1
32,-1
32,-1
32,-1
32,-1
32,-1
32,-1
32,-1
32,-1
32,-1
32,-1
32,-1
32,-1
32,-1
32,-1
32,-1
32,-1
32,-1
32,-1
32,-1
32,-1
32,-1
32,-1
32,-1
32,-1
32,-1
32,-1
32,-1
32,-1
32,-1
32,-1
32,-1
32,-1
32,-1
32,-1
32,-1
32,-1
32,-1
32,-1
32,-1
32,-1
32,-1
32,-1
32,-1
32,-1
32,-1
33,-1
33,-1
33,-1
33,-1
33,-1
33,-1
33,-1
33,-1
33,-1
33,-1
33,-1
33,-1
33,-1
33,-1
33,-1
33,-1
33,-1
33,-1
33,-1
33,-1
33,-1
33,-1
33,-1
33,-1
33,-1
33,-1
33,-1
33,-1
33,-1
33,-1
33,-1
33,-1
33,-1
33,-1
33,-1
33,-1
33,-1
33,-1
33,-1
33,-1
33,-1
33,-1
33,-1
33,-1
33,-1
33,-1
33,-1
33,-1
33,-1
33,-1
33,-1
33,-1
33,-1
33,-1
33,-1
33,-1
33,-1
33,-1
33,-1
33,-1
33,-1
33,-1
33,-1
33,-1
33,-1
33,-1
33,-1
33,-1
33,-1
33,-1
33,-1
33,-1
33,-1
33,-1
33,-1
33,-1
33,-1
33,-1
33,-1
33,-1
33,-1
33,-1
33,-1
33,-1
33,-1
33,-1
33,-1
33,-1
33,-1
33,-1
33,-1
33,-1
33,-1
33,-1
33,-1
33,-1
33,-1
33,-1
33,-1
33,-1
34,-1
34,-1
34,-1
34,-1
34,-1
34,-1
34,-1
34,-1
34,-1
34,-1
34,-1
34,-1
34,-1
34,-1
34,-1
34,-1
34,-1
34,-1
34,-1
34,-1
34,-1
34,-1
34,-1
34,-1
34,-1
34,-1
34,-1
34,-1
34,-1
34,-1
34,-1
34,-1
34,-1
34,-1
34,-1
34,-1
34,-1
34,-1
34,-1
34,-1
34,-1
34,-1
34,-1
34,-1
34,-1
34,-1
34,-1
34,-1
34,-1
34,-1
34,-1
34,-1
34,-1
34,-1
34,-1
34,-1
34,-1
34,-1
34,-1
34,-1
34,-1
34,-1
34,-1
34,-1
34,-1
34,-1
34,-1
34,-1
34,-1
34,-1
34,-1
34,-1
34,-1
34,-1
34,-1
34,-1
34,-1
34,-1
34,-1
34,-1
34,-1
34,-1
34,-1
34,-1
34,-1
34,-1
34,-1
34,-1
34,-1
34,-1
34,-1
34,-1
34,-1
34,-1
34,-1
34,-1
34,-1
34,-1
34,-1
34,-1
35,-1
35,-1
35,-1
35,-1
35,-1
35,-1
35,-1
35,-1
35,-1
35,-1
35,-1
35,-1
35,-1
35,-1
35,-1
35,-1
35,-1
35,-1
35,-1
35,-1
35,-1
35,-1
35,-1
35,-1
35,-1
35,-1
35,-1
35,-1
35,-1
35,-1
35,-1
35,-1
35,-1
35,-1
35,-1
35,-1
35,-1
35,-1
35,-1
35,-1
35,-1
35,-1
35,-1
35,-1
35,-1
35,-1
35,-1
35,-1
35,-1
35,-1
35,-1
35,-1
35,-1
35,-1
35,-1
35,-1
35,-1
35,-1
35,-1
35,-1
35,-1
35,-1
35,-1
35,-1
35,-1
35,-1
35,-1
35,-1
35,-1
35,-1
35,-1
35,-1
35,-1
35,-1
35,-1
35,-1
35,-1
35,-1
35,-1
35,-1
35,-1
35,-1
35,-1
35,-1
35,-1
35,-1
35,-1
35,-1
35,-1
35,-1
35,-1
35,-1
35,-1
35,-1
35,-1
35,-1
35,-1
35,-1
35,-1
35,-1
36,-1
36,-1
36,-1
36,-1
36,-1
36,-1
36,-1
36,-1
36,-1
36,-1
36,-1
36,-1
36,-1
36,-1
36,-1
36,-1
36,-1
36,-1
36,-1
36,-1
36,-1
36,-1
36,-1
36,-1
36,-1
36,-1
36,-1
36,-1
36,-1
36,-1
36,-1
36,-1
36,-1
36,-1
36,-1
36,-1
36,-1
36,-1
36,-1
36,-1
36,-1
36,-1
36,-1
36,-1
36,-1
36,-1
36,-1
36,-1
36,-1
36,-1
36,-1
36,-1
36,-1
36,-1
36,-1
36,-1
36,-1
36,-1
36,-1
36,-1
36,-1
36,-1
36,-1
36,-1
36,-1
36,-1
36,-1
36,-1
36,-1
36,-1
36,-1
36,-1
36,-1
36,-1
36,-1
36,-1
36,-1
36,-1
36,-1
36,-1
36,-1
36,-1
36,-1
36,-1
36,-1
36,-1
36,-1
36,-1
36,-1
36,-1
36,-1
36,-1
36,-1
36,-1
36,-1
36,-1
36,-1
36,-1
36,-1
36,-1
37,-1
37,-1
37,-1
37,-1
37,-1
37,-1
37,-1
37,-1
37,-1
37,-1
37,-1
37,-1
37,-1
37,-1
37,-1
37,-1
37,-1
37,-1
37,-1
37,-1
37,-1
37,-1
37,-1
37,-1
37,-1
37,-1
37,-1
37,-1
37,-1
37,-1
37,-1
37,-1
37,-1
37,-1
37,-1
37,-1
37,-1
37,-1
37,-1
37,-1
37,-1
37,-1
37,-1
37,-1
37,-1
37,-1
37,-1
37,-1
37,-1
37,-1
37,-1
37,-1
37,-1
37,-1
37,-1
37,-1
37,-1
37,-1
37,-1
37,-1
37,-1
37,-1
37,-1
37,-1
37,-1
37,-1
37,-1
37,-1
37,-1
37,-1
37,-1
37,-1
37,-1
37,-1
37,-1
37,-1
37,-1
37,-1
37,-1
37,-1
37,-1
37,-1
37,-1
37,-1
37,-1
37,-1
37,-1
37,-1
37,-1
37,-1
37,-1
37,-1
37,-1
37,-1
37,-1
37,-1
37,-1
37,-1
37,-1
37,-1
38,-1
38,-1
38,-1
38,-1
38,-1
38,-1
38,-1
38,-1
38,-1
38,-1
38,-1
38,-1
38,-1
38,-1
38,-1
38,-1
38,-1
38,-1
38,-1
38,-1
38,-1
38,-1
38,-1
38,-1
38,-1
38,-1
38,-1
38,-1
38,-1
38,-1
38,-1
38,-1
38,-1
38,-1
38,-1
38,-1
38,-1
38,-1
38,-1
38,-1
38,-1
38,-1
38,-1
38,-1
38,-1
38,-1
38,-1
38,-1
38,-1
38,-1
38,-1
38,-1
38,-1
38,-1
38,-1
38,-1
38,-1
38,-1
38,-1
38,-1
38,-1
38,-1
38,-1
38,-1
38,-1
38,-1
38,-1
38,-1
38,-1
38,-1
38,-1
38,-1
38,-1
38,-1
38,-1
38,-1
38,-1
38,-1
38,-1
38,-1
38,-1
38,-1
38,-1
38,-1
38,-1
38,-1
38,-1
38,-1
38,-1
38,-1
38,-1
38,-1
38,-1
38,-1
38,-1
38,-1
38,-1
38,-1
38,-1
38,-1
39,-1
39,-1
39,-1
39,-1
39,-1
39,-1
39,-1
39,-1
39,-1
39,-1
39,-1
39,-1
39,-1
39,-1
39,-1
39,-1
39,-1
39,-1
39,-1
39,-1
39,-1
39,-1
39,-1
39,-1
39,-1
39,-1
39,-1
39,-1
39,-1
39,-1
39,-1
39,-1
39,-1
39,-1
39,-1
39,-1
39,-1
39,-1
39,-1
39,-1
39,-1
39,-1
39,-1
39,-1
39,-1
39,-1
39,-1
39,-1
39,-1
39,-1
39,-1
39,-1
39,-1
39,-1
39,-1
39,-1
39,-1
39,-1
39,-1
39,-1
39,-1
39,-1
39,-1
39,-1
39,-1
39,-1
39,-1
39,-1
39,-1
39,-1
39,-1
39,-1
39,-1
39,-1
39,-1
39,-1
39,-1
39,-1
39,-1
39,-1
39,-1
39,-1
39,-1
39,-1
39,-1
39,-1
39,-1
39,-1
39,-1
39,-1
39,-1
39,-1
39,-1
39,-1
39,-1
39,-1
39,-1
39,-1
39,-1
39,-1
40,-1
40,-1
40,-1
40,-1
40,-1
40,-1
40,-1
40,-1
40,-1
40,-1
40,-1
40,-1
40,-1
40,-1
40,-1
40,30
40,-1
40,30
40,-1
40,30
40,-1
40,-1
40,-1
40,-1
40,-1
40,-1
40,-1
40,-1
40,-1
40,-1
40,-1
40,-1
40,-1
40,-1
40,-1
40,-1
40,-1
40,-1
40,-1
40,-1
40,-1
40,-1
40,-1
40,-1
40,-1
40,-1
40,-1
40,-1
40,-1
40,-1
40,-1
40,-1
40,-1
40,-1
40,-1
40,-1
40,-1
40,-1
40,-1
40,-1
40,-1
40,-1
40,-1
40,-1
40,-1
40,-1
40,-1
40,-1
40,-1
40,-1
40,-1
40,-1
40,-1
40,-1
40,-1
40,-1
40,-1
40,-1
40,-1
40,-1
40,-1
40,-1
40,-1
40,-1
40,-1
40,-1
40,-1
40,-1
40,-1
40,-1
40,-1
40,-1
40,-1
40,-1
40,-1
40,-1
40,-1
40,-1
40,-1
40,-1
41,-1
41,-1
41,-1
41,-1
41,-1
41,-1
41,-1
41,-1
41,-1
41,29
41,-1
41,30
41,-1
41,29
41,-1
41,-1
41,-1
41,-1
41,-1
41,-1
41,-1
41,-1
41,-1
41,-1
41,-1
41,-1
41,-1
41,-1
41,-1
41,-1
41,-1
41,-1
41,-1
41,-1
41,-1
41,-1
41,-1
41,-1
41,-1
41,-1
41,-1
41,-1
41,-1
41,-1
41,-1
41,-1
41,-1
41,-1
41,-1
41,-1
41,-1
41,-1
41,-1
41,-1
41,-1
41,-1
41,-1
41,-1
41,-1
41,-1
41,-1
41,-1
41,-1
41,-1
41,-1
41,-1
41,-1
41,-1
41,-1
41,-1
41,-1
41,-1
41,-1
41,-1
41,-1
41,-1
41,-1
41,-1
41,-1
41,-1
41,-1
41,-1
41,-1
41,-1
41,-1
41,-1
41,-1
41,-1
41,-1
41,-1
41,-1
41,-1
41,-1
41,-1
41,-1
41,-1
41,-1
41,-1
41,-1
41,-1
42,-1
42,-1
42,-1
42,29
42,-1
42,-1
42,-1
42,-1
42,-1
42,-1
42,-1
42,-1
42,-1
42,-1
42,-1
42,-1
42,-1
42,-1
42,-1
42,-1
42,-1
42,-1
42,-1
42,-1
42,-1
42,-1
42,-1
42,-1
42,-1
42,-1
42,-1
42,-1
42,-1
42,-1
42,-1
42,-1
42,-1
42,-1
42,-1
42,-1
42,-1
42,-1
42,-1
42,-1
42,-1
42,-1
42,-1
42,-1
42,-1
42,-1
42,-1
42,-1
42,-1
42,29
42,-1
42,-1
42,-1
42,-1
42,-1
42,-1
42,-1
42,-1
42,-1
42,-1
42,-1
42,-1
42,-1
42,-1
42,-1
42,-1
42,-1
42,-1
42,-1
42,-1
42,-1
42,-1
42,-1
42,-1
42,-1
42,-1
42,-1
42,-1
42,-1
42,-1
42,-1
42,-1
42,-1
42,-1
42,-1
42,-1
42,-1
42,-1
42,-1
42,-1
42,-1
42,-1
42,-1
42,-1
42,-1
42,-1
43,-1
43,30
43,-1
43,30
43,-1
43,-1
43,-1
43,-1
43,-1
43,-1
43,-1
43,-1
43,-1
43,-1
43,-1
43,-1
43,-1
43,-1
43,-1
43,-1
43,-1
43,-1
43,-1
43,-1
43,-1
43,-1
43,-1
43,-1
43,-1
43,-1
43,30
43,-1
43,-1
43,-1
43,-1
43,-1
43,-1
43,-1
43,-1
43,-1
43,-1
43,-1
43,-1
43,-1
43,-1
43,-1
43,-1
43,-1
43,-1
43,-1
43,-1
43,-1
43,-1
43,-1
43,-1
43,-1
43,-1
43,-1
43,-1
43,-1
43,-1
43,-1
43,-1
43,-1
43,-1
43,-1
43,-1
43,-1
43,-1
43,-1
43,-1
43,-1
43,-1
43,-1
43,-1
43,-1
43,-1
43,-1
43,30
43,-1
43,-1
43,-1
43,-1
43,-1
43,-1
43,-1
43,-1
43,-1
43,-1
43,-1
43,-1
43,-1
43,-1
43,-1
43,-1
43,-1
43,-1
43,-1
43,-1
43,-1
44,-1
44,-1
44,-1
44,-1
44,-1
44,-1
44,-1
44,-1
44,-1
44,-1
44,-1
44,-1
44,-1
44,-1
44,-1
44,-1
44,-1
44,-1
44,-1
44,-1
44,-1
44,-1
44,-1
44,-1
44,-1
44,-1
44,29
44,-1
44,29
44,-1
44,-1
44,-1
44,-1
44,-1
44,-1
44,-1
44,-1
44,-1
44,-1
44,-1
44,-1
44,-1
44,-1
44,-1
44,-1
44,-1
44,-1
44,-1
44,-1
44,-1
44,-1
44,-1
44,-1
44,-1
44,-1
44,-1
44,-1
44,-1
44,-1
44,-1
44,-1
44,-1
44,-1
44,-1
44,-1
44,-1
44,-1
44,-1
44,-1
44,-1
44,-1
44,-1
44,-1
44,-1
44,-1
44,-1
44,30
44,-1
44,30
44,-1
44,-1
44,-1
44,-1
44,-1
44,-1
44,-1
44,-1
44,-1
44,-1
44,-1
44,-1
44,-1
44,-1
44,-1
44,-1
44,-1
44,-1
44,-1
44,-1
44,-1
45,-1
45,-1
45,-1
45,-1
45,-1
45,-1
45,-1
45,-1
45,-1
45,-1
45,-1
45,-1
45,-1
45,-1
45,-1
45,-1
45,-1
45,-1
45,-1
45,-1
45,-1
45,-1
45,-1
45,-1
45,-1
45,-1
45,-1
45,-1
45,-1
45,-1
45,-1
45,-1
45,-1
45,-1
45,-1
45,-1
45,-1
45,-1
45,-1
45,-1
45,-1
45,-1
45,-1
45,-1
45,-1
45,-1
45,-1
45,-1
45,-1
45,-1
45,-1
45,-1
45,-1
45,-1
45,-1
45,-1
45,-1
45,-1
45,-1
45,-1
45,-1
45,-1
45,-1
45,-1
45,-1
45,-1
45,-1
45,-1
45,-1
45,-1
45,-1
45,-1
45,-1
45,-1
45,-1
45,-1
45,-1
45,-1
45,-1
45,-1
45,-1
45,-1
45,-1
45,-1
45,-1
45,-1
45,-1
45,-1
45,-1
45,-1
45,-1
45,28
45,-1
45,-1
45,-1
45,-1
45,-1
45,-1
45,-1
45,-1
46,-1
46,-1
46,-1
46,-1
46,-1
46,-1
46,-1
46,-1
46,-1
46,-1
46,-1
46,-1
46,-1
46,-1
46,29
46,-1
46,29
46,-1
46,28
46,-1
46,-1
46,-1
46,-1
46,-1
46,-1
46,-1
46,-1
46,-1
46,-1
46,-1
46,-1
46,-1
46,-1
46,-1
46,-1
46,-1
46,-1
46,-1
46,-1
46,-1
46,-1
46,-1
46,-1
46,-1
46,-1
46,-1
46,-1
46,-1
46,-1
46,-1
46,-1
46,-1
46,-1
46,-1
46,-1
46,-1
46,-1
46,-1
46,-1
46,-1
46,-1
46,-1
46,-1
46,-1
46,-1
46,-1
46,28
46,-1
46,28
46,-1
46,28
46,-1
46,28
46,-1
46,-1
46,-1
46,-1
46,-1
46,-1
46,-1
46,-1
46,-1
46,-1
46,-1
46,-1
46,-1
46,-1
46,-1
46,-1
46,-1
46,-1
46,-1
46,-1
46,-1
46,-1
46,28
46,-1
46,29
46,-1
46,-1
47,-1
47,-1
47,-1
47,-1
47,-1
47,-1
47,-1
47,-1
47,-1
47,-1
47,-1
47,-1
47,-1
47,-1
47,-1
47,-1
47,-1
47,-1
47,-1
47,-1
47,-1
47,-1
47,-1
47,-1
47,-1
47,-1
47,-1
47,-1
47,-1
47,-1
47,-1
47,-1
47,-1
47,-1
47,-1
47,-1
47,-1
47,-1
47,-1
47,28
47,-1
47,-1
47,-1
47,-1
47,-1
47,-1
47,-1
47,-1
47,-1
47,-1
47,-1
47,-1
47,-1
47,-1
47,-1
47,-1
47,-1
47,-1
47,-1
47,-1
47,-1
47,-1
47,28
47,-1
47,30
47,-1
47,-1
47,-1
47,-1
47,-1
47,-1
47,-1
47,-1
47,-1
47,-1
47,-1
47,-1
47,-1
47,-1
47,-1
47,-1
47,-1
47,-1
47,-1
47,-1
47,28
47,-1
47,29
47,-1
47,28
47,-1
47,-1
47,-1
47,-1
47,-1
47,-1
47,-1
47,-1
47,-1
47,-1
48,-1
48,-1
48,-1
48,-1
48,-1
48,-1
48,-1
48,-1
48,-1
48,-1
48,28
48,-1
48,28
48,-1
48,28
48,-1
48,28
48,-1
48,29
48,-1
48,-1
48,-1
48,-1
48,-1
48,-1
48,-1
48,-1
48,-1
48,-1
48,-1
48,-1
48,-1
48,-1
48,-1
48,-1
48,-1
48,-1
48,-1
48,-1
48,-1
48,-1
48,30
48,-1
48,-1
48,-1
48,-1
48,-1
48,-1
48,-1
48,-1
48,-1
48,-1
48,-1
48,-1
48,-1
48,-1
48,-1
48,-1
48,-1
48,-1
48,-1
48,-1
48,-1
48,-1
48,-1
48,-1
48,-1
48,-1
48,29
48,-1
48,-1
48,-1
48,-1
48,-1
48,-1
48,-1
48,-1
48,-1
48,-1
48,-1
48,-1
48,-1
48,-1
48,-1
48,-1
48,-1
48,-1
48,-1
48,-1
48,-1
48,-1
48,-1
48,-1
48,-1
48,-1
48,-1
48,-1
48,-1
48,-1
48,-1
49,-1
49,-1
49,-1
49,-1
49,-1
49,-1
49,-1
49,-1
49,-1
49,-1
49,-1
49,-1
49,-1
49,-1
49,-1
49,-1
49,28
49,-1
49,28
49,-1
49,-1
49,-1
49,-1
49,-1
49,-1
49,-1
49,-1
49,-1
49,-1
49,-1
49,-1
49,-1
49,-1
49,-1
49,-1
49,-1
49,-1
49,-1
49,-1
49,-1
49,-1
49,30
49,-1
49,28
49,-1
49,28
49,-1
49,-1
49,-1
49,-1
49,-1
49,-1
49,-1
49,-1
49,-1
49,-1
49,-1
49,-1
49,-1
49,-1
49,-1
49,-1
49,-1
49,-1
49,-1
49,-1
49,-1
49,-1
49,-1
49,-1
49,30
49,-1
49,-1
49,-1
49,-1
49,-1
49,-1
49,-1
49,-1
49,-1
49,-1
49,-1
49,-1
49,-1
49,-1
49,-1
49,-1
49,-1
49,-1
49,-1
49,-1
49,-1
49,-1
49,28
49,-1
49,-1
49,-1
49,-1
49,-1
49,-1
50,-1
50,-1
50,-1
50,-1
50,-1
50,-1
50,-1
50,-1
50,-1
50,-1
50,-1
50,-1
50,-1
50,-1
50,-1
50,-1
50,-1
50,-1
50,28
50,-1
50,28
50,-1
50,-1
50,-1
50,-1
50,-1
50,-1
50,-1
50,-1
50,-1
50,-1
50,-1
50,-1
50,-1
50,-1
50,-1
50,-1
50,-1
50,-1
50,-1
50,-1
50,-1
50,-1
50,-1
50,-1
50,29
50,-1
50,28
50,-1
50,-1
50,-1
50,-1
50,-1
50,-1
50,-1
50,-1
50,-1
50,-1
50,-1
50,-1
50,-1
50,-1
50,-1
50,-1
50,-1
50,-1
50,-1
50,-1
50,-1
50,-1
50,-1
50,-1
50,28
50,-1
50,26
50,-1
50,-1
50,-1
50,-1
50,-1
50,-1
50,-1
50,-1
50,-1
50,-1
50,-1
50,-1
50,-1
50,-1
50,-1
50,-1
50,-1
50,-1
50,-1
50,-1
50,-1
50,-1
50,-1
50,-1
50,26
51,-1
51,-1
51,-1
51,-1
51,-1
51,-1
51,-1
51,-1
51,-1
51,-1
51,-1
51,-1
51,-1
51,-1
51,-1
51,-1
51,-1
51,-1
51,-1
51,-1
51,-1
51,-1
51,-1
51,-1
51,-1
51,-1
51,-1
51,-1
51,-1
51,-1
51,-1
51,-1
51,-1
51,-1
51,-1
51,-1
51,-1
51,-1
51,-1
51,-1
51,-1
51,-1
51,-1
51,-1
51,-1
51,-1
51,-1
51,-1
51,-1
51,28
51,-1
51,-1
51,-1
51,-1
51,-1
51,-1
51,-1
51,-1
51,-1
51,-1
51,-1
51,-1
51,-1
51,-1
51,-1
51,-1
51,-1
51,-1
51,-1
51,-1
51,-1
51,-1
51,26
51,-1
51,28
51,-1
51,28
51,-1
51,30
51,-1
51,28
51,-1
51,-1
51,-1
51,-1
51,-1
51,-1
51,-1
51,-1
51,-1
51,-1
51,-1
51,-1
51,-1
51,-1
51,-1
51,-1
51,-1
51,-1
51,-1
52,-1
52,28
52,-1
52,25
52,-1
52,28
52,-1
52,-1
52,-1
52,30
52,-1
52,-1
52,-1
52,-1
52,-1
52,-1
52,-1
52,-1
52,-1
52,-1
52,-1
52,-1
52,-1
52,-1
52,-1
52,-1
52,-1
52,-1
52,-1
52,-1
52,-1
52,-1
52,28
52,-1
52,-1
52,-1
52,-1
52,-1
52,-1
52,-1
52,-1
52,-1
52,-1
52,-1
52,-1
52,-1
52,-1
52,-1
52,-1
52,-1
52,-1
52,-1
52,-1
52,-1
52,-1
52,30
52,-1
52,-1
52,-1
52,25
52,-1
52,-1
52,-1
52,30
52,-1
52,30
52,-1
52,30
52,-1
52,-1
52,-1
52,-1
52,-1
52,-1
52,-1
52,-1
52,-1
52,-1
52,-1
52,-1
52,-1
52,-1
52,-1
52,-1
52,-1
52,-1
52,-1
52,-1
52,25
52,-1
52,25
52,-1
52,28
52,-1
52,25
52,-1
52,28
52,-1
52,28
52,-1
53,30
53,-1
53,30
53,30
53,28
53,30
53,-1
53,-1
53,30
53,-1
53,30
53,30
53,28
53,30
53,28
53,-1
53,28
53,-1
53,30
53,-1
53,28
53,-1
53,30
53,-1
53,30
53,-1
53,30
53,-1
53,30
53,-1
53,-1
53,-1
53,-1
53,30
53,-1
53,30
53,30
53,-1
53,-1
53,-1
53,-1
53,-1
53,-1
53,-1
53,30
53,30
53,30
53,30
53,-1
53,-1
53,-1
53,-1
53,-1
53,-1
53,-1
53,-1
53,-1
53,-1
53,-1
53,30
53,30
53,30
53,30
53,-1
53,-1
53,-1
53,-1
53,30
53,30
53,29
53,30
53,30
53,30
53,30
53,30
53,-1
53,-1
53,-1
53,-1
53,28
53,-1
53,30
53,-1
53,26
53,-1
53,25
53,30
53,28
53,30
53,30
53,30
53,30
53,30
53,30
53,30
53,30
53,30
53,30
53,30
53,30
54,29
54,29
54,28
54,29
54,29
54,28
54,29
54,29
54,29
54,28
54,30
54,29
54,28
54,28
54,-1
54,29
54,29
54,28
54,29
54,28
54,28
54,28
54,25
54,28
54,25
54,29
54,23
54,29
54,23
54,28
54,28
54,28
54,28
54,29
54,29
54,29
54,28
54,29
54,28
54,28
54,29
54,29
54,29
54,30
54,30
54,30
54,28
54,29
54,29
54,28
54,28
54,29
54,28
54,-1
54,29
54,29
54,29
54,-1
54,28
54,-1
54,29
54,-1
54,29
54,-1
54,28
54,29
54,29
54,-1
54,29
54,28
54,29
54,-1
54,29
54,30
54,30
54,30
54,30
54,29
54,28
54,24
54,28
54,23
54,29
54,28
54,28
54,28
54,29
54,29
54,29
54,28
54,29
54,29
54,29
54,29
54,29
54,29
54,29
54,29
54,29
54,29
55,28
55,29
55,29
55,29
55,29
55,29
55,29
55,29
55,29
55,28
55,29
55,28
55,30
55,29
55,29
55,28
55,-1
55,29
55,29
55,29
55,-1
55,28
55,29
55,28
55,28
55,29
55,28
55,28
55,24
55,29
55,24
55,29
55,25
55,28
55,25
55,29
55,29
55,28
55,28
55,29
55,29
55,29
55,28
55,29
55,29
55,29
55,29
55,29
55,28
55,29
55,29
55,29
55,29
55,29
55,29
55,28
55,29
55,30
55,29
55,-1
55,29
55,-1
55,29
55,-1
55,28
55,29
55,29
55,-1
55,29
55,-1
55,29
55,29
55,28
55,-1
55,28
55,29
55,28
55,29
55,28
55,28
55,29
55,28
55,29
55,28
55,28
55,23
55,29
55,28
55,29
55,29
55,29
55,28
55,29
55,29
55,28
55,29
55,28
55,29
55,28
55,29
56,27
56,27
56,28
56,27
56,28
56,26
56,26
56,27
56,27
56,28
56,28
56,28
56,-1
56,26
56,26
56,26
56,26
56,26
56,-1
56,27
56,28
56,28
56,29
56,28
56,26
56,26
56,25
56,26
56,26
56,27
56,22
56,26
56,22
56,26
56,26
56,27
56,26
56,27
56,26
56,26
56,26
56,26
56,27
56,26
56,27
56,27
56,27
56,26
56,27
56,27
56,26
56,27
56,27
56,26
56,26
56,26
56,27
56,27
56,28
56,-1
56,28
56,-1
56,26
56,27
56,27
56,27
56,26
56,28
56,27
56,25
56,26
56,24
56,27
56,22
56,26
56,22
56,26
56,26
56,27
56,26
56,27
56,26
56,26
56,26
56,26
56,26
56,26
56,27
56,27
56,26
56,26
56,26
56,27
56,26
56,26
56,27
56,26
56,26
56,26
56,27
57,26
57,27
57,27
57,27
57,27
57,27
57,-1
57,26
57,27
57,27
57,27
57,26
57,26
57,27
57,24
57,26
57,25
57,27
57,22
57,26
57,22
57,27
57,26
57,26
57,26
57,26
57,25
57,25
57,25
57,26
57,26
57,26
57,27
57,26
57,26
57,26
57,27
57,26
57,26
57,27
57,26
57,27
57,26
57,27
57,27
57,26
57,26
57,27
57,27
57,26
57,27
57,26
57,26
57,26
57,27
57,23
57,26
57,22
57,26
57,22
57,26
57,25
57,26
57,26
57,26
57,26
57,27
57,26
57,26
57,26
57,26
57,27
57,26
57,26
57,26
57,27
57,26
57,27
57,26
57,26
57,26
57,27
57,27
57,26
57,26
57,27
57,-1
57,26
57,27
57,27
57,-1
57,26
57,27
57,27
57,-1
57,25
57,27
57,26
57,30
57,27
58,27
58,24
58,24
58,25
58,27
58,25
58,24
58,24
58,23
58,24
58,22
58,24
58,21
58,24
58,22
58,25
58,24
58,24
58,24
58,24
58,25
58,24
58,24
58,25
58,25
58,24
58,24
58,24
58,24
58,25
58,24
58,25
58,24
58,25
58,25
58,25
58,24
58,25
58,24
58,27
58,24
58,27
58,24
58,24
58,25
58,24
58,25
58,25
58,25
58,21
58,24
58,24
58,24
58,23
58,25
58,24
58,25
58,24
58,24
58,24
58,24
58,25
58,25
58,24
58,24
58,25
58,24
58,24
58,25
58,25
58,24
58,24
58,25
58,24
58,24
58,24
58,24
58,25
58,24
58,24
58,28
58,25
58,28
58,25
58,23
58,25
58,23
58,25
58,21
58,24
58,21
58,25
58,22
58,24
58,23
58,25
58,25
58,24
58,24
58,24
59,23
59,23
59,23
59,23
59,23
59,24
59,24
59,24
59,23
59,24
59,23
59,24
59,23
59,23
59,23
59,24
59,24
59,23
59,23
59,23
59,24
59,27
59,24
59,23
59,24
59,25
59,24
59,23
59,24
59,23
59,24
59,23
59,24
59,20
59,24
59,20
59,24
59,23
59,23
59,23
59,24
59,23
59,23
59,23
59,24
59,24
59,23
59,23
59,23
59,24
59,23
59,24
59,24
59,23
59,24
59,23
59,23
59,23
59,24
59,24
59,25
59,23
59,25
59,24
59,27
59,23
59,28
59,24
59,22
59,23
59,23
59,24
59,23
59,23
59,20
59,24
59,23
59,24
59,23
59,23
59,23
59,24
59,23
59,23
59,23
59,23
59,24
59,23
59,23
59,24
59,24
59,24
59,24
59,23
59,24
59,23
59,23
59,24
59,24
59,23
60,23
60,24
60,23
60,24
60,24
60,25
60,23
60,25
60,23
60,27
60,23
60,27
60,24
60,23
60,23
60,22
60,24
60,20
60,24
60,20
60,24
60,23
60,24
60,23
60,24
60,23
60,24
60,23
60,24
60,23
60,23
60,23
60,24
60,23
60,23
60,24
60,23
60,24
60,24
60,24
60,23
60,23
60,24
60,24
60,23
60,24
60,25
60,24
60,22
60,23
60,24
60,23
60,23
60,24
60,23
60,23
60,22
60,24
60,20
60,23
60,20
60,24
60,23
60,23
60,23
60,24
60,23
60,23
60,24
60,24
60,24
60,23
60,24
60,24
60,24
60,24
60,23
60,24
60,23
60,24
60,24
60,23
60,23
60,23
60,24
60,25
60,23
60,25
60,24
60,27
60,23
60,27
60,23
60,22
60,23
60,22
60,23
60,23
60,24
60,20
61,23
61,22
61,22
61,20
61,23
61,20
61,23
61,21
61,23
61,22
61,23
61,23
61,22
61,23
61,23
61,23
61,23
61,23
61,23
61,23
61,23
61,23
61,23
61,23
61,23
61,23
61,23
61,23
61,23
61,23
61,23
61,23
61,23
61,23
61,26
61,23
61,26
61,23
61,23
61,23
61,23
61,23
61,20
61,23
61,21
61,23
61,23
61,23
61,19
61,23
61,23
61,23
61,23
61,23
61,22
61,23
61,23
61,23
61,22
61,23
61,23
61,23
61,23
61,23
61,23
61,22
61,23
61,23
61,23
61,23
61,23
61,23
61,23
61,23
61,23
61,23
61,23
61,23
61,23
61,23
61,23
61,22
61,23
61,21
61,22
61,21
61,23
61,19
61,23
61,19
61,23
61,23
61,23
61,23
61,23
61,23
61,23
61,23
61,23
61,23
62,23
62,23
62,23
62,23
62,23
62,23
62,23
62,22
62,23
62,23
62,23
62,23
62,23
62,23
62,23
62,23
62,23
62,23
62,23
62,23
62,26
62,23
62,23
62,23
62,22
62,23
62,22
62,23
62,20
62,23
62,20
62,23
62,22
62,23
62,22
62,23
62,23
62,23
62,23
62,23
62,23
62,22
62,23
62,23
62,23
62,22
62,23
62,23
62,23
62,23
62,23
62,23
62,23
62,22
62,23
62,23
62,23
62,23
62,23
62,27
62,23
62,27
62,23
62,22
62,22
62,22
62,23
62,20
62,23
62,20
62,23
62,23
62,23
62,19
62,23
62,23
62,23
62,23
62,23
62,23
62,23
62,23
62,23
62,23
62,23
62,23
62,23
62,23
62,23
62,23
62,22
62,23
62,23
62,23
62,23
62,22
62,23
62,23
62,23
62,23
63,22
63,22
63,22
63,22
63,22
63,22
63,23
63,22
63,26
63,22
63,25
63,22
63,20
63,22
63,20
63,22
63,22
63,22
63,19
63,22
63,22
63,22
63,22
63,22
63,22
63,22
63,22
63,22
63,22
63,22
63,22
63,22
63,22
63,22
63,22
63,22
63,22
63,22
63,22
63,22
63,22
63,22
63,22
63,22
63,22
63,22
63,22
63,22
63,22
63,23
63,22
63,25
63,22
63,21
63,22
63,21
63,22
63,20
63,22
63,20
63,22
63,19
63,22
63,19
63,22
63,22
63,22
63,22
63,22
63,22
63,23
63,23
63,23
63,23
63,22
63,22
63,22
63,22
63,22
63,22
63,22
63,22
63,22
63,22
63,22
63,22
63,22
63,22
63,25
63,22
63,25
63,22
63,22
63,22
63,21
63,22
63,22
63,22
63,20
63,22
64,21
64,22
64,20
64,22
64,20
64,22
64,22
64,22
64,22
64,22
64,22
64,22
64,22
64,22
64,22
64,22
64,22
64,22
64,22
64,22
64,22
64,22
64,22
64,22
64,22
64,22
64,22
64,22
64,22
64,22
64,22
64,23
64,22
64,25
64,22
64,25
64,22
64,21
64,22
64,21
64,22
64,22
64,22
64,20
64,22
64,22
64,22
64,22
64,22
64,22
64,22
64,22
64,22
64,22
64,22
64,22
64,22
64,22
64,22
64,22
64,22
64,22
64,22
64,22
64,22
64,22
64,22
64,22
64,22
64,22
64,22
64,22
64,22
64,22
64,25
64,22
64,25
64,22
64,21
64,22
64,21
64,22
64,20
64,22
64,20
64,22
64,22
64,22
64,22
64,22
64,22
64,22
64,22
64,22
64,22
64,22
64,22
64,22
64,22
64,22
65,21
65,21
65,22
65,22
65,22
65,22
65,21
65,22
65,21
65,22
65,22
65,22
65,22
65,22
65,22
65,22
65,22
65,22
65,22
65,25
65,22
65,22
65,22
65,22
65,22
65,21
65,21
65,20
65,22
65,20
65,22
65,19
65,22
65,19
65,22
65,22
65,21
65,21
65,21
65,21
65,21
65,21
65,22
65,21
65,22
65,22
65,22
65,22
65,21
65,21
65,21
65,22
65,22
65,22
65,22
65,22
65,22
65,22
65,25
65,22
65,25
65,22
65,22
65,22
65,21
65,22
65,22
65,22
65,20
65,22
65,22
65,22
65,21
65,22
65,22
65,22
65,22
65,22
65,22
65,22
65,22
65,22
65,22
65,22
65,22
65,22
65,22
65,22
65,22
65,22
65,22
65,22
65,22
65,22
65,22
65,22
65,22
65,22
65,22
65,25
66,21
66,21
66,21
66,22
66,21
66,22
66,21
66,24
66,21
66,25
66,21
66,20
66,21
66,20
66,22
66,21
66,21
66,19
66,21
66,21
66,21
66,21
66,21
66,21
66,21
66,21
66,21
66,21
66,21
66,21
66,21
66,21
66,22
66,21
66,21
66,21
66,22
66,21
66,21
66,22
66,22
66,21
66,21
66,21
66,21
66,21
66,21
66,21
66,23
66,22
66,23
66,21
66,21
66,21
66,21
66,21
66,20
66,21
66,20
66,21
66,18
66,21
66,18
66,21
66,21
66,21
66,21
66,22
66,21
66,21
66,21
66,21
66,21
66,21
66,21
66,21
66,21
66,21
66,21
66,22
66,21
66,21
66,21
66,21
66,21
66,21
66,21
66,23
66,21
66,23
66,21
66,21
66,21
66,22
66,21
66,21
66,21
66,20
66,21
66,21
67,21
67,21
67,21
67,20
67,21
67,19
67,21
67,18
67,21
67,20
67,21
67,20
67,21
67,21
67,21
67,21
67,21
67,21
67,21
67,21
67,21
67,21
67,21
67,21
67,21
67,21
67,21
67,21
67,21
67,21
67,21
67,21
67,21
67,21
67,22
67,22
67,23
67,21
67,23
67,21
67,21
67,21
67,21
67,22
67,21
67,21
67,19
67,21
67,21
67,21
67,18
67,21
67,21
67,21
67,21
67,21
67,21
67,21
67,21
67,21
67,21
67,21
67,21
67,21
67,21
67,22
67,21
67,21
67,21
67,21
67,21
67,21
67,21
67,21
67,21
67,21
67,21
67,23
67,21
67,23
67,21
67,21
67,21
67,22
67,22
67,19
67,21
67,20
67,21
67,18
67,21
67,18
67,21
67,21
67,21
67,21
67,21
67,21
67,21
67,21
68,21
68,20
68,21
68,21
68,21
68,21
68,21
68,20
68,21
68,21
68,21
68,21
68,21
68,21
68,21
68,21
68,21
68,21
68,21
68,21
68,21
68,21
68,22
68,21
68,22
68,21
68,24
68,21
68,24
68,21
68,20
68,21
68,20
68,21
68,18
68,21
68,18
68,22
68,19
68,21
68,20
68,21
68,21
68,21
68,22
68,21
68,21
68,21
68,21
68,21
68,21
68,22
68,21
68,21
68,20
68,21
68,21
68,21
68,21
68,21
68,20
68,20
68,21
68,21
68,21
68,21
68,22
68,23
68,21
68,21
68,21
68,23
68,21
68,20
68,20
68,20
68,21
68,20
68,21
68,18
68,21
68,18
68,21
68,21
68,21
68,21
68,21
68,21
68,21
68,21
68,21
68,21
68,21
68,22
68,21
68,21
68,21
68,21
68,21
68,22
69,21
69,21
69,20
69,21
69,20
69,21
69,20
69,21
69,20
69,21
69,21
69,20
69,20
69,21
69,21
69,21
69,22
69,21
69,20
69,20
69,23
69,21
69,20
69,21
69,20
69,20
69,20
69,21
69,18
69,21
69,18
69,21
69,18
69,21
69,18
69,21
69,20
69,20
69,20
69,21
69,21
69,20
69,21
69,20
69,21
69,20
69,21
69,21
69,21
69,21
69,21
69,21
69,21
69,21
69,20
69,21
69,20
69,21
69,21
69,22
69,20
69,22
69,21
69,23
69,20
69,23
69,21
69,20
69,20
69,20
69,20
69,20
69,20
69,19
69,21
69,20
69,21
69,18
69,21
69,20
69,21
69,20
69,20
69,20
69,21
69,21
69,20
69,21
69,21
69,21
69,21
69,20
69,21
69,21
69,20
69,21
69,21
69,21
69,20
69,21
70,21
70,20
70,21
70,21
70,21
70,20
70,20
70,21
70,21
70,20
70,21
70,21
70,21
70,20
70,21
70,20
70,20
70,21
70,23
70,21
70,20
70,21
70,20
70,21
70,21
70,21
70,18
70,21
70,20
70,21
70,19
70,21
70,20
70,21
70,20
70,21
70,21
70,21
70,20
70,21
70,21
70,21
70,21
70,21
70,21
70,21
70,21
70,20
70,21
70,21
70,21
70,20
70,21
70,21
70,21
70,21
70,21
70,21
70,21
70,21
70,21
70,23
70,21
70,23
70,21
70,20
70,20
70,20
70,21
70,18
70,20
70,18
70,21
70,18
70,21
70,18
70,20
70,21
70,20
70,20
70,21
70,20
70,21
70,21
70,21
70,21
70,21
70,21
70,21
70,20
70,21
70,21
70,20
70,20
70,21
70,21
70,21
70,20
70,21
70,20
71,21
71,20
71,21
71,20
71,20
71,21
71,21
71,20
71,20
71,20
71,20
71,20
71,21
71,21
71,23
71,20
71,23
71,21
71,20
71,21
71,20
71,21
71,21
71,21
71,18
71,21
71,20
71,21
71,19
71,21
71,20
71,20
71,20
71,20
71,20
71,20
71,20
71,20
71,21
71,21
71,21
71,21
71,20
71,21
71,21
71,20
71,20
71,20
71,20
71,20
71,21
71,21
71,20
71,20
71,21
71,21
71,21
71,23
71,21
71,24
71,21
71,23
71,21
71,20
71,20
71,19
71,20
71,17
71,21
71,18
71,20
71,20
71,20
71,19
71,20
71,20
71,21
71,20
71,20
71,21
71,20
71,20
71,20
71,20
71,21
71,21
71,21
71,20
71,20
71,20
71,20
71,20
71,21
71,21
71,21
71,20
71,20
71,21
71,21
71,21
72,20
72,20
72,20
72,20
72,20
72,20
72,20
72,20
72,20
72,20
72,20
72,20
72,20
72,20
72,22
72,20
72,19
72,20
72,19
72,20
72,18
72,20
72,18
72,20
72,19
72,20
72,18
72,20
72,20
72,20
72,20
72,20
72,20
72,20
72,20
72,20
72,20
72,20
72,20
72,20
72,20
72,20
72,20
72,20
72,20
72,20
72,20
72,20
72,20
72,20
72,20
72,20
72,20
72,20
72,20
72,20
72,20
72,20
72,20
72,20
72,20
72,19
72,20
72,18
72,20
72,17
72,20
72,17
72,20
72,20
72,20
72,20
72,20
72,20
72,20
72,20
72,20
72,20
72,20
72,20
72,20
72,20
72,20
72,20
72,20
72,20
72,20
72,20
72,20
72,20
72,20
72,20
72,20
72,20
72,20
72,20
72,22
72,20
72,22
72,20
73,20
73,20
73,20
73,20
73,20
73,20
73,20
73,20
73,20
73,20
73,19
73,20
73,19
73,20
73,18
73,20
73,18
73,20
73,18
73,20
73,18
73,20
73,20
73,20
73,20
73,20
73,20
73,20
73,20
73,20
73,20
73,20
73,20
73,20
73,20
73,20
73,20
73,20
73,20
73,20
73,20
73,20
73,20
73,20
73,20
73,20
73,20
73,20
73,20
73,22
73,20
73,22
73,20
73,20
73,20
73,19
73,20
73,20
73,20
73,17
73,20
73,20
73,20
73,19
73,20
73,20
73,20
73,20
73,20
73,20
73,20
73,20
73,20
73,20
73,20
73,20
73,20
73,20
73,20
73,20
73,20
73,20
73,20
73,20
73,20
73,20
73,20
73,20
73,20
73,20
73,20
73,20
73,20
73,20
73,20
73,20
73,20
73,20
73,19
73,20
74,20
74,20
74,20
74,20
74,20
74,20
74,20
74,20
74,18
74,20
74,20
74,20
74,17
74,20
74,20
74,20
74,20
74,20
74,20
74,20
74,20
74,20
74,20
74,20
74,20
74,20
74,20
74,20
74,20
74,20
74,20
74,20
74,20
74,20
74,20
74,20
74,20
74,20
74,20
74,20
74,20
74,20
74,20
74,22
74,20
74,22
74,20
74,19
74,20
74,19
74,20
74,17
74,20
74,18
74,20
74,19
74,20
74,18
74,20
74,20
74,20
74,20
74,20
74,20
74,20
74,20
74,20
74,20
74,20
74,20
74,20
74,20
74,20
74,20
74,20
74,20
74,20
74,20
74,20
74,20
74,20
74,20
74,20
74,20
74,20
74,20
74,20
74,20
74,22
74,20
74,20
74,20
74,19
74,20
74,19
74,19
74,17
74,19
74,17
74,20
75,18
75,19
75,18
75,20
75,17
75,19
75,17
75,19
75,19
75,19
75,19
75,20
75,19
75,19
75,19
75,19
75,20
75,20
75,20
75,20
75,19
75,19
75,19
75,19
75,20
75,20
75,20
75,19
75,19
75,19
75,19
75,19
75,19
75,19
75,19
75,20
75,19
75,20
75,19
75,20
75,20
75,20
75,20
75,19
75,20
75,19
75,20
75,18
75,19
75,17
75,20
75,17
75,20
75,20
75,19
75,19
75,19
75,19
75,19
75,19
75,19
75,19
75,19
75,19
75,19
75,19
75,19
75,19
75,19
75,20
75,20
75,20
75,20
75,19
75,19
75,19
75,20
75,19
75,20
75,19
75,22
75,19
75,20
75,19
75,20
75,19
75,19
75,20
75,19
75,20
75,17
75,19
75,19
75,20
75,19
75,20
75,19
75,19
75,19
75,19
76,18
76,19
76,17
76,19
76,17
76,20
76,19
76,19
76,19
76,19
76,20
76,19
76,19
76,19
76,19
76,19
76,20
76,20
76,19
76,19
76,19
76,19
76,19
76,19
76,20
76,20
76,19
76,20
76,19
76,19
76,19
76,20
76,19
76,19
76,19
76,22
76,19
76,19
76,19
76,19
76,19
76,19
76,19
76,17
76,19
76,19
76,19
76,17
76,19
76,18
76,19
76,19
76,19
76,19
76,19
76,19
76,19
76,19
76,19
76,20
76,19
76,19
76,19
76,19
76,19
76,19
76,19
76,19
76,19
76,19
76,19
76,19
76,19
76,19
76,20
76,19
76,20
76,19
76,20
76,19
76,20
76,19
76,19
76,19
76,18
76,19
76,17
76,19
76,17
76,19
76,19
76,19
76,19
76,20
76,19
76,19
76,19
76,19
76,19
76,20
77,17
77,19
77,17
77,20
77,19
77,19
77,19
77,19
77,19
77,19
77,19
77,19
77,19
77,19
77,19
77,19
77,19
77,20
77,19
77,19
77,19
77,19
77,19
77,19
77,19
77,19
77,20
77,20
77,19
77,20
77,19
77,22
77,19
77,22
77,19
77,19
77,19
77,18
77,19
77,19
77,19
77,17
77,19
77,19
77,19
77,19
77,19
77,19
77,19
77,19
77,19
77,19
77,19
77,19
77,19
77,19
77,20
77,19
77,19
77,19
77,19
77,19
77,19
77,20
77,19
77,19
77,19
77,20
77,19
77,19
77,19
77,19
77,20
77,19
77,20
77,19
77,22
77,20
77,22
77,19
77,19
77,19
77,19
77,19
77,18
77,19
77,17
77,19
77,19
77,19
77,19
77,19
77,19
77,19
77,19
77,19
77,19
77,19
77,19
77,19
78,18
78,19
78,19
78,19
78,19
78,19
78,19
78,19
78,19
78,20
78,20
78,19
78,20
78,19
78,19
78,19
78,19
78,19
78,19
78,19
78,20
78,20
78,19
78,19
78,19
78,20
78,19
78,20
78,19
78,22
78,19
78,18
78,19
78,19
78,19
78,19
78,19
78,17
78,19
78,17
78,19
78,18
78,19
78,18
78,20
78,19
78,19
78,20
78,19
78,19
78,19
78,19
78,20
78,19
78,19
78,20
78,19
78,19
78,19
78,20
78,19
78,19
78,19
78,19
78,19
78,19
78,19
78,19
78,19
78,19
78,20
78,19
78,19
78,19
78,19
78,19
78,19
78,19
78,18
78,19
78,18
78,19
78,17
78,19
78,17
78,19
78,19
78,19
78,19
78,19
78,19
78,19
78,19
78,20
78,19
78,19
78,19
78,19
78,19
78,19
79,19
79,19
79,19
79,19
79,19
79,19
79,19
79,19
79,19
79,19
79,19
79,19
79,19
79,19
79,19
79,19
79,19
79,19
79,19
79,19
79,19
79,19
79,19
79,20
79,19
79,20
79,19
79,19
79,19
79,19
79,19
79,18
79,19
79,18
79,19
79,17
79,19
79,17
79,19
79,19
79,19
79,19
79,19
79,19
79,19
79,19
79,19
79,19
79,19
79,19
79,19
79,19
79,19
79,19
79,19
79,19
79,20
79,20
79,19
79,19
79,19
79,19
79,19
79,19
79,20
79,19
79,20
79,19
79,20
79,20
79,19
79,19
79,18
79,19
79,19
79,19
79,17
79,19
79,19
79,19
79,17
79,19
79,19
79,19
79,19
79,19
79,19
79,19
79,19
79,19
79,20
79,19
79,19
79,19
79,19
79,20
79,19
79,19
79,19
79,19
80,19
80,19
80,19
80,19
80,19
80,20
80,20
80,19
80,19
80,19
80,19
80,19
80,19
80,19
80,19
80,19
80,19
80,19
80,19
80,19
80,19
80,20
80,19
80,19
80,19
80,19
80,19
80,19
80,19
80,18
80,19
80,17
80,19
80,16
80,19
80,16
80,19
80,19
80,19
80,19
80,19
80,19
80,19
80,19
80,19
80,19
80,19
80,19
80,19
80,19
80,19
80,19
80,19
80,19
80,19
80,19
80,19
80,19
80,19
80,19
80,19
80,19
80,19
80,19
80,20
80,19
80,20
80,19
80,19
80,19
80,19
80,19
80,17
80,19
80,16
80,19
80,19
80,19
80,17
80,19
80,19
80,19
80,19
80,19
80,19
80,19
80,19
80,19
80,19
80,19
80,19
80,19
80,19
80,19
80,19
80,19
80,19
80,19
80,19
80,19
81,19
81,19
81,19
81,19
81,19
81,19
81,19
81,19
81,19
81,19
81,19
81,19
81,19
81,19
81,19
81,19
81,19
81,19
81,19
81,19
81,19
81,19
81,19
81,20
81,19
81,19
81,19
81,19
81,19
81,19
81,19
81,18
81,19
81,19
81,19
81,16
81,19
81,16
81,19
81,18
81,19
81,18
81,19
81,19
81,19
81,19
81,19
81,19
81,19
81,19
81,19
81,19
81,19
81,19
81,19
81,19
81,19
81,19
81,19
81,19
81,19
81,19
81,19
81,19
81,19
81,19
81,20
81,19
81,20
81,19
81,19
81,19
81,19
81,19
81,18
81,19
81,18
81,19
81,16
81,19
81,16
81,19
81,19
81,19
81,19
81,19
81,19
81,19
81,19
81,19
81,19
81,19
81,19
81,19
81,19
81,19
81,19
81,19
81,19
81,19
82,19
82,19
82,19
82,19
82,19
82,19
82,19
82,19
82,19
82,19
82,19
82,19
82,19
82,19
82,19
82,19
82,19
82,19
82,19
82,19
82,19
82,19
82,19
82,20
82,19
82,20
82,19
82,19
82,19
82,19
82,19
82,19
82,19
82,18
82,19
82,19
82,19
82,16
82,19
82,19
82,19
82,19
82,19
82,19
82,19
82,19
82,19
82,19
82,19
82,19
82,19
82,19
82,19
82,19
82,19
82,19
82,19
82,19
82,19
82,19
82,19
82,19
82,19
82,19
82,19
82,19
82,19
82,19
82,20
82,19
82,20
82,19
82,18
82,19
82,18
82,19
82,16
82,19
82,16
82,19
82,18
82,19
82,18
82,19
82,19
82,19
82,19
82,19
82,19
82,19
82,19
82,19
82,19
82,19
82,19
82,19
82,19
82,19
82,19
82,19
83,19
83,19
83,19
83,19
83,19
83,19
83,19
83,19
83,19
83,19
83,19
83,19
83,19
83,19
83,19
83,19
83,19
83,19
83,19
83,19
83,19
83,20
83,19
83,20
83,19
83,19
83,19
83,19
83,19
83,18
83,19
83,17
83,19
83,19
83,19
83,17
83,19
83,19
83,19
83,19
83,19
83,19
83,19
83,19
83,19
83,19
83,19
83,19
83,19
83,19
83,19
83,19
83,19
83,19
83,19
83,19
83,19
83,19
83,19
83,19
83,19
83,19
83,19
83,19
83,19
83,19
83,20
83,19
83,18
83,19
83,18
83,19
83,18
83,19
83,16
83,19
83,16
83,19
83,16
83,19
83,16
83,19
83,19
83,19
83,19
83,19
83,19
83,19
83,19
83,19
83,19
83,19
83,19
83,19
83,19
83,19
83,19
83,19
83,19
83,19
84,18
84,18
84,19
84,19
84,19
84,18
84,18
84,18
84,18
84,19
84,19
84,19
84,19
84,18
84,18
84,18
84,18
84,19
84,19
84,19
84,19
84,18
84,18
84,19
84,18
84,20
84,18
84,20
84,18
84,18
84,18
84,17
84,18
84,17
84,18
84,16
84,19
84,16
84,19
84,19
84,18
84,18
84,18
84,19
84,19
84,19
84,19
84,19
84,19
84,19
84,19
84,18
84,18
84,18
84,18
84,19
84,19
84,19
84,19
84,18
84,18
84,18
84,19
84,19
84,19
84,19
84,18
84,18
84,20
84,18
84,18
84,18
84,19
84,18
84,18
84,18
84,17
84,18
84,16
84,18
84,16
84,18
84,16
84,18
84,18
84,19
84,19
84,19
84,19
84,18
84,18
84,18
84,18
84,18
84,18
84,18
84,18
84,18
84,18
84,18
85,18
85,18
85,18
85,18
85,18
85,18
85,18
85,18
85,18
85,18
85,18
85,18
85,18
85,18
85,18
85,18
85,18
85,18
85,18
85,18
85,18
85,18
85,18
85,18
85,18
85,20
85,18
85,20
85,18
85,20
85,18
85,20
85,18
85,17
85,18
85,17
85,18
85,16
85,18
85,16
85,18
85,16
85,18
85,16
85,18
85,18
85,18
85,18
85,18
85,18
85,18
85,18
85,18
85,18
85,18
85,18
85,18
85,18
85,18
85,18
85,18
85,18
85,18
85,18
85,18
85,18
85,18
85,18
85,18
85,18
85,19
85,18
85,18
85,18
85,20
85,18
85,18
85,18
85,17
85,18
85,17
85,18
85,16
85,18
85,16
85,18
85,17
85,18
85,17
85,18
85,18
85,18
85,18
85,18
85,18
85,18
85,18
85,18
85,18
85,18
86,17
86,18
86,18
86,18
86,16
86,18
86,18
86,18
86,18
86,18
86,18
86,18
86,18
86,18
86,18
86,18
86,18
86,18
86,18
86,18
86,18
86,18
86,18
86,18
86,18
86,18
86,18
86,18
86,18
86,18
86,18
86,18
86,18
86,18
86,18
86,20
86,18
86,20
86,18
86,20
86,18
86,20
86,18
86,17
86,18
86,17
86,18
86,16
86,18
86,16
86,18
86,18
86,18
86,18
86,18
86,18
86,18
86,18
86,18
86,18
86,18
86,18
86,18
86,18
86,18
86,18
86,18
86,18
86,18
86,18
86,18
86,18
86,18
86,18
86,18
86,18
86,18
86,18
86,18
86,18
86,20
86,18
86,18
86,18
86,19
86,18
86,17
86,18
86,17
86,18
86,16
86,18
86,16
86,18
86,16
86,18
86,18
86,18
86,18
86,18
87,18
87,18
87,17
87,18
87,18
87,18
87,16
87,18
87,18
87,18
87,17
87,18
87,18
87,18
87,18
87,18
87,18
87,18
87,18
87,18
87,17
87,17
87,18
87,18
87,18
87,18
87,18
87,18
87,18
87,18
87,18
87,18
87,18
87,18
87,18
87,18
87,18
87,19
87,18
87,19
87,18
87,20
87,18
87,20
87,18
87,18
87,18
87,17
87,18
87,16
87,18
87,16
87,18
87,17
87,18
87,17
87,18
87,18
87,18
87,18
87,18
87,18
87,18
87,18
87,18
87,18
87,17
87,18
87,18
87,18
87,18
87,18
87,18
87,18
87,18
87,18
87,18
87,18
87,18
87,18
87,18
87,18
87,19
87,18
87,18
87,18
87,20
87,18
87,18
87,17
87,17
87,18
87,17
87,18
87,16
87,18
87,16
87,18
87,16
87,18
88,18
88,18
88,20
88,18
88,20
88,17
88,17
88,18
88,17
88,18
88,17
88,18
88,15
88,18
88,17
88,18
88,17
88,18
88,18
88,18
88,18
88,18
88,18
88,18
88,18
88,18
88,17
88,18
88,18
88,18
88,18
88,17
88,18
88,18
88,18
88,17
88,18
88,17
88,18
88,18
88,17
88,17
88,18
88,18
88,18
88,19
88,18
88,19
88,17
88,18
88,18
88,17
88,18
88,17
88,18
88,16
88,17
88,16
88,18
88,17
88,18
88,17
88,18
88,18
88,18
88,17
88,17
88,17
88,17
88,17
88,18
88,17
88,17
88,18
88,18
88,18
88,18
88,18
88,18
88,17
88,18
88,18
88,17
88,17
88,18
88,17
88,18
88,18
88,19
88,17
88,17
88,17
88,18
88,18
88,18
88,18
88,16
88,18
88,16
88,18
89,18
89,18
89,18
89,18
89,19
89,18
89,19
89,18
89,20
89,17
89,18
89,18
89,18
89,17
89,17
89,17
89,17
89,18
89,16
89,17
89,17
89,18
89,15
89,17
89,18
89,17
89,17
89,18
89,17
89,18
89,18
89,17
89,17
89,18
89,18
89,17
89,17
89,17
89,18
89,17
89,18
89,18
89,18
89,18
89,18
89,18
89,18
89,17
89,17
89,18
89,18
89,18
89,18
89,20
89,18
89,20
89,17
89,17
89,17
89,17
89,18
89,16
89,17
89,15
89,17
89,17
89,18
89,17
89,17
89,18
89,17
89,17
89,17
89,18
89,18
89,18
89,18
89,17
89,17
89,18
89,18
89,18
89,18
89,18
89,18
89,18
89,18
89,17
89,18
89,18
89,18
89,18
89,17
89,18
89,17
89,18
89,17
89,18
89,20
89,18
90,17
90,17
90,17
90,17
90,18
90,18
90,18
90,17
90,17
90,17
90,17
90,17
90,17
90,17
90,19
90,17
90,19
90,17
90,17
90,17
90,17
90,17
90,17
90,17
90,16
90,17
90,17
90,17
90,15
90,17
90,17
90,17
90,17
90,17
90,17
90,17
90,17
90,17
90,17
90,17
90,17
90,17
90,17
90,17
90,17
90,17
90,17
90,17
90,17
90,17
90,17
90,17
90,17
90,17
90,17
90,17
90,17
90,17
90,17
90,18
90,17
90,19
90,17
90,17
90,17
90,18
90,17
90,16
90,17
90,16
90,17
90,15
90,17
90,15
90,17
90,17
90,17
90,17
90,17
90,17
90,17
90,17
90,17
90,17
90,17
90,17
90,17
90,17
90,17
90,17
90,17
90,17
90,17
90,17
90,17
90,17
90,18
90,17
90,17
90,17