=~=~=~=~=~=~=~=~=~=~=~= PuTTY log 2019.01.26 21:10:50 =~=~=~=~=~=~=~=~=~=~=~=

0,76
0,41
0,44
0,72
0,43
0,42
0,70
0,46
0,68
0,47
0,38
0,70
0,45
0,39
0,72
0,43
0,43
0,42
0,43
0,42
0,70
0,19
0,64
0,21
0,54
0,30
0,34
0,70
0,67
0,69
0,74
0,66
0,71
0,66
0,81
0,72
0,75
0,74
0,71
0,71
0,62
0,67
0,78
0,67
0,68
0,68
0,71
0,71
0,71
0,65
0,57
0,60
0,77
0,74
0,71
0,75
0,71
0,70
0,67
0,72
0,74
0,59
0,65
0,72
0,79
0,66
0,76
0,69
0,74
0,68
0,68
0,71
0,66
0,76
0,52
0,72
0,72
0,69
0,60
0,76
0,67
0,78
0,73
0,59
0,92
0,73
0,66
0,74
0,68
0,91
0,68
0,65
0,67
0,73
0,74
0,67
0,65
0,54
0,60
0,71
1,78
1,38
1,75
1,40
1,45
1,40
1,81
1,36
1,49
1,72
1,44
1,41
1,84
1,32
1,51
1,34
1,82
1,35
1,65
1,22
1,62
1,25
1,59
1,27
1,59
1,27
1,63
1,83
1,63
1,78
1,69
1,69
1,78
1,72
1,63
1,68
1,68
1,73
1,71
1,89
1,80
1,65
1,67
1,86
1,68
1,65
1,71
1,71
1,73
1,69
1,70
1,74
1,74
1,72
1,67
1,73
1,73
1,59
1,68
1,67
1,83
1,70
1,81
1,71
1,71
1,67
1,54
1,59
1,74
1,60
1,74
1,73
1,73
1,73
1,84
1,74
1,77
1,73
1,77
1,84
1,64
1,68
1,68
1,67
1,60
1,60
1,69
1,54
1,70
1,62
1,68
1,73
1,61
1,65
1,72
1,65
1,75
1,78
1,72
1,68
2,74
2,43
2,42
2,71
2,44
2,42
2,70
2,18
2,66
2,20
2,54
2,30
2,73
2,42
2,43
2,43
2,43
2,72
2,43
2,41
2,42
2,71
2,44
2,42
2,64
2,41
2,75
2,64
2,67
2,67
2,68
2,70
2,68
2,78
2,67
2,60
2,74
2,69
2,71
2,71
2,68
2,76
2,62
2,66
2,70
2,64
2,68
2,77
2,70
2,73
2,76
2,73
2,68
2,71
2,69
2,70
2,72
2,71
2,60
2,71
2,68
2,68
2,69
2,83
2,65
2,72
2,88
2,66
2,74
2,70
2,66
2,72
2,74
2,78
2,68
2,70
2,57
2,68
2,62
2,69
2,68
2,71
2,60
2,84
2,78
2,69
2,70
2,66
2,82
2,93
2,82
2,59
2,62
2,75
2,65
2,66
2,75
2,71
2,56
2,77
3,68
3,20
3,63
3,22
3,71
3,44
3,41
3,85
3,33
3,51
3,34
3,69
3,19
3,65
3,50
3,85
3,77
3,39
3,45
3,40
3,81
3,37
3,47
3,37
3,85
3,76
3,41
3,44
3,58
3,68
3,74
3,57
3,74
3,77
3,63
3,68
3,71
3,76
3,75
3,73
3,72
3,73
3,73
3,56
3,70
3,70
3,73
3,75
3,63
3,73
3,76
3,75
3,70
3,70
3,65
3,72
3,69
3,81
3,71
3,68
3,74
3,74
3,86
3,70
3,77
3,75
3,70
3,93
3,74
3,76
3,74
3,61
3,76
3,69
3,65
3,80
3,66
3,70
3,73
3,81
3,66
3,78
3,79
3,70
3,74
3,70
3,62
3,66
3,59
3,73
3,76
3,76
3,63
3,67
3,73
3,67
3,70
3,66
3,82
3,76
4,68
4,19
4,64
4,21
4,63
4,23
4,68
4,19
4,64
4,21
4,73
4,43
4,42
4,85
4,32
4,70
4,17
4,65
4,20
4,55
4,30
4,54
4,31
4,68
4,59
4,69
4,71
4,72
4,74
4,75
4,61
4,70
4,79
4,69
4,74
4,74
4,82
4,69
4,74
4,61
4,26
4,68
4,71
4,76
4,74
4,70
4,71
4,63
4,67
4,75
4,66
4,68
4,65
4,72
4,66
4,76
4,56
4,77
4,72
4,73
4,62
4,72
4,65
4,69
4,59
4,77
4,77
4,64
4,76
4,58
4,65
4,75
4,70
4,66
4,71
4,74
4,77
4,73
4,73
4,68
4,68
4,70
4,72
4,76
4,71
4,72
4,66
4,87
4,59
4,78
4,67
4,72
4,68
4,70
4,66
4,69
4,61
4,73
4,77
4,73
5,77
5,39
5,46
5,72
5,15
5,59
5,26
5,58
5,28
5,57
5,29
5,72
5,16
5,68
5,19
5,65
5,20
5,63
5,25
5,61
5,24
5,60
5,26
5,70
5,67
5,73
5,79
5,63
5,70
5,69
5,73
5,76
5,83
5,70
5,75
5,70
5,70
5,70
5,75
5,69
5,67
5,69
5,70
5,62
5,71
5,75
5,77
5,66
5,70
5,61
5,61
5,62
5,65
5,77
5,71
5,73
5,64
5,75
5,63
5,74
5,68
5,78
5,76
5,68
5,75
5,69
5,73
5,70
5,68
5,70
5,63
5,69
5,66
5,69
5,85
5,64
5,69
5,65
5,70
5,68
5,71
5,67
5,81
5,69
5,66
5,81
5,70
5,72
5,72
5,68
5,58
5,66
5,74
5,63
5,69
5,69
5,79
5,63
5,83
5,76
6,70
6,17
6,65
6,21
6,58
6,27
6,70
6,18
6,64
6,22
6,71
6,19
6,64
6,21
6,56
6,30
6,54
6,31
6,86
6,31
6,54
6,32
6,62
6,39
6,69
6,70
6,69
6,72
6,78
6,73
6,68
6,60
6,69
6,68
6,65
6,69
6,76
6,73
6,76
6,77
6,62
6,68
6,72
6,72
6,79
6,87
6,78
6,77
6,66
6,75
6,72
6,65
6,68
6,74
6,85
6,71
6,68
6,70
6,65
6,71
6,75
6,71
6,70
6,72
6,68
6,80
6,67
6,70
6,71
6,65
6,54
6,66
6,63
6,72
6,63
6,68
6,76
6,56
6,64
6,70
6,61
6,73
6,75
6,71
6,61
6,63
6,70
6,66
6,66
6,53
6,60
6,63
6,69
6,67
6,70
6,65
6,69
6,68
6,72
6,68
7,74
7,15
7,68
7,18
7,56
7,29
7,55
7,30
7,66
7,20
7,63
7,23
7,57
7,27
7,57
7,29
7,55
7,30
7,64
7,23
7,61
7,25
7,33
7,70
7,73
7,67
7,63
7,81
7,77
7,82
7,71
7,83
7,77
7,70
7,82
7,70
7,73
7,67
7,72
7,73
7,74
7,88
7,77
7,72
7,69
7,74
7,90
7,70
7,67
7,76
7,69
7,75
7,65
7,74
7,71
7,74
7,68
7,71
7,68
7,60
7,83
7,72
7,70
7,67
7,70
7,79
7,63
7,69
7,73
7,72
7,88
7,81
7,68
7,67
7,86
7,70
7,87
7,68
7,68
7,74
7,71
7,68
7,92
7,74
7,72
7,70
7,71
7,74
7,68
7,69
7,68
7,68
7,86
7,71
7,65
7,57
7,84
7,68
7,75
7,69
8,81
8,35
8,83
8,35
8,48
8,37
8,69
8,18
8,60
8,25
8,59
8,26
8,58
8,28
8,56
8,30
8,55
8,30
8,87
8,31
8,69
8,18
8,66
8,19
8,27
8,78
8,70
8,76
8,68
8,89
8,59
8,74
8,74
8,70
8,75
8,69
8,61
8,69
8,81
8,70
8,61
8,73
8,71
8,69
8,67
8,69
8,65
8,85
8,72
8,60
8,63
8,69
8,70
8,70
8,68
8,75
8,70
8,67
8,70
8,70
8,70
8,71
8,65
8,69
8,59
8,73
8,75
8,69
8,61
8,65
8,71
8,66
8,70
8,69
8,66
8,63
8,73
8,74
8,71
8,67
8,85
8,71
8,77
8,70
8,58
8,67
8,72
8,70
8,69
8,73
8,68
8,58
8,66
8,71
8,60
8,69
8,69
8,71
8,61
8,69
9,72
9,15
9,69
9,18
9,60
9,25
9,63
9,24
9,60
9,25
9,65
9,21
9,74
9,14
9,70
9,17
9,67
9,20
9,87
9,31
9,53
9,32
9,52
9,36
9,68
9,70
9,71
9,60
9,69
9,63
9,67
9,70
9,73
9,74
9,72
9,69
9,70
9,71
9,65
9,70
9,70
9,67
9,67
9,70
9,71
9,70
9,70
9,68
9,70
9,70
9,69
9,68
9,62
9,67
9,66
9,65
9,69
9,73
9,69
9,75
9,69
9,67
9,70
9,64
9,78
9,68
9,62
9,64
9,62
9,70
9,69
9,74
9,68
9,84
9,77
9,63
9,72
9,70
9,66
9,73
9,60
9,75
9,70
9,69
9,67
9,71
9,62
9,68
9,69
9,71
9,73
9,65
9,86
9,69
9,74
9,73
9,71
9,84
9,74
9,70
10,67
10,19
10,64
10,20
10,54
10,29
10,64
10,21
10,62
10,24
10,60
10,25
10,57
10,28
10,55
10,29
10,70
10,70
10,62
10,63
10,69
10,67
10,54
10,67
10,70
10,66
10,69
10,70
10,61
10,68
10,66
10,65
10,68
10,70
10,66
10,74
10,69
10,68
10,72
10,68
10,70
10,69
10,69
10,69
10,66
10,68
10,68
10,65
10,71
10,69
10,66
10,69
10,75
10,71
10,84
10,69
10,70
10,64
10,68
10,66
10,77
10,61
10,65
10,68
10,70
10,72
10,69
10,65
10,69
10,66
10,70
10,70
10,62
10,66
10,75
10,69
10,69
10,63
10,69
10,67
10,26
10,60
10,65
10,68
10,69
10,57
10,62
10,69
10,76
10,69
10,69
10,68
10,64
10,69
10,71
10,69
10,71
10,69
10,63
10,67
11,74
11,14
11,69
11,17
11,56
11,28
11,72
11,15
11,59
11,26
11,53
11,31
11,52
11,33
11,62
11,23
11,67
11,71
11,76
11,69
11,68
11,71
11,69
11,65
11,67
11,68
11,68
11,67
11,69
11,70
11,68
11,68
11,69
11,89
11,68
11,74
11,68
11,58
11,66
11,65
11,62
11,60
11,69
11,79
11,67
11,77
11,69
11,68
11,69
11,68
11,96
11,70
11,69
11,68
11,68
11,69
11,72
11,60
11,77
11,70
11,71
11,68
11,68
11,68
11,71
11,70
11,69
11,68
11,69
11,95
11,70
11,72
11,69
11,74
11,66
11,61
11,66
11,63
11,66
11,60
11,64
11,68
11,64
11,74
11,69
11,75
11,69
11,69
11,68
11,75
11,69
11,68
11,69
11,67
11,64
11,68
11,75
11,68
11,71
11,70
12,69
12,18
12,65
12,19
12,64
12,23
12,60
12,25
12,58
12,23
12,68
12,17
12,64
12,20
12,65
12,20
12,68
12,69
12,67
12,69
12,47
12,65
12,69
12,68
12,69
12,65
12,70
12,75
12,68
12,70
12,69
12,69
12,69
12,69
12,68
12,68
12,69
12,58
12,67
12,68
12,68
12,69
12,69
12,69
12,69
12,70
12,66
12,68
12,61
12,65
12,70
12,68
12,67
12,65
12,68
12,70
12,71
12,70
12,87
12,68
12,69
12,68
12,64
12,59
12,71
12,68
12,70
12,81
12,70
12,69
12,68
12,69
12,61
12,70
12,74
12,67
12,85
12,71
12,72
12,67
12,71
12,68
12,68
12,92
12,68
12,70
12,70
12,76
12,71
12,71
12,69
12,77
12,69
12,66
12,69
12,67
12,62
12,71
12,70
12,68
13,68
13,18
13,64
13,21
13,62
13,24
13,59
13,26
13,69
13,17
13,69
13,18
13,66
13,19
13,70
13,17
13,66
13,63
13,69
13,68
13,64
13,65
13,66
13,68
13,68
13,66
13,68
13,66
13,65
13,65
13,70
13,69
13,82
13,68
13,63
13,69
13,68
13,70
13,68
13,68
13,68
13,68
13,66
13,69
13,69
13,70
13,68
13,67
13,70
13,66
13,70
13,68
13,68
13,69
13,69
13,67
13,68
13,67
13,68
13,78
13,68
13,68
13,87
13,69
13,70
13,68
13,70
13,67
13,69
13,69
13,67
13,62
13,69
13,69
13,69
13,64
13,70
13,74
13,70
13,69
13,63
13,70
13,68
13,69
13,71
13,68
13,77
13,68
13,68
13,68
13,68
13,67
13,66
13,69
13,69
13,71
13,70
13,65
13,67
13,68
14,69
14,17
14,64
14,23
14,68
14,18
14,65
14,20
14,63
14,22
14,61
14,23
14,60
14,24
14,59
14,25
14,55
14,62
14,71
14,67
14,69
14,68
14,67
14,69
14,68
14,54
14,78
14,70
14,66
14,68
14,70
14,70
14,69
14,70
14,71
14,74
14,68
14,69
14,68
14,69
14,65
14,61
14,62
14,69
14,86
14,66
14,72
14,58
14,67
14,67
14,70
14,66
14,72
14,68
14,68
14,68
14,69
14,70
14,68
14,68
14,55
14,70
14,67
14,68
14,70
14,65
14,65
14,67
14,65
14,68
14,64
14,68
14,68
14,75
14,71
14,70
14,68
14,63
14,66
14,73
14,60
14,69
14,81
14,68
14,74
14,62
14,69
14,69
14,68
14,71
14,69
14,70
14,69
14,65
14,68
14,69
14,63
14,64
14,69
14,69
15,70
15,17
15,66
15,20
15,68
15,17
15,66
15,21
15,62
15,22
15,61
15,23
15,63
15,22
15,61
15,24
15,68
15,68
15,71
15,66
15,65
15,69
15,67
15,69
15,62
15,71
15,69
15,68
15,55
15,67
15,65
15,69
15,66
15,65
15,69
15,64
15,70
15,69
15,68
15,69
15,71
15,61
15,82
15,69
15,69
15,68
15,63
15,69
15,68
15,65
15,71
15,65
15,69
15,68
15,68
15,63
15,69
15,68
15,69
15,87
15,70
15,66
15,69
15,68
15,58
15,69
15,69
15,72
15,68
15,63
15,70
15,89
15,66
15,68
15,70
15,68
15,70
15,68
15,67
15,70
15,71
15,68
15,68
15,68
15,66
15,68
15,68
15,68
15,90
15,73
15,68
15,66
15,64
15,68
15,77
15,69
15,69
15,67
15,68
15,82
16,70
16,17
16,70
16,16
16,70
16,17
16,68
16,18
16,59
16,25
16,58
16,27
16,68
16,18
16,65
16,20
16,63
16,70
16,87
16,66
16,69
16,68
16,70
16,63
16,87
16,65
16,67
16,69
16,69
16,69
16,63
16,68
16,67
16,65
16,67
16,70
16,70
16,49
16,69
16,69
16,45
16,69
16,70
16,60
16,68
16,71
16,64
16,70
16,63
16,70
16,67
16,55
16,77
16,69
16,68
16,76
16,69
16,68
16,69
16,69
16,69
16,71
16,86
16,71
16,68
16,69
16,70
16,69
16,66
16,74
16,67
16,69
16,69
16,68
16,65
16,68
16,69
16,68
16,69
16,68
16,77
16,78
16,70
16,69
16,73
16,71
16,65
16,66
16,69
16,70
16,68
16,68
16,75
16,69
16,72
16,68
16,62
16,69
16,63
16,69
17,69
17,18
17,70
17,17
17,67
17,19
17,64
17,22
17,82
17,34
17,49
17,35
17,70
17,16
17,68
17,20
17,64
17,14
17,70
17,68
17,91
17,69
17,70
17,61
17,69
17,70
17,81
17,70
17,78
17,71
17,68
17,72
17,70
17,69
17,68
17,68
17,65
17,71
17,87
17,70
17,70
17,69
17,69
17,69
17,68
17,90
17,70
17,68
17,77
17,70
17,66
17,68
17,69
17,68
17,69
17,71
17,68
17,69
17,70
17,69
17,65
17,69
17,66
17,64
17,70
17,64
17,69
17,69
17,69
17,69
17,90
17,69
17,71
17,68
17,69
17,61
17,68
17,71
17,69
17,68
17,69
17,71
17,68
17,74
17,68
17,84
17,67
17,70
17,75
17,68
17,65
17,65
17,69
17,69
17,68
17,58
17,65
17,64
17,68
17,79
18,81
18,36
18,59
18,26
18,70
18,16
18,67
18,19
18,64
18,21
18,62
18,23
18,71
18,17
18,66
18,21
18,63
18,30
18,64
18,69
18,68
18,69
18,65
18,89
18,71
18,68
18,67
18,71
18,66
18,62
18,59
18,69
18,68
18,71
18,69
18,69
18,66
18,67
18,74
18,71
18,66
18,68
18,70
18,68
18,62
18,67
18,71
18,70
18,71
18,69
18,68
18,68
18,68
18,72
18,69
18,69
18,68
18,69
18,67
18,66
18,71
18,71
18,69
18,69
18,85
18,63
18,70
18,81
18,68
18,70
18,71
18,71
18,64
18,66
18,69
18,71
18,71
18,59
18,69
18,87
18,70
18,75
18,69
18,65
18,70
18,68
18,68
18,69
18,68
18,69
18,69
18,70
18,77
18,70
18,61
18,72
18,65
18,70
18,70
18,43
19,64
19,22
19,61
19,26
19,63
19,22
19,61
19,24
19,59
19,26
19,57
19,27
19,68
19,18
19,65
19,21
19,62
19,69
19,75
19,69
19,60
19,61
19,69
19,69
19,69
19,70
19,69
19,68
19,71
19,68
19,69
19,68
19,70
19,70
19,70
19,70
19,64
19,65
19,69
19,67
19,70
19,73
19,71
19,79
19,65
19,68
19,65
19,70
19,69
19,65
19,82
19,66
19,69
19,69
19,70
19,70
19,71
19,70
19,70
19,71
19,76
19,72
19,68
19,66
19,65
19,69
19,69
19,69
19,63
19,81
19,73
19,68
19,69
19,68
19,69
19,70
19,66
19,71
19,66
19,63
19,71
19,71
19,70
19,69
19,70
19,67
19,70
19,84
19,70
19,67
19,55
19,89
19,71
19,70
19,69
19,69
19,70
19,71
19,71
19,69
20,69
20,18
20,63
20,21
20,60
20,25
20,63
20,22
20,61
20,24
20,59
20,26
20,57
20,27
20,71
20,16
20,66
20,70
20,68
20,70
20,70
20,68
20,71
20,83
20,68
20,66
20,68
20,80
20,70
20,70
20,68
20,60
20,69
20,70
20,64
20,70
20,65
20,94
20,69
20,70
20,82
20,79
20,66
20,69
20,69
20,69
20,69
20,69
20,69
20,70
20,71
20,69
20,61
20,80
20,69
20,62
20,72
20,65
20,70
20,69
20,70
20,67
20,68
20,76
20,71
20,69
20,71
20,68
20,69
20,69
20,69
20,68
20,69
20,68
20,68
20,68
20,64
20,70
20,67
20,68
20,67
20,68
20,70
20,81
20,69
20,68
20,72
20,70
20,71
20,69
20,66
20,68
20,68
20,69
20,71
20,68
20,69
20,69
20,64
20,70
21,70
21,17
21,70
21,17
21,66
21,19
21,64
21,23
21,60
21,26
21,70
21,17
21,66
21,20
21,63
21,21
21,62
21,69
21,68
21,69
21,68
21,70
21,71
21,69
21,70
21,59
21,70
21,68
21,68
21,67
21,67
21,67
21,69
21,69
21,69
21,69
21,70
21,68
21,69
21,66
21,68
21,69
21,65
21,67
21,87
21,65
21,67
21,72
21,68
21,67
21,59
21,68
21,67
21,70
21,67
21,68
21,68
21,69
21,69
21,70
21,57
21,72
21,69
21,70
21,80
21,66
21,69
21,71
21,70
21,76
21,63
21,69
21,67
21,69
21,69
21,65
21,67
21,69
21,69
21,69
21,71
21,68
21,77
21,72
21,65
21,69
21,69
21,67
21,69
21,67
21,70
21,61
21,69
21,67
21,67
21,71
21,70
21,69
21,71
21,69
22,64
22,22
22,62
22,24
22,60
22,25
22,68
22,19
22,65
22,20
22,70
22,17
22,67
22,20
22,62
22,23
22,61
22,60
22,50
22,68
22,77
22,70
22,70
22,88
22,72
22,68
22,79
22,69
22,69
22,67
22,70
22,76
22,60
22,62
22,69
22,69
22,84
22,65
22,69
22,69
22,69
22,68
22,68
22,67
22,72
22,70
22,69
22,66
22,68
22,69
22,68
22,69
22,66
22,72
22,69
22,69
22,69
22,69
22,68
22,83
22,71
22,69
22,68
22,69
22,68
22,70
22,70
22,69
22,70
22,62
22,69
22,70
22,71
22,69
22,67
22,70
22,68
22,69
22,68
22,70
22,69
22,68
22,69
22,70
22,62
22,78
22,68
22,68
22,67
22,96
22,69
22,69
22,67
22,70
22,69
22,63
22,68
22,68
22,70
22,62
23,69
23,19
23,68
23,18
23,64
23,21
23,63
23,22
23,70
23,19
23,63
23,23
23,69
23,18
23,66
23,19
23,64
23,70
23,65
23,64
23,69
23,68
23,70
23,71
23,67
23,71
23,68
23,66
23,69
23,68
23,70
23,77
23,81
23,69
23,71
23,69
23,77
23,69
23,69
23,69
23,68
23,79
23,69
23,69
23,71
23,62
23,86
23,86
23,69
23,68
23,69
23,68
23,69
23,70
23,67
23,68
23,93
23,69
23,66
23,68
23,69
23,69
23,66
23,73
23,71
23,68
23,65
23,65
23,77
23,65
23,69
23,69
23,71
23,68
23,71
23,69
23,61
23,68
23,68
23,70
23,70
23,84
23,70
23,66
23,74
23,63
23,66
23,70
23,91
23,71
23,68
23,69
23,68
23,76
23,69
23,75
23,69
23,69
23,69
23,67
24,70
24,18
24,70
24,45
24,39
24,67
24,20
24,69
24,18
24,64
24,24
24,71
24,18
24,66
24,19
24,64
24,24
24,71
24,70
24,69
24,70
24,90
24,67
24,69
24,70
24,87
24,72
24,70
24,65
24,66
24,64
24,79
24,68
24,70
24,69
24,70
24,68
24,69
24,52
24,71
24,70
24,63
24,70
24,71
24,69
24,69
24,75
24,71
24,70
24,67
24,70
24,73
24,68
24,54
24,68
24,68
24,68
24,69
24,69
24,66
24,71
24,64
24,65
24,71
24,69
24,56
24,90
24,69
24,82
24,66
24,70
24,67
24,66
24,68
24,78
24,82
24,68
24,71
24,61
24,70
24,69
24,70
24,78
24,63
24,69
24,69
24,73
24,66
24,71
24,70
24,69
24,68
24,67
24,67
24,81
24,69
24,63
24,69
24,68
24,70
25,69
25,20
25,64
25,23
25,68
25,19
25,64
25,21
25,63
25,24
25,60
25,27
25,67
25,21
25,62
25,23
25,61
25,75
25,65
25,61
25,68
25,69
25,61
25,69
25,70
25,69
25,68
25,69
25,68
25,69
25,90
25,68
25,69
25,81
25,90
25,70
25,70
25,71
25,67
25,69
25,69
25,76
25,68
25,71
25,69
25,75
25,69
25,75
25,72
25,68
25,70
25,66
25,70
25,70
25,71
25,75
25,93
25,70
25,66
25,70
25,70
25,70
25,68
25,69
25,74
25,69
25,69
25,71
25,69
25,65
25,69
25,70
25,70
25,77
25,68
25,66
25,71
25,70
25,69
25,71
25,76
25,68
25,70
25,73
25,68
25,68
25,70
25,71
25,80
25,71
25,69
25,69
25,68
25,85
25,68
25,67
25,65
25,71
25,70
25,70
26,70
26,46
26,39
26,69
26,46
26,38
26,71
26,45
26,40
26,70
26,46
26,38
26,70
26,19
26,64
26,23
26,60
26,24
26,37
26,66
26,69
26,71
26,68
26,71
26,68
26,69
26,47
26,68
26,74
26,70
26,69
26,71
26,69
26,68
26,69
26,64
26,70
26,70
26,71
26,69
26,69
26,69
26,1
26,70
26,61
26,64
26,68
26,69
26,69
26,68
26,80
26,71
26,70
26,90
26,70
26,69
26,78
26,69
26,68
26,58
26,54
26,57
26,70
26,70
26,69
26,71
26,70
26,70
26,69
26,68
26,69
26,78
26,68
26,68
26,65
26,68
26,67
26,70
26,69
26,71
26,70
26,64
26,90
26,82
26,68
26,70
26,69
26,78
26,61
26,69
26,64
26,63
26,70
26,65
26,69
26,65
26,68
26,65
26,68
26,61
27,63
27,24
27,60
27,26
27,71
27,44
27,64
27,22
27,60
27,24
27,63
27,23
27,71
27,44
27,41
27,70
27,45
27,39
27,59
27,62
27,69
27,69
27,64
27,69
27,67
27,70
27,70
27,69
27,68
27,70
27,69
27,69
27,70
27,68
27,78
27,61
27,67
27,69
27,68
27,77
27,68
27,69
27,70
27,61
27,69
27,83
27,71
27,72
27,92
27,68
27,66
27,66
27,78
27,63
27,69
27,69
27,73
27,86
27,70
27,69
27,68
27,69
27,87
27,69
27,70
27,68
27,65
27,69
27,79
27,88
27,71
27,68
27,66
27,71
27,68
27,72
27,69
27,83
27,69
27,67
27,85
27,67
27,81
27,70
27,69
27,69
27,69
27,79
27,73
27,60
27,68
27,69
27,67
27,71
27,69
27,65
27,69
27,68
27,68
27,69
28,62
28,25
28,69
28,46
28,39
28,69
28,46
28,61
28,25
28,58
28,28
28,69
28,46
28,69
28,48
28,37
28,68
28,47
28,38
28,71
28,60
28,68
28,66
28,70
28,64
28,70
28,70
28,65
28,71
28,68
28,68
28,67
28,69
28,68
28,70
28,62
28,69
28,68
28,61
28,78
28,68
28,68
28,68
28,67
28,68
28,85
28,69
28,68
28,70
28,69
28,69
28,70
28,70
28,70
28,68
28,71
28,61
28,91
28,68
28,67
28,67
28,69
28,68
28,69
28,69
28,69
28,71
28,61
28,70
28,73
28,64
28,70
28,70
28,70
28,68
28,77
28,68
28,67
28,71
28,68
28,70
28,69
28,69
28,70
28,68
28,70
28,61
28,67
28,69
28,61
28,64
28,71
28,69
28,70
28,83
28,67
28,70
28,69
28,70
28,63
29,68
29,46
29,39
29,68
29,47
29,38
29,67
29,18
29,3
29,68
29,46
29,38
29,57
29,29
29,70
29,45
29,67
29,47
29,66
29,65
29,70
29,70
29,70
29,84
29,59
29,67
29,68
29,70
29,69
29,69
29,69
29,69
29,69
29,77
29,78
29,69
29,69
29,71
29,78
29,59
29,68
29,69
29,68
29,68
29,70
29,70
29,69
29,81
29,61
29,99
29,63
29,63
29,91
29,61
29,69
29,70
29,84
29,69
29,70
29,61
29,71
29,69
29,68
29,66
29,66
29,70
29,71
29,74
29,71
29,69
29,65
29,69
29,70
29,71
29,80
29,74
29,71
29,66
29,71
29,68
29,71
29,70
29,70
29,70
29,71
29,63
29,65
29,81
29,62
29,70
29,69
29,81
29,58
29,69
29,70
29,61
29,70
29,69
29,66
29,69
30,70
30,45
30,40
30,58
30,28
30,69
30,46
30,38
30,83
30,35
30,50
30,35
30,95
30,66
30,48
30,37
30,69
30,48
30,38
30,66
30,68
30,70
30,62
30,60
30,68
30,68
30,67
30,60
30,68
30,72
30,70
30,66
30,69
30,70
30,67
30,69
30,69
30,69
30,61
30,66
30,65
30,70
30,71
30,69
30,69
30,68
30,63
30,69
30,70
30,72
30,68
30,70
30,69
30,58
30,69
30,67
30,74
30,69
30,70
30,68
30,68
30,67
30,70
30,68
30,69
30,62
30,74
30,68
30,67
30,63
30,66
30,69
30,72
30,70
30,83
30,69
30,69
30,69
30,68
30,75
30,72
30,69
30,68
30,68
30,61
30,70
30,72
30,66
30,69
30,65
30,89
30,70
30,71
30,69
30,84
30,70
30,59
30,61
30,68
30,68
31,70
31,46
31,71
31,46
31,39
31,70
31,48
31,38
31,70
31,45
31,69
31,47
31,38
31,77
31,67
31,49
31,64
31,50
31,35
31,57
31,36
31,66
31,69
31,69
31,69
31,64
31,68
31,62
31,64
31,65
31,65
31,67
31,71
31,68
31,76
31,68
31,69
31,66
31,68
31,70
31,71
31,63
31,69
31,69
31,69
31,68
31,64
31,70
31,60
31,60
31,71
31,71
31,59
31,69
31,69
31,73
31,69
31,65
31,69
31,59
31,77
31,60
31,64
31,58
31,70
31,73
31,64
31,61
31,62
31,69
31,63
31,61
31,69
31,78
31,70
31,56
31,79
31,69
31,68
31,70
31,66
31,62
31,69
31,66
31,67
31,68
31,68
31,62
31,71
31,69
31,69
31,82
31,75
31,63
31,75
31,69
31,64
31,69
31,71
31,64
32,66
32,50
32,36
32,70
32,47
32,38
32,46
32,70
32,45
32,59
32,28
32,57
32,31
32,68
32,47
32,69
32,46
32,39
32,69
32,59
32,77
32,69
32,69
32,76
32,63
32,67
32,65
32,70
32,69
32,67
32,64
32,68
32,66
32,69
32,70
32,68
32,63
32,66
32,68
32,69
32,65
32,77
32,65
32,61
32,69
32,70
32,66
32,70
32,69
32,71
32,70
32,65
32,70
32,69
32,71
32,71
32,69
32,69
32,70
32,70
32,70
32,71
32,68
32,68
32,70
32,70
32,72
32,59
32,68
32,66
32,76
32,63
32,70
32,62
32,66
32,66
32,66
32,76
32,68
32,66
32,59
32,64
32,55
32,70
32,69
32,63
32,77
32,69
32,69
32,69
32,68
32,67
32,69
32,73
32,65
32,69
32,69
32,69
32,64
32,70
33,70
33,46
33,39
33,63
33,25
33,59
33,29
33,69
33,47
33,39
33,63
33,24
33,60
33,55
33,32
33,69
33,48
33,70
33,46
33,65
33,71
33,64
33,70
33,71
33,70
33,77
33,68
33,68
33,64
33,69
33,65
33,69
33,71
33,70
33,68
33,70
33,69
33,76
33,65
33,67
33,68
33,72
33,68
33,67
33,64
33,61
33,70
33,69
33,71
33,72
33,68
33,61
33,70
33,79
33,73
33,66
33,75
33,71
33,70
33,62
33,69
33,70
33,65
33,62
33,62
33,68
33,69
33,70
33,70
33,68
33,58
33,69
33,69
33,67
33,58
33,72
33,73
33,63
33,69
33,69
33,71
33,68
33,77
33,67
33,68
33,69
33,76
33,70
33,80
33,69
33,66
33,65
33,70
33,70
33,69
33,67
33,68
33,73
33,64
33,69
34,63
34,52
34,70
34,47
34,39
34,69
34,47
34,63
34,52
34,34
34,69
34,48
34,38
34,69
34,46
34,39
34,66
34,49
34,69
34,46
34,67
34,69
34,69
34,67
34,75
34,69
34,69
34,76
34,67
34,89
34,61
34,64
34,62
34,70
34,69
34,69
34,69
34,64
34,78
34,69
34,69
34,65
34,63
34,85
34,69
34,67
34,70
34,70
34,79
34,69
34,71
34,69
34,74
34,73
34,69
34,68
34,58
34,71
34,71
34,65
34,70
34,81
34,69
34,64
34,68
34,70
34,69
34,71
34,68
34,70
34,70
34,67
34,73
34,61
34,69
34,65
34,59
34,69
34,69
34,72
34,70
34,70
34,65
34,69
34,70
34,74
34,71
34,74
34,69
34,69
34,84
34,70
34,70
34,70
34,69
34,70
34,68
34,70
34,66
34,69
35,68
35,47
35,38
35,68
35,48
35,38
35,69
35,82
35,63
35,69
35,46
35,74
35,69
35,70
35,81
35,71
35,74
35,69
35,48
35,69
35,83
35,73
35,47
35,70
35,70
35,68
35,72
35,68
35,69
35,70
35,69
35,66
35,78
35,68
35,69
35,72
35,72
35,80
35,73
35,68
35,68
35,69
35,85
35,67
35,67
35,68
35,71
35,82
35,68
35,67
35,70
35,72
35,76
35,71
35,69
35,92
35,76
35,69
35,69
35,68
35,68
35,69
35,76
35,66
35,68
35,80
35,68
35,86
35,61
35,65
35,71
35,71
35,66
35,72
35,70
35,69
35,70
35,65
35,75
35,75
35,68
35,83
35,64
35,87
35,69
35,61
35,69
35,70
35,70
35,89
35,69
35,70
35,65
35,73
35,71
35,73
35,69
35,72
35,69
35,66
36,69
36,72
36,68
36,72
36,64
36,52
36,36
36,69
36,47
36,39
36,71
36,70
36,47
36,39
36,72
36,43
36,64
36,50
36,37
36,80
36,69
36,49
36,82
36,66
36,72
36,70
36,69
36,72
36,70
36,65
36,76
36,70
36,72
36,73
36,66
36,64
36,68
36,73
36,69
36,67
36,68
36,75
36,72
36,76
36,68
36,65
36,71
36,61
36,76
36,71
36,69
36,70
36,90
36,70
36,74
36,75
36,76
36,71
36,69
36,69
36,81
36,69
36,70
36,67
36,74
36,82
36,72
36,69
36,68
36,68
36,77
36,69
36,80
36,67
36,71
36,72
36,79
36,68
36,82
36,87
36,73
36,77
36,83
36,75
36,68
36,97
36,64
36,91
36,81
36,74
36,71
36,60
36,71
36,64
36,73
36,74
36,72
36,77
36,57
36,73
37,70
37,48
37,39
37,70
37,70
37,73
37,63
37,52
37,63
37,69
37,50
37,36
37,70
37,48
37,67
37,52
37,69
37,67
37,50
37,66
37,49
37,36
37,61
37,74
37,68
37,74
37,67
37,65
37,87
37,79
37,64
37,78
37,70
37,72
37,74
37,72
37,69
37,61
37,78
37,70
37,80
37,69
37,71
37,75
37,64
37,61
37,74
37,71
37,69
37,74
37,75
37,70
37,69
37,68
37,71
37,69
37,70
37,72
37,71
37,70
37,68
37,72
37,77
37,79
37,62
37,70
37,69
37,69
37,63
37,72
37,62
37,83
37,76
37,61
37,67
37,65
37,69
37,76
37,67
37,67
37,69
37,68
37,63
37,72
37,69
37,71
37,62
37,69
37,73
37,69
37,67
37,88
37,70
37,67
37,70
37,72
37,85
37,74
37,60
37,66
38,67
38,49
38,38
38,63
38,53
38,35
38,67
38,78
38,68
38,49
38,39
38,85
38,60
38,55
38,34
38,78
38,74
38,70
38,71
38,72
38,72
38,69
38,68
38,68
38,71
38,69
38,59
38,57
38,62
38,69
38,70
38,69
38,69
38,70
38,70
38,75
38,70
38,60
38,73
38,88
38,68
38,69
38,70
38,68
38,74
38,64
38,71
38,71
38,67
38,68
38,62
38,69
38,64
38,66
38,69
38,90
38,70
38,84
38,72
38,72
38,60
38,71
38,64
38,77
38,71
38,90
38,74
38,70
38,74
38,72
38,71
38,69
38,75
38,63
38,72
38,76
38,70
38,69
38,77
38,89
38,64
38,73
38,72
38,70
38,62
38,62
38,78
38,68
38,69
38,70
38,81
38,84
38,68
38,76
38,62
38,69
38,64
38,83
38,87
38,83
39,81
39,70
39,63
39,70
39,68
39,65
39,68
39,81
39,59
39,58
39,70
39,69
39,47
39,40
39,73
39,69
39,49
39,91
39,67
39,52
39,63
39,72
39,95
39,80
39,76
39,67
39,72
39,70
39,74
39,81
39,69
39,78
39,64
39,72
39,70
39,80
39,69
39,71
39,63
39,70
39,63
39,67
39,94
39,79
39,86
39,66
39,72
39,69
39,73
39,80
39,70
39,69
39,64
39,91
39,70
39,67
39,61
39,69
39,64
39,76
39,71
39,75
39,70
39,62
39,78
39,67
39,68
39,69
39,69
39,69
39,86
39,61
39,61
39,68
39,58
39,71
39,71
39,68
39,78
39,68
39,65
39,69
39,70
39,63
39,68
39,69
39,64
39,76
39,69
39,70
39,73
39,76
39,74
39,69
39,79
39,72
39,72
39,69
39,70
39,76
40,71
40,70
40,67
40,62
40,54
40,68
40,54
40,62
40,72
40,63
40,74
40,64
40,73
40,70
40,69
40,64
40,52
40,67
40,80
40,77
40,78
40,72
40,83
40,69
40,71
40,75
40,69
40,71
40,74
40,64
40,74
40,62
40,59
40,57
40,87
40,69
40,75
40,63
40,64
40,74
40,68
40,68
40,70
40,71
40,71
40,68
40,62
40,61
40,68
40,76
40,68
40,70
40,66
40,59
40,60
40,70
40,69
40,67
40,69
40,70
40,64
40,63
40,72
40,70
40,68
40,70
40,70
40,62
40,68
40,61
40,68
40,74
40,70
40,71
40,60
40,63
40,63
40,72
40,71
40,75
40,66
40,65
40,66
40,76
40,69
40,71
40,70
40,67
40,70
40,73
40,69
40,87
40,66
40,68
40,59
40,63
40,60
40,80
40,73
40,75
41,67
41,68
41,68
41,69
41,70
41,68
41,73
41,72
41,61
41,56
41,67
41,65
41,50
41,65
41,74
41,75
41,72
41,79
41,72
41,72
41,63
41,53
41,72
41,63
41,53
41,62
41,71
41,68
41,69
41,67
41,75
41,82
41,67
41,66
41,73
41,67
41,74
41,60
41,68
41,73
41,68
41,61
41,68
41,62
41,67
41,61
41,73
41,63
41,74
41,67
41,86
41,69
41,75
41,68
41,69
41,63
41,63
41,66
41,70
41,87
41,73
41,72
41,62
41,71
41,75
41,71
41,91
41,91
41,71
41,86
41,79
41,70
41,63
41,67
41,65
41,68
41,88
41,70
41,89
41,63
41,67
41,66
41,83
41,68
41,74
41,68
41,77
41,77
41,70
41,76
41,58
41,72
41,70
41,76
41,74
41,73
41,73
41,66
41,63
41,76
42,70
42,74
42,68
42,68
42,68
42,65
42,72
42,66
42,52
42,64
42,74
42,71
42,72
42,71
42,64
42,54
42,63
42,55
42,73
42,62
42,70
42,72
42,68
42,74
42,67
42,52
42,59
42,68
42,74
42,68
42,67
42,71
42,71
42,65
42,70
42,68
42,73
42,69
42,70
42,85
42,58
42,71
42,65
42,71
42,63
42,63
42,61
42,66
42,65
42,74
42,73
42,60
42,81
42,69
42,83
42,65
42,64
42,63
42,74
42,71
42,63
42,63
42,70
42,73
42,67
42,73
42,76
42,63
42,73
42,60
42,69
42,85
42,78
42,70
42,66
42,63
42,81
42,66
42,72
42,71
42,69
42,81
42,74
42,64
42,77
42,68
42,74
42,74
42,75
42,72
42,68
42,69
42,67
42,72
42,78
42,71
42,62
42,71
42,66
42,73
43,69
43,63
43,74
43,67
43,71
43,61
43,71
43,68
43,69
43,66
43,71
43,77
43,72
43,66
43,72
43,73
43,66
43,52
43,67
43,59
43,68
43,73
43,57
43,59
43,62
43,60
43,72
43,71
43,67
43,62
43,65
43,65
43,69
43,91
43,72
43,67
43,64
43,78
43,63
43,95
43,69
43,73
43,83
43,90
43,74
43,74
43,61
43,68
43,81
43,60
43,69
43,73
43,71
43,73
43,69
43,66
43,63
43,72
43,72
43,81
43,64
43,72
43,63
43,69
43,59
43,69
43,66
43,72
43,68
43,60
43,66
43,68
43,76
43,64
43,69
43,73
43,72
43,66
43,72
43,67
43,70
43,71
43,69
43,71
43,61
43,74
43,72
43,65
43,68
43,72
43,65
43,68
43,77
43,65
43,72
43,70
43,71
43,71
43,57
43,75
44,60
44,74
44,70
44,67
44,64
44,56
44,72
44,27
44,14
44,71
44,71
44,81
44,77
44,70
44,63
44,75
44,64
44,78
44,73
44,66
44,84
44,65
44,70
44,73
44,68
44,52
44,82
44,72
44,65
44,67
44,67
44,72
44,73
44,69
44,87
44,63
44,68
44,71
44,81
44,70
44,73
44,62
44,64
44,82
44,77
44,72
44,60
44,73
44,73
44,69
44,80
44,74
44,72
44,73
44,76
44,83
44,63
44,69
44,65
44,60
44,66
44,72
44,86
44,84
44,71
44,66
44,72
44,90
44,64
44,67
44,86
44,90
44,91
44,71
44,71
44,71
44,68
44,75
44,79
44,72
44,73
44,58
44,67
44,72
44,61
44,74
44,76
44,74
44,68
44,89
44,72
44,71
44,71
44,63
44,70
44,73
44,89
44,79
44,72
44,73
45,66
45,55
45,71
45,74
45,70
45,69
45,67
45,61
45,71
45,75
45,70
45,74
45,74
45,70
45,70
45,75
45,72
45,73
45,70
45,73
45,73
45,71
45,65
45,69
45,71
45,62
45,63
45,72
45,68
45,75
45,95
45,63
45,64
45,65
45,75
45,59
45,68
45,78
45,63
45,69
45,69
45,59
45,64
45,61
45,66
45,73
45,71
45,59
45,73
45,70
45,64
45,73
45,71
45,72
45,69
45,73
45,78
45,78
45,68
45,78
45,73
45,71
45,75
45,69
45,59
45,66
45,74
45,59
45,58
45,72
45,65
45,76
45,73
45,71
45,74
45,72
45,76
45,65
45,87
45,72
45,73
45,73
45,71
45,76
45,74
45,68
45,63
45,73
45,74
45,75
45,1
45,72
45,68
45,64
45,72
45,70
45,67
45,77
45,74
45,71
46,71
46,63
46,68
46,74
46,80
46,71
46,73
46,62
46,72
46,77
46,69
46,67
46,70
46,65
46,85
46,70
46,75
46,68
46,71
46,70
46,68
46,64
46,69
46,65
46,70
46,64
46,67
46,67
46,74
46,67
46,90
46,62
46,73
46,65
46,72
46,72
46,71
46,64
46,75
46,72
46,73
46,72
46,67
46,65
46,69
46,71
46,69
46,68
46,63
46,62
46,63
46,79
46,85
46,72
46,91
46,62
46,69
46,71
46,64
46,72
46,75
46,61
46,69
46,62
46,84
46,64
46,75
46,75
46,68
46,82
46,69
46,66
46,71
46,71
46,68
46,71
46,79
46,80
46,74
46,72
46,64
46,64
46,73
46,70
46,85
46,72
46,63
46,59
46,71
46,67
46,60
46,69
46,72
46,73
46,60
46,68
46,72
46,89
46,71
46,67
47,71
47,84
47,62
47,79
47,67
47,61
47,85
47,73
47,62
47,74
47,78
47,79
47,69
47,77
47,69
47,85
47,65
47,76
47,63
47,75
47,66
47,69
47,77
47,84
47,64
47,54
47,63
47,72
47,65
47,66
47,71
47,70
47,71
47,78
47,62
47,74
47,65
47,73
47,73
47,68
47,72
47,80
47,63
47,62
47,63
47,61
47,75
47,67
47,67
47,69
47,72
47,69
47,71
47,74
47,71
47,71
47,76
47,67
47,79
47,71
47,84
47,87
47,68
47,71
47,89
47,93
47,85
47,69
47,66
47,66
47,71
47,76
47,71
47,64
47,73
47,70
47,78
47,68
47,71
47,71
47,73
47,68
47,74
47,89
47,68
47,66
47,71
47,87
47,86
47,70
47,71
47,75
47,68
47,83
47,67
47,69
47,69
47,71
47,73
47,68
48,68
48,71
48,80
48,74
48,70
48,69
48,87
48,75
48,89
48,71
48,69
48,72
48,84
48,71
48,71
48,86
48,72
48,72
48,66
48,70
48,71
48,68
48,72
48,68
48,69
48,65
48,72
48,68
48,73
48,71
48,84
48,73
48,67
48,64
48,73
48,81
48,69
48,80
48,92
48,65
48,83
48,70
48,68
48,92
48,67
48,87
48,83
48,73
48,68
48,68
48,67
48,63
48,64
48,70
48,95
48,72
48,74
48,72
48,90
48,90
48,59
48,88
48,68
48,64
48,87
48,88
48,84
48,78
48,73
48,63
48,79
48,71
48,71
48,61
48,77
48,76
48,66
48,73
48,72
48,76
48,90
48,65
48,73
48,60
48,74
48,75
48,79
48,85
48,70
48,87
48,68
48,67
48,71
48,78
48,70
48,83
48,70
48,68
48,71
48,70
49,72
49,70
49,70
49,72
49,89
49,69
49,75
49,78
49,73
49,70
49,72
49,74
49,79
49,68
49,73
49,63
49,72
49,67
49,70
49,71
49,78
49,65
49,72
49,72
49,69
49,64
49,69
49,68
49,73
49,81
49,70
49,65
49,71
49,73
49,69
49,68
49,75
49,78
49,79
49,69
49,85
49,73
49,74
49,77
49,75
49,71
49,65
49,72
49,72
49,68
49,66
49,83
49,88
49,72
49,69
49,70
49,79
49,76
49,68
49,75
49,74
49,71
49,78
49,74
49,70
49,68
49,72
49,71
49,71
49,72
49,73
49,86
49,59
49,74
49,74
49,72
49,75
49,71
49,65
49,62
49,80
49,68
49,75
49,76
49,82
49,71
49,69
49,73
49,85
49,70
49,67
49,66
49,65
49,70
49,72
49,64
49,84
49,71
49,71
49,75
50,70
50,69
50,65
50,68
50,73
50,82
50,72
50,76
50,73
50,81
50,62
50,79
50,69
50,66
50,77
50,69
50,70
50,69
50,87
50,74
50,87
50,73
50,69
50,73
50,73
50,64
50,66
50,63
50,67
50,72
50,74
50,68
50,70
50,75
50,72
50,60
50,67
50,70
50,69
50,69
50,67
50,73
50,73
50,63
50,66
50,63
50,85
50,67
50,71
50,72
50,87
50,80
50,72
50,69
50,73
50,63
50,63
50,73
50,70
50,70
50,63
50,63
50,71
50,70
50,73
50,80
50,66
50,91
50,65
50,85
50,79
50,71
50,70
50,74
50,73
50,90
50,91
50,71
50,84
50,72
50,74
50,71
50,58
50,79
50,78
50,71
50,70
50,70
50,68
50,65
50,77
50,64
50,80
50,71
50,68
50,81
50,70
50,69
50,79
50,74
51,68
51,70
51,69
51,68
51,72
51,71
51,71
51,70
51,70
51,64
51,71
51,72
51,73
51,69
51,66
51,72
51,64
51,53
51,64
51,73
51,69
51,61
51,76
51,80
51,69
51,72
51,67
51,62
51,85
51,73
51,61
51,71
51,57
51,62
51,71
51,69
51,76
51,71
51,82
51,75
51,65
51,63
51,72
51,70
51,77
51,63
51,70
51,91
51,80
51,71
51,73
51,68
51,71
51,70
51,74
51,71
51,75
51,66
51,68
51,77
51,76
51,71
51,71
51,77
51,72
51,77
51,69
51,84
51,65
51,88
51,72
51,65
51,72
51,61
51,70
51,71
51,71
51,81
51,71
51,63
51,69
51,71
51,86
51,85
51,68
51,64
51,69
51,69
51,82
51,73
51,75
51,73
51,74
51,72
51,72
51,67
51,76
51,72
51,71
51,71
52,66
52,65
52,64
52,76
52,76
52,83
52,70
52,71
52,74
52,71
52,63
52,71
52,70
52,82
52,72
52,74
52,68
52,68
52,74
52,66
52,82
52,66
52,67
52,66
52,73
52,76
52,68
52,79
52,71
52,71
52,63
52,86
52,61
52,74
52,74
52,63
52,66
52,69
52,75
52,79
52,72
52,91
52,72
52,72
52,73
52,65
52,63
52,63
52,75
52,66
52,71
52,69
52,71
52,65
52,78
52,79
52,72
52,63
52,77
52,72
52,81
52,80
52,69
52,75
52,69
52,73
52,75
52,69
52,65
52,74
52,78
52,62
52,66
52,64
52,67
52,63
52,74
52,67
52,67
52,72
52,70
52,67
52,65
52,72
52,69
52,59
52,76
52,66
52,71
52,66
52,65
52,82
52,71
52,71
52,75
52,62
52,60
52,69
52,66
52,87
53,60
53,59
53,67
53,75
53,82
53,79
53,68
53,78
53,76
53,66
53,75
53,72
53,76
53,78
53,73
53,64
53,59
53,74
53,76
53,64
53,71
53,76
53,69
53,65
53,74
53,76
53,73
53,72
53,69
53,75
53,69
53,72
53,79
53,70
53,67
53,71
53,60
53,70
53,75
53,71
53,77
53,90
53,65
53,73
53,72
53,69
53,77
53,68
53,68
53,72
53,67
53,71
53,74
53,67
53,80
53,63
53,74
53,63
53,72
53,73
53,75
53,80
53,74
53,76
53,78
53,68
53,77
53,85
53,70
53,61
53,95
53,76
53,79
53,86
53,66
53,81
53,87
53,85
53,90
53,70
53,64
53,75
53,71
53,64
53,79
53,71
53,66
53,69
53,81
53,64
53,65
53,70
53,73
53,75
53,73
53,71
53,70
53,66
53,83
53,65
54,73
54,61
54,73
54,66
54,72
54,71
54,71
54,71
54,75
54,74
54,81
54,76
54,68
54,73
54,69
54,76
54,64
54,63
54,84
54,74
54,68
54,71
54,77
54,77
54,59
54,85
54,73
54,71
54,61
54,78
54,72
54,74
54,81
54,68
54,64
54,71
54,74
54,67
54,76
54,65
54,70
54,74
54,69
54,72
54,75
54,75
54,66
54,67
54,61
54,80
54,64
54,74
54,79
54,85
54,73
54,71
54,72
54,82
54,69
54,70
54,74
54,75
54,69
54,63
54,70
54,72
54,65
54,69
54,76
54,76
54,78
54,62
54,68
54,64
54,82
54,74
54,65
54,65
54,69
54,74
54,81
54,72
54,72
54,74
54,80
54,69
54,68
54,69
54,83
54,76
54,85
54,74
54,68
54,98
54,70
54,80
54,78
54,72
54,79
54,76
55,80
55,67
55,70
55,74
55,73
55,63
55,74
55,77
55,68
55,65
55,81
55,68
55,80
55,81
55,65
55,67
55,67
55,69
55,66
55,74
55,67
55,61
55,71
55,77
55,75
55,70
55,65
55,77
55,79
55,69
55,74
55,65
55,70
55,81
55,73
55,75
55,67
55,76
55,72
55,71
55,78
55,65
55,65
55,73
55,74
55,75
55,79
55,62
55,81
55,74
55,65
55,79
55,71
55,70
55,73
55,72
55,65
55,76
55,64
55,76
55,75
55,73
55,65
55,71
55,68
55,67
55,68
55,76
55,77
55,65
55,78
55,63
55,77
55,73
55,76
55,67
55,75
55,69
55,59
55,77
55,78
55,77
55,66
55,76
55,69
55,66
55,61
55,66
55,62
55,75
55,85
55,72
55,68
55,58
55,64
55,74
55,76
55,2
55,80
55,82
56,69
56,72
56,72
56,43
56,14
56,70
56,83
56,61
56,39
56,14
56,72
56,63
56,69
56,73
56,67
56,69
56,70
56,66
56,77
56,67
56,65
56,69
56,68
56,80
56,65
56,80
56,74
56,64
56,72
56,66
56,77
56,77
56,88
56,60
56,64
56,66
56,75
56,70
56,76
56,69
56,68
56,81
56,70
56,77
56,71
56,68
56,70
56,81
56,77
56,75
56,76
56,61
56,77
56,66
56,71
56,66
56,71
56,72
56,71
56,83
56,79
56,76
56,72
56,67
56,72
56,86
56,72
56,70
56,73
56,67
56,73
56,70
56,76
56,66
56,85
56,89
56,73
56,70
56,98
56,77
56,79
56,70
56,73
56,88
56,65
56,72
56,69
56,67
56,78
56,65
56,74
56,77
56,63
56,66
56,69
56,62
56,73
56,76
56,81
56,81
57,64
57,83
57,58
57,68
57,64
57,73
57,64
57,85
57,85
57,72
57,82
57,79
57,74
57,62
57,65
57,74
57,72
57,81
57,73
57,70
57,72
57,89
57,61
57,71
57,77
57,73
57,64
57,75
57,65
57,71
57,77
57,70
57,78
57,77
57,70
57,71
57,70
57,76
57,67
57,76
57,70
57,59
57,69
57,70
57,68
57,63
57,70
57,68
57,66
57,72
57,75
57,70
57,63
57,68
57,68
57,76
57,70
57,66
57,77
57,78
57,74
57,75
57,67
57,66
57,70
57,78
57,67
57,70
57,71
57,60
57,74
57,59
57,73
57,83
57,66
57,65
57,69
57,71
57,65
57,67
57,78
57,67
57,68
57,67
57,89
57,65
57,67
57,73
57,80
57,79
57,83
57,67
57,84
57,67
57,75
57,63
57,69
57,80
57,43
57,74
58,83
58,70
58,71
58,73
58,73
58,64
58,76
58,70
58,66
58,65
58,64
58,81
58,65
58,67
58,60
58,71
58,75
58,74
58,74
58,61
58,80
58,72
58,57
58,73
58,75
58,75
58,73
58,72
58,63
58,65
58,85
58,68
58,65
58,66
58,73
58,74
58,73
58,60
58,73
58,74
58,78
58,70
58,73
58,82
58,76
58,69
58,60
58,71
58,80
58,86
58,88
58,72
58,65
58,78
58,75
58,64
58,69
58,70
58,66
58,64
58,78
58,67
58,66
58,69
58,73
58,65
58,81
58,68
58,77
58,63
58,69
58,68
58,75
58,70
58,74
58,63
58,64
58,68
58,58
58,59
58,65
58,86
58,65
58,80
58,72
58,73
58,71
58,76
58,71
58,80
58,72
58,70
58,61
58,74
58,72
58,70
58,77
58,76
58,75
58,71
59,70
59,71
59,67
59,71
59,74
59,67
59,69
59,70
59,64
59,79
59,72
59,70
59,81
59,72
59,63
59,70
59,70
59,85
59,70
59,72
59,62
59,76
59,67
59,68
59,68
59,68
59,91
59,67
59,80
59,63
59,66
59,73
59,74
59,62
59,90
59,71
59,67
59,67
59,72
59,65
59,69
59,67
59,77
59,78
59,62
59,68
59,72
59,73
59,68
59,60
59,72
59,64
59,77
59,71
59,72
59,68
59,85
59,77
59,71
59,77
59,63
59,73
59,73
59,72
59,73
59,70
59,87
59,70
59,76
59,61
59,64
59,70
59,70
59,77
59,69
59,88
59,70
59,102
59,63
59,77
59,61
59,59
59,59
59,88
59,76
59,69
59,73
59,75
59,79
59,74
59,81
59,70
59,62
59,68
59,80
59,71
59,67
59,71
59,82
59,63
60,60
60,67
60,67
60,69
60,64
60,77
60,62
60,68
60,73
60,61
60,71
60,72
60,61
60,60
60,66
60,63
60,66
60,68
60,66
60,78
60,70
60,70
60,75
60,76
60,67
60,66
60,66
60,69
60,59
60,75
60,77
60,78
60,67
60,68
60,75
60,67
60,57
60,54
60,73
60,70
60,73
60,74
60,71
60,71
60,60
60,67
60,87
60,71
60,78
60,67
60,85
60,80
60,69
60,65
60,75
60,73
60,65
60,76
60,65
60,73
60,76
60,74
60,69
60,59
60,72
60,89
60,68
60,65
60,78
60,77
60,59
60,70
60,71
60,81
60,67
60,67
60,65
60,68
60,81
60,61
60,66
60,83
60,71
60,68
60,75
60,72
60,75
60,69
60,77
60,71
60,64
60,70
60,80
60,64
60,67
60,20
60,63
60,75
60,70
60,66
61,66
61,69
61,84
61,70
61,64
61,67
61,86
61,20
61,65
61,59
61,64
61,64
61,64
61,70
61,80
61,70
61,20
61,75
61,69
61,70
61,68
61,74
61,70
61,63
61,65
61,73
61,85
61,70
61,65
61,64
61,64
61,74
61,74
61,78
61,80
61,74
61,73
61,62
61,70
61,74
61,70
61,70
61,19
61,68
61,87
61,20
61,67
61,70
61,78
61,59
61,90
61,68
61,63
61,20
61,19
61,59
61,68
61,64
61,71
61,81
61,94
61,66
61,20
61,20
61,20
61,77
61,20
61,58
61,72
61,68
61,75
61,75
61,62
61,61
61,74
61,20
61,77
61,71
61,62
61,70
61,20
61,72
61,81
61,78
61,20
61,73
61,75
61,73
61,59
61,20
61,58
61,20
61,58
61,20
61,67
61,70
61,73
61,69
61,63
61,76
62,19
62,75
62,19
62,67
62,20
62,20
62,65
62,19
62,20
62,20
62,71
62,20
62,64
62,19
62,68
62,20
62,67
62,19
62,19
62,19
62,20
62,70
62,20
62,20
62,19
62,19
62,81
62,19
62,20
62,66
62,20
62,65
62,70
62,68
62,19
62,20
62,19
62,69
62,20
62,20
62,19
62,64
62,20
62,68
62,20
62,20
62,19
62,20
62,75
62,70
62,19
62,19
62,20
62,19
62,19
62,59
62,71
62,19
62,20
62,19
62,19
62,19
62,20
62,67
62,65
62,20
62,19
62,70
62,20
62,20
62,59
62,20
62,19
62,68
62,19
62,20
62,78
62,19
62,20
62,19
62,19
62,88
62,20
62,20
62,20
62,89
62,20
62,20
62,80
62,19
62,20
62,75
62,20
62,20
62,20
62,20
62,20
62,19
62,19
62,19
63,19
63,19
63,19
63,19
63,20
63,19
63,20
63,19
63,19
63,19
63,19
63,19
63,19
63,19
63,19
63,19
63,19
63,19
63,19
63,19
63,19
63,19
63,19
63,19
63,19
63,19
63,75
63,18
63,18
63,69
63,19
63,19
63,19
63,19
63,19
63,75
63,19
63,19
63,19
63,19
63,19
63,18
63,19
63,19
63,19
63,18
63,19
63,19
63,18
63,19
63,19
63,19
63,19
63,19
63,64
63,19
63,19
63,19
63,19
63,19
63,65
63,19
63,19
63,69
63,19
63,19
63,19
63,19
63,19
63,19
63,68
63,19
63,18
63,72
63,19
63,19
63,19
63,67
63,19
63,19
63,19
63,19
63,18
63,19
63,19
63,19
63,19
63,19
63,19
63,19
63,19
63,85
63,19
63,19
63,19
63,19
63,18
63,20
63,19
63,19
64,19
64,20
64,19
64,19
64,19
64,19
64,19
64,19
64,19
64,19
64,19
64,18
64,18
64,64
64,19
64,19
64,18
64,19
64,19
64,19
64,19
64,19
64,19
64,18
64,19
64,19
64,19
64,19
64,19
64,19
64,80
64,19
64,67
64,19
64,18
64,19
64,19
64,84
64,19
64,19
64,19
64,19
64,19
64,19
64,19
64,68
64,19
64,67
64,19
64,19
64,19
64,19
64,18
64,19
64,19
64,18
64,18
64,19
64,19
64,19
64,85
64,19
64,18
64,19
64,19
64,75
64,18
64,18
64,19
64,65
64,18
64,70
64,18
64,19
64,19
64,19
64,76
64,19
64,19
64,18
64,19
64,19
64,19
64,19
64,19
64,19
64,19
64,19
64,19
64,18
64,19
64,19
64,19
64,19
64,19
64,19
64,19
64,19
64,19
64,66
65,19
65,19
65,19
65,19
65,19
65,19
65,19
65,19
65,19
65,19
65,18
65,18
65,19
65,75
65,19
65,19
65,19
65,19
65,19
65,19
65,18
65,19
65,19
65,19
65,19
65,19
65,19
65,19
65,19
65,19
65,19
65,18
65,19
65,19
65,19
65,19
65,19
65,79
65,19
65,19
65,19
65,19
65,19
65,65
65,19
65,19
65,19
65,72
65,19
65,19
65,77
65,19
65,19
65,19
65,75
65,19
65,19
65,19
65,19
65,68
65,19
65,19
65,19
65,19
65,64
65,19
65,72
65,18
65,19
65,19
65,19
65,19
65,19
65,19
65,19
65,18
65,61
65,19
65,19
65,19
65,19
65,71
65,19
65,19
65,98
65,19
65,18
65,19
65,19
65,19
65,19
65,19
65,19
65,19
65,19
65,19
65,19
65,18
65,19
65,19
66,19
66,19
66,18
66,19
66,19
66,19
66,18
66,19
66,19
66,18
66,19
66,19
66,19
66,18
66,19
66,79
66,19
66,19
66,78
66,19
66,19
66,18
66,18
66,18
66,19
66,74
66,18
66,18
66,19
66,87
66,18
66,19
66,18
66,19
66,71
66,18
66,19
66,19
66,19
66,18
66,19
66,18
66,18
66,18
66,62
66,18
66,19
66,18
66,18
66,18
66,18
66,18
66,87
66,18
66,74
66,18
66,19
66,18
66,18
66,18
66,19
66,18
66,18
66,19
66,19
66,19
66,19
66,19
66,19
66,18
66,19
66,18
66,18
66,18
66,18
66,18
66,18
66,18
66,73
66,19
66,18
66,18
66,19
66,18
66,19
66,18
66,19
66,18
66,18
66,19
66,18
66,19
66,19
66,18
66,18
66,18
66,19
66,19
66,19
66,18
67,18
67,18
67,18
67,18
67,18
67,18
67,18
67,18
67,18
67,18
67,18
67,19
67,18
67,76
67,18
67,18
67,18
67,18
67,18
67,18
67,18
67,18
67,18
67,18
67,18
67,18
67,18
67,18
67,18
67,18
67,18
67,18
67,18
67,18
67,63
67,18
67,18
67,18
67,18
67,18
67,18
67,18
67,18
67,18
67,82
67,18
67,18
67,18
67,18
67,18
67,18
67,18
67,18
67,18
67,18
67,18
67,18
67,18
67,18
67,18
67,18
67,75
67,18
67,18
67,18
67,18
67,76
67,18
67,18
67,90
67,18
67,18
67,18
67,78
67,18
67,18
67,18
67,18
67,72
67,18
67,18
67,18
67,18
67,18
67,18
67,18
67,18
67,18
67,18
67,18
67,18
67,18
67,18
67,18
67,18
67,18
67,18
67,79
67,18
67,18
68,18
68,18
68,18
68,18
68,18
68,18
68,18
68,18
68,18
68,18
68,18
68,18
68,18
68,18
68,18
68,67
68,18
68,18
68,58
68,18
68,18
68,18
68,18
68,72
68,18
68,18
68,18
68,18
68,18
68,18
68,18
68,18
68,68
68,18
68,71
68,18
68,18
68,18
68,18
68,18
68,71
68,18
68,18
68,18
68,18
68,18
68,18
68,18
68,18
68,18
68,77
68,18
68,61
68,18
68,18
68,18
68,18
68,75
68,18
68,18
68,71
68,18
68,18
68,18
68,90
68,18
68,18
68,75
68,18
68,18
68,74
68,18
68,18
68,18
68,18
68,18
68,18
68,18
68,18
68,18
68,18
68,18
68,18
68,18
68,18
68,18
68,18
68,18
68,18
68,72
68,18
68,18
68,18
68,18
68,82
68,18
68,18
68,18
68,18
68,18
69,18
69,18
69,18
69,18
69,18
69,18
69,18
69,18
69,18
69,18
69,18
69,19
69,18
69,18
69,18
69,18
69,18
69,18
69,18
69,64
69,18
69,18
69,18
69,18
69,18
69,70
69,18
69,18
69,18
69,18
69,17
69,18
69,18
69,18
69,18
69,18
69,18
69,60
69,18
69,18
69,80
69,18
69,18
69,18
69,61
69,18
69,18
69,18
69,18
69,18
69,75
69,18
69,18
69,18
69,18
69,18
69,18
69,18
69,18
69,18
69,72
69,18
69,18
69,70
69,18
69,18
69,18
69,18
69,18
69,18
69,18
69,78
69,18
69,18
69,18
69,18
69,18
69,18
69,18
69,18
69,18
69,18
69,18
69,89
69,18
69,17
69,74
69,18
69,18
69,18
69,18
69,18
69,18
69,63
69,18
69,18
69,18
69,18
69,66
69,18
70,18
70,18
70,18
70,18
70,18
70,18
70,18
70,18
70,18
70,18
70,18
70,18
70,18
70,18
70,18
70,63
70,18
70,18
70,18
70,18
70,18
70,18
70,18
70,18
70,66
70,18
70,18
70,18
70,18
70,18
70,18
70,18
70,18
70,18
70,18
70,60
70,18
70,18
70,18
70,18
70,18
70,18
70,18
70,68
70,18
70,18
70,88
70,18
70,18
70,18
70,18
70,18
70,18
70,18
70,18
70,18
70,67
70,18
70,18
70,18
70,79
70,18
70,18
70,18
70,18
70,18
70,18
70,18
70,18
70,18
70,18
70,18
70,18
70,72
70,18
70,74
70,18
70,18
70,18
70,18
70,60
70,18
70,18
70,18
70,18
70,18
70,79
70,18
70,18
70,18
70,18
70,18
70,18
70,18
70,18
70,18
70,18
70,18
70,18
70,18
71,18
71,18
71,18
71,18
71,17
71,18
71,18
71,18
71,18
71,18
71,18
71,18
71,18
71,94
71,18
71,18
71,18
71,61
71,18
71,18
71,73
71,18
71,18
71,18
71,18
71,18
71,60
71,18
71,75
71,18
71,18
71,18
71,18
71,18
71,18
71,84
71,18
71,18
71,18
71,18
71,18
71,76
71,18
71,18
71,18
71,18
71,18
71,18
71,18
71,18
71,18
71,18
71,18
71,18
71,18
71,18
71,18
71,73
71,18
71,18
71,18
71,18
71,18
71,18
71,18
71,18
71,18
71,18
71,77
71,18
71,18
71,18
71,18
71,18
71,18
71,18
71,59
71,18
71,18
71,69
71,18
71,18
71,18
71,18
71,18
71,18
71,18
71,18
71,18
71,18
71,58
71,18
71,18
71,1
71,67
71,18
71,18
71,18
71,18
71,18
72,18
72,18
72,18
72,18
72,18
72,18
72,18
72,18
72,18
72,18
72,18
72,18
72,18
72,18
72,70
72,18
72,18
72,18
72,18
72,18
72,18
72,18
72,18
72,18
72,18
72,18
72,18
72,18
72,18
72,18
72,18
72,18
72,18
72,18
72,18
72,18
72,59
72,18
72,18
72,18
72,18
72,18
72,18
72,18
72,18
72,18
72,18
72,18
72,66
72,18
72,18
72,18
72,18
72,62
72,18
72,18
72,18
72,18
72,66
72,18
72,18
72,18
72,18
72,18
72,18
72,18
72,18
72,18
72,18
72,18
72,18
72,18
72,18
72,18
72,18
72,18
72,18
72,18
72,18
72,18
72,82
72,18
72,62
72,18
72,18
72,18
72,18
72,59
72,18
72,18
72,18
72,18
72,18
72,18
72,18
72,18
72,18
72,77
72,18
72,18
73,18
73,18
73,18
73,18
73,18
73,18
73,18
73,18
73,18
73,18
73,18
73,18
73,18
73,18
73,87
73,18
73,18
73,18
73,18
73,18
73,77
73,18
73,18
73,59
73,18
73,18
73,18
73,17
73,18
73,18
73,18
73,18
73,18
73,18
73,18
73,18
73,18
73,18
73,18
73,18
73,59
73,18
73,78
73,18
73,18
73,18
73,17
73,18
73,58
73,18
73,18
73,18
73,18
73,18
73,18
73,18
73,18
73,59
73,18
73,18
73,18
73,18
73,60
73,18
73,18
73,18
73,18
73,18
73,18
73,18
73,18
73,18
73,77
73,18
73,18
73,18
73,18
73,18
73,18
73,59
73,18
73,75
73,18
73,18
73,18
73,18
73,18
73,17
73,18
73,18
73,69
73,18
73,18
73,18
73,18
73,57
73,18
73,18
73,18
73,18
74,18
74,17
74,18
74,18
74,17
74,18
74,18
74,18
74,18
74,18
74,18
74,18
74,18
74,18
74,18
74,17
74,60
74,17
74,18
74,18
74,18
74,18
74,58
74,18
74,18
74,18
74,64
74,18
74,17
74,18
74,18
74,18
74,18
74,18
74,18
74,18
74,18
74,76
74,18
74,62
74,17
74,75
74,17
74,17
74,17
74,18
74,18
74,17
74,18
74,18
74,18
74,18
74,17
74,18
74,18
74,18
74,18
74,18
74,18
74,17
74,18
74,17
74,59
74,17
74,17
74,17
74,18
74,18
74,18
74,17
74,17
74,18
74,17
74,18
74,17
74,18
74,17
74,17
74,17
74,18
74,17
74,18
74,17
74,17
74,18
74,61
74,18
74,18
74,18
74,18
74,17
74,18
74,17
74,18
74,18
74,17
74,72
74,17
74,18
74,18
75,17
75,18
75,17
75,17
75,17
75,18
75,18
75,18
75,17
75,17
75,18
75,17
75,17
75,17
75,17
75,17
75,17
75,18
75,18
75,18
75,18
75,17
75,17
75,17
75,85
75,17
75,17
75,17
75,17
75,88
75,18
75,17
75,17
75,85
75,18
75,18
75,17
75,17
75,59
75,17
75,17
75,17
75,17
75,17
75,17
75,18
75,17
75,17
75,17
75,17
75,17
75,17
75,87
75,17
75,17
75,18
75,18
75,17
75,59
75,17
75,17
75,17
75,72
75,17
75,17
75,17
75,17
75,17
75,17
75,17
75,17
75,17
75,78
75,18
75,18
75,69
75,17
75,17
75,60
75,17
75,17
75,17
75,17
75,17
75,17
75,17
75,71
75,17
75,17
75,17
75,17
75,17
75,17
75,17
75,17
75,58
75,17
75,17
75,82
75,17
76,17
76,17
76,17
76,17
76,17
76,18
76,18
76,17
76,17
76,17
76,18
76,18
76,17
76,17
76,84
76,17
76,17
76,76
76,17
76,17
76,17
76,17
76,17
76,17
76,17
76,64
76,17
76,18
76,17
76,17
76,17
76,60
76,17
76,89
76,17
76,17
76,17
76,17
76,17
76,17
76,17
76,17
76,17
76,88
76,17
76,17
76,17
76,17
76,17
76,17
76,17
76,65
76,17
76,17
76,17
76,17
76,17
76,17
76,17
76,17
76,17
76,17
76,17
76,17
76,17
76,61
76,17
76,17
76,17
76,17
76,68
76,17
76,58
76,17
76,17
76,17
76,17
76,72
76,17
76,17
76,17
76,17
76,88
76,17
76,17
76,17
76,17
76,17
76,17
76,17
76,17
76,17
76,17
76,17
76,17
76,17
76,17
76,17
76,17
76,17
77,17
77,17
77,17
77,17
77,17
77,17
77,17
77,17
77,17
77,17
77,17
77,17
77,18
77,17
77,17
77,17
77,17
77,17
77,17
77,17
77,17
77,73
77,17
77,17
77,60
77,17
77,17
77,17
77,17
77,17
77,17
77,17
77,17
77,17
77,17
77,17
77,17
77,87
77,17
77,60
77,17
77,17
77,17
77,17
77,17
77,17
77,17
77,17
77,17
77,17
77,17
77,17
77,61
77,17
77,17
77,17
77,60
77,17
77,17
77,17
77,17
77,17
77,17
77,17
77,17
77,17
77,17
77,17
77,17
77,17
77,17
77,58
77,17
77,17
77,62
77,17
77,17
77,17
77,17
77,17
77,69
77,17
77,17
77,17
77,17
77,79
77,17
77,17
77,66
77,17
77,17
77,17
77,17
77,17
77,17
77,17
77,17
77,17
77,17
77,17
78,17
78,17
78,17
78,17
78,17
78,18
78,17
78,17
78,18
78,17
78,17
78,17
78,17
78,17
78,17
78,17
78,17
78,17
78,17
78,17
78,17
78,17
78,17
78,17
78,17
78,17
78,17
78,17
78,17
78,17
78,17
78,17
78,17
78,17
78,17
78,17
78,17
78,89
78,17
78,17
78,17
78,17
78,17
78,17
78,17
78,17
78,17
78,60
78,17
78,17
78,17
78,17
78,17
78,17
78,70
78,17
78,17
78,17
78,17
78,17
78,17
78,17
78,17
78,17
78,17
78,17
78,17
78,17
78,17
78,17
78,73
78,17
78,17
78,17
78,17
78,17
78,75
78,17
78,17
78,17
78,17
78,17
78,17
78,17
78,17
78,17
78,17
78,17
78,17
78,17
78,79
78,17
78,17
78,17
78,17
78,17
78,17
78,17
78,67
78,17
79,17
79,17
79,17
79,18
79,17
79,17
79,17
79,17
79,18
79,17
79,18
79,17
79,17
79,67
79,17
79,17
79,17
79,17
79,17
79,17
79,60
79,17
79,17
79,17
79,17
79,17
79,17
79,17
79,17
79,17
79,17
79,17
79,17
79,17
79,17
79,17
79,58
79,17
79,17
79,17
79,17
79,17
79,17
79,17
79,17
79,17
79,17
79,17
79,17
79,17
79,17
79,77
79,17
79,17
79,17
79,59
79,17
79,17
79,17
79,17
79,17
79,71
79,17
79,43
79,17
79,17
79,17
79,17
79,58
79,17
79,17
79,17
79,17
79,17
79,64
79,17
79,17
79,17
79,17
79,17
79,58
79,17
79,17
79,17
79,17
79,17
79,17
79,17
79,17
79,17
79,17
79,17
79,17
79,17
79,76
79,17
79,17
79,17
79,17
79,17
80,17
80,17
80,17
80,17
80,17
80,17
80,17
80,17
80,17
80,17
80,17
80,17
80,17
80,70
80,17
80,17
80,17
80,17
80,17
80,17
80,17
80,17
80,17
80,17
80,17
80,59
80,17
80,17
80,17
80,17
80,17
80,17
80,17
80,17
80,17
80,17
80,17
80,17
80,17
80,17
80,61
80,17
80,17
80,60
80,17
80,17
80,17
80,17
80,17
80,17
80,17
80,17
80,17
80,17
80,17
80,17
80,65
80,17
80,17
80,17
80,17
80,17
80,17
80,17
80,17
80,17
80,17
80,17
80,17
80,17
80,17
80,59
80,17
80,17
80,60
80,17
80,17
80,17
80,17
80,17
80,17
80,17
80,59
80,17
80,17
80,61
80,17
80,17
80,17
80,59
80,17
80,17
80,17
80,17
80,60
80,17
80,17
80,17
80,17
80,17
81,17
81,17
81,17
81,17
81,17
81,17
81,17
81,17
81,17
81,17
81,17
81,17
81,17
81,17
81,17
81,17
81,17
81,17
81,17
81,17
81,59
81,17
81,17
81,17
81,17
81,17
81,17
81,17
81,17
81,17
81,17
81,62
81,17
81,17
81,17
81,17
81,17
81,61
81,17
81,17
81,17
81,73
81,17
81,17
81,17
81,58
81,17
81,17
81,17
81,17
81,17
81,17
81,17
81,17
81,17
81,17
81,17
81,17
81,17
81,58
81,17
81,17
81,17
81,17
81,59
81,17
81,58
81,17
81,17
81,17
81,17
81,17
81,17
81,17
81,60
81,17
81,60
81,17
81,17
81,17
81,17
81,17
81,17
81,17
81,17
81,60
81,17
81,17
81,17
81,17
81,17
81,17
81,17
81,17
81,17
81,17
81,17
81,17
81,60
81,17
82,17
82,17
82,17
82,17
82,17
82,17
82,17
82,17
82,17
82,17
82,18
82,17
82,17
82,64
82,17
82,17
82,60
82,17
82,17
82,17
82,17
82,17
82,17
82,17
82,17
82,17
82,17
82,17
82,17
82,17
82,17
82,17
82,17
82,17
82,17
82,17
82,59
82,17
82,17
82,60
82,17
82,17
82,17
82,17
82,17
82,17
82,17
82,17
82,17
82,17
82,58
82,17
82,17
82,59
82,17
82,17
82,17
82,62
82,17
82,17
82,17
82,62
82,17
82,17
82,17
82,60
82,17
82,17
82,62
82,17
82,17
82,17
82,17
82,17
82,17
82,17
82,17
82,17
82,17
82,17
82,17
82,17
82,17
82,17
82,17
82,17
82,17
82,57
82,17
82,17
82,17
82,17
82,61
82,17
82,17
82,17
82,60
82,17
82,17
82,17
83,17
83,17
83,17
83,17
83,17
83,17
83,17
83,17
83,17
83,17
83,17
83,17
83,17
83,17
83,17
83,17
83,17
83,17
83,17
83,17
83,60
83,17
83,17
83,17
83,61
83,17
83,17
83,17
83,17
83,17
83,17
83,17
83,17
83,17
83,17
83,58
83,17
83,17
83,17
83,17
83,17
83,17
83,17
83,17
83,58
83,17
83,17
83,17
83,17
83,61
83,17
83,17
83,17
83,17
83,17
83,17
83,17
83,17
83,17
83,17
83,17
83,17
83,17
83,17
83,17
83,17
83,60
83,17
83,17
83,17
83,17
83,17
83,17
83,17
83,17
83,17
83,17
83,17
83,60
83,17
83,17
83,17
83,59
83,17
83,17
83,17
83,62
83,17
83,17
83,17
83,60
83,17
83,17
83,17
83,17
83,17
83,17
83,17
83,17
83,17
84,17
84,17
84,17
84,17
84,17
84,17
84,17
84,17
84,17
84,17
84,17
84,17
84,17
84,17
84,17
84,74
84,17
84,17
84,17
84,60
84,17
84,59
84,17
84,60
84,17
84,17
84,17
84,17
84,17
84,17
84,17
84,17
84,17
84,17
84,17
84,17
84,17
84,59
84,17
84,17
84,17
84,17
84,17
84,59
84,17
84,17
84,17
84,17
84,17
84,17
84,17
84,17
84,17
84,17
84,17
84,17
84,17
84,17
84,17
84,17
84,60
84,17
84,17
84,17
84,17
84,17
84,17
84,17
84,17
84,17
84,17
84,17
84,17
84,17
84,60
84,17
84,17
84,17
84,17
84,17
84,17
84,17
84,17
84,17
84,17
84,62
84,17
84,17
84,17
84,59
84,17
84,17
84,17
84,17
84,17
84,17
84,17
84,17
84,17
84,17
85,17
85,17
85,17
85,17
85,17
85,17
85,17
85,17
85,17
85,17
85,17
85,17
85,17
85,17
85,17
85,17
85,60
85,17
85,17
85,17
85,17
85,17
85,17
85,17
85,17
85,17
85,17
85,17
85,17
85,60
85,17
85,17
85,17
85,17
85,17
85,17
85,17
85,17
85,17
85,17
85,17
85,17
85,17
85,17
85,17
85,17
85,17
85,59
85,17
85,58
85,17
85,17
85,17
85,17
85,17
85,17
85,17
85,17
85,17
85,17
85,60
85,17
85,17
85,17
85,17
85,17
85,17
85,17
85,17
85,17
85,17
85,17
85,17
85,17
85,17
85,17
85,60
85,17
85,17
85,17
85,17
85,60
85,17
85,17
85,59
85,17
85,17
85,17
85,17
85,60
85,17
85,61
85,17
85,17
85,17
85,61
85,17
85,17
85,17
85,17
86,17
86,17
86,17
86,17
86,17
86,17
86,17
86,17
86,17
86,17
86,17
86,17
86,17
86,17
86,17
86,17
86,59
86,17
86,17
86,17
86,59
86,17
86,60
86,17
86,60
86,17
86,17
86,17
86,17
86,17
86,17
86,17
86,17
86,17
86,61
86,17
86,17
86,17
86,17
86,17
86,17
86,17
86,17
86,17
86,17
86,17
86,17
86,17
86,59
86,17
86,17
86,17
86,17
86,17
86,17
86,17
86,17
86,17
86,17
86,17
86,59
86,17
86,17
86,17
86,17
86,17
86,17
86,17
86,17
86,17
86,60
86,17
86,17
86,17
86,17
86,17
86,17
86,17
86,59
86,17
86,17
86,17
86,17
86,17
86,17
86,17
86,17
86,17
86,17
86,17
86,59
86,17
86,17
86,17
86,17
86,17
86,17
86,17
86,17
86,17
87,17
87,17
87,17
87,17
87,17
87,17
87,17
87,17
87,17
87,17
87,17
87,17
87,17
87,17
87,69
87,17
87,17
87,17
87,17
87,17
87,17
87,17
87,17
87,61
87,17
87,17
87,59
87,17
87,17
87,17
87,17
87,17
87,17
87,17
87,17
87,17
87,17
87,60
87,17
87,17
87,17
87,17
87,17
87,17
87,17
87,17
87,17
87,60
87,17
87,17
87,17
87,17
87,17
87,17
87,17
87,59
87,17
87,59
87,17
87,17
87,57
87,17
87,17
87,17
87,17
87,17
87,17
87,17
87,17
87,17
87,17
87,17
87,17
87,17
87,17
87,59
87,17
87,17
87,17
87,17
87,17
87,17
87,17
87,17
87,17
87,17
87,17
87,17
87,17
87,58
87,17
87,59
87,17
87,17
87,58
87,17
87,17
87,17
87,17
87,17
88,17
88,17
88,17
88,17
88,17
88,17
88,17
88,17
88,17
88,17
88,17
88,17
88,17
88,17
88,17
88,17
88,59
88,17
88,17
88,17
88,17
88,58
88,17
88,60
88,17
88,17
88,17
88,17
88,17
88,60
88,17
88,17
88,17
88,17
88,17
88,59
88,17
88,60
88,17
88,17
88,17
88,17
88,17
88,17
88,17
88,61
88,17
88,17
88,17
88,17
88,59
88,17
88,17
88,17
88,17
88,17
88,17
88,17
88,17
88,17
88,17
88,17
88,17
88,17
88,17
88,17
88,17
88,17
88,17
88,17
88,17
88,17
88,59
88,17
88,17
88,17
88,17
88,17
88,17
88,17
88,17
88,17
88,17
88,17
88,17
88,61
88,17
88,17
88,58
88,17
88,17
88,17
88,17
88,17
88,17
88,60
88,17
88,60
88,17
88,59
89,17
89,17
89,17
89,17
89,18
89,17
89,17
89,17
89,17
89,18
89,17
89,17
89,17
89,17
89,17
89,17
89,17
89,60
89,17
89,17
89,17
89,17
89,58
89,17
89,17
89,17
89,58
89,17
89,17
89,17
89,17
89,57
89,17
89,17
89,17
89,17
89,17
89,17
89,17
89,17
89,60
89,17
89,17
89,17
89,17
89,17
89,17
89,60
89,17
89,17
89,17
89,17
89,17
89,17
89,17
89,17
89,17
89,17
89,17
89,17
89,17
89,17
89,17
89,17
89,17
89,17
89,17
89,59
89,17
89,17
89,17
89,17
89,17
89,17
89,17
89,17
89,17
89,58
89,17
89,17
89,60
89,17
89,17
89,17
89,17
89,17
89,17
89,58
89,17
89,17
89,17
89,17
89,17
89,17
89,17
89,17
89,17
89,17
89,17
89,17
90,18
90,18
90,18
90,18
90,18
90,18
90,18
90,17
90,18
90,17
90,18
90,18
90,18
90,18
90,18
90,18
90,17
90,17
90,17
90,17
90,18
90,18
90,18
90,18
90,17
90,17
90,18
90,18
90,18
90,18
90,18
90,18
90,18
90,17
90,18
90,60
90,18
90,18
90,17
90,18
90,18
90,17
90,17
90,17
90,17
90,18
90,18
90,18
90,59
90,18
90,17
90,18
90,59
90,17
90,18
90,60
90,18
90,18
90,18
90,18
90,17
90,61
90,18
90,18
90,17
90,18
90,59
90,17
90,18
90,18
90,59
90,18
90,61
90,17
90,59
90,18
90,18
90,18
90,18
90,18
90,18
90,17
90,18
90,18
90,18
90,17
90,18
90,58
90,17
90,17
90,18
90,18
90,18
90,18
90,18
90,78
90,17
90,61
90,18
90,18
