=~=~=~=~=~=~=~=~=~=~=~= PuTTY log 2019.01.26 20:49:59 =~=~=~=~=~=~=~=~=~=~=~=

0,52
0,62
0,49
0,46
0,50
0,65
0,49
0,50
0,49
0,47
0,50
0,45
0,50
0,68
0,49
0,48
0,48
0,48
0,49
0,49
0,68
0,49
0,50
0,49
0,47
0,48
0,71
0,49
0,48
0,48
0,50
0,48
0,49
0,49
0,49
0,49
0,49
0,49
0,49
0,50
0,50
0,49
0,49
0,49
0,49
0,49
0,71
0,50
0,69
0,50
0,49
0,49
0,49
0,49
0,49
0,62
0,48
0,68
0,49
0,48
0,66
0,48
0,49
0,74
0,50
0,49
0,48
0,50
0,49
0,49
0,51
0,49
0,69
0,48
0,49
0,48
0,48
0,49
0,49
0,49
0,49
0,50
0,49
0,73
0,51
0,49
0,48
0,50
0,63
0,48
0,49
0,49
0,72
0,50
0,49
0,78
0,49
0,49
0,73
0,49
1,49
1,81
1,50
1,48
1,69
1,49
1,47
1,49
1,46
1,50
1,48
1,50
1,66
1,48
1,47
1,70
1,49
1,59
1,49
1,69
1,50
1,66
1,49
1,78
1,50
1,63
1,48
1,71
1,49
1,50
1,49
1,49
1,50
1,49
1,49
1,64
1,49
1,48
1,72
1,49
1,50
1,49
1,50
1,49
1,49
1,50
1,63
1,50
1,69
1,49
1,50
1,49
1,49
1,49
1,49
1,49
1,49
1,49
1,73
1,48
1,49
1,48
1,68
1,49
1,50
1,49
1,50
1,50
1,50
1,49
1,49
1,49
1,49
1,74
1,49
1,49
1,49
1,49
1,79
1,49
1,49
1,49
1,49
1,70
1,49
1,49
1,49
1,49
1,49
1,48
1,49
1,48
1,50
1,49
1,48
1,79
1,49
1,50
1,50
1,48
2,49
2,70
2,49
2,77
2,49
2,47
2,49
2,71
2,49
2,71
2,50
2,76
2,48
2,47
2,49
2,50
2,49
2,67
2,49
2,48
2,74
2,49
2,62
2,49
2,79
2,49
2,49
2,63
2,49
2,68
2,49
2,79
2,49
2,49
2,49
2,49
2,49
2,48
2,49
2,75
2,49
2,49
2,64
2,49
2,49
2,49
2,49
2,80
2,49
2,49
2,49
2,49
2,50
2,49
2,49
2,48
2,49
2,49
2,49
2,49
2,48
2,50
2,49
2,49
2,49
2,49
2,70
2,49
2,49
2,48
2,49
2,65
2,50
2,48
2,49
2,70
2,49
2,78
2,49
2,49
2,65
2,49
2,49
2,49
2,49
2,49
2,62
2,49
2,68
2,49
2,49
2,49
2,48
2,49
2,48
2,48
2,49
2,49
2,49
2,49
3,49
3,67
3,49
3,74
3,49
3,47
3,77
3,49
3,65
3,49
3,68
3,50
3,48
3,68
3,49
3,69
3,49
3,67
3,49
3,68
3,49
3,68
3,48
3,74
3,49
3,68
3,48
3,72
3,50
3,66
3,49
3,65
3,49
3,49
3,85
3,49
3,50
3,49
3,49
3,48
3,49
3,48
3,49
3,49
3,48
3,49
3,48
3,49
3,48
3,49
3,48
3,49
3,49
3,62
3,48
3,49
3,49
3,49
3,78
3,48
3,67
3,49
3,48
3,49
3,74
3,49
3,49
3,49
3,49
3,49
3,49
3,65
3,49
3,48
3,48
3,49
3,48
3,49
3,49
3,49
3,49
3,49
3,73
3,49
3,50
3,49
3,49
3,68
3,49
3,48
3,61
3,49
3,48
3,49
3,48
3,48
3,49
3,49
3,49
3,49
4,50
4,75
4,49
4,77
4,48
4,49
4,49
4,73
4,49
4,71
4,49
4,75
4,49
4,64
4,49
4,68
4,49
4,47
4,77
4,48
4,77
4,49
4,74
4,49
4,47
4,58
4,49
4,68
4,49
4,67
4,49
4,79
4,49
4,49
4,69
4,49
4,49
4,72
4,48
4,49
4,64
4,49
4,49
4,49
4,48
4,49
4,75
4,48
4,48
4,75
4,49
4,68
4,48
4,49
4,48
4,49
4,48
4,48
4,49
4,48
4,66
4,49
4,48
4,66
4,49
4,49
4,49
4,49
4,48
4,48
4,49
4,48
4,79
4,49
4,48
4,49
4,49
4,49
4,61
4,49
4,72
4,48
4,49
4,49
4,49
4,49
4,48
4,68
4,48
4,49
4,48
4,49
4,49
4,48
4,49
4,68
4,49
4,49
4,49
4,63
5,49
5,64
5,50
5,78
5,49
5,50
5,49
5,71
5,49
5,66
5,49
5,57
5,49
5,67
5,48
5,68
5,49
5,71
5,49
5,65
5,49
5,61
5,48
5,47
5,48
5,49
5,72
5,49
5,67
5,48
5,69
5,49
5,48
5,48
5,48
5,49
5,49
5,49
5,48
5,48
5,48
5,48
5,49
5,49
5,48
5,49
5,49
5,49
5,49
5,49
5,49
5,48
5,49
5,48
5,49
5,48
5,49
5,48
5,48
5,49
5,48
5,48
5,71
5,49
5,49
5,49
5,48
5,48
5,76
5,49
5,48
5,64
5,49
5,48
5,49
5,49
5,49
5,49
5,49
5,49
5,48
5,48
5,49
5,48
5,48
5,79
5,49
5,49
5,49
5,48
5,49
5,49
5,49
5,71
5,49
5,49
5,71
5,48
5,49
5,49
6,49
6,86
6,49
6,66
6,49
6,72
6,49
6,69
6,49
6,70
6,49
6,74
6,48
6,76
6,49
6,72
6,49
6,70
6,49
6,48
6,49
6,46
6,48
6,66
6,49
6,68
6,49
6,67
6,49
6,82
6,49
6,69
6,49
6,48
6,49
6,49
6,48
6,49
6,75
6,48
6,48
6,48
6,48
6,48
6,49
6,48
6,48
6,48
6,48
6,48
6,49
6,70
6,48
6,49
6,48
6,63
6,49
6,48
6,73
6,49
6,64
6,49
6,65
6,49
6,49
6,48
6,49
6,48
6,49
6,48
6,48
6,49
6,62
6,48
6,49
6,49
6,49
6,48
6,74
6,49
6,49
6,48
6,49
6,48
6,49
6,48
6,48
6,49
6,49
6,48
6,64
6,49
6,49
6,74
6,49
6,75
6,48
6,64
6,49
6,65
7,49
7,81
7,49
7,66
7,48
7,76
7,49
7,68
7,48
7,76
7,49
7,67
7,49
7,63
7,49
7,75
7,49
7,66
7,49
7,65
7,49
7,66
7,49
7,77
7,48
7,74
7,48
7,67
7,48
7,72
7,49
7,52
7,49
7,48
7,48
7,49
7,48
7,49
7,49
7,49
7,73
7,49
7,49
7,49
7,76
7,48
7,73
7,48
7,68
7,49
7,49
7,64
7,49
7,48
7,48
7,49
7,79
7,49
7,49
7,73
7,49
7,49
7,72
7,49
7,68
7,49
7,49
7,48
7,67
7,48
7,67
7,49
7,48
7,48
7,70
7,48
7,49
7,49
7,49
7,49
7,49
7,48
7,49
7,49
7,49
7,49
7,49
7,49
7,80
7,49
7,49
7,49
7,49
7,49
7,66
7,49
7,48
7,72
7,48
7,48
8,49
8,74
8,48
8,65
8,49
8,74
8,48
8,69
8,48
8,65
8,49
8,72
8,49
8,49
8,75
8,49
8,49
8,66
8,48
8,76
8,48
8,48
8,48
8,68
8,48
8,49
8,72
8,48
8,73
8,48
8,79
8,49
8,49
8,49
8,49
8,48
8,65
8,48
8,49
8,49
8,48
8,61
8,48
8,49
8,49
8,62
8,49
8,48
8,76
8,49
8,48
8,48
8,48
8,70
8,48
8,47
8,48
8,49
8,49
8,49
8,48
8,48
8,48
8,49
8,49
8,49
8,48
8,48
8,72
8,49
8,48
8,48
8,49
8,48
8,48
8,49
8,48
8,49
8,49
8,48
8,49
8,70
8,49
8,48
8,49
8,49
8,47
8,64
8,49
8,48
8,68
8,48
8,48
8,71
8,48
8,49
8,49
8,49
8,49
8,49
9,48
9,72
9,48
9,48
9,66
9,49
9,71
9,49
9,72
9,48
9,76
9,49
9,49
9,68
9,49
9,70
9,49
9,74
9,49
9,70
9,49
9,49
9,78
9,48
9,71
9,49
9,49
9,65
9,49
9,82
9,49
9,54
9,15
9,82
9,49
9,48
9,48
9,48
9,48
9,48
9,49
9,48
9,48
9,70
9,48
9,49
9,49
9,70
9,48
9,48
9,49
9,49
9,49
9,49
9,48
9,49
9,49
9,48
9,68
9,49
9,49
9,48
9,49
9,48
9,49
9,49
9,70
9,49
9,48
9,48
9,48
9,76
9,49
9,70
9,48
9,66
9,49
9,48
9,67
9,49
9,48
9,48
9,49
9,48
9,69
9,48
9,75
9,49
9,68
9,48
9,48
9,49
9,48
9,48
9,49
9,48
9,67
9,48
9,48
9,78
10,49
10,69
10,48
10,67
10,48
10,70
10,49
10,71
10,48
10,68
10,48
10,69
10,48
10,69
10,49
10,66
10,48
10,78
10,49
10,66
10,49
10,59
10,49
10,49
10,48
10,49
10,79
10,48
10,49
10,48
10,48
10,48
10,49
10,48
10,49
10,49
10,49
10,48
10,48
10,77
10,49
10,48
10,49
10,48
10,49
10,48
10,49
10,63
10,49
10,48
10,49
10,76
10,48
10,48
10,64
10,49
10,78
10,49
10,48
10,48
10,48
10,49
10,48
10,48
10,49
10,49
10,47
10,49
10,49
10,48
10,67
10,48
10,48
10,49
10,48
10,49
10,48
10,49
10,49
10,54
10,48
10,49
10,48
10,57
10,48
10,63
10,48
10,76
10,49
10,49
10,48
10,48
10,49
10,48
10,48
10,48
10,89
10,48
10,78
10,48
11,49
11,64
11,48
11,71
11,48
11,71
11,48
11,64
11,48
11,79
11,49
11,48
11,70
11,49
11,69
11,49
11,71
11,48
11,65
11,48
11,69
11,48
11,49
11,49
11,48
11,49
11,48
11,49
11,48
11,67
11,48
11,49
11,48
11,49
11,67
11,48
11,49
11,59
11,48
11,48
11,48
11,48
11,48
11,47
11,49
11,47
11,48
11,49
11,77
11,48
11,49
11,48
11,69
11,49
11,48
11,49
11,48
11,48
11,48
11,49
11,48
11,49
11,48
11,48
11,48
11,48
11,75
11,48
11,48
11,49
11,49
11,8
11,48
11,48
11,48
11,49
11,48
11,48
11,49
11,48
11,49
11,74
11,48
11,73
11,48
11,49
11,49
11,48
11,48
11,48
11,73
11,48
11,48
11,49
11,49
11,66
11,48
11,48
11,48
11,49
12,49
12,69
12,48
12,72
12,49
12,77
12,48
12,70
12,49
12,67
12,48
12,71
12,48
12,49
12,69
12,49
12,62
12,48
12,49
12,62
12,49
12,64
12,49
12,49
12,48
12,49
12,78
12,48
12,49
12,48
12,49
12,49
12,47
12,49
12,48
12,48
12,48
12,48
12,49
12,49
12,48
12,48
12,49
12,48
12,49
12,49
12,69
12,48
12,48
12,48
12,49
12,48
12,49
12,49
12,49
12,49
12,49
12,49
12,48
12,48
12,48
12,48
12,48
12,49
12,49
12,48
12,72
12,48
12,49
12,49
12,48
12,49
12,48
12,48
12,48
12,47
12,48
12,49
12,49
12,48
12,48
12,48
12,48
12,49
12,69
12,48
12,49
12,49
12,49
12,49
12,68
12,48
12,48
12,48
12,48
12,48
12,70
12,49
12,49
12,75
13,49
13,71
13,48
13,70
13,48
13,69
13,49
13,84
13,49
13,65
13,48
13,66
13,48
13,79
13,48
13,80
13,49
13,71
13,49
13,69
13,48
13,49
13,49
13,48
13,62
13,49
13,49
13,49
13,49
13,48
13,48
13,48
13,49
13,48
13,48
13,48
13,49
13,80
13,48
13,68
13,48
13,62
13,48
13,49
13,48
13,48
13,76
13,49
13,49
13,49
13,49
13,81
13,48
13,48
13,48
13,49
13,48
13,49
13,48
13,48
13,48
13,49
13,48
13,71
13,48
13,49
13,48
13,48
13,49
13,49
13,67
13,49
13,49
13,49
13,48
13,48
13,48
13,49
13,48
13,48
13,48
13,49
13,49
13,49
13,70
13,48
13,48
13,49
13,49
13,48
13,49
13,49
13,49
13,49
13,48
13,49
13,48
13,48
13,48
13,49
14,48
14,70
14,49
14,69
14,49
14,71
14,48
14,69
14,49
14,76
14,48
14,46
14,48
14,67
14,48
14,48
14,78
14,49
14,62
14,48
14,48
14,48
14,49
14,49
14,48
14,48
14,70
14,49
14,68
14,49
14,48
14,79
14,48
14,48
14,49
14,49
14,48
14,49
14,49
14,26
14,82
14,48
14,68
14,48
14,48
14,48
14,49
14,48
14,48
14,48
14,48
14,48
14,48
14,48
14,48
14,72
14,48
14,48
14,48
14,49
14,69
14,47
14,48
14,48
14,49
14,48
14,48
14,67
14,49
14,48
14,49
14,48
14,48
14,49
14,69
14,49
14,49
14,48
14,49
14,82
14,48
14,71
14,49
14,48
14,69
14,48
14,48
14,70
14,49
14,48
14,49
14,48
14,48
14,49
14,47
14,48
14,48
14,48
14,48
14,74
15,49
15,72
15,48
15,55
15,48
15,48
15,74
15,48
15,58
15,48
15,68
15,48
15,68
15,48
15,67
15,48
15,72
15,48
15,62
15,48
15,66
15,48
15,47
15,48
15,48
15,48
15,48
15,67
15,48
15,48
15,48
15,48
15,48
15,48
15,48
15,70
15,49
15,48
15,48
15,48
15,48
15,48
15,78
15,49
15,67
15,48
15,48
15,49
15,48
15,48
15,49
15,49
15,48
15,48
15,48
15,48
15,48
15,49
15,48
15,49
15,74
15,48
15,48
15,48
15,48
15,49
15,48
15,48
15,48
15,48
15,48
15,78
15,48
15,49
15,48
15,49
15,49
15,79
15,48
15,48
15,48
15,70
15,48
15,78
15,49
15,48
15,48
15,48
15,48
15,48
15,71
15,49
15,48
15,76
15,49
15,72
15,48
15,48
15,48
15,82
16,48
16,66
16,48
16,71
16,48
16,79
16,48
16,77
16,48
16,78
16,48
16,48
16,73
16,48
16,48
16,58
16,49
16,48
16,59
16,48
16,79
16,48
16,48
16,48
16,48
16,49
16,48
16,48
16,48
16,48
16,48
16,65
16,48
16,48
16,82
16,48
16,88
16,48
16,48
16,48
16,48
16,48
16,48
16,48
16,49
16,71
16,48
16,48
16,48
16,84
16,48
16,48
16,48
16,48
16,48
16,73
16,49
16,48
16,48
16,48
16,48
16,48
16,48
16,49
16,48
16,48
16,48
16,48
16,47
16,48
16,48
16,48
16,48
16,48
16,48
16,82
16,48
16,48
16,48
16,48
16,48
16,48
16,77
16,48
16,48
16,48
16,48
16,48
16,48
16,48
16,48
16,48
16,48
16,75
16,48
16,48
16,48
16,48
16,48
16,48
17,49
17,59
17,48
17,61
17,48
17,54
17,48
17,70
17,48
17,68
17,48
17,70
17,48
17,61
17,48
17,61
17,48
17,56
17,48
17,70
17,48
17,48
17,48
17,48
17,48
17,48
17,48
17,48
17,48
17,48
17,48
17,48
17,48
17,48
17,48
17,48
17,68
17,48
17,48
17,48
17,48
17,48
17,48
17,64
17,48
17,72
17,48
17,66
17,48
17,48
17,48
17,48
17,48
17,48
17,48
17,48
17,48
17,48
17,48
17,48
17,69
17,48
17,72
17,48
17,48
17,47
17,48
17,48
17,48
17,48
17,48
17,48
17,48
17,48
17,48
17,48
17,47
17,48
17,48
17,48
17,48
17,48
17,48
17,48
17,48
17,47
17,48
17,47
17,48
17,48
17,48
17,48
17,66
17,48
17,48
17,48
17,48
17,48
17,48
17,48
18,49
18,54
18,48
18,62
18,48
18,68
18,48
18,67
18,48
18,62
18,48
18,67
18,48
18,69
18,48
18,68
18,48
18,63
18,48
18,69
18,48
18,48
18,48
18,48
18,72
18,48
18,47
18,80
18,48
18,48
18,71
18,48
18,48
18,77
18,48
18,48
18,48
18,74
18,48
18,48
18,48
18,48
18,49
18,48
18,48
18,48
18,48
18,48
18,47
18,48
18,48
18,48
18,48
18,48
18,48
18,48
18,48
18,48
18,47
18,48
18,48
18,48
18,48
18,48
18,48
18,48
18,48
18,48
18,48
18,70
18,48
18,48
18,48
18,48
18,48
18,48
18,48
18,48
18,48
18,48
18,48
18,48
18,79
18,48
18,48
18,73
18,48
18,48
18,68
18,48
18,48
18,48
18,48
18,48
18,48
18,48
18,48
18,48
18,48
18,48
19,48
19,67
19,48
19,58
19,48
19,55
19,48
19,71
19,48
19,47
19,73
19,48
19,47
19,48
19,55
19,48
19,48
19,69
19,48
19,76
19,48
19,48
19,48
19,48
19,48
19,48
19,48
19,48
19,48
19,48
19,48
19,69
19,48
19,48
19,48
19,71
19,48
19,48
19,48
19,72
19,48
19,48
19,48
19,48
19,48
19,71
19,48
19,70
19,48
19,48
19,48
19,48
19,48
19,66
19,48
19,77
19,48
19,48
19,48
19,68
19,48
19,48
19,48
19,48
19,48
19,48
19,48
19,48
19,48
19,48
19,48
19,48
19,47
19,48
19,48
19,47
19,69
19,48
19,48
19,73
19,48
19,48
19,48
19,75
19,48
19,48
19,69
19,48
19,48
19,48
19,48
19,48
19,48
19,48
19,47
19,48
19,48
19,48
19,73
19,48
20,49
20,60
20,48
20,55
20,47
20,59
20,48
20,67
20,48
20,67
20,48
20,62
20,48
20,65
20,47
20,70
20,48
20,68
20,48
20,63
20,48
20,47
20,47
20,70
20,48
20,48
20,48
20,76
20,48
20,48
20,48
20,48
20,48
20,47
20,67
20,48
20,48
20,48
20,48
20,48
20,48
20,48
20,48
20,48
20,48
20,48
20,72
20,48
20,48
20,48
20,48
20,48
20,48
20,48
20,48
20,69
20,48
20,77
20,48
20,67
20,48
20,48
20,73
20,48
20,48
20,48
20,97
20,48
20,48
20,48
20,48
20,48
20,48
20,62
20,48
20,76
20,48
20,47
20,48
20,48
20,48
20,74
20,48
20,48
20,48
20,48
20,73
20,48
20,47
20,48
20,48
20,48
20,48
20,48
20,48
20,48
20,48
20,48
20,48
20,73
21,49
21,71
21,48
21,82
21,48
21,53
21,48
21,76
21,48
21,69
21,48
21,66
21,48
21,58
21,48
21,73
21,48
21,69
21,48
21,67
21,48
21,68
21,48
21,48
21,78
21,48
21,48
21,48
21,48
21,48
21,48
21,69
21,48
21,48
21,84
21,48
21,48
21,48
21,48
21,48
21,48
21,48
21,48
21,74
21,48
21,48
21,48
21,48
21,48
21,47
21,48
21,48
21,47
21,48
21,48
21,48
21,48
21,48
21,48
21,48
21,48
21,48
21,48
21,48
21,48
21,48
21,48
21,48
21,73
21,48
21,48
21,67
21,48
21,48
21,48
21,48
21,48
21,68
21,48
21,48
21,48
21,74
21,47
21,48
21,48
21,48
21,48
21,67
21,48
21,48
21,48
21,48
21,48
21,48
21,55
21,48
21,48
21,48
21,48
21,48
22,48
22,66
22,48
22,58
22,48
22,60
22,48
22,80
22,48
22,55
22,48
22,61
22,47
22,69
22,48
22,63
22,48
22,47
22,58
22,48
22,54
22,48
22,48
22,71
22,48
22,48
22,48
22,48
22,48
22,48
22,48
22,71
22,48
22,48
22,48
22,48
22,48
22,48
22,48
22,48
22,48
22,75
22,48
22,72
22,48
22,48
22,48
22,48
22,48
22,48
22,48
22,48
22,48
22,77
22,48
22,66
22,48
22,47
22,77
22,48
22,48
22,48
22,48
22,48
22,47
22,47
22,48
22,48
22,48
22,48
22,48
22,48
22,48
22,48
22,48
22,48
22,48
22,79
22,48
22,48
22,48
22,48
22,48
22,48
22,48
22,48
22,48
22,48
22,48
22,48
22,47
22,65
22,48
22,48
22,71
22,48
22,48
22,48
22,48
22,69
23,49
23,59
23,48
23,57
23,48
23,74
23,48
23,66
23,48
23,68
23,48
23,57
23,48
23,48
23,55
23,48
23,68
23,48
23,75
23,48
23,77
23,48
23,48
23,48
23,48
23,48
23,47
23,48
23,48
23,48
23,48
23,47
23,48
23,48
23,48
23,48
23,48
23,81
23,48
23,48
23,48
23,71
23,48
23,48
23,48
23,48
23,48
23,48
23,47
23,48
23,48
23,48
23,71
23,48
23,48
23,48
23,48
23,48
23,66
23,48
23,48
23,48
23,48
23,48
23,68
23,48
23,48
23,48
23,48
23,80
23,47
23,76
23,48
23,48
23,48
23,48
23,48
23,48
23,80
23,48
23,71
23,48
23,48
23,48
23,47
23,48
23,48
23,48
23,48
23,48
23,78
23,48
23,48
23,48
23,48
23,47
23,48
23,48
23,48
23,48
24,49
24,55
24,48
24,48
24,55
24,48
24,47
24,58
24,48
24,48
24,66
24,47
24,56
24,48
24,55
24,48
24,51
24,48
24,68
24,48
24,47
24,48
24,73
24,48
24,48
24,72
24,48
24,48
24,61
24,48
24,48
24,70
24,48
24,72
24,47
24,69
24,48
24,48
24,64
24,48
24,48
24,63
24,48
24,48
24,48
24,48
24,48
24,64
24,48
24,48
24,48
24,48
24,48
24,64
24,48
24,79
24,48
24,48
24,72
24,48
24,48
24,48
24,48
24,48
24,48
24,48
24,48
24,48
24,48
24,48
24,48
24,48
24,48
24,48
24,48
24,47
24,48
24,48
24,48
24,48
24,48
24,48
24,48
24,48
24,48
24,48
24,47
24,48
24,48
24,47
24,48
24,67
24,48
24,48
24,48
24,48
24,48
24,47
24,48
24,48
25,48
25,48
25,48
25,73
25,48
25,48
25,61
25,48
25,73
25,48
25,69
25,48
25,75
25,48
25,54
25,48
25,73
25,48
25,60
25,47
25,72
25,48
25,48
25,48
25,48
25,48
25,48
25,48
25,75
25,48
25,48
25,48
25,48
25,48
25,48
25,48
25,47
25,48
25,48
25,47
25,48
25,80
25,48
25,48
25,48
25,65
25,48
25,66
25,48
25,48
25,48
25,48
25,84
25,48
25,68
25,48
25,48
25,48
25,47
25,48
25,48
25,83
25,48
25,48
25,48
25,48
25,48
25,48
25,48
25,60
25,48
25,60
25,47
25,48
25,48
25,67
25,48
25,48
25,64
25,48
25,47
25,48
25,78
25,48
25,48
25,48
25,48
25,48
25,48
25,48
25,48
25,76
25,48
25,48
25,48
25,48
25,48
25,48
25,48
25,48
26,48
26,48
26,68
26,48
26,67
26,48
26,67
26,48
26,66
26,48
26,80
26,48
26,55
26,48
26,63
26,47
26,69
26,48
26,55
26,48
26,58
26,48
26,48
26,48
26,48
26,48
26,48
26,48
26,48
26,48
26,47
26,48
26,48
26,47
26,48
26,48
26,48
26,48
26,48
26,48
26,48
26,47
26,48
26,48
26,65
26,48
26,48
26,73
26,48
26,78
26,48
26,48
26,47
26,48
26,48
26,47
26,48
26,72
26,48
26,48
26,61
26,48
26,48
26,47
26,48
26,48
26,48
26,69
26,48
26,48
26,48
26,79
26,48
26,48
26,48
26,48
26,48
26,48
26,48
26,48
26,48
26,48
26,47
26,48
26,48
26,48
26,78
26,48
26,47
26,48
26,48
26,48
26,48
26,48
26,48
26,48
26,47
26,48
26,48
26,48
27,48
27,69
27,48
27,67
27,48
27,71
27,48
27,69
27,48
27,77
27,48
27,71
27,48
27,48
27,68
27,48
27,83
27,48
27,56
27,48
27,75
27,48
27,76
27,48
27,48
27,48
27,48
27,47
27,48
27,48
27,48
27,48
27,48
27,73
27,48
27,48
27,69
27,48
27,47
27,48
27,48
27,48
27,48
27,48
27,48
27,48
27,48
27,48
27,75
27,47
27,48
27,48
27,48
27,47
27,48
27,48
27,80
27,47
27,48
27,48
27,48
27,48
27,48
27,48
27,48
27,47
27,48
27,48
27,47
27,48
27,48
27,47
27,81
27,48
27,48
27,48
27,48
27,48
27,48
27,47
27,48
27,48
27,48
27,48
27,48
27,48
27,48
27,48
27,48
27,48
27,69
27,48
27,48
27,48
27,48
27,48
27,48
27,48
27,47
27,48
28,48
28,62
28,48
28,73
28,48
28,73
28,48
28,70
28,48
28,66
28,48
28,74
28,48
28,60
28,48
28,73
28,48
28,81
28,48
28,56
28,47
28,81
28,48
28,48
28,48
28,48
28,48
28,65
28,48
28,48
28,69
28,48
28,48
28,48
28,48
28,48
28,48
28,48
28,48
28,48
28,72
28,48
28,70
28,48
28,48
28,48
28,48
28,48
28,68
28,48
28,48
28,48
28,80
28,48
28,47
28,48
28,78
28,48
28,48
28,48
28,48
28,69
28,47
28,48
28,71
28,48
28,48
28,73
28,48
28,48
28,47
28,48
28,48
28,47
28,48
28,48
28,48
28,48
28,48
28,48
28,48
28,48
28,48
28,48
28,47
28,48
28,48
28,48
28,48
28,48
28,72
28,48
28,48
28,48
28,48
28,47
28,48
28,48
28,48
28,48
29,48
29,68
29,48
29,69
29,48
29,72
29,20
29,17
29,19
29,17
29,19
29,17
29,19
29,17
29,19
29,48
29,48
29,48
29,48
29,48
29,48
29,48
29,48
29,48
29,73
29,48
29,47
29,48
29,48
29,78
29,48
29,71
29,48
29,69
29,47
29,48
29,48
29,48
29,48
29,67
29,48
29,48
29,74
29,48
29,65
29,47
29,48
29,48
29,48
29,48
29,48
29,48
29,77
29,47
29,71
29,48
29,47
29,73
29,48
29,73
29,48
29,48
29,47
29,65
29,48
29,48
29,48
29,80
29,48
29,48
29,48
29,48
29,69
29,48
29,48
29,71
29,48
29,75
29,47
29,64
29,48
29,48
29,48
29,48
29,48
29,74
29,48
29,48
29,48
29,48
29,48
29,48
29,48
29,48
29,48
29,48
29,48
29,47
29,48
29,48
30,48
30,57
30,48
30,57
30,49
30,71
30,48
30,67
30,48
30,72
30,48
30,69
30,48
30,62
30,48
30,61
30,48
30,70
30,48
30,66
30,48
30,87
30,49
30,48
30,48
30,48
30,48
30,49
30,48
30,72
30,48
30,48
30,48
30,48
30,48
30,48
30,48
30,48
30,48
30,48
30,47
30,48
30,47
30,48
30,48
30,48
30,48
30,48
30,68
30,48
30,69
30,48
30,48
30,48
30,48
30,71
30,48
30,48
30,48
30,48
30,49
30,47
30,48
30,48
30,48
30,48
30,48
30,71
30,48
30,48
30,48
30,48
30,48
30,48
30,48
30,48
30,48
30,48
30,48
30,48
30,47
30,48
30,48
30,47
30,48
30,48
30,49
30,48
30,69
30,48
30,48
30,48
30,48
30,48
30,47
30,48
30,48
30,83
30,48
30,48
31,49
31,66
31,48
31,88
31,48
31,70
31,48
31,65
31,47
31,48
31,57
31,48
31,64
31,47
31,70
31,48
31,73
31,49
31,67
31,48
31,72
31,48
31,48
31,48
31,48
31,48
31,49
31,69
31,48
31,48
31,60
31,48
31,67
31,48
31,48
31,48
31,48
31,48
31,48
31,49
31,48
31,48
31,48
31,48
31,48
31,49
31,63
31,49
31,48
31,65
31,48
31,48
31,47
31,48
31,49
31,48
31,47
31,48
31,48
31,49
31,48
31,66
31,48
31,48
31,49
31,48
31,72
31,48
31,48
31,48
31,48
31,48
31,81
31,48
31,48
31,48
31,48
31,47
31,48
31,65
31,49
31,48
31,48
31,48
31,48
31,47
31,48
31,48
31,47
31,48
31,48
31,48
31,48
31,48
31,48
31,48
31,75
31,48
31,48
31,48
32,49
32,71
32,48
32,69
32,47
32,68
32,48
32,74
32,48
32,72
32,48
32,72
32,48
32,62
32,48
32,71
32,48
32,70
32,48
32,74
32,48
32,48
32,48
32,67
32,48
32,48
32,48
32,72
32,48
32,48
32,48
32,48
32,67
32,48
32,84
32,48
32,48
32,48
32,48
32,48
32,63
32,48
32,48
32,74
32,48
32,48
32,48
32,48
32,48
32,48
32,48
32,48
32,48
32,48
32,48
32,75
32,48
32,48
32,48
32,48
32,48
32,48
32,48
32,48
32,48
32,48
32,48
32,48
32,48
32,48
32,48
32,62
32,48
32,48
32,48
32,48
32,48
32,64
32,48
32,48
32,48
32,73
32,47
32,48
32,48
32,48
32,47
32,48
32,48
32,48
32,48
32,48
32,48
32,47
32,48
32,83
32,48
32,48
32,48
32,48
33,49
33,71
33,48
33,68
33,48
33,68
33,48
33,63
33,48
33,73
33,48
33,73
33,48
33,81
33,48
33,77
33,47
33,69
33,48
33,66
33,48
33,48
33,48
33,48
33,48
33,72
33,48
33,64
33,48
33,71
33,47
33,48
33,48
33,48
33,48
33,48
33,48
33,47
33,48
33,48
33,48
33,48
33,48
33,48
33,48
33,48
33,48
33,48
33,70
33,48
33,48
33,71
33,48
33,48
33,48
33,48
33,48
33,48
33,48
33,48
33,48
33,48
33,47
33,48
33,48
33,47
33,48
33,48
33,48
33,48
33,48
33,48
33,48
33,68
33,48
33,48
33,48
33,48
33,48
33,83
33,48
33,48
33,48
33,48
33,48
33,48
33,48
33,48
33,47
33,70
33,48
33,48
33,48
33,48
33,48
33,48
33,48
33,48
33,47
33,78
34,49
34,65
34,48
34,67
34,48
34,48
34,66
34,48
34,62
34,48
34,48
34,69
34,48
34,48
34,73
34,48
34,64
34,48
34,48
34,71
34,48
34,88
34,48
34,48
34,48
34,48
34,48
34,48
34,47
34,48
34,48
34,48
34,48
34,48
34,48
34,48
34,48
34,60
34,48
34,48
34,48
34,48
34,48
34,48
34,48
34,48
34,48
34,48
34,67
34,48
34,48
34,81
34,48
34,48
34,48
34,48
34,48
34,48
34,48
34,47
34,48
34,48
34,66
34,48
34,68
34,48
34,48
34,48
34,71
34,48
34,47
34,48
34,48
34,48
34,48
34,48
34,48
34,48
34,48
34,48
34,48
34,48
34,48
34,48
34,74
34,48
34,48
34,48
34,48
34,48
34,47
34,79
34,48
34,79
34,48
34,66
34,48
34,48
34,48
34,81
35,48
35,71
35,48
35,70
35,48
35,68
35,48
35,73
35,48
35,67
35,48
35,63
35,48
35,87
35,48
35,76
35,48
35,48
35,48
35,79
35,48
35,73
35,48
35,48
35,77
35,48
35,48
35,48
35,48
35,48
35,48
35,47
35,48
35,48
35,48
35,66
35,48
35,48
35,48
35,48
35,48
35,48
35,47
35,48
35,48
35,48
35,48
35,48
35,48
35,48
35,48
35,48
35,79
35,48
35,48
35,48
35,48
35,48
35,48
35,48
35,48
35,47
35,48
35,66
35,47
35,48
35,48
35,48
35,48
35,48
35,48
35,48
35,48
35,48
35,48
35,47
35,48
35,48
35,48
35,65
35,48
35,48
35,48
35,48
35,48
35,48
35,48
35,48
35,48
35,48
35,48
35,48
35,48
35,48
35,48
35,48
35,48
35,47
35,48
35,48
36,48
36,70
36,48
36,64
36,48
36,71
36,48
36,66
36,48
36,68
36,48
36,67
36,48
36,66
36,48
36,67
36,48
36,48
36,73
36,48
36,79
36,48
36,82
36,48
36,48
36,48
36,48
36,48
36,48
36,48
36,49
36,48
36,48
36,48
36,48
36,77
36,48
36,48
36,48
36,48
36,48
36,48
36,48
36,48
36,48
36,63
36,48
36,74
36,48
36,48
36,48
36,48
36,48
36,48
36,48
36,48
36,48
36,74
36,47
36,48
36,48
36,66
36,48
36,48
36,48
36,67
36,48
36,48
36,48
36,47
36,48
36,65
36,48
36,48
36,48
36,48
36,48
36,48
36,48
36,48
36,72
36,48
36,66
36,48
36,76
36,48
36,75
36,48
36,48
36,48
36,72
36,47
36,48
36,48
36,48
36,48
36,71
36,48
36,48
36,47
37,49
37,76
37,48
37,66
37,48
37,72
37,48
37,76
37,47
37,81
37,48
37,65
37,48
37,49
37,77
37,49
37,64
37,48
37,64
37,48
37,61
37,48
37,72
37,48
37,49
37,48
37,48
37,64
37,48
37,73
37,48
37,47
37,48
37,48
37,48
37,48
37,48
37,48
37,71
37,48
37,48
37,48
37,48
37,48
37,48
37,48
37,48
37,48
37,49
37,70
37,48
37,72
37,47
37,82
37,48
37,48
37,48
37,48
37,48
37,49
37,48
37,48
37,48
37,48
37,78
37,48
37,48
37,66
37,48
37,48
37,48
37,74
37,48
37,48
37,48
37,69
37,48
37,48
37,48
37,67
37,48
37,48
37,66
37,48
37,49
37,48
37,48
37,49
37,48
37,48
37,78
37,48
37,48
37,48
37,49
37,49
37,48
37,48
37,49
37,76
38,48
38,74
38,48
38,71
38,49
38,66
38,48
38,71
38,48
38,65
38,48
38,62
38,48
38,59
38,48
38,75
38,48
38,62
38,48
38,71
38,48
38,48
38,49
38,48
38,48
38,48
38,49
38,48
38,48
38,48
38,48
38,69
38,48
38,49
38,48
38,48
38,48
38,48
38,49
38,49
38,48
38,48
38,48
38,48
38,48
38,48
38,48
38,48
38,48
38,48
38,72
38,48
38,48
38,48
38,48
38,48
38,48
38,47
38,48
38,48
38,48
38,49
38,48
38,48
38,49
38,48
38,48
38,82
38,48
38,48
38,48
38,47
38,48
38,48
38,80
38,48
38,80
38,48
38,74
38,48
38,70
38,48
38,84
38,48
38,48
38,48
38,48
38,48
38,48
38,71
38,48
38,48
38,48
38,48
38,48
38,49
38,48
38,48
38,48
38,49
39,48
39,63
39,27
39,11
39,25
39,12
39,24
39,12
39,23
39,14
39,22
39,14
39,22
39,0
39,48
39,48
39,48
39,48
39,48
39,70
39,48
39,48
39,48
39,48
39,48
39,71
39,48
39,75
39,48
39,47
39,67
39,48
39,72
39,48
39,47
39,48
39,60
39,48
39,48
39,48
39,47
39,47
39,48
39,79
39,48
39,48
39,48
39,48
39,48
39,48
39,48
39,70
39,48
39,48
39,48
39,48
39,65
39,48
39,48
39,48
39,48
39,62
39,48
39,78
39,48
39,48
39,48
39,48
39,48
39,48
39,48
39,48
39,48
39,48
39,70
39,48
39,69
39,48
39,48
39,48
39,48
39,48
39,48
39,48
39,47
39,48
39,48
39,48
39,48
39,48
39,48
39,48
39,48
39,48
39,48
39,74
39,48
39,48
39,48
39,48
40,48
40,61
40,48
40,73
40,48
40,71
40,48
40,68
40,48
40,64
40,48
40,83
40,48
40,48
40,69
40,47
40,48
40,48
40,62
40,48
40,66
40,48
40,48
40,48
40,48
40,48
40,48
40,48
40,48
40,48
40,48
40,48
40,48
40,48
40,47
40,48
40,48
40,79
40,48
40,48
40,48
40,72
40,48
40,48
40,48
40,48
40,77
40,48
40,48
40,48
40,48
40,48
40,48
40,78
40,48
40,48
40,47
40,48
40,48
40,72
40,48
40,48
40,48
40,48
40,48
40,48
40,48
40,47
40,48
40,48
40,64
40,48
40,66
40,48
40,48
40,60
40,48
40,48
40,47
40,48
40,48
40,48
40,48
40,48
40,48
40,48
40,60
40,48
40,48
40,48
40,48
40,70
40,48
40,48
40,48
40,66
40,48
40,67
40,48
40,64
41,48
41,70
41,48
41,66
41,47
41,61
41,48
41,69
41,47
41,78
41,48
41,61
41,48
41,61
41,47
41,79
41,48
41,69
41,48
41,74
41,48
41,67
41,48
41,2
41,71
41,48
41,48
41,48
41,48
41,49
41,49
41,47
41,48
41,48
41,48
41,76
41,48
41,78
41,48
41,48
41,48
41,48
41,48
41,71
41,49
41,48
41,48
41,48
41,49
41,48
41,48
41,48
41,48
41,48
41,48
41,49
41,49
41,48
41,47
41,48
41,76
41,47
41,69
41,48
41,48
41,48
41,49
41,48
41,48
41,47
41,48
41,48
41,48
41,72
41,48
41,48
41,69
41,48
41,49
41,49
41,48
41,48
41,48
41,48
41,48
41,49
41,48
41,48
41,48
41,48
41,48
41,48
41,65
41,48
41,48
41,49
41,48
41,48
41,49
41,70
42,49
42,64
42,48
42,72
42,48
42,77
42,48
42,66
42,48
42,76
42,49
42,73
42,49
42,76
42,48
42,70
42,48
42,48
42,64
42,48
42,59
42,48
42,79
42,49
42,48
42,47
42,48
42,65
42,48
42,63
42,49
42,49
42,48
42,48
42,48
42,48
42,47
42,48
42,48
42,70
42,48
42,48
42,48
42,48
42,48
42,67
42,48
42,48
42,72
42,48
42,71
42,48
42,48
42,48
42,49
42,47
42,48
42,47
42,70
42,49
42,73
42,48
42,49
42,48
42,48
42,48
42,48
42,48
42,48
42,48
42,48
42,48
42,48
42,49
42,77
42,48
42,48
42,47
42,48
42,48
42,71
42,48
42,48
42,48
42,48
42,48
42,48
42,48
42,48
42,48
42,48
42,48
42,72
42,48
42,48
42,48
42,48
42,48
42,77
42,48
43,49
43,62
43,48
43,71
43,48
43,76
43,48
43,61
43,48
43,66
43,48
43,66
43,48
43,58
43,48
43,71
43,48
43,81
43,48
43,68
43,48
43,73
43,48
43,71
43,48
43,48
43,47
43,48
43,48
43,48
43,48
43,48
43,48
43,48
43,48
43,48
43,48
43,74
43,48
43,48
43,48
43,48
43,48
43,71
43,48
43,48
43,48
43,48
43,75
43,48
43,48
43,48
43,48
43,48
43,48
43,82
43,48
43,48
43,82
43,48
43,69
43,48
43,48
43,48
43,47
43,48
43,48
43,48
43,48
43,48
43,48
43,48
43,48
43,48
43,48
43,48
43,48
43,70
43,48
43,48
43,48
43,48
43,47
43,48
43,48
43,48
43,48
43,48
43,48
43,48
43,48
43,48
43,48
43,48
43,48
43,48
43,62
43,48
43,48
43,48
44,49
44,65
44,48
44,71
44,48
44,48
44,80
44,47
44,81
44,48
44,72
44,48
44,70
44,48
44,65
44,48
44,72
44,48
44,72
44,48
44,71
44,48
44,48
44,48
44,48
44,48
44,48
44,48
44,48
44,48
44,48
44,48
44,48
44,48
44,69
44,48
44,48
44,48
44,48
44,71
44,48
44,74
44,48
44,47
44,86
44,48
44,48
44,48
44,48
44,48
44,73
44,48
44,48
44,48
44,47
44,48
44,48
44,48
44,48
44,48
44,48
44,48
44,48
44,48
44,48
44,71
44,48
44,48
44,48
44,59
44,49
44,48
44,48
44,48
44,48
44,48
44,48
44,48
44,48
44,48
44,48
44,48
44,48
44,48
44,48
44,48
44,48
44,48
44,49
44,70
44,48
44,81
44,48
44,48
44,48
44,48
44,48
44,48
44,47
44,48
45,48
45,65
45,48
45,60
45,48
45,77
45,47
45,72
45,48
45,67
45,48
45,71
45,48
45,80
45,48
45,76
45,48
45,78
45,48
45,77
45,48
45,70
45,48
45,48
45,48
45,49
45,47
45,48
45,48
45,48
45,47
45,49
45,48
45,69
45,48
45,48
45,48
45,48
45,48
45,48
45,48
45,78
45,48
45,66
45,48
45,48
45,48
45,48
45,43
45,48
45,49
45,47
45,48
45,48
45,48
45,48
45,48
45,48
45,70
45,48
45,49
45,48
45,48
45,48
45,48
45,48
45,49
45,47
45,48
45,49
45,48
45,49
45,48
45,48
45,48
45,48
45,48
45,48
45,48
45,48
45,48
45,80
45,49
45,48
45,82
45,48
45,48
45,49
45,49
45,77
45,48
45,71
45,48
45,48
45,48
45,69
45,49
45,48
45,48
45,49
46,49
46,76
46,48
46,62
46,48
46,74
46,49
46,72
46,48
46,63
46,48
46,74
46,48
46,75
46,48
46,60
46,48
46,75
46,49
46,66
46,49
46,76
46,49
46,48
46,87
46,49
46,88
46,48
46,78
46,48
46,48
46,48
46,73
46,49
46,48
46,48
46,49
46,48
46,48
46,48
46,49
46,48
46,48
46,48
46,48
46,48
46,49
46,49
46,78
46,49
46,48
46,49
46,49
46,48
46,48
46,49
46,48
46,80
46,48
46,49
46,78
46,48
46,48
46,67
46,48
46,47
46,74
46,48
46,48
46,48
46,48
46,49
46,49
46,49
46,48
46,48
46,48
46,66
46,48
46,48
46,49
46,48
46,48
46,48
46,65
46,48
46,68
46,48
46,72
46,48
46,48
46,49
46,49
46,49
46,48
46,49
46,49
46,48
46,48
46,48
47,48
47,72
47,49
47,79
47,48
47,68
47,48
47,74
47,48
47,64
47,48
47,70
47,48
47,59
47,48
47,69
47,48
47,69
47,48
47,67
47,49
47,65
47,49
47,48
47,76
47,48
47,48
47,48
47,48
47,73
47,49
47,49
47,48
47,48
47,48
47,48
47,47
47,48
47,71
47,48
47,48
47,48
47,70
47,48
47,48
47,48
47,80
47,48
47,78
47,49
47,48
47,48
47,48
47,48
47,48
47,48
47,49
47,68
47,48
47,48
47,65
47,48
47,48
47,48
47,49
47,48
47,79
47,48
47,48
47,48
47,48
47,48
47,48
47,48
47,48
47,78
47,48
47,49
47,49
47,68
47,48
47,48
47,48
47,48
47,48
47,74
47,48
47,48
47,48
47,48
47,48
47,48
47,48
47,48
47,48
47,48
47,48
47,48
47,48
47,48
48,49
48,77
48,49
48,70
48,48
48,48
48,48
48,65
48,48
48,73
48,48
48,77
48,49
48,70
48,48
48,71
48,49
48,70
48,49
48,78
48,49
48,60
48,48
48,49
48,48
48,69
48,49
48,49
48,49
48,86
48,49
48,49
48,83
48,48
48,49
48,73
48,49
48,49
48,67
48,49
48,49
48,49
48,48
48,48
48,48
48,48
48,49
48,49
48,49
48,49
48,49
48,49
48,49
48,49
48,49
48,48
48,48
48,49
48,69
48,49
48,49
48,49
48,49
48,48
48,49
48,73
48,48
48,67
48,49
48,48
48,48
48,71
48,48
48,48
48,70
48,48
48,49
48,48
48,49
48,49
48,49
48,49
48,48
48,49
48,49
48,48
48,48
48,49
48,49
48,49
48,49
48,49
48,49
48,48
48,48
48,48
48,47
48,48
48,48
48,48
49,49
49,67
49,49
49,77
49,49
49,79
49,49
49,69
49,48
49,76
49,48
49,73
49,21
49,18
49,20
49,18
49,20
49,18
49,72
49,6
49,49
49,49
49,48
49,48
49,48
49,48
49,48
49,29
49,48
49,73
49,48
49,48
49,49
49,65
49,49
49,49
49,49
49,48
49,48
49,49
49,48
49,49
49,48
49,49
49,68
49,49
49,48
49,49
49,49
49,49
49,48
49,49
49,48
49,49
49,49
49,49
49,49
49,48
49,48
49,49
49,48
49,69
49,48
49,49
49,71
49,49
49,48
49,49
49,48
49,48
49,49
49,48
49,49
49,49
49,49
49,69
49,48
49,48
49,49
49,48
49,49
49,48
49,73
49,49
49,48
49,49
49,49
49,48
49,49
49,69
49,48
49,48
49,48
49,49
49,48
49,49
49,48
49,49
49,49
49,48
50,49
50,68
50,49
50,48
50,67
50,49
50,66
50,49
50,70
50,49
50,49
50,66
50,49
50,72
50,49
50,84
50,48
50,65
50,49
50,79
50,49
50,69
50,49
50,49
50,48
50,50
50,70
50,48
50,48
50,49
50,49
50,49
50,48
50,49
50,49
50,49
50,48
50,49
50,72
50,49
50,49
50,49
50,48
50,48
50,49
50,49
50,49
50,49
50,48
50,49
50,49
50,48
50,49
50,48
50,48
50,48
50,48
50,49
50,49
50,49
50,77
50,49
50,49
50,48
50,49
50,48
50,49
50,49
50,48
50,49
50,70
50,48
50,49
50,71
50,49
50,72
50,49
50,49
50,67
50,49
50,48
50,49
50,49
50,48
50,48
50,49
50,49
50,48
50,49
50,49
50,69
50,49
50,49
50,49
50,48
50,77
50,48
50,49
50,48
50,48
51,50
51,68
51,49
51,76
51,49
51,76
51,49
51,76
51,49
51,73
51,48
51,63
51,49
51,72
51,49
51,67
51,49
51,97
51,49
51,72
51,49
51,72
51,48
51,65
51,49
51,48
51,48
51,48
51,48
51,49
51,49
51,49
51,49
51,49
51,48
51,49
51,49
51,49
51,49
51,49
51,80
51,49
51,78
51,49
51,49
51,48
51,49
51,49
51,70
51,49
51,48
51,49
51,48
51,70
51,49
51,49
51,49
51,49
51,49
51,49
51,49
51,49
51,48
51,77
51,49
51,49
51,48
51,47
51,49
51,49
51,49
51,49
51,48
51,49
51,72
51,49
51,67
51,49
51,47
51,49
51,49
51,49
51,48
51,48
51,49
51,49
51,48
51,70
51,49
51,48
51,49
51,49
51,49
51,49
51,49
51,49
51,72
51,49
51,71
51,49
52,49
52,49
52,49
52,74
52,49
52,48
52,75
52,49
52,73
52,49
52,70
52,48
52,50
52,70
52,49
52,72
52,49
52,86
52,49
52,76
52,48
52,73
52,49
52,49
52,48
52,49
52,49
52,50
52,48
52,50
52,49
52,76
52,49
52,48
52,49
52,74
52,50
52,49
52,50
52,97
52,48
52,49
52,49
52,50
52,49
52,50
52,50
52,49
52,48
52,49
52,49
52,74
52,49
52,49
52,49
52,77
52,50
52,49
52,78
52,49
52,74
52,49
52,85
52,49
52,49
52,72
52,50
52,49
52,49
52,67
52,49
52,48
52,43
52,49
52,49
52,20
52,68
52,49
52,49
52,49
52,71
52,49
52,50
52,49
52,50
52,49
52,49
52,50
52,49
52,49
52,49
52,49
52,49
52,48
52,49
52,49
52,49
52,49
52,49
52,49
53,50
53,75
53,49
53,49
53,69
53,48
53,74
53,49
53,73
53,49
53,68
53,49
53,68
53,49
53,72
53,49
53,79
53,49
53,49
53,70
53,50
53,72
53,48
53,50
53,49
53,49
53,49
53,49
53,76
53,49
53,49
53,49
53,49
53,49
53,49
53,48
53,49
53,49
53,83
53,49
53,49
53,49
53,49
53,49
53,48
53,49
53,49
53,49
53,49
53,49
53,71
53,49
53,64
53,49
53,50
53,48
53,49
53,61
53,49
53,69
53,49
53,49
53,49
53,49
53,49
53,50
53,49
53,49
53,49
53,49
53,49
53,49
53,49
53,50
53,74
53,49
53,68
53,48
53,49
53,49
53,49
53,75
53,49
53,49
53,49
53,49
53,49
53,50
53,49
53,74
53,49
53,68
53,49
53,61
53,49
53,49
53,49
53,49
53,49
53,49
54,50
54,68
54,49
54,67
54,50
54,49
54,63
54,49
54,86
54,49
54,68
54,49
54,49
54,68
54,49
54,70
54,49
54,67
54,49
54,49
54,70
54,49
54,69
54,50
54,50
54,50
54,49
54,49
54,49
54,50
54,49
54,49
54,49
54,50
54,49
54,50
54,50
54,49
54,49
54,65
54,49
54,49
54,50
54,49
54,49
54,49
54,50
54,49
54,49
54,49
54,49
54,50
54,49
54,72
54,50
54,50
54,49
54,49
54,70
54,50
54,49
54,49
54,49
54,49
54,49
54,49
54,71
54,50
54,49
54,50
54,50
54,49
54,49
54,49
54,49
54,77
54,50
54,50
54,50
54,49
54,67
54,49
54,49
54,49
54,50
54,73
54,49
54,49
54,74
54,49
54,49
54,49
54,49
54,49
54,49
54,50
54,49
54,50
54,49
54,49
55,49
55,62
55,50
55,73
55,50
55,73
55,49
55,72
55,50
55,77
55,49
55,62
55,48
55,68
55,49
55,75
55,49
55,72
55,49
55,68
55,49
55,72
55,50
55,50
55,49
55,50
55,49
55,49
55,50
55,50
55,49
55,66
55,49
55,72
55,50
55,50
55,72
55,49
55,50
55,69
55,48
55,49
55,50
55,50
55,49
55,49
55,49
55,50
55,49
55,72
55,50
55,49
55,49
55,49
55,49
55,49
55,49
55,49
55,49
55,49
55,49
55,50
55,81
55,49
55,71
55,49
55,49
55,63
55,49
55,72
55,50
55,50
55,49
55,49
55,49
55,49
55,49
55,50
55,50
55,49
55,70
55,50
55,49
55,49
55,49
55,49
55,50
55,49
55,49
55,49
55,49
55,50
55,49
55,49
55,66
55,49
55,49
55,50
55,49
55,49
56,50
56,64
56,49
56,74
56,49
56,73
56,49
56,49
56,83
56,50
56,70
56,49
56,48
56,80
56,49
56,75
56,49
56,77
56,49
56,81
56,50
56,74
56,49
56,49
56,49
56,49
56,49
56,50
56,49
56,67
56,49
56,49
56,49
56,49
56,49
56,49
56,49
56,49
56,49
56,49
56,49
56,69
56,50
56,50
56,49
56,49
56,50
56,80
56,49
56,49
56,50
56,49
56,49
56,75
56,50
56,49
56,49
56,49
56,49
56,49
56,49
56,49
56,49
56,50
56,76
56,50
56,50
56,49
56,49
56,49
56,49
56,50
56,60
56,49
56,49
56,50
56,49
56,49
56,49
56,49
56,49
56,49
56,49
56,50
56,49
56,72
56,50
56,49
56,49
56,49
56,49
56,50
56,49
56,68
56,50
56,50
56,70
56,49
56,50
56,50
57,49
57,80
57,49
57,49
57,49
57,82
57,49
57,70
57,49
57,70
57,49
57,73
57,49
57,62
57,49
57,70
57,49
57,49
57,65
57,49
57,82
57,50
57,49
57,49
57,63
57,50
57,80
57,50
57,50
57,49
57,50
57,49
57,50
57,49
57,49
57,49
57,50
57,49
57,49
57,49
57,66
57,49
57,49
57,50
57,49
57,50
57,78
57,49
57,49
57,49
57,49
57,72
57,50
57,49
57,49
57,50
57,49
57,68
57,50
57,49
57,49
57,49
57,49
57,49
57,49
57,49
57,50
57,49
57,71
57,49
57,49
57,50
57,49
57,49
57,50
57,49
57,50
57,74
57,49
57,50
57,49
57,50
57,75
57,49
57,72
57,49
57,49
57,50
57,63
57,49
57,84
57,49
57,50
57,49
57,74
57,49
57,49
57,69
57,50
57,49
58,49
58,50
58,49
58,73
58,49
58,49
58,76
58,50
58,75
58,49
58,82
58,50
58,79
58,49
58,85
58,50
58,70
58,50
58,74
58,50
58,64
58,50
58,63
58,50
58,50
58,73
58,50
58,49
58,70
58,50
58,50
58,50
58,50
58,49
58,49
58,50
58,50
58,50
58,49
58,49
58,49
58,49
58,50
58,50
58,49
58,49
58,50
58,49
58,50
58,49
58,66
58,50
58,66
58,49
58,49
58,50
58,50
58,50
58,78
58,50
58,50
58,50
58,50
58,50
58,50
58,50
58,49
58,50
58,49
58,49
58,50
58,50
58,50
58,78
58,49
58,50
58,49
58,50
58,49
58,50
58,49
58,49
58,70
58,50
58,49
58,50
58,50
58,50
58,49
58,49
58,50
58,71
58,50
58,49
58,49
58,50
58,75
58,50
58,50
58,50
59,50
59,80
59,49
59,75
59,49
59,50
59,50
59,77
59,49
59,71
59,50
59,73
59,50
59,80
59,50
59,72
59,49
59,69
59,49
59,72
59,49
59,49
59,49
59,65
59,49
59,50
59,49
59,50
59,49
59,49
59,49
59,49
59,49
59,49
59,49
59,49
59,49
59,50
59,49
59,50
59,49
59,67
59,50
59,49
59,49
59,49
59,49
59,50
59,49
59,49
59,50
59,49
59,49
59,49
59,50
59,49
59,49
59,50
59,50
59,49
59,50
59,50
59,74
59,49
59,49
59,51
59,49
59,49
59,49
59,69
59,49
59,79
59,50
59,50
59,49
59,50
59,49
59,49
59,49
59,50
59,50
59,49
59,50
59,74
59,50
59,50
59,51
59,49
59,49
59,62
59,49
59,50
59,49
59,77
59,49
59,50
59,49
59,49
59,71
59,49
60,51
60,72
60,50
60,50
60,78
60,20
60,49
60,68
60,49
60,82
60,20
60,50
60,65
60,49
60,65
60,20
60,19
60,51
60,82
60,20
60,21
60,20
60,20
60,50
60,20
60,86
60,20
60,21
60,49
60,50
60,20
60,20
60,50
60,71
60,20
60,20
60,21
60,19
60,21
60,20
60,19
60,21
60,50
60,66
60,21
60,73
60,50
60,20
60,71
60,20
60,74
60,20
60,20
60,71
60,20
60,51
60,20
60,49
60,20
60,21
60,20
60,20
60,49
60,21
60,20
60,66
60,49
60,21
60,20
60,20
60,50
60,21
60,20
60,21
60,20
60,21
60,20
60,20
60,20
60,20
60,20
60,20
60,21
60,20
60,19
60,50
60,21
60,50
60,49
60,20
60,20
60,21
60,20
60,21
60,20
60,69
60,20
60,20
60,20
60,50
61,19
61,50
61,68
61,20
61,51
61,79
61,19
61,50
61,69
61,19
61,51
61,72
61,19
61,19
61,51
61,78
61,19
61,51
61,19
61,19
61,19
61,66
61,19
61,19
61,20
61,19
61,19
61,19
61,19
61,19
61,19
61,19
61,19
61,20
61,19
61,19
61,19
61,68
61,19
61,19
61,19
61,20
61,19
61,20
61,19
61,19
61,19
61,76
61,19
61,19
61,19
61,19
61,71
61,19
61,19
61,19
61,19
61,19
61,20
61,19
61,19
61,70
61,20
61,19
61,19
61,19
61,19
61,20
61,19
61,19
61,20
61,20
61,73
61,19
61,19
61,19
61,19
61,19
61,20
61,19
61,66
61,19
61,73
61,20
61,19
61,19
61,63
61,19
61,19
61,19
61,19
61,74
61,19
61,20
61,19
61,70
61,19
61,19
61,19
61,19
62,19
62,19
62,50
62,19
62,19
62,20
62,52
62,68
62,19
62,18
62,18
62,52
62,71
62,19
62,51
62,73
62,19
62,20
62,20
62,69
62,20
62,19
62,19
62,71
62,20
62,19
62,20
62,19
62,19
62,19
62,20
62,20
62,19
62,19
62,18
62,20
62,20
62,19
62,19
62,20
62,19
62,60
62,19
62,19
62,19
62,20
62,20
62,19
62,19
62,70
62,20
62,19
62,19
62,19
62,20
62,19
62,20
62,20
62,20
62,19
62,19
62,19
62,19
62,19
62,19
62,19
62,19
62,19
62,19
62,19
62,19
62,19
62,19
62,19
62,19
62,20
62,69
62,20
62,19
62,19
62,19
62,19
62,20
62,75
62,19
62,19
62,20
62,71
62,19
62,19
62,19
62,20
62,19
62,19
62,75
62,19
62,19
62,20
62,19
62,69
63,19
63,19
63,18
63,19
63,19
63,19
63,19
63,51
63,20
63,20
63,21
63,19
63,18
63,70
63,19
63,75
63,19
63,19
63,19
63,19
63,19
63,19
63,19
63,19
63,19
63,19
63,59
63,19
63,20
63,20
63,19
63,19
63,62
63,19
63,19
63,20
63,19
63,18
63,19
63,20
63,19
63,68
63,19
63,20
63,19
63,19
63,60
63,19
63,19
63,19
63,19
63,74
63,19
63,19
63,19
63,20
63,19
63,19
63,19
63,18
63,19
63,19
63,20
63,20
63,19
63,19
63,19
63,19
63,19
63,20
63,76
63,19
63,19
63,19
63,58
63,20
63,19
63,19
63,20
63,20
63,20
63,75
63,20
63,19
63,19
63,19
63,19
63,19
63,19
63,19
63,20
63,19
63,18
63,19
63,20
63,18
63,19
63,20
63,19
63,19
64,19
64,19
64,19
64,19
64,19
64,19
64,19
64,19
64,19
64,19
64,19
64,19
64,18
64,19
64,19
64,19
64,19
64,19
64,19
64,19
64,19
64,19
64,19
64,18
64,66
64,19
64,19
64,19
64,69
64,19
64,70
64,19
64,19
64,19
64,18
64,67
64,19
64,19
64,19
64,19
64,19
64,19
64,19
64,19
64,69
64,18
64,19
64,19
64,19
64,19
64,19
64,19
64,19
64,74
64,19
64,19
64,79
64,19
64,19
64,19
64,19
64,19
64,19
64,19
64,19
64,19
64,19
64,63
64,19
64,19
64,19
64,19
64,19
64,19
64,19
64,18
64,19
64,79
64,18
64,66
64,19
64,66
64,19
64,19
64,19
64,19
64,18
64,19
64,19
64,75
64,19
64,19
64,19
64,19
64,19
64,19
64,19
64,18
64,19
64,19
65,19
65,18
65,19
65,19
65,18
65,18
65,18
65,19
65,18
65,19
65,18
65,19
65,19
65,19
65,19
65,19
65,19
65,18
65,18
65,18
65,18
65,19
65,67
65,18
65,19
65,19
65,18
65,19
65,19
65,19
65,18
65,19
65,59
65,18
65,18
65,18
65,19
65,18
65,19
65,66
65,19
65,18
65,18
65,18
65,18
65,19
65,18
65,61
65,19
65,18
65,18
65,19
65,19
65,62
65,18
65,18
65,18
65,19
65,19
65,18
65,69
65,19
65,18
65,19
65,18
65,72
65,18
65,18
65,19
65,18
65,19
65,18
65,66
65,18
65,66
65,18
65,19
65,19
65,68
65,19
65,18
65,19
65,19
65,18
65,65
65,18
65,18
65,19
65,18
65,18
65,19
65,18
65,19
65,85
65,19
65,19
65,18
65,18
65,62
65,18
66,18
66,18
66,18
66,18
66,18
66,18
66,19
66,18
66,18
66,18
66,18
66,18
66,18
66,18
66,18
66,64
66,18
66,18
66,66
66,18
66,18
66,65
66,18
66,18
66,18
66,18
66,18
66,18
66,18
66,18
66,75
66,18
66,68
66,18
66,18
66,18
66,18
66,61
66,18
66,18
66,18
66,18
66,75
66,18
66,18
66,18
66,18
66,18
66,18
66,18
66,18
66,59
66,18
66,18
66,18
66,18
66,18
66,18
66,18
66,18
66,62
66,18
66,18
66,59
66,18
66,18
66,18
66,18
66,18
66,18
66,18
66,18
66,18
66,69
66,18
66,18
66,61
66,18
66,18
66,18
66,71
66,18
66,18
66,18
66,18
66,18
66,18
66,59
66,18
66,18
66,18
66,18
66,18
66,18
66,18
66,63
66,18
66,18
66,18
66,18
67,18
67,18
67,18
67,18
67,18
67,18
67,18
67,18
67,18
67,18
67,18
67,18
67,18
67,71
67,18
67,18
67,18
67,61
67,18
67,18
67,18
67,18
67,18
67,18
67,18
67,18
67,18
67,69
67,18
67,18
67,18
67,18
67,18
67,18
67,72
67,18
67,60
67,18
67,18
67,18
67,18
67,18
67,18
67,18
67,18
67,18
67,18
67,18
67,71
67,18
67,61
67,18
67,18
67,18
67,18
67,18
67,18
67,18
67,60
67,18
67,18
67,18
67,18
67,18
67,18
67,60
67,18
67,18
67,18
67,18
67,18
67,18
67,18
67,18
67,18
67,18
67,18
67,74
67,18
67,66
67,18
67,18
67,18
67,18
67,18
67,18
67,18
67,18
67,18
67,18
67,18
67,18
67,18
67,18
67,68
67,18
67,18
67,18
67,18
67,18
68,18
68,19
68,18
68,18
68,18
68,19
68,18
68,18
68,19
68,18
68,19
68,18
68,18
68,18
68,63
68,18
68,19
68,19
68,18
68,18
68,18
68,18
68,18
68,18
68,19
68,61
68,19
68,18
68,18
68,19
68,18
68,19
68,18
68,18
68,19
68,68
68,18
68,18
68,18
68,18
68,18
68,73
68,19
68,18
68,18
68,18
68,76
68,18
68,18
68,18
68,70
68,18
68,69
68,18
68,74
68,18
68,75
68,19
68,18
68,18
68,58
68,18
68,18
68,18
68,18
68,18
68,18
68,18
68,18
68,18
68,18
68,63
68,18
68,18
68,18
68,18
68,19
68,18
68,18
68,81
68,18
68,18
68,18
68,18
68,18
68,18
68,77
68,19
68,18
68,72
68,18
68,18
68,19
68,19
68,18
68,18
68,18
68,18
68,19
68,18
69,18
69,19
69,19
69,18
69,18
69,18
69,18
69,18
69,19
69,18
69,18
69,19
69,19
69,18
69,18
69,18
69,18
69,18
69,18
69,18
69,18
69,18
69,18
69,18
69,18
69,18
69,18
69,18
69,18
69,18
69,59
69,18
69,18
69,18
69,18
69,19
69,18
69,18
69,18
69,18
69,18
69,18
69,18
69,61
69,18
69,18
69,18
69,86
69,18
69,18
69,18
69,59
69,18
69,61
69,18
69,60
69,18
69,18
69,18
69,18
69,61
69,18
69,62
69,18
69,18
69,18
69,18
69,18
69,18
69,18
69,18
69,18
69,18
69,18
69,18
69,18
69,18
69,18
69,18
69,18
69,18
69,18
69,60
69,18
69,18
69,18
69,60
69,18
69,18
69,18
69,18
69,18
69,18
69,18
69,18
69,18
69,18
69,18
69,18
69,18
70,18
70,18
70,18
70,18
70,18
70,18
70,18
70,18
70,18
70,18
70,18
70,18
70,18
70,18
70,18
70,18
70,18
70,71
70,18
70,18
70,18
70,18
70,18
70,82
70,18
70,18
70,18
70,18
70,60
70,18
70,71
70,18
70,18
70,18
70,18
70,18
70,18
70,18
70,18
70,18
70,18
70,18
70,18
70,18
70,18
70,18
70,18
70,18
70,18
70,62
70,18
70,68
70,18
70,18
70,18
70,18
70,18
70,18
70,18
70,18
70,18
70,18
70,18
70,18
70,18
70,18
70,18
70,18
70,83
70,18
70,18
70,69
70,18
70,18
70,18
70,18
70,18
70,18
70,18
70,18
70,18
70,76
70,18
70,18
70,60
70,18
70,18
70,67
70,18
70,18
70,18
70,18
70,18
70,18
70,18
70,18
70,18
70,18
70,18
70,18
71,18
71,18
71,18
71,18
71,18
71,18
71,18
71,18
71,18
71,18
71,18
71,18
71,18
71,18
71,70
71,18
71,18
71,18
71,18
71,18
71,18
71,18
71,18
71,18
71,18
71,18
71,18
71,62
71,18
71,18
71,18
71,18
71,18
71,18
71,18
71,18
71,18
71,18
71,18
71,18
71,18
71,18
71,18
71,18
71,18
71,18
71,70
71,18
71,18
71,18
71,18
71,18
71,18
71,69
71,18
71,18
71,18
71,18
71,18
71,18
71,78
71,18
71,18
71,18
71,18
71,60
71,18
71,60
71,18
71,18
71,18
71,18
71,70
71,18
71,18
71,60
71,18
71,77
71,18
71,18
71,18
71,18
71,18
71,18
71,18
71,18
71,18
71,18
71,18
71,18
71,18
71,18
71,18
71,18
71,59
71,18
71,18
71,18
71,58
71,18
72,18
72,18
72,18
72,18
72,18
72,18
72,18
72,18
72,18
72,18
72,18
72,17
72,18
72,69
72,17
72,18
72,18
72,18
72,18
72,18
72,18
72,18
72,18
72,18
72,18
72,18
72,18
72,18
72,18
72,59
72,18
72,18
72,18
72,18
72,18
72,18
72,18
72,18
72,18
72,18
72,59
72,18
72,18
72,18
72,18
72,18
72,65
72,18
72,18
72,18
72,18
72,18
72,18
72,18
72,18
72,18
72,18
72,18
72,60
72,18
72,18
72,74
72,18
72,18
72,60
72,18
72,18
72,18
72,18
72,18
72,18
72,18
72,18
72,18
72,18
72,18
72,18
72,18
72,18
72,61
72,18
72,18
72,18
72,18
72,68
72,18
72,64
72,18
72,18
72,18
72,18
72,18
72,62
72,18
72,18
72,61
72,18
72,18
72,18
72,18
73,17
73,17
73,18
73,18
73,17
73,18
73,18
73,17
73,18
73,18
73,18
73,18
73,17
73,18
73,64
73,17
73,18
73,17
73,18
73,18
73,18
73,18
73,18
73,18
73,17
73,17
73,61
73,18
73,59
73,18
73,60
73,18
73,18
73,17
73,18
73,18
73,17
73,17
73,18
73,17
73,18
73,18
73,18
73,18
73,18
73,69
73,18
73,17
73,18
73,18
73,62
73,18
73,18
73,18
73,17
73,18
73,18
73,68
73,18
73,62
73,18
73,18
73,75
73,17
73,18
73,18
73,18
73,58
73,18
73,18
73,17
73,18
73,18
73,17
73,18
73,17
73,18
73,18
73,62
73,18
73,18
73,18
73,18
73,18
73,58
73,18
73,17
73,66
73,18
73,17
73,57
73,18
73,18
73,17
73,18
73,17
73,18
73,17
73,17
73,17
74,17
74,17
74,18
74,17
74,17
74,18
74,18
74,17
74,17
74,17
74,18
74,17
74,17
74,17
74,17
74,18
74,17
74,17
74,17
74,60
74,17
74,18
74,18
74,17
74,60
74,17
74,18
74,17
74,17
74,18
74,18
74,17
74,70
74,17
74,17
74,18
74,18
74,60
74,17
74,17
74,18
74,17
74,59
74,17
74,60
74,18
74,17
74,17
74,18
74,17
74,18
74,59
74,17
74,17
74,17
74,17
74,63
74,17
74,17
74,17
74,63
74,17
74,17
74,17
74,17
74,73
74,17
74,17
74,17
74,17
74,17
74,17
74,18
74,17
74,17
74,17
74,17
74,18
74,17
74,64
74,17
74,63
74,17
74,17
74,18
74,18
74,65
74,17
74,17
74,17
74,17
74,17
74,59
74,18
74,63
74,17
74,17
74,17
74,18
74,59
75,17
75,18
75,18
75,17
75,17
75,17
75,18
75,17
75,17
75,17
75,18
75,17
75,18
75,17
75,17
75,17
75,17
75,17
75,17
75,17
75,17
75,17
75,17
75,60
75,17
75,17
75,17
75,61
75,17
75,17
75,17
75,62
75,17
75,18
75,17
75,17
75,17
75,17
75,17
75,60
75,17
75,17
75,17
75,17
75,17
75,17
75,17
75,17
75,18
75,17
75,17
75,17
75,83
75,17
75,17
75,18
75,17
75,17
75,62
75,18
75,17
75,17
75,17
75,17
75,18
75,18
75,17
75,17
75,17
75,17
75,17
75,58
75,17
75,17
75,17
75,17
75,17
75,59
75,18
75,17
75,17
75,17
75,18
75,17
75,17
75,18
75,17
75,17
75,17
75,17
75,17
75,58
75,17
75,18
75,61
75,17
75,17
75,17
75,17
75,17
76,17
76,17
76,18
76,18
76,17
76,18
76,18
76,17
76,18
76,17
76,17
76,18
76,17
76,18
76,17
76,17
76,17
76,17
76,17
76,17
76,17
76,17
76,63
76,17
76,17
76,17
76,17
76,17
76,17
76,60
76,17
76,17
76,17
76,17
76,17
76,17
76,59
76,17
76,17
76,17
76,17
76,57
76,17
76,17
76,17
76,17
76,17
76,17
76,64
76,17
76,17
76,17
76,17
76,61
76,17
76,17
76,17
76,17
76,17
76,59
76,17
76,17
76,59
76,17
76,17
76,60
76,17
76,61
76,17
76,17
76,17
76,17
76,17
76,17
76,17
76,60
76,17
76,17
76,17
76,17
76,17
76,17
76,18
76,17
76,17
76,17
76,17
76,18
76,17
76,17
76,17
76,17
76,17
76,17
76,17
76,17
76,17
76,59
76,17
76,66
77,17
77,18
77,17
77,18
77,18
77,17
77,18
77,18
77,18
77,17
77,18
77,18
77,17
77,18
77,17
77,17
77,18
77,59
77,18
77,18
77,18
77,18
77,18
77,18
77,18
77,18
77,18
77,59
77,18
77,18
77,17
77,18
77,58
77,18
77,18
77,18
77,18
77,18
77,18
77,18
77,60
77,17
77,18
77,18
77,18
77,18
77,18
77,18
77,18
77,18
77,18
77,18
77,18
77,18
77,18
77,18
77,58
77,18
77,18
77,18
77,18
77,18
77,18
77,17
77,18
77,18
77,18
77,57
77,18
77,18
77,18
77,17
77,60
77,18
77,18
77,17
77,18
77,18
77,18
77,18
77,64
77,18
77,60
77,18
77,60
77,18
77,18
77,18
77,17
77,17
77,18
77,17
77,18
77,18
77,60
77,18
77,18
77,59
77,18
77,18
78,18
78,17
78,17
78,17
78,18
78,18
78,18
78,18
78,18
78,17
78,18
78,17
78,17
78,65
78,17
78,17
78,17
78,17
78,17
78,17
78,18
78,18
78,18
78,62
78,18
78,18
78,17
78,17
78,18
78,61
78,18
78,18
78,59
78,18
78,59
78,18
78,17
78,18
78,59
78,17
78,18
78,17
78,17
78,18
78,18
78,18
78,18
78,18
78,17
78,17
78,18
78,18
78,18
78,59
78,18
78,18
78,17
78,18
78,18
78,17
78,17
78,18
78,61
78,17
78,17
78,17
78,18
78,18
78,17
78,17
78,17
78,17
78,18
78,17
78,18
78,18
78,58
78,18
78,62
78,17
78,18
78,18
78,18
78,18
78,18
78,60
78,18
78,18
78,18
78,18
78,18
78,18
78,17
78,18
78,18
78,18
78,17
78,18
78,18
78,18
79,18
79,18
79,18
79,18
79,17
79,17
79,17
79,17
79,17
79,18
79,18
79,18
79,18
79,60
79,18
79,17
79,18
79,17
79,18
79,18
79,18
79,18
79,18
79,18
79,18
79,18
79,18
79,54
79,17
79,18
79,60
79,17
79,18
79,17
79,18
79,18
79,18
79,17
79,18
79,18
79,18
79,17
79,18
79,18
79,18
79,18
79,18
79,60
79,18
79,18
79,18
79,18
79,18
79,18
79,18
79,18
79,61
79,17
79,18
79,18
79,18
79,18
79,18
79,18
79,59
79,18
79,18
79,17
79,18
79,59
79,18
79,18
79,18
79,18
79,17
79,18
79,18
79,17
79,57
79,18
79,18
79,18
79,18
79,18
79,17
79,17
79,18
79,18
79,61
79,18
79,18
79,17
79,60
79,17
79,18
79,18
79,17
79,59
79,18
79,18
80,18
80,17
80,18
80,18
80,17
80,18
80,18
80,18
80,18
80,18
80,18
80,18
80,18
80,72
80,18
80,18
80,18
80,18
80,18
80,18
80,18
80,18
80,18
80,18
80,18
80,18
80,18
80,18
80,18
80,18
80,18
80,18
80,18
80,18
80,18
80,18
80,60
80,18
80,17
80,18
80,18
80,18
80,18
80,61
80,18
80,18
80,18
80,18
80,60
80,18
80,18
80,60
80,18
80,18
80,18
80,18
80,18
80,18
80,18
80,59
80,18
80,18
80,60
80,18
80,59
80,18
80,18
80,18
80,18
80,18
80,18
80,59
80,18
80,18
80,18
80,60
80,18
80,18
80,18
80,18
80,18
80,18
80,18
80,60
80,18
80,18
80,18
80,18
80,18
80,18
80,60
80,18
80,17
80,18
80,18
80,18
80,18
80,18
80,18
80,60
81,18
81,17
81,17
81,18
81,18
81,18
81,18
81,18
81,18
81,18
81,18
81,18
81,18
81,68
81,18
81,18
81,18
81,62
81,18
81,59
81,18
81,61
81,18
81,18
81,59
81,18
81,18
81,18
81,18
81,18
81,18
81,62
81,18
81,18
81,18
81,18
81,18
81,18
81,18
81,60
81,18
81,18
81,18
81,18
81,18
81,18
81,17
81,18
81,63
81,18
81,18
81,18
81,18
81,60
81,18
81,18
81,18
81,18
81,18
81,18
81,18
81,18
81,18
81,18
81,18
81,18
81,18
81,18
81,18
81,18
81,18
81,18
81,18
81,18
81,18
81,18
81,18
81,18
81,18
81,18
81,18
81,18
81,18
81,59
81,18
81,18
81,18
81,18
81,18
81,60
81,18
81,18
81,62
81,18
81,18
81,58
81,18
81,60
81,18
81,18
82,18
82,17
82,17
82,18
82,17
82,18
82,18
82,18
82,18
82,18
82,18
82,18
82,18
82,18
82,58
82,18
82,18
82,60
82,18
82,18
82,18
82,18
82,18
82,18
82,18
82,18
82,58
82,18
82,18
82,18
82,17
82,18
82,18
82,63
82,18
82,18
82,18
82,18
82,18
82,18
82,17
82,18
82,18
82,18
82,18
82,18
82,18
82,18
82,58
82,18
82,59
82,18
82,18
82,18
82,18
82,18
82,18
82,18
82,18
82,18
82,18
82,18
82,17
82,18
82,18
82,18
82,18
82,18
82,18
82,18
82,18
82,18
82,60
82,18
82,60
82,18
82,18
82,18
82,18
82,18
82,18
82,18
82,18
82,18
82,18
82,60
82,18
82,17
82,18
82,18
82,18
82,18
82,18
82,18
82,18
82,18
82,18
82,18
82,61
82,18
83,18
83,18
83,17
83,18
83,18
83,17
83,18
83,17
83,17
83,17
83,17
83,18
83,18
83,18
83,61
83,18
83,18
83,18
83,17
83,59
83,18
83,18
83,58
83,18
83,17
83,58
83,18
83,59
83,18
83,18
83,59
83,18
83,18
83,18
83,18
83,18
83,18
83,18
83,18
83,18
83,18
83,18
83,59
83,18
83,60
83,17
83,18
83,60
83,18
83,18
83,18
83,18
83,18
83,18
83,18
83,17
83,17
83,18
83,18
83,18
83,18
83,18
83,18
83,18
83,18
83,18
83,18
83,18
83,59
83,18
83,18
83,18
83,18
83,18
83,18
83,59
83,18
83,18
83,18
83,18
83,18
83,18
83,18
83,18
83,18
83,18
83,18
83,60
83,18
83,18
83,17
83,59
83,18
83,60
83,18
83,18
83,18
83,18
83,18
83,18
84,18
84,17
84,17
84,17
84,17
84,17
84,18
84,18
84,17
84,17
84,18
84,18
84,18
84,18
84,18
84,17
84,18
84,59
84,18
84,18
84,17
84,17
84,18
84,58
84,18
84,18
84,17
84,58
84,17
84,18
84,60
84,18
84,17
84,18
84,58
84,17
84,18
84,59
84,18
84,57
84,18
84,17
84,17
84,59
84,18
84,18
84,18
84,18
84,18
84,18
84,61
84,18
84,61
84,17
84,18
84,18
84,18
84,18
84,18
84,18
84,18
84,60
84,17
84,17
84,18
84,60
84,18
84,17
84,17
84,18
84,17
84,18
84,59
84,18
84,17
84,18
84,18
84,59
84,18
84,18
84,18
84,59
84,18
84,18
84,58
84,18
84,17
84,18
84,17
84,18
84,18
84,18
84,18
84,18
84,18
84,18
84,17
84,60
84,18
84,18
85,17
85,17
85,17
85,18
85,18
85,18
85,18
85,18
85,17
85,18
85,18
85,18
85,18
85,72
85,18
85,17
85,18
85,18
85,18
85,17
85,18
85,59
85,17
85,18
85,18
85,18
85,18
85,18
85,18
85,59
85,18
85,18
85,18
85,18
85,17
85,18
85,18
85,17
85,18
85,18
85,18
85,18
85,18
85,18
85,17
85,18
85,17
85,18
85,17
85,18
85,18
85,17
85,18
85,18
85,18
85,18
85,60
85,18
85,18
85,18
85,18
85,58
85,18
85,18
85,18
85,18
85,64
85,18
85,18
85,60
85,18
85,18
85,18
85,18
85,18
85,17
85,18
85,59
85,18
85,18
85,69
85,18
85,18
85,17
85,18
85,59
85,18
85,18
85,18
85,18
85,17
85,17
85,18
85,17
85,17
85,18
85,18
85,18
85,18
85,18
86,18
86,17
86,17
86,18
86,18
86,18
86,18
86,17
86,17
86,18
86,18
86,17
86,17
86,17
86,18
86,18
86,18
86,17
86,18
86,58
86,18
86,17
86,17
86,18
86,17
86,18
86,18
86,17
86,18
86,18
86,17
86,18
86,17
86,18
86,18
86,18
86,58
86,17
86,17
86,17
86,18
86,58
86,18
86,18
86,18
86,17
86,17
86,18
86,18
86,18
86,59
86,18
86,17
86,58
86,17
86,18
86,17
86,18
86,17
86,17
86,60
86,18
86,17
86,59
86,18
86,59
86,17
86,18
86,17
86,17
86,60
86,17
86,17
86,17
86,18
86,58
86,17
86,17
86,60
86,18
86,17
86,17
86,17
86,17
86,17
86,17
86,17
86,17
86,17
86,17
86,18
86,18
86,18
86,18
86,61
86,17
86,18
86,17
86,18
86,17
87,17
87,18
87,17
87,17
87,17
87,18
87,18
87,17
87,17
87,17
87,17
87,17
87,17
87,17
87,17
87,17
87,17
87,17
87,17
87,17
87,6
87,17
87,17
87,17
87,17
87,17
87,59
87,17
87,17
87,17
87,17
87,17
87,17
87,17
87,59
87,17
87,17
87,17
87,17
87,17
87,17
87,61
87,17
87,59
87,17
87,17
87,17
87,17
87,17
87,17
87,17
87,17
87,17
87,17
87,60
87,17
87,17
87,17
87,60
87,17
87,17
87,17
87,17
87,18
87,17
87,17
87,17
87,17
87,17
87,17
87,17
87,17
87,17
87,17
87,17
87,17
87,59
87,17
87,17
87,18
87,17
87,17
87,17
87,59
87,17
87,17
87,17
87,17
87,17
87,18
87,17
87,59
87,17
87,17
87,18
87,17
87,61
87,17
87,17
87,17
88,17
88,17
88,18
88,17
88,17
88,18
88,17
88,17
88,17
88,18
88,18
88,17
88,17
88,70
88,17
88,59
88,17
88,17
88,59
88,17
88,17
88,17
88,17
88,17
88,17
88,17
88,17
88,17
88,17
88,17
88,17
88,17
88,61
88,17
88,17
88,17
88,17
88,17
88,60
88,17
88,17
88,17
88,17
88,17
88,17
88,17
88,17
88,17
88,17
88,17
88,61
88,17
88,17
88,59
88,17
88,58
88,17
88,17
88,59
88,17
88,17
88,59
88,17
88,17
88,17
88,17
88,17
88,60
88,17
88,17
88,17
88,17
88,17
88,17
88,17
88,17
88,17
88,17
88,17
88,17
88,17
88,17
88,17
88,17
88,59
88,17
88,17
88,17
88,17
88,60
88,17
88,58
88,17
88,17
88,17
88,17
88,17
88,17
88,17
88,59
89,17
89,17
89,17
89,17
89,17
89,17
89,17
89,17
89,17
89,17
89,17
89,17
89,17
89,17
89,17
89,60
89,17
89,59
89,17
89,59
89,17
89,57
89,17
89,17
89,17
89,17
89,59
89,17
89,17
89,17
89,60
89,17
89,17
89,17
89,17
89,17
89,17
89,17
89,17
89,17
89,56
89,17
89,17
89,17
89,17
89,17
89,17
89,17
89,17
89,59
89,17
89,17
89,17
89,17
89,17
89,17
89,17
89,17
89,59
89,17
89,17
89,17
89,17
89,17
89,17
89,17
89,17
89,17
89,17
89,17
89,59
89,17
89,17
89,17
89,17
89,58
89,17
89,17
89,17
89,17
89,17
89,17
89,17
89,17
89,17
89,17
89,17
89,17
89,62
89,17
89,17
89,17
89,17
89,58
89,17
89,17
89,59
89,17
89,17
89,17
90,17
90,17
90,9
90,5
90,1
90,4
90,2
90,4
90,5
90,1
90,5
90,1
90,4
90,17
90,17
90,58
90,17
90,17
90,17
90,17
90,17
90,17
90,17
90,17
90,17
90,17
90,59
90,17
90,17
90,17
90,59
90,17
90,60
90,17
90,17
90,17
90,17
90,17
90,17
90,17
90,17
90,17
90,60
90,17
90,17
90,59
90,17
90,17
90,17
90,17
90,17
90,17
90,17
90,17
90,17
90,17
90,17
90,17
90,17
90,17
90,17
90,17
90,17
90,17
90,60
90,17
90,17
90,17
90,17
90,17
90,17
90,17
90,17
90,63
90,17
90,17
90,17
90,17
90,17
90,59
90,17
90,17
90,17
90,17
90,17
90,62
90,17
90,17
90,58
90,17
90,17
90,17
90,17
90,17
90,17
90,17
90,17
90,17
90,17
90,17
